<?xml version="1.0" encoding="UTF-8"?>
<testsuite xmlns:xsi="http://www.w3.org/2001/XMLSchema-instance" xsi:noNamespaceSchemaLocation="https://maven.apache.org/surefire/maven-failsafe-plugin/xsd/failsafe-test-report-3.0.xsd" version="3.0" name="Run a simple performance test using a give JMX file" time="30.96" tests="1" errors="0" skipped="0" failures="0">
  <properties>
    <property name="sun.desktop" value="windows"/>
    <property name="awt.toolkit" value="sun.awt.windows.WToolkit"/>
    <property name="java.specification.version" value="11"/>
    <property name="sun.cpu.isalist" value="amd64"/>
    <property name="sun.jnu.encoding" value="Cp1252"/>
    <property name="java.class.path" value="C:\Users\MartinS\OneDrive - 2i Limited\Jmeter_framework\generated-framework\target\test-classes;C:\Users\MartinS\.m2\repository\net\serenity-bdd\serenity-core\2.4.24\serenity-core-2.4.24.jar;C:\Users\MartinS\.m2\repository\net\serenity-bdd\serenity-model\2.4.24\serenity-model-2.4.24.jar;C:\Users\MartinS\.m2\repository\com\google\guava\guava\30.1-jre\guava-30.1-jre.jar;C:\Users\MartinS\.m2\repository\com\google\guava\failureaccess\1.0.1\failureaccess-1.0.1.jar;C:\Users\MartinS\.m2\repository\com\google\guava\listenablefuture\9999.0-empty-to-avoid-conflict-with-guava\listenablefuture-9999.0-empty-to-avoid-conflict-with-guava.jar;C:\Users\MartinS\.m2\repository\com\google\code\findbugs\jsr305\3.0.2\jsr305-3.0.2.jar;C:\Users\MartinS\.m2\repository\com\google\j2objc\j2objc-annotations\1.3\j2objc-annotations-1.3.jar;C:\Users\MartinS\.m2\repository\com\google\inject\guice\5.0.1\guice-5.0.1.jar;C:\Users\MartinS\.m2\repository\javax\inject\javax.inject\1\javax.inject-1.jar;C:\Users\MartinS\.m2\repository\aopalliance\aopalliance\1.0\aopalliance-1.0.jar;C:\Users\MartinS\.m2\repository\io\cucumber\cucumber-core\6.10.2\cucumber-core-6.10.2.jar;C:\Users\MartinS\.m2\repository\io\cucumber\cucumber-gherkin\6.10.2\cucumber-gherkin-6.10.2.jar;C:\Users\MartinS\.m2\repository\io\cucumber\cucumber-gherkin-messages\6.10.2\cucumber-gherkin-messages-6.10.2.jar;C:\Users\MartinS\.m2\repository\io\cucumber\messages\14.0.1\messages-14.0.1.jar;C:\Users\MartinS\.m2\repository\io\cucumber\tag-expressions\3.0.0\tag-expressions-3.0.0.jar;C:\Users\MartinS\.m2\repository\io\cucumber\cucumber-expressions\10.3.0\cucumber-expressions-10.3.0.jar;C:\Users\MartinS\.m2\repository\io\cucumber\cucumber-plugin\6.10.2\cucumber-plugin-6.10.2.jar;C:\Users\MartinS\.m2\repository\io\cucumber\docstring\6.10.2\docstring-6.10.2.jar;C:\Users\MartinS\.m2\repository\io\cucumber\html-formatter\12.0.0\html-formatter-12.0.0.jar;C:\Users\MartinS\.m2\repository\io\cucumber\create-meta\3.0.0\create-meta-3.0.0.jar;C:\Users\MartinS\.m2\repository\com\typesafe\config\1.3.1\config-1.3.1.jar;C:\Users\MartinS\.m2\repository\org\imgscalr\imgscalr-lib\4.2\imgscalr-lib-4.2.jar;C:\Users\MartinS\.m2\repository\org\awaitility\awaitility\4.0.3\awaitility-4.0.3.jar;C:\Users\MartinS\.m2\repository\net\sourceforge\jexcelapi\jxl\2.6.12\jxl-2.6.12.jar;C:\Users\MartinS\.m2\repository\org\asciidoctor\asciidoctorj\1.5.6\asciidoctorj-1.5.6.jar;C:\Users\MartinS\.m2\repository\org\jruby\jruby-complete\1.7.26\jruby-complete-1.7.26.jar;C:\Users\MartinS\.m2\repository\net\bytebuddy\byte-buddy\1.10.10\byte-buddy-1.10.10.jar;C:\Users\MartinS\.m2\repository\net\bytebuddy\byte-buddy-agent\1.10.10\byte-buddy-agent-1.10.10.jar;C:\Users\MartinS\.m2\repository\org\objenesis\objenesis\3.1\objenesis-3.1.jar;C:\Users\MartinS\.m2\repository\net\serenity-bdd\serenity-reports\2.4.24\serenity-reports-2.4.24.jar;C:\Users\MartinS\.m2\repository\net\serenity-bdd\serenity-stats\2.4.24\serenity-stats-2.4.24.jar;C:\Users\MartinS\.m2\repository\net\serenity-bdd\serenity-reports-configuration\2.4.24\serenity-reports-configuration-2.4.24.jar;C:\Users\MartinS\.m2\repository\com\vladsch\flexmark\flexmark-all\0.34.30\flexmark-all-0.34.30.jar;C:\Users\MartinS\.m2\repository\com\vladsch\flexmark\flexmark\0.34.30\flexmark-0.34.30.jar;C:\Users\MartinS\.m2\repository\com\vladsch\flexmark\flexmark-ext-abbreviation\0.34.30\flexmark-ext-abbreviation-0.34.30.jar;C:\Users\MartinS\.m2\repository\com\vladsch\flexmark\flexmark-ext-admonition\0.34.30\flexmark-ext-admonition-0.34.30.jar;C:\Users\MartinS\.m2\repository\com\vladsch\flexmark\flexmark-ext-anchorlink\0.34.30\flexmark-ext-anchorlink-0.34.30.jar;C:\Users\MartinS\.m2\repository\com\vladsch\flexmark\flexmark-ext-aside\0.34.30\flexmark-ext-aside-0.34.30.jar;C:\Users\MartinS\.m2\repository\com\vladsch\flexmark\flexmark-ext-attributes\0.34.30\flexmark-ext-attributes-0.34.30.jar;C:\Users\MartinS\.m2\repository\com\vladsch\flexmark\flexmark-ext-autolink\0.34.30\flexmark-ext-autolink-0.34.30.jar;C:\Users\MartinS\.m2\repository\org\nibor\autolink\autolink\0.6.0\autolink-0.6.0.jar;C:\Users\MartinS\.m2\repository\com\vladsch\flexmark\flexmark-ext-definition\0.34.30\flexmark-ext-definition-0.34.30.jar;C:\Users\MartinS\.m2\repository\com\vladsch\flexmark\flexmark-ext-emoji\0.34.30\flexmark-ext-emoji-0.34.30.jar;C:\Users\MartinS\.m2\repository\com\vladsch\flexmark\flexmark-ext-enumerated-reference\0.34.30\flexmark-ext-enumerated-reference-0.34.30.jar;C:\Users\MartinS\.m2\repository\com\vladsch\flexmark\flexmark-ext-escaped-character\0.34.30\flexmark-ext-escaped-character-0.34.30.jar;C:\Users\MartinS\.m2\repository\com\vladsch\flexmark\flexmark-ext-footnotes\0.34.30\flexmark-ext-footnotes-0.34.30.jar;C:\Users\MartinS\.m2\repository\com\vladsch\flexmark\flexmark-ext-gfm-issues\0.34.30\flexmark-ext-gfm-issues-0.34.30.jar;C:\Users\MartinS\.m2\repository\com\vladsch\flexmark\flexmark-ext-gfm-strikethrough\0.34.30\flexmark-ext-gfm-strikethrough-0.34.30.jar;C:\Users\MartinS\.m2\repository\com\vladsch\flexmark\flexmark-ext-gfm-tables\0.34.30\flexmark-ext-gfm-tables-0.34.30.jar;C:\Users\MartinS\.m2\repository\com\vladsch\flexmark\flexmark-ext-gfm-tasklist\0.34.30\flexmark-ext-gfm-tasklist-0.34.30.jar;C:\Users\MartinS\.m2\repository\com\vladsch\flexmark\flexmark-ext-gfm-users\0.34.30\flexmark-ext-gfm-users-0.34.30.jar;C:\Users\MartinS\.m2\repository\com\vladsch\flexmark\flexmark-ext-gitlab\0.34.30\flexmark-ext-gitlab-0.34.30.jar;C:\Users\MartinS\.m2\repository\com\vladsch\flexmark\flexmark-ext-jekyll-front-matter\0.34.30\flexmark-ext-jekyll-front-matter-0.34.30.jar;C:\Users\MartinS\.m2\repository\com\vladsch\flexmark\flexmark-ext-jekyll-tag\0.34.30\flexmark-ext-jekyll-tag-0.34.30.jar;C:\Users\MartinS\.m2\repository\com\vladsch\flexmark\flexmark-ext-media-tags\0.34.30\flexmark-ext-media-tags-0.34.30.jar;C:\Users\MartinS\.m2\repository\com\vladsch\flexmark\flexmark-test-util\0.34.30\flexmark-test-util-0.34.30.jar;C:\Users\MartinS\.m2\repository\com\vladsch\flexmark\flexmark-ext-ins\0.34.30\flexmark-ext-ins-0.34.30.jar;C:\Users\MartinS\.m2\repository\com\vladsch\flexmark\flexmark-ext-xwiki-macros\0.34.30\flexmark-ext-xwiki-macros-0.34.30.jar;C:\Users\MartinS\.m2\repository\com\vladsch\flexmark\flexmark-ext-superscript\0.34.30\flexmark-ext-superscript-0.34.30.jar;C:\Users\MartinS\.m2\repository\com\vladsch\flexmark\flexmark-ext-tables\0.34.30\flexmark-ext-tables-0.34.30.jar;C:\Users\MartinS\.m2\repository\com\vladsch\flexmark\flexmark-ext-toc\0.34.30\flexmark-ext-toc-0.34.30.jar;C:\Users\MartinS\.m2\repository\com\vladsch\flexmark\flexmark-ext-typographic\0.34.30\flexmark-ext-typographic-0.34.30.jar;C:\Users\MartinS\.m2\repository\com\vladsch\flexmark\flexmark-ext-wikilink\0.34.30\flexmark-ext-wikilink-0.34.30.jar;C:\Users\MartinS\.m2\repository\com\vladsch\flexmark\flexmark-ext-yaml-front-matter\0.34.30\flexmark-ext-yaml-front-matter-0.34.30.jar;C:\Users\MartinS\.m2\repository\com\vladsch\flexmark\flexmark-ext-youtube-embedded\0.34.30\flexmark-ext-youtube-embedded-0.34.30.jar;C:\Users\MartinS\.m2\repository\com\vladsch\flexmark\flexmark-formatter\0.34.30\flexmark-formatter-0.34.30.jar;C:\Users\MartinS\.m2\repository\com\vladsch\flexmark\flexmark-html-parser\0.34.30\flexmark-html-parser-0.34.30.jar;C:\Users\MartinS\.m2\repository\com\vladsch\flexmark\flexmark-jira-converter\0.34.30\flexmark-jira-converter-0.34.30.jar;C:\Users\MartinS\.m2\repository\com\vladsch\flexmark\flexmark-pdf-converter\0.34.30\flexmark-pdf-converter-0.34.30.jar;C:\Users\MartinS\.m2\repository\com\openhtmltopdf\openhtmltopdf-core\0.0.1-RC13\openhtmltopdf-core-0.0.1-RC13.jar;C:\Users\MartinS\.m2\repository\com\openhtmltopdf\openhtmltopdf-pdfbox\0.0.1-RC13\openhtmltopdf-pdfbox-0.0.1-RC13.jar;C:\Users\MartinS\.m2\repository\org\apache\pdfbox\pdfbox\2.0.8\pdfbox-2.0.8.jar;C:\Users\MartinS\.m2\repository\org\apache\pdfbox\fontbox\2.0.8\fontbox-2.0.8.jar;C:\Users\MartinS\.m2\repository\org\apache\pdfbox\xmpbox\2.0.8\xmpbox-2.0.8.jar;C:\Users\MartinS\.m2\repository\de\rototor\pdfbox\graphics2d\0.12\graphics2d-0.12.jar;C:\Users\MartinS\.m2\repository\com\openhtmltopdf\openhtmltopdf-rtl-support\0.0.1-RC13\openhtmltopdf-rtl-support-0.0.1-RC13.jar;C:\Users\MartinS\.m2\repository\com\ibm\icu\icu4j\59.1\icu4j-59.1.jar;C:\Users\MartinS\.m2\repository\com\openhtmltopdf\openhtmltopdf-jsoup-dom-converter\0.0.1-RC13\openhtmltopdf-jsoup-dom-converter-0.0.1-RC13.jar;C:\Users\MartinS\.m2\repository\com\vladsch\flexmark\flexmark-profile-pegdown\0.34.30\flexmark-profile-pegdown-0.34.30.jar;C:\Users\MartinS\.m2\repository\com\vladsch\flexmark\flexmark-util\0.34.30\flexmark-util-0.34.30.jar;C:\Users\MartinS\.m2\repository\com\vladsch\flexmark\flexmark-youtrack-converter\0.34.30\flexmark-youtrack-converter-0.34.30.jar;C:\Users\MartinS\.m2\repository\es\nitaur\markdown\txtmark\0.16\txtmark-0.16.jar;C:\Users\MartinS\.m2\repository\net\serenity-bdd\serenity-report-resources\2.4.24\serenity-report-resources-2.4.24.jar;C:\Users\MartinS\.m2\repository\com\google\code\gson\gson\2.8.6\gson-2.8.6.jar;C:\Users\MartinS\.m2\repository\commons-codec\commons-codec\1.15\commons-codec-1.15.jar;C:\Users\MartinS\.m2\repository\commons-io\commons-io\2.8.0\commons-io-2.8.0.jar;C:\Users\MartinS\.m2\repository\org\seleniumhq\selenium\selenium-server\3.141.59\selenium-server-3.141.59.jar;C:\Users\MartinS\.m2\repository\org\seleniumhq\selenium\selenium-opera-driver\3.141.59\selenium-opera-driver-3.141.59.jar;C:\Users\MartinS\.m2\repository\org\seleniumhq\selenium\selenium-remote-driver\3.141.59\selenium-remote-driver-3.141.59.jar;C:\Users\MartinS\.m2\repository\org\seleniumhq\selenium\selenium-safari-driver\3.141.59\selenium-safari-driver-3.141.59.jar;C:\Users\MartinS\.m2\repository\com\beust\jcommander\1.72\jcommander-1.72.jar;C:\Users\MartinS\.m2\repository\org\apache\commons\commons-exec\1.3\commons-exec-1.3.jar;C:\Users\MartinS\.m2\repository\net\jcip\jcip-annotations\1.0\jcip-annotations-1.0.jar;C:\Users\MartinS\.m2\repository\org\seleniumhq\selenium\jetty-repacked\9.4.12.v20180830\jetty-repacked-9.4.12.v20180830.jar;C:\Users\MartinS\.m2\repository\com\squareup\okhttp3\okhttp\3.11.0\okhttp-3.11.0.jar;C:\Users\MartinS\.m2\repository\com\squareup\okio\okio\1.14.0\okio-1.14.0.jar;C:\Users\MartinS\.m2\repository\javax\servlet\javax.servlet-api\3.1.0\javax.servlet-api-3.1.0.jar;C:\Users\MartinS\.m2\repository\org\yaml\snakeyaml\1.19\snakeyaml-1.19.jar;C:\Users\MartinS\.m2\repository\org\seleniumhq\selenium\selenium-java\3.141.59\selenium-java-3.141.59.jar;C:\Users\MartinS\.m2\repository\org\seleniumhq\selenium\selenium-api\3.141.59\selenium-api-3.141.59.jar;C:\Users\MartinS\.m2\repository\org\seleniumhq\selenium\selenium-support\3.141.59\selenium-support-3.141.59.jar;C:\Users\MartinS\.m2\repository\org\seleniumhq\selenium\selenium-chrome-driver\3.141.59\selenium-chrome-driver-3.141.59.jar;C:\Users\MartinS\.m2\repository\org\seleniumhq\selenium\selenium-firefox-driver\3.141.59\selenium-firefox-driver-3.141.59.jar;C:\Users\MartinS\.m2\repository\org\seleniumhq\selenium\selenium-edge-driver\3.141.59\selenium-edge-driver-3.141.59.jar;C:\Users\MartinS\.m2\repository\org\seleniumhq\selenium\selenium-ie-driver\3.141.59\selenium-ie-driver-3.141.59.jar;C:\Users\MartinS\.m2\repository\net\sourceforge\htmlunit\htmlunit\2.47.1\htmlunit-2.47.1.jar;C:\Users\MartinS\.m2\repository\net\sourceforge\htmlunit\htmlunit-core-js\2.47.0\htmlunit-core-js-2.47.0.jar;C:\Users\MartinS\.m2\repository\net\sourceforge\htmlunit\neko-htmlunit\2.47.1\neko-htmlunit-2.47.1.jar;C:\Users\MartinS\.m2\repository\net\sourceforge\htmlunit\htmlunit-cssparser\1.7.0\htmlunit-cssparser-1.7.0.jar;C:\Users\MartinS\.m2\repository\com\shapesecurity\salvation2\3.0.0\salvation2-3.0.0.jar;C:\Users\MartinS\.m2\repository\org\eclipse\jetty\websocket\websocket-client\9.4.36.v20210114\websocket-client-9.4.36.v20210114.jar;C:\Users\MartinS\.m2\repository\org\eclipse\jetty\jetty-client\9.4.36.v20210114\jetty-client-9.4.36.v20210114.jar;C:\Users\MartinS\.m2\repository\org\eclipse\jetty\jetty-http\9.4.36.v20210114\jetty-http-9.4.36.v20210114.jar;C:\Users\MartinS\.m2\repository\org\eclipse\jetty\jetty-util\9.4.36.v20210114\jetty-util-9.4.36.v20210114.jar;C:\Users\MartinS\.m2\repository\org\eclipse\jetty\jetty-io\9.4.36.v20210114\jetty-io-9.4.36.v20210114.jar;C:\Users\MartinS\.m2\repository\org\eclipse\jetty\websocket\websocket-common\9.4.36.v20210114\websocket-common-9.4.36.v20210114.jar;C:\Users\MartinS\.m2\repository\org\eclipse\jetty\websocket\websocket-api\9.4.36.v20210114\websocket-api-9.4.36.v20210114.jar;C:\Users\MartinS\.m2\repository\org\seleniumhq\selenium\htmlunit-driver\2.47.1\htmlunit-driver-2.47.1.jar;C:\Users\MartinS\.m2\repository\com\codeborne\phantomjsdriver\1.4.4\phantomjsdriver-1.4.4.jar;C:\Users\MartinS\.m2\repository\io\appium\java-client\7.5.1\java-client-7.5.1.jar;C:\Users\MartinS\.m2\repository\commons-validator\commons-validator\1.7\commons-validator-1.7.jar;C:\Users\MartinS\.m2\repository\commons-digester\commons-digester\2.1\commons-digester-2.1.jar;C:\Users\MartinS\.m2\repository\org\aspectj\aspectjweaver\1.9.6\aspectjweaver-1.9.6.jar;C:\Users\MartinS\.m2\repository\org\codehaus\groovy\groovy\3.0.8\groovy-3.0.8.jar;C:\Users\MartinS\.m2\repository\net\sf\opencsv\opencsv\2.0\opencsv-2.0.jar;C:\Users\MartinS\.m2\repository\commons-beanutils\commons-beanutils\1.9.4\commons-beanutils-1.9.4.jar;C:\Users\MartinS\.m2\repository\org\apache\commons\commons-lang3\3.11\commons-lang3-3.11.jar;C:\Users\MartinS\.m2\repository\commons-collections\commons-collections\3.2.2\commons-collections-3.2.2.jar;C:\Users\MartinS\.m2\repository\org\fluentlenium\fluentlenium-core\0.10.2\fluentlenium-core-0.10.2.jar;C:\Users\MartinS\.m2\repository\io\github\bonigarcia\webdrivermanager\4.4.1\webdrivermanager-4.4.1.jar;C:\Users\MartinS\.m2\repository\org\apache\httpcomponents\client5\httpclient5\5.0.3\httpclient5-5.0.3.jar;C:\Users\MartinS\.m2\repository\org\apache\httpcomponents\core5\httpcore5\5.0.2\httpcore5-5.0.2.jar;C:\Users\MartinS\.m2\repository\org\apache\httpcomponents\core5\httpcore5-h2\5.0.2\httpcore5-h2-5.0.2.jar;C:\Users\MartinS\.m2\repository\org\rauschig\jarchivelib\1.1.0\jarchivelib-1.1.0.jar;C:\Users\MartinS\.m2\repository\org\apache\commons\commons-compress\1.20\commons-compress-1.20.jar;C:\Users\MartinS\.m2\repository\com\jhlabs\filters\2.0.235\filters-2.0.235.jar;C:\Users\MartinS\.m2\repository\com\assertthat\selenium-shutterbug\1.4\selenium-shutterbug-1.4.jar;C:\Users\MartinS\.m2\repository\org\projectlombok\lombok\1.18.8\lombok-1.18.8.jar;C:\Users\MartinS\.m2\repository\com\github\zafarkhaja\java-semver\0.9.0\java-semver-0.9.0.jar;C:\Users\MartinS\.m2\repository\ru\yandex\qatools\ashot\ashot\1.5.4\ashot-1.5.4.jar;C:\Users\MartinS\.m2\repository\com\paulhammant\ngwebdriver\1.1.5\ngwebdriver-1.1.5.jar;C:\Users\MartinS\.m2\repository\joda-time\joda-time\2.8.2\joda-time-2.8.2.jar;C:\Users\MartinS\.m2\repository\org\hamcrest\hamcrest\2.2\hamcrest-2.2.jar;C:\Users\MartinS\.m2\repository\com\google\jimfs\jimfs\1.1\jimfs-1.1.jar;C:\Users\MartinS\.m2\repository\org\mockito\mockito-core\3.3.3\mockito-core-3.3.3.jar;C:\Users\MartinS\.m2\repository\javax\xml\bind\jaxb-api\2.3.1\jaxb-api-2.3.1.jar;C:\Users\MartinS\.m2\repository\javax\activation\javax.activation-api\1.2.0\javax.activation-api-1.2.0.jar;C:\Users\MartinS\.m2\repository\com\sun\xml\bind\jaxb-core\2.3.0.1\jaxb-core-2.3.0.1.jar;C:\Users\MartinS\.m2\repository\com\sun\xml\bind\jaxb-impl\2.3.3\jaxb-impl-2.3.3.jar;C:\Users\MartinS\.m2\repository\jakarta\xml\bind\jakarta.xml.bind-api\2.3.3\jakarta.xml.bind-api-2.3.3.jar;C:\Users\MartinS\.m2\repository\com\sun\activation\jakarta.activation\1.2.2\jakarta.activation-1.2.2.jar;C:\Users\MartinS\.m2\repository\javax\activation\activation\1.1.1\activation-1.1.1.jar;C:\Users\MartinS\.m2\repository\net\serenity-bdd\serenity-cucumber6\2.4.24\serenity-cucumber6-2.4.24.jar;C:\Users\MartinS\.m2\repository\io\cucumber\cucumber-java\6.10.2\cucumber-java-6.10.2.jar;C:\Users\MartinS\.m2\repository\io\cucumber\cucumber-junit\6.10.2\cucumber-junit-6.10.2.jar;C:\Users\MartinS\.m2\repository\io\cucumber\datatable-matchers\3.4.0\datatable-matchers-3.4.0.jar;C:\Users\MartinS\.m2\repository\io\cucumber\datatable\3.4.0\datatable-3.4.0.jar;C:\Users\MartinS\.m2\repository\commons-logging\commons-logging\1.2\commons-logging-1.2.jar;C:\Users\MartinS\.m2\repository\org\apache\commons\commons-csv\1.5\commons-csv-1.5.jar;C:\Users\MartinS\.m2\repository\net\serenity-bdd\serenity-screenplay\2.4.24\serenity-screenplay-2.4.24.jar;C:\Users\MartinS\.m2\repository\net\serenity-bdd\serenity-screenplay-webdriver\2.4.24\serenity-screenplay-webdriver-2.4.24.jar;C:\Users\MartinS\.m2\repository\net\serenity-bdd\serenity-ensure\2.4.24\serenity-ensure-2.4.24.jar;C:\Users\MartinS\.m2\repository\net\serenity-bdd\serenity-junit\2.4.24\serenity-junit-2.4.24.jar;C:\Users\MartinS\.m2\repository\org\jetbrains\kotlin\kotlin-stdlib\1.4.31\kotlin-stdlib-1.4.31.jar;C:\Users\MartinS\.m2\repository\org\jetbrains\kotlin\kotlin-stdlib-common\1.4.31\kotlin-stdlib-common-1.4.31.jar;C:\Users\MartinS\.m2\repository\org\jetbrains\annotations\13.0\annotations-13.0.jar;C:\Users\MartinS\.m2\repository\junit\junit\4.13.1\junit-4.13.1.jar;C:\Users\MartinS\.m2\repository\org\hamcrest\hamcrest-core\1.3\hamcrest-core-1.3.jar;C:\Users\MartinS\.m2\repository\ch\qos\logback\logback-classic\1.0.13\logback-classic-1.0.13.jar;C:\Users\MartinS\.m2\repository\ch\qos\logback\logback-core\1.0.13\logback-core-1.0.13.jar;C:\Users\MartinS\.m2\repository\org\slf4j\slf4j-api\1.7.5\slf4j-api-1.7.5.jar;C:\Users\MartinS\.m2\repository\org\assertj\assertj-core\3.6.2\assertj-core-3.6.2.jar;C:\Users\MartinS\.m2\repository\io\rest-assured\rest-assured\4.3.2\rest-assured-4.3.2.jar;C:\Users\MartinS\.m2\repository\org\codehaus\groovy\groovy-xml\3.0.6\groovy-xml-3.0.6.jar;C:\Users\MartinS\.m2\repository\org\apache\httpcomponents\httpclient\4.5.3\httpclient-4.5.3.jar;C:\Users\MartinS\.m2\repository\org\apache\httpcomponents\httpmime\4.5.3\httpmime-4.5.3.jar;C:\Users\MartinS\.m2\repository\org\ccil\cowan\tagsoup\tagsoup\1.2.1\tagsoup-1.2.1.jar;C:\Users\MartinS\.m2\repository\io\rest-assured\json-path\4.3.2\json-path-4.3.2.jar;C:\Users\MartinS\.m2\repository\io\rest-assured\rest-assured-common\4.3.2\rest-assured-common-4.3.2.jar;C:\Users\MartinS\.m2\repository\io\rest-assured\xml-path\4.3.2\xml-path-4.3.2.jar;C:\Users\MartinS\.m2\repository\net\serenity-bdd\serenity-rest-assured\2.4.34\serenity-rest-assured-2.4.34.jar;C:\Users\MartinS\.m2\repository\org\codehaus\groovy\groovy-json\3.0.8\groovy-json-3.0.8.jar;C:\Users\MartinS\.m2\repository\org\opentest4j\opentest4j\1.2.0\opentest4j-1.2.0.jar;C:\Users\MartinS\.m2\repository\org\twoi\2icallhome-maven-plugin\1.2\2icallhome-maven-plugin-1.2.jar;C:\Users\MartinS\.m2\repository\org\apache\jmeter\ApacheJMeter_java\5.4.1\ApacheJMeter_java-5.4.1.jar;C:\Users\MartinS\.m2\repository\org\apache\jmeter\ApacheJMeter_core\5.4.1\ApacheJMeter_core-5.4.1.jar;C:\Users\MartinS\.m2\repository\org\apache\jmeter\ApacheJMeter\5.4.1\ApacheJMeter-5.4.1.jar;C:\Users\MartinS\.m2\repository\org\apache\jmeter\jorphan\5.4.1\jorphan-5.4.1.jar;C:\Users\MartinS\.m2\repository\bsf\bsf\2.4.0\bsf-2.4.0.jar;C:\Users\MartinS\.m2\repository\com\fifesoft\rsyntaxtextarea\3.1.1\rsyntaxtextarea-3.1.1.jar;C:\Users\MartinS\.m2\repository\net\sf\jtidy\jtidy\r938\jtidy-r938.jar;C:\Users\MartinS\.m2\repository\com\thoughtworks\xstream\xstream\1.4.15\xstream-1.4.15.jar;C:\Users\MartinS\.m2\repository\xmlpull\xmlpull\1.1.3.1\xmlpull-1.1.3.1.jar;C:\Users\MartinS\.m2\repository\xpp3\xpp3_min\1.1.4c\xpp3_min-1.1.4c.jar;C:\Users\MartinS\.m2\repository\org\apache\logging\log4j\log4j-1.2-api\2.13.3\log4j-1.2-api-2.13.3.jar;C:\Users\MartinS\.m2\repository\org\apache\logging\log4j\log4j-api\2.13.3\log4j-api-2.13.3.jar;C:\Users\MartinS\.m2\repository\org\apache\logging\log4j\log4j-core\2.13.3\log4j-core-2.13.3.jar;C:\Users\MartinS\.m2\repository\org\apache\logging\log4j\log4j-slf4j-impl\2.13.3\log4j-slf4j-impl-2.13.3.jar;C:\Users\MartinS\.m2\repository\org\apiguardian\apiguardian-api\1.1.0\apiguardian-api-1.1.0.jar;C:\Users\MartinS\.m2\repository\oro\oro\2.0.8\oro-2.0.8.jar;C:\Users\MartinS\.m2\repository\xalan\xalan\2.7.2\xalan-2.7.2.jar;C:\Users\MartinS\.m2\repository\xalan\serializer\2.7.2\serializer-2.7.2.jar;C:\Users\MartinS\.m2\repository\net\sf\saxon\Saxon-HE\9.9.1-8\Saxon-HE-9.9.1-8.jar;C:\Users\MartinS\.m2\repository\com\fasterxml\jackson\core\jackson-annotations\2.10.5\jackson-annotations-2.10.5.jar;C:\Users\MartinS\.m2\repository\com\fasterxml\jackson\core\jackson-core\2.10.5\jackson-core-2.10.5.jar;C:\Users\MartinS\.m2\repository\com\fasterxml\jackson\core\jackson-databind\2.10.5\jackson-databind-2.10.5.jar;C:\Users\MartinS\.m2\repository\com\formdev\svgSalamander\1.1.2.3\svgSalamander-1.1.2.3.jar;C:\Users\MartinS\.m2\repository\com\github\ben-manes\caffeine\caffeine\2.8.8\caffeine-2.8.8.jar;C:\Users\MartinS\.m2\repository\org\checkerframework\checker-qual\3.8.0\checker-qual-3.8.0.jar;C:\Users\MartinS\.m2\repository\com\google\errorprone\error_prone_annotations\2.4.0\error_prone_annotations-2.4.0.jar;C:\Users\MartinS\.m2\repository\com\github\weisj\darklaf-core\2.5.4\darklaf-core-2.5.4.jar;C:\Users\MartinS\.m2\repository\com\github\weisj\darklaf-utils\2.5.4\darklaf-utils-2.5.4.jar;C:\Users\MartinS\.m2\repository\com\github\weisj\darklaf-native-utils\2.5.4\darklaf-native-utils-2.5.4.jar;C:\Users\MartinS\.m2\repository\com\github\weisj\darklaf-platform-base\2.5.4\darklaf-platform-base-2.5.4.jar;C:\Users\MartinS\.m2\repository\com\github\weisj\darklaf-windows\2.5.4\darklaf-windows-2.5.4.jar;C:\Users\MartinS\.m2\repository\net\java\dev\jna\jna\5.5.0\jna-5.5.0.jar;C:\Users\MartinS\.m2\repository\com\github\weisj\darklaf-macos\2.5.4\darklaf-macos-2.5.4.jar;C:\Users\MartinS\.m2\repository\org\swinglabs\jxlayer\3.0.4\jxlayer-3.0.4.jar;C:\Users\MartinS\.m2\repository\com\github\weisj\darklaf-theme\2.5.4\darklaf-theme-2.5.4.jar;C:\Users\MartinS\.m2\repository\com\github\weisj\darklaf-property-loader\2.5.4\darklaf-property-loader-2.5.4.jar;C:\Users\MartinS\.m2\repository\com\github\weisj\darklaf-extensions-rsyntaxarea\0.3.4\darklaf-extensions-rsyntaxarea-0.3.4.jar;C:\Users\MartinS\.m2\repository\com\miglayout\miglayout-swing\5.2\miglayout-swing-5.2.jar;C:\Users\MartinS\.m2\repository\com\miglayout\miglayout-core\5.2\miglayout-core-5.2.jar;C:\Users\MartinS\.m2\repository\org\apache\commons\commons-collections4\4.4\commons-collections4-4.4.jar;C:\Users\MartinS\.m2\repository\org\apache\commons\commons-math3\3.6.1\commons-math3-3.6.1.jar;C:\Users\MartinS\.m2\repository\org\apache\commons\commons-text\1.9\commons-text-1.9.jar;C:\Users\MartinS\.m2\repository\org\apache\tika\tika-core\1.24.1\tika-core-1.24.1.jar;C:\Users\MartinS\.m2\repository\org\apache\xmlgraphics\xmlgraphics-commons\2.3\xmlgraphics-commons-2.3.jar;C:\Users\MartinS\.m2\repository\org\freemarker\freemarker\2.3.30\freemarker-2.3.30.jar;C:\Users\MartinS\.m2\repository\org\jodd\jodd-core\5.0.13\jodd-core-5.0.13.jar;C:\Users\MartinS\.m2\repository\org\jodd\jodd-props\5.0.13\jodd-props-5.0.13.jar;C:\Users\MartinS\.m2\repository\org\mozilla\rhino\1.7.13\rhino-1.7.13.jar;C:\Users\MartinS\.m2\repository\org\slf4j\jcl-over-slf4j\1.7.30\jcl-over-slf4j-1.7.30.jar;C:\Users\MartinS\.m2\repository\org\codehaus\groovy\groovy-dateutil\3.0.7\groovy-dateutil-3.0.7.jar;C:\Users\MartinS\.m2\repository\org\codehaus\groovy\groovy-datetime\3.0.7\groovy-datetime-3.0.7.jar;C:\Users\MartinS\.m2\repository\org\codehaus\groovy\groovy-jmx\3.0.7\groovy-jmx-3.0.7.jar;C:\Users\MartinS\.m2\repository\org\codehaus\groovy\groovy-jsr223\3.0.7\groovy-jsr223-3.0.7.jar;C:\Users\MartinS\.m2\repository\org\codehaus\groovy\groovy-sql\3.0.7\groovy-sql-3.0.7.jar;C:\Users\MartinS\.m2\repository\org\codehaus\groovy\groovy-templates\3.0.7\groovy-templates-3.0.7.jar;C:\Users\MartinS\.m2\repository\org\apache\tika\tika-parsers\1.24.1\tika-parsers-1.24.1.jar;C:\Users\MartinS\.m2\repository\xerces\xercesImpl\2.12.0\xercesImpl-2.12.0.jar;C:\Users\MartinS\.m2\repository\xml-apis\xml-apis\1.4.01\xml-apis-1.4.01.jar;C:\Users\MartinS\.m2\repository\org\apache\jmeter\ApacheJMeter_http\5.4.1\ApacheJMeter_http-5.4.1.jar;C:\Users\MartinS\.m2\repository\org\apache\jmeter\ApacheJMeter_components\5.4.1\ApacheJMeter_components-5.4.1.jar;C:\Users\MartinS\.m2\repository\org\apache-extras\beanshell\bsh\2.0b6\bsh-2.0b6.jar;C:\Users\MartinS\.m2\repository\javax\mail\mail\1.5.0-b01\mail-1.5.0-b01.jar;C:\Users\MartinS\.m2\repository\io\burt\jmespath-core\0.5.0\jmespath-core-0.5.0.jar;C:\Users\MartinS\.m2\repository\io\burt\jmespath-jackson\0.5.0\jmespath-jackson-0.5.0.jar;C:\Users\MartinS\.m2\repository\jcharts\jcharts\0.7.5\jcharts-0.7.5.jar;C:\Users\MartinS\.m2\repository\net\minidev\json-smart\2.3\json-smart-2.3.jar;C:\Users\MartinS\.m2\repository\net\minidev\accessors-smart\1.2\accessors-smart-1.2.jar;C:\Users\MartinS\.m2\repository\org\apache\commons\commons-pool2\2.9.0\commons-pool2-2.9.0.jar;C:\Users\MartinS\.m2\repository\org\ow2\asm\asm\9.0\asm-9.0.jar;C:\Users\MartinS\.m2\repository\org\jodd\jodd-log\5.0.13\jodd-log-5.0.13.jar;C:\Users\MartinS\.m2\repository\com\jayway\jsonpath\json-path\2.4.0\json-path-2.4.0.jar;C:\Users\MartinS\.m2\repository\org\apache\httpcomponents\httpasyncclient\4.1.4\httpasyncclient-4.1.4.jar;C:\Users\MartinS\.m2\repository\org\apache\httpcomponents\httpcore-nio\4.4.13\httpcore-nio-4.4.13.jar;C:\Users\MartinS\.m2\repository\com\sun\activation\javax.activation\1.2.0\javax.activation-1.2.0.jar;C:\Users\MartinS\.m2\repository\org\jodd\jodd-lagarto\5.0.13\jodd-lagarto-5.0.13.jar;C:\Users\MartinS\.m2\repository\org\jsoup\jsoup\1.13.1\jsoup-1.13.1.jar;C:\Users\MartinS\.m2\repository\commons-net\commons-net\3.7.2\commons-net-3.7.2.jar;C:\Users\MartinS\.m2\repository\com\helger\ph-commons\9.5.1\ph-commons-9.5.1.jar;C:\Users\MartinS\.m2\repository\com\helger\ph-css\6.2.3\ph-css-6.2.3.jar;C:\Users\MartinS\.m2\repository\dnsjava\dnsjava\2.1.9\dnsjava-2.1.9.jar;C:\Users\MartinS\.m2\repository\org\apache\httpcomponents\httpcore\4.4.13\httpcore-4.4.13.jar;C:\Users\MartinS\.m2\repository\org\brotli\dec\0.1.2\dec-0.1.2.jar;C:\Users\MartinS\.m2\repository\org\eclipse\jgit\org.eclipse.jgit\5.12.0.202106070339-r\org.eclipse.jgit-5.12.0.202106070339-r.jar;C:\Users\MartinS\.m2\repository\com\googlecode\javaewah\JavaEWAH\1.1.7\JavaEWAH-1.1.7.jar;"/>
    <property name="java.vm.vendor" value="Amazon.com Inc."/>
    <property name="sun.arch.data.model" value="64"/>
    <property name="user.variant" value=""/>
    <property name="java.vendor.url" value="https://aws.amazon.com/corretto/"/>
    <property name="user.timezone" value="Europe/London"/>
    <property name="java.vm.specification.version" value="11"/>
    <property name="os.name" value="Windows 10"/>
    <property name="sun.java.launcher" value="SUN_STANDARD"/>
    <property name="user.country" value="GB"/>
    <property name="taskID" value="1"/>
    <property name="sun.boot.library.path" value="C:\Program Files\Amazon Corretto\jdk11.0.12_7\bin"/>
    <property name="sun.java.command" value="org.apache.maven.surefire.booter.ForkedBooter C:\Users\MartinS\AppData\Local\Temp\surefire2653210390831275437 2021-10-22T10-13-42_225-jvmRun1 surefire5490429557691781297tmp surefire_05533190678222823077tmp"/>
    <property name="jdk.debug" value="release"/>
    <property name="surefire.test.class.path" value="C:\Users\MartinS\OneDrive - 2i Limited\Jmeter_framework\generated-framework\target\test-classes;C:\Users\MartinS\.m2\repository\net\serenity-bdd\serenity-core\2.4.24\serenity-core-2.4.24.jar;C:\Users\MartinS\.m2\repository\net\serenity-bdd\serenity-model\2.4.24\serenity-model-2.4.24.jar;C:\Users\MartinS\.m2\repository\com\google\guava\guava\30.1-jre\guava-30.1-jre.jar;C:\Users\MartinS\.m2\repository\com\google\guava\failureaccess\1.0.1\failureaccess-1.0.1.jar;C:\Users\MartinS\.m2\repository\com\google\guava\listenablefuture\9999.0-empty-to-avoid-conflict-with-guava\listenablefuture-9999.0-empty-to-avoid-conflict-with-guava.jar;C:\Users\MartinS\.m2\repository\com\google\code\findbugs\jsr305\3.0.2\jsr305-3.0.2.jar;C:\Users\MartinS\.m2\repository\com\google\j2objc\j2objc-annotations\1.3\j2objc-annotations-1.3.jar;C:\Users\MartinS\.m2\repository\com\google\inject\guice\5.0.1\guice-5.0.1.jar;C:\Users\MartinS\.m2\repository\javax\inject\javax.inject\1\javax.inject-1.jar;C:\Users\MartinS\.m2\repository\aopalliance\aopalliance\1.0\aopalliance-1.0.jar;C:\Users\MartinS\.m2\repository\io\cucumber\cucumber-core\6.10.2\cucumber-core-6.10.2.jar;C:\Users\MartinS\.m2\repository\io\cucumber\cucumber-gherkin\6.10.2\cucumber-gherkin-6.10.2.jar;C:\Users\MartinS\.m2\repository\io\cucumber\cucumber-gherkin-messages\6.10.2\cucumber-gherkin-messages-6.10.2.jar;C:\Users\MartinS\.m2\repository\io\cucumber\messages\14.0.1\messages-14.0.1.jar;C:\Users\MartinS\.m2\repository\io\cucumber\tag-expressions\3.0.0\tag-expressions-3.0.0.jar;C:\Users\MartinS\.m2\repository\io\cucumber\cucumber-expressions\10.3.0\cucumber-expressions-10.3.0.jar;C:\Users\MartinS\.m2\repository\io\cucumber\cucumber-plugin\6.10.2\cucumber-plugin-6.10.2.jar;C:\Users\MartinS\.m2\repository\io\cucumber\docstring\6.10.2\docstring-6.10.2.jar;C:\Users\MartinS\.m2\repository\io\cucumber\html-formatter\12.0.0\html-formatter-12.0.0.jar;C:\Users\MartinS\.m2\repository\io\cucumber\create-meta\3.0.0\create-meta-3.0.0.jar;C:\Users\MartinS\.m2\repository\com\typesafe\config\1.3.1\config-1.3.1.jar;C:\Users\MartinS\.m2\repository\org\imgscalr\imgscalr-lib\4.2\imgscalr-lib-4.2.jar;C:\Users\MartinS\.m2\repository\org\awaitility\awaitility\4.0.3\awaitility-4.0.3.jar;C:\Users\MartinS\.m2\repository\net\sourceforge\jexcelapi\jxl\2.6.12\jxl-2.6.12.jar;C:\Users\MartinS\.m2\repository\org\asciidoctor\asciidoctorj\1.5.6\asciidoctorj-1.5.6.jar;C:\Users\MartinS\.m2\repository\org\jruby\jruby-complete\1.7.26\jruby-complete-1.7.26.jar;C:\Users\MartinS\.m2\repository\net\bytebuddy\byte-buddy\1.10.10\byte-buddy-1.10.10.jar;C:\Users\MartinS\.m2\repository\net\bytebuddy\byte-buddy-agent\1.10.10\byte-buddy-agent-1.10.10.jar;C:\Users\MartinS\.m2\repository\org\objenesis\objenesis\3.1\objenesis-3.1.jar;C:\Users\MartinS\.m2\repository\net\serenity-bdd\serenity-reports\2.4.24\serenity-reports-2.4.24.jar;C:\Users\MartinS\.m2\repository\net\serenity-bdd\serenity-stats\2.4.24\serenity-stats-2.4.24.jar;C:\Users\MartinS\.m2\repository\net\serenity-bdd\serenity-reports-configuration\2.4.24\serenity-reports-configuration-2.4.24.jar;C:\Users\MartinS\.m2\repository\com\vladsch\flexmark\flexmark-all\0.34.30\flexmark-all-0.34.30.jar;C:\Users\MartinS\.m2\repository\com\vladsch\flexmark\flexmark\0.34.30\flexmark-0.34.30.jar;C:\Users\MartinS\.m2\repository\com\vladsch\flexmark\flexmark-ext-abbreviation\0.34.30\flexmark-ext-abbreviation-0.34.30.jar;C:\Users\MartinS\.m2\repository\com\vladsch\flexmark\flexmark-ext-admonition\0.34.30\flexmark-ext-admonition-0.34.30.jar;C:\Users\MartinS\.m2\repository\com\vladsch\flexmark\flexmark-ext-anchorlink\0.34.30\flexmark-ext-anchorlink-0.34.30.jar;C:\Users\MartinS\.m2\repository\com\vladsch\flexmark\flexmark-ext-aside\0.34.30\flexmark-ext-aside-0.34.30.jar;C:\Users\MartinS\.m2\repository\com\vladsch\flexmark\flexmark-ext-attributes\0.34.30\flexmark-ext-attributes-0.34.30.jar;C:\Users\MartinS\.m2\repository\com\vladsch\flexmark\flexmark-ext-autolink\0.34.30\flexmark-ext-autolink-0.34.30.jar;C:\Users\MartinS\.m2\repository\org\nibor\autolink\autolink\0.6.0\autolink-0.6.0.jar;C:\Users\MartinS\.m2\repository\com\vladsch\flexmark\flexmark-ext-definition\0.34.30\flexmark-ext-definition-0.34.30.jar;C:\Users\MartinS\.m2\repository\com\vladsch\flexmark\flexmark-ext-emoji\0.34.30\flexmark-ext-emoji-0.34.30.jar;C:\Users\MartinS\.m2\repository\com\vladsch\flexmark\flexmark-ext-enumerated-reference\0.34.30\flexmark-ext-enumerated-reference-0.34.30.jar;C:\Users\MartinS\.m2\repository\com\vladsch\flexmark\flexmark-ext-escaped-character\0.34.30\flexmark-ext-escaped-character-0.34.30.jar;C:\Users\MartinS\.m2\repository\com\vladsch\flexmark\flexmark-ext-footnotes\0.34.30\flexmark-ext-footnotes-0.34.30.jar;C:\Users\MartinS\.m2\repository\com\vladsch\flexmark\flexmark-ext-gfm-issues\0.34.30\flexmark-ext-gfm-issues-0.34.30.jar;C:\Users\MartinS\.m2\repository\com\vladsch\flexmark\flexmark-ext-gfm-strikethrough\0.34.30\flexmark-ext-gfm-strikethrough-0.34.30.jar;C:\Users\MartinS\.m2\repository\com\vladsch\flexmark\flexmark-ext-gfm-tables\0.34.30\flexmark-ext-gfm-tables-0.34.30.jar;C:\Users\MartinS\.m2\repository\com\vladsch\flexmark\flexmark-ext-gfm-tasklist\0.34.30\flexmark-ext-gfm-tasklist-0.34.30.jar;C:\Users\MartinS\.m2\repository\com\vladsch\flexmark\flexmark-ext-gfm-users\0.34.30\flexmark-ext-gfm-users-0.34.30.jar;C:\Users\MartinS\.m2\repository\com\vladsch\flexmark\flexmark-ext-gitlab\0.34.30\flexmark-ext-gitlab-0.34.30.jar;C:\Users\MartinS\.m2\repository\com\vladsch\flexmark\flexmark-ext-jekyll-front-matter\0.34.30\flexmark-ext-jekyll-front-matter-0.34.30.jar;C:\Users\MartinS\.m2\repository\com\vladsch\flexmark\flexmark-ext-jekyll-tag\0.34.30\flexmark-ext-jekyll-tag-0.34.30.jar;C:\Users\MartinS\.m2\repository\com\vladsch\flexmark\flexmark-ext-media-tags\0.34.30\flexmark-ext-media-tags-0.34.30.jar;C:\Users\MartinS\.m2\repository\com\vladsch\flexmark\flexmark-test-util\0.34.30\flexmark-test-util-0.34.30.jar;C:\Users\MartinS\.m2\repository\com\vladsch\flexmark\flexmark-ext-ins\0.34.30\flexmark-ext-ins-0.34.30.jar;C:\Users\MartinS\.m2\repository\com\vladsch\flexmark\flexmark-ext-xwiki-macros\0.34.30\flexmark-ext-xwiki-macros-0.34.30.jar;C:\Users\MartinS\.m2\repository\com\vladsch\flexmark\flexmark-ext-superscript\0.34.30\flexmark-ext-superscript-0.34.30.jar;C:\Users\MartinS\.m2\repository\com\vladsch\flexmark\flexmark-ext-tables\0.34.30\flexmark-ext-tables-0.34.30.jar;C:\Users\MartinS\.m2\repository\com\vladsch\flexmark\flexmark-ext-toc\0.34.30\flexmark-ext-toc-0.34.30.jar;C:\Users\MartinS\.m2\repository\com\vladsch\flexmark\flexmark-ext-typographic\0.34.30\flexmark-ext-typographic-0.34.30.jar;C:\Users\MartinS\.m2\repository\com\vladsch\flexmark\flexmark-ext-wikilink\0.34.30\flexmark-ext-wikilink-0.34.30.jar;C:\Users\MartinS\.m2\repository\com\vladsch\flexmark\flexmark-ext-yaml-front-matter\0.34.30\flexmark-ext-yaml-front-matter-0.34.30.jar;C:\Users\MartinS\.m2\repository\com\vladsch\flexmark\flexmark-ext-youtube-embedded\0.34.30\flexmark-ext-youtube-embedded-0.34.30.jar;C:\Users\MartinS\.m2\repository\com\vladsch\flexmark\flexmark-formatter\0.34.30\flexmark-formatter-0.34.30.jar;C:\Users\MartinS\.m2\repository\com\vladsch\flexmark\flexmark-html-parser\0.34.30\flexmark-html-parser-0.34.30.jar;C:\Users\MartinS\.m2\repository\com\vladsch\flexmark\flexmark-jira-converter\0.34.30\flexmark-jira-converter-0.34.30.jar;C:\Users\MartinS\.m2\repository\com\vladsch\flexmark\flexmark-pdf-converter\0.34.30\flexmark-pdf-converter-0.34.30.jar;C:\Users\MartinS\.m2\repository\com\openhtmltopdf\openhtmltopdf-core\0.0.1-RC13\openhtmltopdf-core-0.0.1-RC13.jar;C:\Users\MartinS\.m2\repository\com\openhtmltopdf\openhtmltopdf-pdfbox\0.0.1-RC13\openhtmltopdf-pdfbox-0.0.1-RC13.jar;C:\Users\MartinS\.m2\repository\org\apache\pdfbox\pdfbox\2.0.8\pdfbox-2.0.8.jar;C:\Users\MartinS\.m2\repository\org\apache\pdfbox\fontbox\2.0.8\fontbox-2.0.8.jar;C:\Users\MartinS\.m2\repository\org\apache\pdfbox\xmpbox\2.0.8\xmpbox-2.0.8.jar;C:\Users\MartinS\.m2\repository\de\rototor\pdfbox\graphics2d\0.12\graphics2d-0.12.jar;C:\Users\MartinS\.m2\repository\com\openhtmltopdf\openhtmltopdf-rtl-support\0.0.1-RC13\openhtmltopdf-rtl-support-0.0.1-RC13.jar;C:\Users\MartinS\.m2\repository\com\ibm\icu\icu4j\59.1\icu4j-59.1.jar;C:\Users\MartinS\.m2\repository\com\openhtmltopdf\openhtmltopdf-jsoup-dom-converter\0.0.1-RC13\openhtmltopdf-jsoup-dom-converter-0.0.1-RC13.jar;C:\Users\MartinS\.m2\repository\com\vladsch\flexmark\flexmark-profile-pegdown\0.34.30\flexmark-profile-pegdown-0.34.30.jar;C:\Users\MartinS\.m2\repository\com\vladsch\flexmark\flexmark-util\0.34.30\flexmark-util-0.34.30.jar;C:\Users\MartinS\.m2\repository\com\vladsch\flexmark\flexmark-youtrack-converter\0.34.30\flexmark-youtrack-converter-0.34.30.jar;C:\Users\MartinS\.m2\repository\es\nitaur\markdown\txtmark\0.16\txtmark-0.16.jar;C:\Users\MartinS\.m2\repository\net\serenity-bdd\serenity-report-resources\2.4.24\serenity-report-resources-2.4.24.jar;C:\Users\MartinS\.m2\repository\com\google\code\gson\gson\2.8.6\gson-2.8.6.jar;C:\Users\MartinS\.m2\repository\commons-codec\commons-codec\1.15\commons-codec-1.15.jar;C:\Users\MartinS\.m2\repository\commons-io\commons-io\2.8.0\commons-io-2.8.0.jar;C:\Users\MartinS\.m2\repository\org\seleniumhq\selenium\selenium-server\3.141.59\selenium-server-3.141.59.jar;C:\Users\MartinS\.m2\repository\org\seleniumhq\selenium\selenium-opera-driver\3.141.59\selenium-opera-driver-3.141.59.jar;C:\Users\MartinS\.m2\repository\org\seleniumhq\selenium\selenium-remote-driver\3.141.59\selenium-remote-driver-3.141.59.jar;C:\Users\MartinS\.m2\repository\org\seleniumhq\selenium\selenium-safari-driver\3.141.59\selenium-safari-driver-3.141.59.jar;C:\Users\MartinS\.m2\repository\com\beust\jcommander\1.72\jcommander-1.72.jar;C:\Users\MartinS\.m2\repository\org\apache\commons\commons-exec\1.3\commons-exec-1.3.jar;C:\Users\MartinS\.m2\repository\net\jcip\jcip-annotations\1.0\jcip-annotations-1.0.jar;C:\Users\MartinS\.m2\repository\org\seleniumhq\selenium\jetty-repacked\9.4.12.v20180830\jetty-repacked-9.4.12.v20180830.jar;C:\Users\MartinS\.m2\repository\com\squareup\okhttp3\okhttp\3.11.0\okhttp-3.11.0.jar;C:\Users\MartinS\.m2\repository\com\squareup\okio\okio\1.14.0\okio-1.14.0.jar;C:\Users\MartinS\.m2\repository\javax\servlet\javax.servlet-api\3.1.0\javax.servlet-api-3.1.0.jar;C:\Users\MartinS\.m2\repository\org\yaml\snakeyaml\1.19\snakeyaml-1.19.jar;C:\Users\MartinS\.m2\repository\org\seleniumhq\selenium\selenium-java\3.141.59\selenium-java-3.141.59.jar;C:\Users\MartinS\.m2\repository\org\seleniumhq\selenium\selenium-api\3.141.59\selenium-api-3.141.59.jar;C:\Users\MartinS\.m2\repository\org\seleniumhq\selenium\selenium-support\3.141.59\selenium-support-3.141.59.jar;C:\Users\MartinS\.m2\repository\org\seleniumhq\selenium\selenium-chrome-driver\3.141.59\selenium-chrome-driver-3.141.59.jar;C:\Users\MartinS\.m2\repository\org\seleniumhq\selenium\selenium-firefox-driver\3.141.59\selenium-firefox-driver-3.141.59.jar;C:\Users\MartinS\.m2\repository\org\seleniumhq\selenium\selenium-edge-driver\3.141.59\selenium-edge-driver-3.141.59.jar;C:\Users\MartinS\.m2\repository\org\seleniumhq\selenium\selenium-ie-driver\3.141.59\selenium-ie-driver-3.141.59.jar;C:\Users\MartinS\.m2\repository\net\sourceforge\htmlunit\htmlunit\2.47.1\htmlunit-2.47.1.jar;C:\Users\MartinS\.m2\repository\net\sourceforge\htmlunit\htmlunit-core-js\2.47.0\htmlunit-core-js-2.47.0.jar;C:\Users\MartinS\.m2\repository\net\sourceforge\htmlunit\neko-htmlunit\2.47.1\neko-htmlunit-2.47.1.jar;C:\Users\MartinS\.m2\repository\net\sourceforge\htmlunit\htmlunit-cssparser\1.7.0\htmlunit-cssparser-1.7.0.jar;C:\Users\MartinS\.m2\repository\com\shapesecurity\salvation2\3.0.0\salvation2-3.0.0.jar;C:\Users\MartinS\.m2\repository\org\eclipse\jetty\websocket\websocket-client\9.4.36.v20210114\websocket-client-9.4.36.v20210114.jar;C:\Users\MartinS\.m2\repository\org\eclipse\jetty\jetty-client\9.4.36.v20210114\jetty-client-9.4.36.v20210114.jar;C:\Users\MartinS\.m2\repository\org\eclipse\jetty\jetty-http\9.4.36.v20210114\jetty-http-9.4.36.v20210114.jar;C:\Users\MartinS\.m2\repository\org\eclipse\jetty\jetty-util\9.4.36.v20210114\jetty-util-9.4.36.v20210114.jar;C:\Users\MartinS\.m2\repository\org\eclipse\jetty\jetty-io\9.4.36.v20210114\jetty-io-9.4.36.v20210114.jar;C:\Users\MartinS\.m2\repository\org\eclipse\jetty\websocket\websocket-common\9.4.36.v20210114\websocket-common-9.4.36.v20210114.jar;C:\Users\MartinS\.m2\repository\org\eclipse\jetty\websocket\websocket-api\9.4.36.v20210114\websocket-api-9.4.36.v20210114.jar;C:\Users\MartinS\.m2\repository\org\seleniumhq\selenium\htmlunit-driver\2.47.1\htmlunit-driver-2.47.1.jar;C:\Users\MartinS\.m2\repository\com\codeborne\phantomjsdriver\1.4.4\phantomjsdriver-1.4.4.jar;C:\Users\MartinS\.m2\repository\io\appium\java-client\7.5.1\java-client-7.5.1.jar;C:\Users\MartinS\.m2\repository\commons-validator\commons-validator\1.7\commons-validator-1.7.jar;C:\Users\MartinS\.m2\repository\commons-digester\commons-digester\2.1\commons-digester-2.1.jar;C:\Users\MartinS\.m2\repository\org\aspectj\aspectjweaver\1.9.6\aspectjweaver-1.9.6.jar;C:\Users\MartinS\.m2\repository\org\codehaus\groovy\groovy\3.0.8\groovy-3.0.8.jar;C:\Users\MartinS\.m2\repository\net\sf\opencsv\opencsv\2.0\opencsv-2.0.jar;C:\Users\MartinS\.m2\repository\commons-beanutils\commons-beanutils\1.9.4\commons-beanutils-1.9.4.jar;C:\Users\MartinS\.m2\repository\org\apache\commons\commons-lang3\3.11\commons-lang3-3.11.jar;C:\Users\MartinS\.m2\repository\commons-collections\commons-collections\3.2.2\commons-collections-3.2.2.jar;C:\Users\MartinS\.m2\repository\org\fluentlenium\fluentlenium-core\0.10.2\fluentlenium-core-0.10.2.jar;C:\Users\MartinS\.m2\repository\io\github\bonigarcia\webdrivermanager\4.4.1\webdrivermanager-4.4.1.jar;C:\Users\MartinS\.m2\repository\org\apache\httpcomponents\client5\httpclient5\5.0.3\httpclient5-5.0.3.jar;C:\Users\MartinS\.m2\repository\org\apache\httpcomponents\core5\httpcore5\5.0.2\httpcore5-5.0.2.jar;C:\Users\MartinS\.m2\repository\org\apache\httpcomponents\core5\httpcore5-h2\5.0.2\httpcore5-h2-5.0.2.jar;C:\Users\MartinS\.m2\repository\org\rauschig\jarchivelib\1.1.0\jarchivelib-1.1.0.jar;C:\Users\MartinS\.m2\repository\org\apache\commons\commons-compress\1.20\commons-compress-1.20.jar;C:\Users\MartinS\.m2\repository\com\jhlabs\filters\2.0.235\filters-2.0.235.jar;C:\Users\MartinS\.m2\repository\com\assertthat\selenium-shutterbug\1.4\selenium-shutterbug-1.4.jar;C:\Users\MartinS\.m2\repository\org\projectlombok\lombok\1.18.8\lombok-1.18.8.jar;C:\Users\MartinS\.m2\repository\com\github\zafarkhaja\java-semver\0.9.0\java-semver-0.9.0.jar;C:\Users\MartinS\.m2\repository\ru\yandex\qatools\ashot\ashot\1.5.4\ashot-1.5.4.jar;C:\Users\MartinS\.m2\repository\com\paulhammant\ngwebdriver\1.1.5\ngwebdriver-1.1.5.jar;C:\Users\MartinS\.m2\repository\joda-time\joda-time\2.8.2\joda-time-2.8.2.jar;C:\Users\MartinS\.m2\repository\org\hamcrest\hamcrest\2.2\hamcrest-2.2.jar;C:\Users\MartinS\.m2\repository\com\google\jimfs\jimfs\1.1\jimfs-1.1.jar;C:\Users\MartinS\.m2\repository\org\mockito\mockito-core\3.3.3\mockito-core-3.3.3.jar;C:\Users\MartinS\.m2\repository\javax\xml\bind\jaxb-api\2.3.1\jaxb-api-2.3.1.jar;C:\Users\MartinS\.m2\repository\javax\activation\javax.activation-api\1.2.0\javax.activation-api-1.2.0.jar;C:\Users\MartinS\.m2\repository\com\sun\xml\bind\jaxb-core\2.3.0.1\jaxb-core-2.3.0.1.jar;C:\Users\MartinS\.m2\repository\com\sun\xml\bind\jaxb-impl\2.3.3\jaxb-impl-2.3.3.jar;C:\Users\MartinS\.m2\repository\jakarta\xml\bind\jakarta.xml.bind-api\2.3.3\jakarta.xml.bind-api-2.3.3.jar;C:\Users\MartinS\.m2\repository\com\sun\activation\jakarta.activation\1.2.2\jakarta.activation-1.2.2.jar;C:\Users\MartinS\.m2\repository\javax\activation\activation\1.1.1\activation-1.1.1.jar;C:\Users\MartinS\.m2\repository\net\serenity-bdd\serenity-cucumber6\2.4.24\serenity-cucumber6-2.4.24.jar;C:\Users\MartinS\.m2\repository\io\cucumber\cucumber-java\6.10.2\cucumber-java-6.10.2.jar;C:\Users\MartinS\.m2\repository\io\cucumber\cucumber-junit\6.10.2\cucumber-junit-6.10.2.jar;C:\Users\MartinS\.m2\repository\io\cucumber\datatable-matchers\3.4.0\datatable-matchers-3.4.0.jar;C:\Users\MartinS\.m2\repository\io\cucumber\datatable\3.4.0\datatable-3.4.0.jar;C:\Users\MartinS\.m2\repository\commons-logging\commons-logging\1.2\commons-logging-1.2.jar;C:\Users\MartinS\.m2\repository\org\apache\commons\commons-csv\1.5\commons-csv-1.5.jar;C:\Users\MartinS\.m2\repository\net\serenity-bdd\serenity-screenplay\2.4.24\serenity-screenplay-2.4.24.jar;C:\Users\MartinS\.m2\repository\net\serenity-bdd\serenity-screenplay-webdriver\2.4.24\serenity-screenplay-webdriver-2.4.24.jar;C:\Users\MartinS\.m2\repository\net\serenity-bdd\serenity-ensure\2.4.24\serenity-ensure-2.4.24.jar;C:\Users\MartinS\.m2\repository\net\serenity-bdd\serenity-junit\2.4.24\serenity-junit-2.4.24.jar;C:\Users\MartinS\.m2\repository\org\jetbrains\kotlin\kotlin-stdlib\1.4.31\kotlin-stdlib-1.4.31.jar;C:\Users\MartinS\.m2\repository\org\jetbrains\kotlin\kotlin-stdlib-common\1.4.31\kotlin-stdlib-common-1.4.31.jar;C:\Users\MartinS\.m2\repository\org\jetbrains\annotations\13.0\annotations-13.0.jar;C:\Users\MartinS\.m2\repository\junit\junit\4.13.1\junit-4.13.1.jar;C:\Users\MartinS\.m2\repository\org\hamcrest\hamcrest-core\1.3\hamcrest-core-1.3.jar;C:\Users\MartinS\.m2\repository\ch\qos\logback\logback-classic\1.0.13\logback-classic-1.0.13.jar;C:\Users\MartinS\.m2\repository\ch\qos\logback\logback-core\1.0.13\logback-core-1.0.13.jar;C:\Users\MartinS\.m2\repository\org\slf4j\slf4j-api\1.7.5\slf4j-api-1.7.5.jar;C:\Users\MartinS\.m2\repository\org\assertj\assertj-core\3.6.2\assertj-core-3.6.2.jar;C:\Users\MartinS\.m2\repository\io\rest-assured\rest-assured\4.3.2\rest-assured-4.3.2.jar;C:\Users\MartinS\.m2\repository\org\codehaus\groovy\groovy-xml\3.0.6\groovy-xml-3.0.6.jar;C:\Users\MartinS\.m2\repository\org\apache\httpcomponents\httpclient\4.5.3\httpclient-4.5.3.jar;C:\Users\MartinS\.m2\repository\org\apache\httpcomponents\httpmime\4.5.3\httpmime-4.5.3.jar;C:\Users\MartinS\.m2\repository\org\ccil\cowan\tagsoup\tagsoup\1.2.1\tagsoup-1.2.1.jar;C:\Users\MartinS\.m2\repository\io\rest-assured\json-path\4.3.2\json-path-4.3.2.jar;C:\Users\MartinS\.m2\repository\io\rest-assured\rest-assured-common\4.3.2\rest-assured-common-4.3.2.jar;C:\Users\MartinS\.m2\repository\io\rest-assured\xml-path\4.3.2\xml-path-4.3.2.jar;C:\Users\MartinS\.m2\repository\net\serenity-bdd\serenity-rest-assured\2.4.34\serenity-rest-assured-2.4.34.jar;C:\Users\MartinS\.m2\repository\org\codehaus\groovy\groovy-json\3.0.8\groovy-json-3.0.8.jar;C:\Users\MartinS\.m2\repository\org\opentest4j\opentest4j\1.2.0\opentest4j-1.2.0.jar;C:\Users\MartinS\.m2\repository\org\twoi\2icallhome-maven-plugin\1.2\2icallhome-maven-plugin-1.2.jar;C:\Users\MartinS\.m2\repository\org\apache\jmeter\ApacheJMeter_java\5.4.1\ApacheJMeter_java-5.4.1.jar;C:\Users\MartinS\.m2\repository\org\apache\jmeter\ApacheJMeter_core\5.4.1\ApacheJMeter_core-5.4.1.jar;C:\Users\MartinS\.m2\repository\org\apache\jmeter\ApacheJMeter\5.4.1\ApacheJMeter-5.4.1.jar;C:\Users\MartinS\.m2\repository\org\apache\jmeter\jorphan\5.4.1\jorphan-5.4.1.jar;C:\Users\MartinS\.m2\repository\bsf\bsf\2.4.0\bsf-2.4.0.jar;C:\Users\MartinS\.m2\repository\com\fifesoft\rsyntaxtextarea\3.1.1\rsyntaxtextarea-3.1.1.jar;C:\Users\MartinS\.m2\repository\net\sf\jtidy\jtidy\r938\jtidy-r938.jar;C:\Users\MartinS\.m2\repository\com\thoughtworks\xstream\xstream\1.4.15\xstream-1.4.15.jar;C:\Users\MartinS\.m2\repository\xmlpull\xmlpull\1.1.3.1\xmlpull-1.1.3.1.jar;C:\Users\MartinS\.m2\repository\xpp3\xpp3_min\1.1.4c\xpp3_min-1.1.4c.jar;C:\Users\MartinS\.m2\repository\org\apache\logging\log4j\log4j-1.2-api\2.13.3\log4j-1.2-api-2.13.3.jar;C:\Users\MartinS\.m2\repository\org\apache\logging\log4j\log4j-api\2.13.3\log4j-api-2.13.3.jar;C:\Users\MartinS\.m2\repository\org\apache\logging\log4j\log4j-core\2.13.3\log4j-core-2.13.3.jar;C:\Users\MartinS\.m2\repository\org\apache\logging\log4j\log4j-slf4j-impl\2.13.3\log4j-slf4j-impl-2.13.3.jar;C:\Users\MartinS\.m2\repository\org\apiguardian\apiguardian-api\1.1.0\apiguardian-api-1.1.0.jar;C:\Users\MartinS\.m2\repository\oro\oro\2.0.8\oro-2.0.8.jar;C:\Users\MartinS\.m2\repository\xalan\xalan\2.7.2\xalan-2.7.2.jar;C:\Users\MartinS\.m2\repository\xalan\serializer\2.7.2\serializer-2.7.2.jar;C:\Users\MartinS\.m2\repository\net\sf\saxon\Saxon-HE\9.9.1-8\Saxon-HE-9.9.1-8.jar;C:\Users\MartinS\.m2\repository\com\fasterxml\jackson\core\jackson-annotations\2.10.5\jackson-annotations-2.10.5.jar;C:\Users\MartinS\.m2\repository\com\fasterxml\jackson\core\jackson-core\2.10.5\jackson-core-2.10.5.jar;C:\Users\MartinS\.m2\repository\com\fasterxml\jackson\core\jackson-databind\2.10.5\jackson-databind-2.10.5.jar;C:\Users\MartinS\.m2\repository\com\formdev\svgSalamander\1.1.2.3\svgSalamander-1.1.2.3.jar;C:\Users\MartinS\.m2\repository\com\github\ben-manes\caffeine\caffeine\2.8.8\caffeine-2.8.8.jar;C:\Users\MartinS\.m2\repository\org\checkerframework\checker-qual\3.8.0\checker-qual-3.8.0.jar;C:\Users\MartinS\.m2\repository\com\google\errorprone\error_prone_annotations\2.4.0\error_prone_annotations-2.4.0.jar;C:\Users\MartinS\.m2\repository\com\github\weisj\darklaf-core\2.5.4\darklaf-core-2.5.4.jar;C:\Users\MartinS\.m2\repository\com\github\weisj\darklaf-utils\2.5.4\darklaf-utils-2.5.4.jar;C:\Users\MartinS\.m2\repository\com\github\weisj\darklaf-native-utils\2.5.4\darklaf-native-utils-2.5.4.jar;C:\Users\MartinS\.m2\repository\com\github\weisj\darklaf-platform-base\2.5.4\darklaf-platform-base-2.5.4.jar;C:\Users\MartinS\.m2\repository\com\github\weisj\darklaf-windows\2.5.4\darklaf-windows-2.5.4.jar;C:\Users\MartinS\.m2\repository\net\java\dev\jna\jna\5.5.0\jna-5.5.0.jar;C:\Users\MartinS\.m2\repository\com\github\weisj\darklaf-macos\2.5.4\darklaf-macos-2.5.4.jar;C:\Users\MartinS\.m2\repository\org\swinglabs\jxlayer\3.0.4\jxlayer-3.0.4.jar;C:\Users\MartinS\.m2\repository\com\github\weisj\darklaf-theme\2.5.4\darklaf-theme-2.5.4.jar;C:\Users\MartinS\.m2\repository\com\github\weisj\darklaf-property-loader\2.5.4\darklaf-property-loader-2.5.4.jar;C:\Users\MartinS\.m2\repository\com\github\weisj\darklaf-extensions-rsyntaxarea\0.3.4\darklaf-extensions-rsyntaxarea-0.3.4.jar;C:\Users\MartinS\.m2\repository\com\miglayout\miglayout-swing\5.2\miglayout-swing-5.2.jar;C:\Users\MartinS\.m2\repository\com\miglayout\miglayout-core\5.2\miglayout-core-5.2.jar;C:\Users\MartinS\.m2\repository\org\apache\commons\commons-collections4\4.4\commons-collections4-4.4.jar;C:\Users\MartinS\.m2\repository\org\apache\commons\commons-math3\3.6.1\commons-math3-3.6.1.jar;C:\Users\MartinS\.m2\repository\org\apache\commons\commons-text\1.9\commons-text-1.9.jar;C:\Users\MartinS\.m2\repository\org\apache\tika\tika-core\1.24.1\tika-core-1.24.1.jar;C:\Users\MartinS\.m2\repository\org\apache\xmlgraphics\xmlgraphics-commons\2.3\xmlgraphics-commons-2.3.jar;C:\Users\MartinS\.m2\repository\org\freemarker\freemarker\2.3.30\freemarker-2.3.30.jar;C:\Users\MartinS\.m2\repository\org\jodd\jodd-core\5.0.13\jodd-core-5.0.13.jar;C:\Users\MartinS\.m2\repository\org\jodd\jodd-props\5.0.13\jodd-props-5.0.13.jar;C:\Users\MartinS\.m2\repository\org\mozilla\rhino\1.7.13\rhino-1.7.13.jar;C:\Users\MartinS\.m2\repository\org\slf4j\jcl-over-slf4j\1.7.30\jcl-over-slf4j-1.7.30.jar;C:\Users\MartinS\.m2\repository\org\codehaus\groovy\groovy-dateutil\3.0.7\groovy-dateutil-3.0.7.jar;C:\Users\MartinS\.m2\repository\org\codehaus\groovy\groovy-datetime\3.0.7\groovy-datetime-3.0.7.jar;C:\Users\MartinS\.m2\repository\org\codehaus\groovy\groovy-jmx\3.0.7\groovy-jmx-3.0.7.jar;C:\Users\MartinS\.m2\repository\org\codehaus\groovy\groovy-jsr223\3.0.7\groovy-jsr223-3.0.7.jar;C:\Users\MartinS\.m2\repository\org\codehaus\groovy\groovy-sql\3.0.7\groovy-sql-3.0.7.jar;C:\Users\MartinS\.m2\repository\org\codehaus\groovy\groovy-templates\3.0.7\groovy-templates-3.0.7.jar;C:\Users\MartinS\.m2\repository\org\apache\tika\tika-parsers\1.24.1\tika-parsers-1.24.1.jar;C:\Users\MartinS\.m2\repository\xerces\xercesImpl\2.12.0\xercesImpl-2.12.0.jar;C:\Users\MartinS\.m2\repository\xml-apis\xml-apis\1.4.01\xml-apis-1.4.01.jar;C:\Users\MartinS\.m2\repository\org\apache\jmeter\ApacheJMeter_http\5.4.1\ApacheJMeter_http-5.4.1.jar;C:\Users\MartinS\.m2\repository\org\apache\jmeter\ApacheJMeter_components\5.4.1\ApacheJMeter_components-5.4.1.jar;C:\Users\MartinS\.m2\repository\org\apache-extras\beanshell\bsh\2.0b6\bsh-2.0b6.jar;C:\Users\MartinS\.m2\repository\javax\mail\mail\1.5.0-b01\mail-1.5.0-b01.jar;C:\Users\MartinS\.m2\repository\io\burt\jmespath-core\0.5.0\jmespath-core-0.5.0.jar;C:\Users\MartinS\.m2\repository\io\burt\jmespath-jackson\0.5.0\jmespath-jackson-0.5.0.jar;C:\Users\MartinS\.m2\repository\jcharts\jcharts\0.7.5\jcharts-0.7.5.jar;C:\Users\MartinS\.m2\repository\net\minidev\json-smart\2.3\json-smart-2.3.jar;C:\Users\MartinS\.m2\repository\net\minidev\accessors-smart\1.2\accessors-smart-1.2.jar;C:\Users\MartinS\.m2\repository\org\apache\commons\commons-pool2\2.9.0\commons-pool2-2.9.0.jar;C:\Users\MartinS\.m2\repository\org\ow2\asm\asm\9.0\asm-9.0.jar;C:\Users\MartinS\.m2\repository\org\jodd\jodd-log\5.0.13\jodd-log-5.0.13.jar;C:\Users\MartinS\.m2\repository\com\jayway\jsonpath\json-path\2.4.0\json-path-2.4.0.jar;C:\Users\MartinS\.m2\repository\org\apache\httpcomponents\httpasyncclient\4.1.4\httpasyncclient-4.1.4.jar;C:\Users\MartinS\.m2\repository\org\apache\httpcomponents\httpcore-nio\4.4.13\httpcore-nio-4.4.13.jar;C:\Users\MartinS\.m2\repository\com\sun\activation\javax.activation\1.2.0\javax.activation-1.2.0.jar;C:\Users\MartinS\.m2\repository\org\jodd\jodd-lagarto\5.0.13\jodd-lagarto-5.0.13.jar;C:\Users\MartinS\.m2\repository\org\jsoup\jsoup\1.13.1\jsoup-1.13.1.jar;C:\Users\MartinS\.m2\repository\commons-net\commons-net\3.7.2\commons-net-3.7.2.jar;C:\Users\MartinS\.m2\repository\com\helger\ph-commons\9.5.1\ph-commons-9.5.1.jar;C:\Users\MartinS\.m2\repository\com\helger\ph-css\6.2.3\ph-css-6.2.3.jar;C:\Users\MartinS\.m2\repository\dnsjava\dnsjava\2.1.9\dnsjava-2.1.9.jar;C:\Users\MartinS\.m2\repository\org\apache\httpcomponents\httpcore\4.4.13\httpcore-4.4.13.jar;C:\Users\MartinS\.m2\repository\org\brotli\dec\0.1.2\dec-0.1.2.jar;C:\Users\MartinS\.m2\repository\org\eclipse\jgit\org.eclipse.jgit\5.12.0.202106070339-r\org.eclipse.jgit-5.12.0.202106070339-r.jar;C:\Users\MartinS\.m2\repository\com\googlecode\javaewah\JavaEWAH\1.1.7\JavaEWAH-1.1.7.jar;"/>
    <property name="sun.cpu.endian" value="little"/>
    <property name="user.home" value="C:\Users\MartinS"/>
    <property name="user.language" value="en"/>
    <property name="java.specification.vendor" value="Oracle Corporation"/>
    <property name="jdk.module.path" value="C:\Users\MartinS\OneDrive - 2i Limited\Jmeter_framework\generated-framework\target\generatedframework-1.0.0-SNAPSHOT.jar"/>
    <property name="java.version.date" value="2021-07-20"/>
    <property name="java.home" value="C:\Program Files\Amazon Corretto\jdk11.0.12_7"/>
    <property name="file.separator" value="\"/>
    <property name="basedir" value="C:\Users\MartinS\OneDrive - 2i Limited\Jmeter_framework\generated-framework"/>
    <property name="java.vm.compressedOopsMode" value="32-bit"/>
    <property name="line.separator" value="&#10;"/>
    <property name="java.specification.name" value="Java Platform API Specification"/>
    <property name="java.vm.specification.vendor" value="Oracle Corporation"/>
    <property name="java.awt.graphicsenv" value="sun.awt.Win32GraphicsEnvironment"/>
    <property name="surefire.real.class.path" value="C:\Users\MartinS\.m2\repository\org\apache\maven\surefire\surefire-booter\3.0.0-M5\surefire-booter-3.0.0-M5.jar;C:\Users\MartinS\.m2\repository\org\apache\maven\surefire\surefire-api\3.0.0-M5\surefire-api-3.0.0-M5.jar;C:\Users\MartinS\.m2\repository\org\apache\maven\surefire\surefire-logger-api\3.0.0-M5\surefire-logger-api-3.0.0-M5.jar;C:\Users\MartinS\.m2\repository\org\apache\maven\surefire\surefire-shared-utils\3.0.0-M4\surefire-shared-utils-3.0.0-M4.jar;C:\Users\MartinS\.m2\repository\org\apache\maven\surefire\surefire-extensions-spi\3.0.0-M5\surefire-extensions-spi-3.0.0-M5.jar;C:\Users\MartinS\OneDrive - 2i Limited\Jmeter_framework\generated-framework\target\test-classes;C:\Users\MartinS\.m2\repository\net\serenity-bdd\serenity-core\2.4.24\serenity-core-2.4.24.jar;C:\Users\MartinS\.m2\repository\net\serenity-bdd\serenity-model\2.4.24\serenity-model-2.4.24.jar;C:\Users\MartinS\.m2\repository\com\google\guava\guava\30.1-jre\guava-30.1-jre.jar;C:\Users\MartinS\.m2\repository\com\google\guava\failureaccess\1.0.1\failureaccess-1.0.1.jar;C:\Users\MartinS\.m2\repository\com\google\guava\listenablefuture\9999.0-empty-to-avoid-conflict-with-guava\listenablefuture-9999.0-empty-to-avoid-conflict-with-guava.jar;C:\Users\MartinS\.m2\repository\com\google\code\findbugs\jsr305\3.0.2\jsr305-3.0.2.jar;C:\Users\MartinS\.m2\repository\com\google\j2objc\j2objc-annotations\1.3\j2objc-annotations-1.3.jar;C:\Users\MartinS\.m2\repository\com\google\inject\guice\5.0.1\guice-5.0.1.jar;C:\Users\MartinS\.m2\repository\javax\inject\javax.inject\1\javax.inject-1.jar;C:\Users\MartinS\.m2\repository\aopalliance\aopalliance\1.0\aopalliance-1.0.jar;C:\Users\MartinS\.m2\repository\io\cucumber\cucumber-core\6.10.2\cucumber-core-6.10.2.jar;C:\Users\MartinS\.m2\repository\io\cucumber\cucumber-gherkin\6.10.2\cucumber-gherkin-6.10.2.jar;C:\Users\MartinS\.m2\repository\io\cucumber\cucumber-gherkin-messages\6.10.2\cucumber-gherkin-messages-6.10.2.jar;C:\Users\MartinS\.m2\repository\io\cucumber\messages\14.0.1\messages-14.0.1.jar;C:\Users\MartinS\.m2\repository\io\cucumber\tag-expressions\3.0.0\tag-expressions-3.0.0.jar;C:\Users\MartinS\.m2\repository\io\cucumber\cucumber-expressions\10.3.0\cucumber-expressions-10.3.0.jar;C:\Users\MartinS\.m2\repository\io\cucumber\cucumber-plugin\6.10.2\cucumber-plugin-6.10.2.jar;C:\Users\MartinS\.m2\repository\io\cucumber\docstring\6.10.2\docstring-6.10.2.jar;C:\Users\MartinS\.m2\repository\io\cucumber\html-formatter\12.0.0\html-formatter-12.0.0.jar;C:\Users\MartinS\.m2\repository\io\cucumber\create-meta\3.0.0\create-meta-3.0.0.jar;C:\Users\MartinS\.m2\repository\com\typesafe\config\1.3.1\config-1.3.1.jar;C:\Users\MartinS\.m2\repository\org\imgscalr\imgscalr-lib\4.2\imgscalr-lib-4.2.jar;C:\Users\MartinS\.m2\repository\org\awaitility\awaitility\4.0.3\awaitility-4.0.3.jar;C:\Users\MartinS\.m2\repository\net\sourceforge\jexcelapi\jxl\2.6.12\jxl-2.6.12.jar;C:\Users\MartinS\.m2\repository\org\asciidoctor\asciidoctorj\1.5.6\asciidoctorj-1.5.6.jar;C:\Users\MartinS\.m2\repository\org\jruby\jruby-complete\1.7.26\jruby-complete-1.7.26.jar;C:\Users\MartinS\.m2\repository\net\bytebuddy\byte-buddy\1.10.10\byte-buddy-1.10.10.jar;C:\Users\MartinS\.m2\repository\net\bytebuddy\byte-buddy-agent\1.10.10\byte-buddy-agent-1.10.10.jar;C:\Users\MartinS\.m2\repository\org\objenesis\objenesis\3.1\objenesis-3.1.jar;C:\Users\MartinS\.m2\repository\net\serenity-bdd\serenity-reports\2.4.24\serenity-reports-2.4.24.jar;C:\Users\MartinS\.m2\repository\net\serenity-bdd\serenity-stats\2.4.24\serenity-stats-2.4.24.jar;C:\Users\MartinS\.m2\repository\net\serenity-bdd\serenity-reports-configuration\2.4.24\serenity-reports-configuration-2.4.24.jar;C:\Users\MartinS\.m2\repository\com\vladsch\flexmark\flexmark-all\0.34.30\flexmark-all-0.34.30.jar;C:\Users\MartinS\.m2\repository\com\vladsch\flexmark\flexmark\0.34.30\flexmark-0.34.30.jar;C:\Users\MartinS\.m2\repository\com\vladsch\flexmark\flexmark-ext-abbreviation\0.34.30\flexmark-ext-abbreviation-0.34.30.jar;C:\Users\MartinS\.m2\repository\com\vladsch\flexmark\flexmark-ext-admonition\0.34.30\flexmark-ext-admonition-0.34.30.jar;C:\Users\MartinS\.m2\repository\com\vladsch\flexmark\flexmark-ext-anchorlink\0.34.30\flexmark-ext-anchorlink-0.34.30.jar;C:\Users\MartinS\.m2\repository\com\vladsch\flexmark\flexmark-ext-aside\0.34.30\flexmark-ext-aside-0.34.30.jar;C:\Users\MartinS\.m2\repository\com\vladsch\flexmark\flexmark-ext-attributes\0.34.30\flexmark-ext-attributes-0.34.30.jar;C:\Users\MartinS\.m2\repository\com\vladsch\flexmark\flexmark-ext-autolink\0.34.30\flexmark-ext-autolink-0.34.30.jar;C:\Users\MartinS\.m2\repository\org\nibor\autolink\autolink\0.6.0\autolink-0.6.0.jar;C:\Users\MartinS\.m2\repository\com\vladsch\flexmark\flexmark-ext-definition\0.34.30\flexmark-ext-definition-0.34.30.jar;C:\Users\MartinS\.m2\repository\com\vladsch\flexmark\flexmark-ext-emoji\0.34.30\flexmark-ext-emoji-0.34.30.jar;C:\Users\MartinS\.m2\repository\com\vladsch\flexmark\flexmark-ext-enumerated-reference\0.34.30\flexmark-ext-enumerated-reference-0.34.30.jar;C:\Users\MartinS\.m2\repository\com\vladsch\flexmark\flexmark-ext-escaped-character\0.34.30\flexmark-ext-escaped-character-0.34.30.jar;C:\Users\MartinS\.m2\repository\com\vladsch\flexmark\flexmark-ext-footnotes\0.34.30\flexmark-ext-footnotes-0.34.30.jar;C:\Users\MartinS\.m2\repository\com\vladsch\flexmark\flexmark-ext-gfm-issues\0.34.30\flexmark-ext-gfm-issues-0.34.30.jar;C:\Users\MartinS\.m2\repository\com\vladsch\flexmark\flexmark-ext-gfm-strikethrough\0.34.30\flexmark-ext-gfm-strikethrough-0.34.30.jar;C:\Users\MartinS\.m2\repository\com\vladsch\flexmark\flexmark-ext-gfm-tables\0.34.30\flexmark-ext-gfm-tables-0.34.30.jar;C:\Users\MartinS\.m2\repository\com\vladsch\flexmark\flexmark-ext-gfm-tasklist\0.34.30\flexmark-ext-gfm-tasklist-0.34.30.jar;C:\Users\MartinS\.m2\repository\com\vladsch\flexmark\flexmark-ext-gfm-users\0.34.30\flexmark-ext-gfm-users-0.34.30.jar;C:\Users\MartinS\.m2\repository\com\vladsch\flexmark\flexmark-ext-gitlab\0.34.30\flexmark-ext-gitlab-0.34.30.jar;C:\Users\MartinS\.m2\repository\com\vladsch\flexmark\flexmark-ext-jekyll-front-matter\0.34.30\flexmark-ext-jekyll-front-matter-0.34.30.jar;C:\Users\MartinS\.m2\repository\com\vladsch\flexmark\flexmark-ext-jekyll-tag\0.34.30\flexmark-ext-jekyll-tag-0.34.30.jar;C:\Users\MartinS\.m2\repository\com\vladsch\flexmark\flexmark-ext-media-tags\0.34.30\flexmark-ext-media-tags-0.34.30.jar;C:\Users\MartinS\.m2\repository\com\vladsch\flexmark\flexmark-test-util\0.34.30\flexmark-test-util-0.34.30.jar;C:\Users\MartinS\.m2\repository\com\vladsch\flexmark\flexmark-ext-ins\0.34.30\flexmark-ext-ins-0.34.30.jar;C:\Users\MartinS\.m2\repository\com\vladsch\flexmark\flexmark-ext-xwiki-macros\0.34.30\flexmark-ext-xwiki-macros-0.34.30.jar;C:\Users\MartinS\.m2\repository\com\vladsch\flexmark\flexmark-ext-superscript\0.34.30\flexmark-ext-superscript-0.34.30.jar;C:\Users\MartinS\.m2\repository\com\vladsch\flexmark\flexmark-ext-tables\0.34.30\flexmark-ext-tables-0.34.30.jar;C:\Users\MartinS\.m2\repository\com\vladsch\flexmark\flexmark-ext-toc\0.34.30\flexmark-ext-toc-0.34.30.jar;C:\Users\MartinS\.m2\repository\com\vladsch\flexmark\flexmark-ext-typographic\0.34.30\flexmark-ext-typographic-0.34.30.jar;C:\Users\MartinS\.m2\repository\com\vladsch\flexmark\flexmark-ext-wikilink\0.34.30\flexmark-ext-wikilink-0.34.30.jar;C:\Users\MartinS\.m2\repository\com\vladsch\flexmark\flexmark-ext-yaml-front-matter\0.34.30\flexmark-ext-yaml-front-matter-0.34.30.jar;C:\Users\MartinS\.m2\repository\com\vladsch\flexmark\flexmark-ext-youtube-embedded\0.34.30\flexmark-ext-youtube-embedded-0.34.30.jar;C:\Users\MartinS\.m2\repository\com\vladsch\flexmark\flexmark-formatter\0.34.30\flexmark-formatter-0.34.30.jar;C:\Users\MartinS\.m2\repository\com\vladsch\flexmark\flexmark-html-parser\0.34.30\flexmark-html-parser-0.34.30.jar;C:\Users\MartinS\.m2\repository\com\vladsch\flexmark\flexmark-jira-converter\0.34.30\flexmark-jira-converter-0.34.30.jar;C:\Users\MartinS\.m2\repository\com\vladsch\flexmark\flexmark-pdf-converter\0.34.30\flexmark-pdf-converter-0.34.30.jar;C:\Users\MartinS\.m2\repository\com\openhtmltopdf\openhtmltopdf-core\0.0.1-RC13\openhtmltopdf-core-0.0.1-RC13.jar;C:\Users\MartinS\.m2\repository\com\openhtmltopdf\openhtmltopdf-pdfbox\0.0.1-RC13\openhtmltopdf-pdfbox-0.0.1-RC13.jar;C:\Users\MartinS\.m2\repository\org\apache\pdfbox\pdfbox\2.0.8\pdfbox-2.0.8.jar;C:\Users\MartinS\.m2\repository\org\apache\pdfbox\fontbox\2.0.8\fontbox-2.0.8.jar;C:\Users\MartinS\.m2\repository\org\apache\pdfbox\xmpbox\2.0.8\xmpbox-2.0.8.jar;C:\Users\MartinS\.m2\repository\de\rototor\pdfbox\graphics2d\0.12\graphics2d-0.12.jar;C:\Users\MartinS\.m2\repository\com\openhtmltopdf\openhtmltopdf-rtl-support\0.0.1-RC13\openhtmltopdf-rtl-support-0.0.1-RC13.jar;C:\Users\MartinS\.m2\repository\com\ibm\icu\icu4j\59.1\icu4j-59.1.jar;C:\Users\MartinS\.m2\repository\com\openhtmltopdf\openhtmltopdf-jsoup-dom-converter\0.0.1-RC13\openhtmltopdf-jsoup-dom-converter-0.0.1-RC13.jar;C:\Users\MartinS\.m2\repository\com\vladsch\flexmark\flexmark-profile-pegdown\0.34.30\flexmark-profile-pegdown-0.34.30.jar;C:\Users\MartinS\.m2\repository\com\vladsch\flexmark\flexmark-util\0.34.30\flexmark-util-0.34.30.jar;C:\Users\MartinS\.m2\repository\com\vladsch\flexmark\flexmark-youtrack-converter\0.34.30\flexmark-youtrack-converter-0.34.30.jar;C:\Users\MartinS\.m2\repository\es\nitaur\markdown\txtmark\0.16\txtmark-0.16.jar;C:\Users\MartinS\.m2\repository\net\serenity-bdd\serenity-report-resources\2.4.24\serenity-report-resources-2.4.24.jar;C:\Users\MartinS\.m2\repository\com\google\code\gson\gson\2.8.6\gson-2.8.6.jar;C:\Users\MartinS\.m2\repository\commons-codec\commons-codec\1.15\commons-codec-1.15.jar;C:\Users\MartinS\.m2\repository\commons-io\commons-io\2.8.0\commons-io-2.8.0.jar;C:\Users\MartinS\.m2\repository\org\seleniumhq\selenium\selenium-server\3.141.59\selenium-server-3.141.59.jar;C:\Users\MartinS\.m2\repository\org\seleniumhq\selenium\selenium-opera-driver\3.141.59\selenium-opera-driver-3.141.59.jar;C:\Users\MartinS\.m2\repository\org\seleniumhq\selenium\selenium-remote-driver\3.141.59\selenium-remote-driver-3.141.59.jar;C:\Users\MartinS\.m2\repository\org\seleniumhq\selenium\selenium-safari-driver\3.141.59\selenium-safari-driver-3.141.59.jar;C:\Users\MartinS\.m2\repository\com\beust\jcommander\1.72\jcommander-1.72.jar;C:\Users\MartinS\.m2\repository\org\apache\commons\commons-exec\1.3\commons-exec-1.3.jar;C:\Users\MartinS\.m2\repository\net\jcip\jcip-annotations\1.0\jcip-annotations-1.0.jar;C:\Users\MartinS\.m2\repository\org\seleniumhq\selenium\jetty-repacked\9.4.12.v20180830\jetty-repacked-9.4.12.v20180830.jar;C:\Users\MartinS\.m2\repository\com\squareup\okhttp3\okhttp\3.11.0\okhttp-3.11.0.jar;C:\Users\MartinS\.m2\repository\com\squareup\okio\okio\1.14.0\okio-1.14.0.jar;C:\Users\MartinS\.m2\repository\javax\servlet\javax.servlet-api\3.1.0\javax.servlet-api-3.1.0.jar;C:\Users\MartinS\.m2\repository\org\yaml\snakeyaml\1.19\snakeyaml-1.19.jar;C:\Users\MartinS\.m2\repository\org\seleniumhq\selenium\selenium-java\3.141.59\selenium-java-3.141.59.jar;C:\Users\MartinS\.m2\repository\org\seleniumhq\selenium\selenium-api\3.141.59\selenium-api-3.141.59.jar;C:\Users\MartinS\.m2\repository\org\seleniumhq\selenium\selenium-support\3.141.59\selenium-support-3.141.59.jar;C:\Users\MartinS\.m2\repository\org\seleniumhq\selenium\selenium-chrome-driver\3.141.59\selenium-chrome-driver-3.141.59.jar;C:\Users\MartinS\.m2\repository\org\seleniumhq\selenium\selenium-firefox-driver\3.141.59\selenium-firefox-driver-3.141.59.jar;C:\Users\MartinS\.m2\repository\org\seleniumhq\selenium\selenium-edge-driver\3.141.59\selenium-edge-driver-3.141.59.jar;C:\Users\MartinS\.m2\repository\org\seleniumhq\selenium\selenium-ie-driver\3.141.59\selenium-ie-driver-3.141.59.jar;C:\Users\MartinS\.m2\repository\net\sourceforge\htmlunit\htmlunit\2.47.1\htmlunit-2.47.1.jar;C:\Users\MartinS\.m2\repository\net\sourceforge\htmlunit\htmlunit-core-js\2.47.0\htmlunit-core-js-2.47.0.jar;C:\Users\MartinS\.m2\repository\net\sourceforge\htmlunit\neko-htmlunit\2.47.1\neko-htmlunit-2.47.1.jar;C:\Users\MartinS\.m2\repository\net\sourceforge\htmlunit\htmlunit-cssparser\1.7.0\htmlunit-cssparser-1.7.0.jar;C:\Users\MartinS\.m2\repository\com\shapesecurity\salvation2\3.0.0\salvation2-3.0.0.jar;C:\Users\MartinS\.m2\repository\org\eclipse\jetty\websocket\websocket-client\9.4.36.v20210114\websocket-client-9.4.36.v20210114.jar;C:\Users\MartinS\.m2\repository\org\eclipse\jetty\jetty-client\9.4.36.v20210114\jetty-client-9.4.36.v20210114.jar;C:\Users\MartinS\.m2\repository\org\eclipse\jetty\jetty-http\9.4.36.v20210114\jetty-http-9.4.36.v20210114.jar;C:\Users\MartinS\.m2\repository\org\eclipse\jetty\jetty-util\9.4.36.v20210114\jetty-util-9.4.36.v20210114.jar;C:\Users\MartinS\.m2\repository\org\eclipse\jetty\jetty-io\9.4.36.v20210114\jetty-io-9.4.36.v20210114.jar;C:\Users\MartinS\.m2\repository\org\eclipse\jetty\websocket\websocket-common\9.4.36.v20210114\websocket-common-9.4.36.v20210114.jar;C:\Users\MartinS\.m2\repository\org\eclipse\jetty\websocket\websocket-api\9.4.36.v20210114\websocket-api-9.4.36.v20210114.jar;C:\Users\MartinS\.m2\repository\org\seleniumhq\selenium\htmlunit-driver\2.47.1\htmlunit-driver-2.47.1.jar;C:\Users\MartinS\.m2\repository\com\codeborne\phantomjsdriver\1.4.4\phantomjsdriver-1.4.4.jar;C:\Users\MartinS\.m2\repository\io\appium\java-client\7.5.1\java-client-7.5.1.jar;C:\Users\MartinS\.m2\repository\commons-validator\commons-validator\1.7\commons-validator-1.7.jar;C:\Users\MartinS\.m2\repository\commons-digester\commons-digester\2.1\commons-digester-2.1.jar;C:\Users\MartinS\.m2\repository\org\aspectj\aspectjweaver\1.9.6\aspectjweaver-1.9.6.jar;C:\Users\MartinS\.m2\repository\org\codehaus\groovy\groovy\3.0.8\groovy-3.0.8.jar;C:\Users\MartinS\.m2\repository\net\sf\opencsv\opencsv\2.0\opencsv-2.0.jar;C:\Users\MartinS\.m2\repository\commons-beanutils\commons-beanutils\1.9.4\commons-beanutils-1.9.4.jar;C:\Users\MartinS\.m2\repository\org\apache\commons\commons-lang3\3.11\commons-lang3-3.11.jar;C:\Users\MartinS\.m2\repository\commons-collections\commons-collections\3.2.2\commons-collections-3.2.2.jar;C:\Users\MartinS\.m2\repository\org\fluentlenium\fluentlenium-core\0.10.2\fluentlenium-core-0.10.2.jar;C:\Users\MartinS\.m2\repository\io\github\bonigarcia\webdrivermanager\4.4.1\webdrivermanager-4.4.1.jar;C:\Users\MartinS\.m2\repository\org\apache\httpcomponents\client5\httpclient5\5.0.3\httpclient5-5.0.3.jar;C:\Users\MartinS\.m2\repository\org\apache\httpcomponents\core5\httpcore5\5.0.2\httpcore5-5.0.2.jar;C:\Users\MartinS\.m2\repository\org\apache\httpcomponents\core5\httpcore5-h2\5.0.2\httpcore5-h2-5.0.2.jar;C:\Users\MartinS\.m2\repository\org\rauschig\jarchivelib\1.1.0\jarchivelib-1.1.0.jar;C:\Users\MartinS\.m2\repository\org\apache\commons\commons-compress\1.20\commons-compress-1.20.jar;C:\Users\MartinS\.m2\repository\com\jhlabs\filters\2.0.235\filters-2.0.235.jar;C:\Users\MartinS\.m2\repository\com\assertthat\selenium-shutterbug\1.4\selenium-shutterbug-1.4.jar;C:\Users\MartinS\.m2\repository\org\projectlombok\lombok\1.18.8\lombok-1.18.8.jar;C:\Users\MartinS\.m2\repository\com\github\zafarkhaja\java-semver\0.9.0\java-semver-0.9.0.jar;C:\Users\MartinS\.m2\repository\ru\yandex\qatools\ashot\ashot\1.5.4\ashot-1.5.4.jar;C:\Users\MartinS\.m2\repository\com\paulhammant\ngwebdriver\1.1.5\ngwebdriver-1.1.5.jar;C:\Users\MartinS\.m2\repository\joda-time\joda-time\2.8.2\joda-time-2.8.2.jar;C:\Users\MartinS\.m2\repository\org\hamcrest\hamcrest\2.2\hamcrest-2.2.jar;C:\Users\MartinS\.m2\repository\com\google\jimfs\jimfs\1.1\jimfs-1.1.jar;C:\Users\MartinS\.m2\repository\org\mockito\mockito-core\3.3.3\mockito-core-3.3.3.jar;C:\Users\MartinS\.m2\repository\javax\xml\bind\jaxb-api\2.3.1\jaxb-api-2.3.1.jar;C:\Users\MartinS\.m2\repository\javax\activation\javax.activation-api\1.2.0\javax.activation-api-1.2.0.jar;C:\Users\MartinS\.m2\repository\com\sun\xml\bind\jaxb-core\2.3.0.1\jaxb-core-2.3.0.1.jar;C:\Users\MartinS\.m2\repository\com\sun\xml\bind\jaxb-impl\2.3.3\jaxb-impl-2.3.3.jar;C:\Users\MartinS\.m2\repository\jakarta\xml\bind\jakarta.xml.bind-api\2.3.3\jakarta.xml.bind-api-2.3.3.jar;C:\Users\MartinS\.m2\repository\com\sun\activation\jakarta.activation\1.2.2\jakarta.activation-1.2.2.jar;C:\Users\MartinS\.m2\repository\javax\activation\activation\1.1.1\activation-1.1.1.jar;C:\Users\MartinS\.m2\repository\net\serenity-bdd\serenity-cucumber6\2.4.24\serenity-cucumber6-2.4.24.jar;C:\Users\MartinS\.m2\repository\io\cucumber\cucumber-java\6.10.2\cucumber-java-6.10.2.jar;C:\Users\MartinS\.m2\repository\io\cucumber\cucumber-junit\6.10.2\cucumber-junit-6.10.2.jar;C:\Users\MartinS\.m2\repository\io\cucumber\datatable-matchers\3.4.0\datatable-matchers-3.4.0.jar;C:\Users\MartinS\.m2\repository\io\cucumber\datatable\3.4.0\datatable-3.4.0.jar;C:\Users\MartinS\.m2\repository\commons-logging\commons-logging\1.2\commons-logging-1.2.jar;C:\Users\MartinS\.m2\repository\org\apache\commons\commons-csv\1.5\commons-csv-1.5.jar;C:\Users\MartinS\.m2\repository\net\serenity-bdd\serenity-screenplay\2.4.24\serenity-screenplay-2.4.24.jar;C:\Users\MartinS\.m2\repository\net\serenity-bdd\serenity-screenplay-webdriver\2.4.24\serenity-screenplay-webdriver-2.4.24.jar;C:\Users\MartinS\.m2\repository\net\serenity-bdd\serenity-ensure\2.4.24\serenity-ensure-2.4.24.jar;C:\Users\MartinS\.m2\repository\net\serenity-bdd\serenity-junit\2.4.24\serenity-junit-2.4.24.jar;C:\Users\MartinS\.m2\repository\org\jetbrains\kotlin\kotlin-stdlib\1.4.31\kotlin-stdlib-1.4.31.jar;C:\Users\MartinS\.m2\repository\org\jetbrains\kotlin\kotlin-stdlib-common\1.4.31\kotlin-stdlib-common-1.4.31.jar;C:\Users\MartinS\.m2\repository\org\jetbrains\annotations\13.0\annotations-13.0.jar;C:\Users\MartinS\.m2\repository\junit\junit\4.13.1\junit-4.13.1.jar;C:\Users\MartinS\.m2\repository\org\hamcrest\hamcrest-core\1.3\hamcrest-core-1.3.jar;C:\Users\MartinS\.m2\repository\ch\qos\logback\logback-classic\1.0.13\logback-classic-1.0.13.jar;C:\Users\MartinS\.m2\repository\ch\qos\logback\logback-core\1.0.13\logback-core-1.0.13.jar;C:\Users\MartinS\.m2\repository\org\slf4j\slf4j-api\1.7.5\slf4j-api-1.7.5.jar;C:\Users\MartinS\.m2\repository\org\assertj\assertj-core\3.6.2\assertj-core-3.6.2.jar;C:\Users\MartinS\.m2\repository\io\rest-assured\rest-assured\4.3.2\rest-assured-4.3.2.jar;C:\Users\MartinS\.m2\repository\org\codehaus\groovy\groovy-xml\3.0.6\groovy-xml-3.0.6.jar;C:\Users\MartinS\.m2\repository\org\apache\httpcomponents\httpclient\4.5.3\httpclient-4.5.3.jar;C:\Users\MartinS\.m2\repository\org\apache\httpcomponents\httpmime\4.5.3\httpmime-4.5.3.jar;C:\Users\MartinS\.m2\repository\org\ccil\cowan\tagsoup\tagsoup\1.2.1\tagsoup-1.2.1.jar;C:\Users\MartinS\.m2\repository\io\rest-assured\json-path\4.3.2\json-path-4.3.2.jar;C:\Users\MartinS\.m2\repository\io\rest-assured\rest-assured-common\4.3.2\rest-assured-common-4.3.2.jar;C:\Users\MartinS\.m2\repository\io\rest-assured\xml-path\4.3.2\xml-path-4.3.2.jar;C:\Users\MartinS\.m2\repository\net\serenity-bdd\serenity-rest-assured\2.4.34\serenity-rest-assured-2.4.34.jar;C:\Users\MartinS\.m2\repository\org\codehaus\groovy\groovy-json\3.0.8\groovy-json-3.0.8.jar;C:\Users\MartinS\.m2\repository\org\opentest4j\opentest4j\1.2.0\opentest4j-1.2.0.jar;C:\Users\MartinS\.m2\repository\org\twoi\2icallhome-maven-plugin\1.2\2icallhome-maven-plugin-1.2.jar;C:\Users\MartinS\.m2\repository\org\apache\jmeter\ApacheJMeter_java\5.4.1\ApacheJMeter_java-5.4.1.jar;C:\Users\MartinS\.m2\repository\org\apache\jmeter\ApacheJMeter_core\5.4.1\ApacheJMeter_core-5.4.1.jar;C:\Users\MartinS\.m2\repository\org\apache\jmeter\ApacheJMeter\5.4.1\ApacheJMeter-5.4.1.jar;C:\Users\MartinS\.m2\repository\org\apache\jmeter\jorphan\5.4.1\jorphan-5.4.1.jar;C:\Users\MartinS\.m2\repository\bsf\bsf\2.4.0\bsf-2.4.0.jar;C:\Users\MartinS\.m2\repository\com\fifesoft\rsyntaxtextarea\3.1.1\rsyntaxtextarea-3.1.1.jar;C:\Users\MartinS\.m2\repository\net\sf\jtidy\jtidy\r938\jtidy-r938.jar;C:\Users\MartinS\.m2\repository\com\thoughtworks\xstream\xstream\1.4.15\xstream-1.4.15.jar;C:\Users\MartinS\.m2\repository\xmlpull\xmlpull\1.1.3.1\xmlpull-1.1.3.1.jar;C:\Users\MartinS\.m2\repository\xpp3\xpp3_min\1.1.4c\xpp3_min-1.1.4c.jar;C:\Users\MartinS\.m2\repository\org\apache\logging\log4j\log4j-1.2-api\2.13.3\log4j-1.2-api-2.13.3.jar;C:\Users\MartinS\.m2\repository\org\apache\logging\log4j\log4j-api\2.13.3\log4j-api-2.13.3.jar;C:\Users\MartinS\.m2\repository\org\apache\logging\log4j\log4j-core\2.13.3\log4j-core-2.13.3.jar;C:\Users\MartinS\.m2\repository\org\apache\logging\log4j\log4j-slf4j-impl\2.13.3\log4j-slf4j-impl-2.13.3.jar;C:\Users\MartinS\.m2\repository\org\apiguardian\apiguardian-api\1.1.0\apiguardian-api-1.1.0.jar;C:\Users\MartinS\.m2\repository\oro\oro\2.0.8\oro-2.0.8.jar;C:\Users\MartinS\.m2\repository\xalan\xalan\2.7.2\xalan-2.7.2.jar;C:\Users\MartinS\.m2\repository\xalan\serializer\2.7.2\serializer-2.7.2.jar;C:\Users\MartinS\.m2\repository\net\sf\saxon\Saxon-HE\9.9.1-8\Saxon-HE-9.9.1-8.jar;C:\Users\MartinS\.m2\repository\com\fasterxml\jackson\core\jackson-annotations\2.10.5\jackson-annotations-2.10.5.jar;C:\Users\MartinS\.m2\repository\com\fasterxml\jackson\core\jackson-core\2.10.5\jackson-core-2.10.5.jar;C:\Users\MartinS\.m2\repository\com\fasterxml\jackson\core\jackson-databind\2.10.5\jackson-databind-2.10.5.jar;C:\Users\MartinS\.m2\repository\com\formdev\svgSalamander\1.1.2.3\svgSalamander-1.1.2.3.jar;C:\Users\MartinS\.m2\repository\com\github\ben-manes\caffeine\caffeine\2.8.8\caffeine-2.8.8.jar;C:\Users\MartinS\.m2\repository\org\checkerframework\checker-qual\3.8.0\checker-qual-3.8.0.jar;C:\Users\MartinS\.m2\repository\com\google\errorprone\error_prone_annotations\2.4.0\error_prone_annotations-2.4.0.jar;C:\Users\MartinS\.m2\repository\com\github\weisj\darklaf-core\2.5.4\darklaf-core-2.5.4.jar;C:\Users\MartinS\.m2\repository\com\github\weisj\darklaf-utils\2.5.4\darklaf-utils-2.5.4.jar;C:\Users\MartinS\.m2\repository\com\github\weisj\darklaf-native-utils\2.5.4\darklaf-native-utils-2.5.4.jar;C:\Users\MartinS\.m2\repository\com\github\weisj\darklaf-platform-base\2.5.4\darklaf-platform-base-2.5.4.jar;C:\Users\MartinS\.m2\repository\com\github\weisj\darklaf-windows\2.5.4\darklaf-windows-2.5.4.jar;C:\Users\MartinS\.m2\repository\net\java\dev\jna\jna\5.5.0\jna-5.5.0.jar;C:\Users\MartinS\.m2\repository\com\github\weisj\darklaf-macos\2.5.4\darklaf-macos-2.5.4.jar;C:\Users\MartinS\.m2\repository\org\swinglabs\jxlayer\3.0.4\jxlayer-3.0.4.jar;C:\Users\MartinS\.m2\repository\com\github\weisj\darklaf-theme\2.5.4\darklaf-theme-2.5.4.jar;C:\Users\MartinS\.m2\repository\com\github\weisj\darklaf-property-loader\2.5.4\darklaf-property-loader-2.5.4.jar;C:\Users\MartinS\.m2\repository\com\github\weisj\darklaf-extensions-rsyntaxarea\0.3.4\darklaf-extensions-rsyntaxarea-0.3.4.jar;C:\Users\MartinS\.m2\repository\com\miglayout\miglayout-swing\5.2\miglayout-swing-5.2.jar;C:\Users\MartinS\.m2\repository\com\miglayout\miglayout-core\5.2\miglayout-core-5.2.jar;C:\Users\MartinS\.m2\repository\org\apache\commons\commons-collections4\4.4\commons-collections4-4.4.jar;C:\Users\MartinS\.m2\repository\org\apache\commons\commons-math3\3.6.1\commons-math3-3.6.1.jar;C:\Users\MartinS\.m2\repository\org\apache\commons\commons-text\1.9\commons-text-1.9.jar;C:\Users\MartinS\.m2\repository\org\apache\tika\tika-core\1.24.1\tika-core-1.24.1.jar;C:\Users\MartinS\.m2\repository\org\apache\xmlgraphics\xmlgraphics-commons\2.3\xmlgraphics-commons-2.3.jar;C:\Users\MartinS\.m2\repository\org\freemarker\freemarker\2.3.30\freemarker-2.3.30.jar;C:\Users\MartinS\.m2\repository\org\jodd\jodd-core\5.0.13\jodd-core-5.0.13.jar;C:\Users\MartinS\.m2\repository\org\jodd\jodd-props\5.0.13\jodd-props-5.0.13.jar;C:\Users\MartinS\.m2\repository\org\mozilla\rhino\1.7.13\rhino-1.7.13.jar;C:\Users\MartinS\.m2\repository\org\slf4j\jcl-over-slf4j\1.7.30\jcl-over-slf4j-1.7.30.jar;C:\Users\MartinS\.m2\repository\org\codehaus\groovy\groovy-dateutil\3.0.7\groovy-dateutil-3.0.7.jar;C:\Users\MartinS\.m2\repository\org\codehaus\groovy\groovy-datetime\3.0.7\groovy-datetime-3.0.7.jar;C:\Users\MartinS\.m2\repository\org\codehaus\groovy\groovy-jmx\3.0.7\groovy-jmx-3.0.7.jar;C:\Users\MartinS\.m2\repository\org\codehaus\groovy\groovy-jsr223\3.0.7\groovy-jsr223-3.0.7.jar;C:\Users\MartinS\.m2\repository\org\codehaus\groovy\groovy-sql\3.0.7\groovy-sql-3.0.7.jar;C:\Users\MartinS\.m2\repository\org\codehaus\groovy\groovy-templates\3.0.7\groovy-templates-3.0.7.jar;C:\Users\MartinS\.m2\repository\org\apache\tika\tika-parsers\1.24.1\tika-parsers-1.24.1.jar;C:\Users\MartinS\.m2\repository\xerces\xercesImpl\2.12.0\xercesImpl-2.12.0.jar;C:\Users\MartinS\.m2\repository\xml-apis\xml-apis\1.4.01\xml-apis-1.4.01.jar;C:\Users\MartinS\.m2\repository\org\apache\jmeter\ApacheJMeter_http\5.4.1\ApacheJMeter_http-5.4.1.jar;C:\Users\MartinS\.m2\repository\org\apache\jmeter\ApacheJMeter_components\5.4.1\ApacheJMeter_components-5.4.1.jar;C:\Users\MartinS\.m2\repository\org\apache-extras\beanshell\bsh\2.0b6\bsh-2.0b6.jar;C:\Users\MartinS\.m2\repository\javax\mail\mail\1.5.0-b01\mail-1.5.0-b01.jar;C:\Users\MartinS\.m2\repository\io\burt\jmespath-core\0.5.0\jmespath-core-0.5.0.jar;C:\Users\MartinS\.m2\repository\io\burt\jmespath-jackson\0.5.0\jmespath-jackson-0.5.0.jar;C:\Users\MartinS\.m2\repository\jcharts\jcharts\0.7.5\jcharts-0.7.5.jar;C:\Users\MartinS\.m2\repository\net\minidev\json-smart\2.3\json-smart-2.3.jar;C:\Users\MartinS\.m2\repository\net\minidev\accessors-smart\1.2\accessors-smart-1.2.jar;C:\Users\MartinS\.m2\repository\org\apache\commons\commons-pool2\2.9.0\commons-pool2-2.9.0.jar;C:\Users\MartinS\.m2\repository\org\ow2\asm\asm\9.0\asm-9.0.jar;C:\Users\MartinS\.m2\repository\org\jodd\jodd-log\5.0.13\jodd-log-5.0.13.jar;C:\Users\MartinS\.m2\repository\com\jayway\jsonpath\json-path\2.4.0\json-path-2.4.0.jar;C:\Users\MartinS\.m2\repository\org\apache\httpcomponents\httpasyncclient\4.1.4\httpasyncclient-4.1.4.jar;C:\Users\MartinS\.m2\repository\org\apache\httpcomponents\httpcore-nio\4.4.13\httpcore-nio-4.4.13.jar;C:\Users\MartinS\.m2\repository\com\sun\activation\javax.activation\1.2.0\javax.activation-1.2.0.jar;C:\Users\MartinS\.m2\repository\org\jodd\jodd-lagarto\5.0.13\jodd-lagarto-5.0.13.jar;C:\Users\MartinS\.m2\repository\org\jsoup\jsoup\1.13.1\jsoup-1.13.1.jar;C:\Users\MartinS\.m2\repository\commons-net\commons-net\3.7.2\commons-net-3.7.2.jar;C:\Users\MartinS\.m2\repository\com\helger\ph-commons\9.5.1\ph-commons-9.5.1.jar;C:\Users\MartinS\.m2\repository\com\helger\ph-css\6.2.3\ph-css-6.2.3.jar;C:\Users\MartinS\.m2\repository\dnsjava\dnsjava\2.1.9\dnsjava-2.1.9.jar;C:\Users\MartinS\.m2\repository\org\apache\httpcomponents\httpcore\4.4.13\httpcore-4.4.13.jar;C:\Users\MartinS\.m2\repository\org\brotli\dec\0.1.2\dec-0.1.2.jar;C:\Users\MartinS\.m2\repository\org\eclipse\jgit\org.eclipse.jgit\5.12.0.202106070339-r\org.eclipse.jgit-5.12.0.202106070339-r.jar;C:\Users\MartinS\.m2\repository\com\googlecode\javaewah\JavaEWAH\1.1.7\JavaEWAH-1.1.7.jar;C:\Users\MartinS\.m2\repository\org\apache\maven\surefire\surefire-junit47\3.0.0-M5\surefire-junit47-3.0.0-M5.jar;C:\Users\MartinS\.m2\repository\org\apache\maven\surefire\common-java5\3.0.0-M5\common-java5-3.0.0-M5.jar;C:\Users\MartinS\.m2\repository\org\apache\maven\surefire\common-junit3\3.0.0-M5\common-junit3-3.0.0-M5.jar;C:\Users\MartinS\.m2\repository\org\apache\maven\surefire\common-junit4\3.0.0-M5\common-junit4-3.0.0-M5.jar;C:\Users\MartinS\.m2\repository\org\apache\maven\surefire\common-junit48\3.0.0-M5\common-junit48-3.0.0-M5.jar;C:\Users\MartinS\.m2\repository\org\apache\maven\surefire\surefire-grouper\3.0.0-M5\surefire-grouper-3.0.0-M5.jar"/>
    <property name="user.script" value=""/>
    <property name="sun.management.compiler" value="HotSpot 64-Bit Tiered Compilers"/>
    <property name="java.runtime.version" value="11.0.12+7-LTS"/>
    <property name="user.name" value="MartinS"/>
    <property name="path.separator" value=";"/>
    <property name="os.version" value="10.0"/>
    <property name="java.runtime.name" value="OpenJDK Runtime Environment"/>
    <property name="file.encoding" value="Cp1252"/>
    <property name="webdriver.base.url" value=""/>
    <property name="java.vm.name" value="OpenJDK 64-Bit Server VM"/>
    <property name="java.vendor.version" value="Corretto-11.0.12.7.1"/>
    <property name="localRepository" value="C:\Users\MartinS\.m2\repository"/>
    <property name="java.vendor.url.bug" value="https://github.com/corretto/corretto-11/issues/"/>
    <property name="java.io.tmpdir" value="C:\Users\MartinS\AppData\Local\Temp\"/>
    <property name="java.version" value="11.0.12"/>
    <property name="cucumber.filter.tags" value="@Jmeter "/>
    <property name="user.dir" value="C:\Users\MartinS\OneDrive - 2i Limited\Jmeter_framework\generated-framework"/>
    <property name="os.arch" value="amd64"/>
    <property name="java.vm.specification.name" value="Java Virtual Machine Specification"/>
    <property name="java.awt.printerjob" value="sun.awt.windows.WPrinterJob"/>
    <property name="sun.os.patch.level" value=""/>
    <property name="environment" value="default"/>
    <property name="java.library.path" value="C:\Program Files\Amazon Corretto\jdk11.0.12_7\bin;C:\WINDOWS\Sun\Java\bin;C:\WINDOWS\system32;C:\WINDOWS;C:\Program Files\Amazon Corretto\jdk11.0.12_7\bin;C:\WINDOWS\system32;C:\WINDOWS;C:\WINDOWS\System32\Wbem;C:\WINDOWS\System32\WindowsPowerShell\v1.0\;C:\WINDOWS\System32\OpenSSH\;C:\Program Files\nodejs\;C:\Program Files\Git\cmd;C:\GitHub\pi_to_engineer_team;;C:\Program Files\Docker\Docker\resources\bin;C:\ProgramData\DockerDesktop\version-bin;C:\Users\MartinS\AppData\Local\Microsoft\WindowsApps;C:\Users\MartinS\AppData\Local\GitHubDesktop\bin;C:\Users\MartinS\AppData\Local\Programs\Microsoft VS Code\bin;C:\Users\MartinS\AppData\Roaming\npm;C:\Program Files\Amazon Corretto\jdk11.0.12_7\bin;C:\Users\MartinS\Downloads\apache-maven-3.8.2-bin\apache-maven-3.8.2\bin;C:\GitHub\pi_to_engineer_team;C:\Users\MartinS\AppData\Local\Google\Cloud SDK\google-cloud-sdk\bin;."/>
    <property name="java.vm.info" value="mixed mode"/>
    <property name="java.vendor" value="Amazon.com Inc."/>
    <property name="java.vm.version" value="11.0.12+7-LTS"/>
    <property name="sun.io.unicode.encoding" value="UnicodeLittle"/>
    <property name="java.class.version" value="55.0"/>
  </properties>
  <testcase name="Performance testing using a preconfigured JMX file" classname="Run a simple performance test using a give JMX file" time="30.96">
    <system-out><![CDATA[SLF4J: Class path contains multiple SLF4J bindings.
SLF4J: Found binding in [jar:file:/C:/Users/MartinS/.m2/repository/ch/qos/logback/logback-classic/1.0.13/logback-classic-1.0.13.jar!/org/slf4j/impl/StaticLoggerBinder.class]
SLF4J: Found binding in [jar:file:/C:/Users/MartinS/.m2/repository/org/apache/logging/log4j/log4j-slf4j-impl/2.13.3/log4j-slf4j-impl-2.13.3.jar!/org/slf4j/impl/StaticLoggerBinder.class]
SLF4J: See http://www.slf4j.org/codes.html#multiple_bindings for an explanation.
SLF4J: Actual binding is of type [ch.qos.logback.classic.util.ContextSelectorStaticBinder]
10:13:50.309 [main] INFO  i.c.core.plugin.SerenityReporter - Running feature from file:///C:/Users/MartinS/OneDrive%20-%202i%20Limited/Jmeter_framework/generated-framework/src/test/resources/features/API/ApiTesting.feature

10:13:50.643 [main] INFO   - 

-------------------------------------------------------------------------------------
     _______. _______ .______       _______ .__   __.  __  .___________.____    ____ 
    /       ||   ____||   _  \     |   ____||  \ |  | |  | |           |\   \  /   / 
   |   (----`|  |__   |  |_)  |    |  |__   |   \|  | |  | `---|  |----` \   \/   /  
    \   \    |   __|  |      /     |   __|  |  . `  | |  |     |  |       \_    _/   
.----)   |   |  |____ |  |\  \----.|  |____ |  |\   | |  |     |  |         |  |     
|_______/    |_______|| _| `._____||_______||__| \__| |__|     |__|         |__|    
                                                                                     
 News and tutorials at http://www.serenity-bdd.info                                  
 Documentation at https://wakaleo.gitbooks.io/the-serenity-book/content/             
 Join the Serenity Community on Gitter: https://gitter.im/serenity-bdd/serenity-core 
 Serenity BDD Support and Training at http://serenity-bdd.info/#/trainingandsupport  
-------------------------------------------------------------------------------------


10:13:50.654 [main] INFO   - Test Suite Started: Automated API Test using restassured

10:13:50.683 [main] INFO  i.c.core.plugin.SerenityReporter - Running feature from file:///C:/Users/MartinS/OneDrive%20-%202i%20Limited/Jmeter_framework/generated-framework/src/test/resources/features/Jmeter/JmeterPerformanceTest.feature

10:13:50.691 [main] INFO   - Test Suite Started: Run a simple performance test using a give JMX file

10:13:50.691 [main] INFO  i.c.core.plugin.SerenityReporter - Running feature from file:///C:/Users/MartinS/OneDrive%20-%202i%20Limited/Jmeter_framework/generated-framework/src/test/resources/features/UI/duckduckgo.feature

10:13:50.703 [main] INFO   - Test Suite Started: Duckduckgo automated test



1
 Scenarios (
&amp#27;[32m1 passed&amp#27;[0m
)


2
 Steps (
&amp#27;[32m2 passed&amp#27;[0m
)


0m
31.383s






10:14:21.706 [pool-3-thread-1] INFO  n.t.core.reports.ReportService - net.thucydides.core.reports.json.JSONTestOutcomeReporter@74aa9c72: Generating report for test outcome: Run a simple performance test using a give JMX file:Performance testing using a preconfigured JMX file

10:14:21.776 [pool-4-thread-1] INFO  n.t.core.reports.ReportService - net.thucydides.core.reports.html.HtmlAcceptanceTestReporter@6ab4ba9f: Generating report for test outcome: Run a simple performance test using a give JMX file:Performance testing using a preconfigured JMX file

10:14:25.947 [main] INFO  i.c.core.plugin.SerenityReporter - Cleanup test resources for URI file:///C:/Users/MartinS/OneDrive%20-%202i%20Limited/Jmeter_framework/generated-framework/src/test/resources/features/Jmeter/JmeterPerformanceTest.feature


@Jmeter @Performance
Scenario: Performance testing using a preconfigured JMX file                        &amp#27;[90m# src/test/resources/features/Jmeter/JmeterPerformanceTest.feature:4&amp#27;[0m
10:13:52.440 [pool-2-thread-1] INFO  i.c.core.plugin.SerenityReporter - Running feature from file:///C:/Users/MartinS/OneDrive%20-%202i%20Limited/Jmeter_framework/generated-framework/src/test/resources/features/Jmeter/JmeterPerformanceTest.feature
10:13:52.640 [pool-2-thread-1] INFO   - 
  _____   ___   ___   _____     ___   _____     _     ___   _____   ___   ___  
 |_   _| | __| / __| |_   _|   / __| |_   _|   /_\   | _ \ |_   _| | __| |   \ 
   | |   | _|  \__ \   | |     \__ \   | |    / _ \  |   /   | |   | _|  | |) |
   |_|   |___| |___/   |_|     |___/   |_|   /_/ \_\ |_|_\   |_|   |___| |___/ 

Performance testing using a preconfigured JMX file(run-a-simple-performance-test-using-a-give-jmx-file;performance-testing-using-a-preconfigured-jmx-file)
--------------------------------------------------------------------------------
  &amp#27;[32mWhen &amp#27;[0m&amp#27;[32mthe following volumetrics are used for the JMX file: "&amp#27;[0m&amp#27;[32m&amp#27;[1mView Results Tree.jmx&amp#27;[0m&amp#27;[32m"&amp#27;[0m &amp#27;[90m# jmeter.stepdefinitions.JmeterSteps.useVolumetrics(java.lang.String,io.cucumber.datatable.DataTable)&amp#27;[0m
10:13:54.363 [pool-2-thread-1] WARN  org.apache.jmeter.util.JMeterUtils - Exception 'null' occurred when fetching boolean property:'server.exitaftertest', defaulting to: false
10:13:54.365 [pool-2-thread-1] WARN  org.apache.jmeter.util.JMeterUtils - Exception 'null' occurred when fetching boolean property:'jmeterengine.remote.system.exit', defaulting to: false
10:13:54.365 [pool-2-thread-1] WARN  org.apache.jmeter.util.JMeterUtils - Exception 'null' occurred when fetching boolean property:'jmeterengine.stopfail.system.exit', defaulting to: true
10:13:54.366 [pool-2-thread-1] WARN  org.apache.jmeter.util.JMeterUtils - Exception 'null' occurred when fetching boolean property:'jmeterengine.force.system.exit', defaulting to: false
10:13:54.369 [pool-2-thread-1] INFO  org.apache.jmeter.util.JMeterUtils - Setting Locale to en_GB
10:13:55.003 [pool-2-thread-1] INFO  org.apache.jmeter.save.SaveService - Testplan (JMX) version: 2.2. Testlog (JTL) version: 2.2
10:13:55.029 [pool-2-thread-1] INFO  org.apache.jmeter.save.SaveService - Using SaveService properties version 3.2
10:13:55.041 [pool-2-thread-1] INFO  org.apache.jmeter.save.SaveService - Using SaveService properties file encoding UTF-8
10:13:55.052 [pool-2-thread-1] WARN  org.apache.jmeter.save.SaveService - Bad _version - expected 5.0, found 3.2.
10:13:55.054 [pool-2-thread-1] INFO  org.apache.jmeter.save.SaveService - Loading file: src\test\java\jmeter\jmx\View Results Tree.jmx
10:13:55.153 [pool-2-thread-1] INFO  o.a.j.p.http.sampler.HTTPSamplerBase - Parser for text/html is org.apache.jmeter.protocol.http.parser.LagartoBasedHtmlParser
10:13:55.153 [pool-2-thread-1] INFO  o.a.j.p.http.sampler.HTTPSamplerBase - Parser for application/xhtml+xml is org.apache.jmeter.protocol.http.parser.LagartoBasedHtmlParser
10:13:55.153 [pool-2-thread-1] INFO  o.a.j.p.http.sampler.HTTPSamplerBase - Parser for application/xml is org.apache.jmeter.protocol.http.parser.LagartoBasedHtmlParser
10:13:55.153 [pool-2-thread-1] INFO  o.a.j.p.http.sampler.HTTPSamplerBase - Parser for text/xml is org.apache.jmeter.protocol.http.parser.LagartoBasedHtmlParser
10:13:55.153 [pool-2-thread-1] INFO  o.a.j.p.http.sampler.HTTPSamplerBase - Parser for text/vnd.wap.wml is org.apache.jmeter.protocol.http.parser.RegexpHTMLParser
10:13:55.153 [pool-2-thread-1] INFO  o.a.j.p.http.sampler.HTTPSamplerBase - Parser for text/css is org.apache.jmeter.protocol.http.parser.CssParser
10:13:55.206 [pool-2-thread-1] INFO  o.a.j.engine.StandardJMeterEngine - Running the test!
10:13:55.220 [pool-2-thread-1] INFO  o.apache.jmeter.samplers.SampleEvent - List of sample_variables: []
10:13:55.220 [pool-2-thread-1] INFO  o.apache.jmeter.samplers.SampleEvent - List of sample_variables: []
10:13:55.226 [pool-2-thread-1] INFO  o.a.j.engine.util.CompoundVariable - Note: Function class names must contain the string: '.functions.'
10:13:55.227 [pool-2-thread-1] INFO  o.a.j.engine.util.CompoundVariable - Note: Function class names must not contain the string: '.gui.'
10:13:55.235 [pool-2-thread-1] WARN  o.a.j.engine.util.CompoundVariable - Did not find any functions
10:13:55.251 [pool-2-thread-1] INFO  o.apache.jmeter.services.FileServer - Default base='C:\Users\MartinS\OneDrive - 2i Limited\Jmeter_framework\generated-framework'
10:13:55.319 [pool-2-thread-1] INFO  o.a.j.engine.StandardJMeterEngine - Starting ThreadGroup: 1 : Thread Group
10:13:55.320 [pool-2-thread-1] INFO  o.a.j.engine.StandardJMeterEngine - Starting 800 threads for group Thread Group.
10:13:55.320 [pool-2-thread-1] INFO  o.a.j.engine.StandardJMeterEngine - Thread will continue on error
10:13:55.320 [pool-2-thread-1] INFO  o.apache.jmeter.threads.ThreadGroup - Starting thread group... number=1 threads=800 ramp-up=10 delayedStart=false
10:13:55.356 [Thread Group 1-1] INFO  o.apache.jmeter.threads.JMeterThread - Thread started: Thread Group 1-1
10:13:55.367 [Thread Group 1-2] INFO  o.apache.jmeter.threads.JMeterThread - Thread started: Thread Group 1-2
10:13:55.375 [Thread Group 1-3] INFO  o.apache.jmeter.threads.JMeterThread - Thread started: Thread Group 1-3
10:13:55.378 [Thread Group 1-4] INFO  o.apache.jmeter.threads.JMeterThread - Thread started: Thread Group 1-4
10:13:55.388 [Thread Group 1-5] INFO  o.apache.jmeter.threads.JMeterThread - Thread started: Thread Group 1-5
10:13:55.391 [Thread Group 1-6] INFO  o.apache.jmeter.threads.JMeterThread - Thread started: Thread Group 1-6
10:13:55.415 [Thread Group 1-7] INFO  o.apache.jmeter.threads.JMeterThread - Thread started: Thread Group 1-7
10:13:55.423 [Thread Group 1-8] INFO  o.apache.jmeter.threads.JMeterThread - Thread started: Thread Group 1-8
10:13:55.428 [Thread Group 1-9] INFO  o.apache.jmeter.threads.JMeterThread - Thread started: Thread Group 1-9
10:13:55.438 [Thread Group 1-10] INFO  o.apache.jmeter.threads.JMeterThread - Thread started: Thread Group 1-10
10:13:55.452 [Thread Group 1-11] INFO  o.apache.jmeter.threads.JMeterThread - Thread started: Thread Group 1-11
10:13:55.464 [Thread Group 1-12] INFO  o.apache.jmeter.threads.JMeterThread - Thread started: Thread Group 1-12
10:13:55.477 [Thread Group 1-13] INFO  o.apache.jmeter.threads.JMeterThread - Thread started: Thread Group 1-13
10:13:55.491 [Thread Group 1-14] INFO  o.apache.jmeter.threads.JMeterThread - Thread started: Thread Group 1-14
10:13:55.506 [Thread Group 1-15] INFO  o.apache.jmeter.threads.JMeterThread - Thread started: Thread Group 1-15
10:13:55.521 [Thread Group 1-16] INFO  o.apache.jmeter.threads.JMeterThread - Thread started: Thread Group 1-16
10:13:55.535 [Thread Group 1-17] INFO  o.apache.jmeter.threads.JMeterThread - Thread started: Thread Group 1-17
10:13:55.550 [Thread Group 1-18] INFO  o.apache.jmeter.threads.JMeterThread - Thread started: Thread Group 1-18
10:13:55.556 [Thread Group 1-19] INFO  o.apache.jmeter.threads.JMeterThread - Thread started: Thread Group 1-19
10:13:55.570 [Thread Group 1-20] INFO  o.apache.jmeter.threads.JMeterThread - Thread started: Thread Group 1-20
10:13:55.582 [Thread Group 1-21] INFO  o.apache.jmeter.threads.JMeterThread - Thread started: Thread Group 1-21
10:13:55.594 [Thread Group 1-22] INFO  o.apache.jmeter.threads.JMeterThread - Thread started: Thread Group 1-22
10:13:55.609 [Thread Group 1-23] INFO  o.apache.jmeter.threads.JMeterThread - Thread started: Thread Group 1-23
10:13:55.622 [Thread Group 1-24] INFO  o.apache.jmeter.threads.JMeterThread - Thread started: Thread Group 1-24
10:13:55.639 [Thread Group 1-25] INFO  o.apache.jmeter.threads.JMeterThread - Thread started: Thread Group 1-25
10:13:55.654 [Thread Group 1-26] INFO  o.apache.jmeter.threads.JMeterThread - Thread started: Thread Group 1-26
10:13:55.662 [Thread Group 1-27] INFO  o.apache.jmeter.threads.JMeterThread - Thread started: Thread Group 1-27
10:13:55.674 [Thread Group 1-28] INFO  o.apache.jmeter.threads.JMeterThread - Thread started: Thread Group 1-28
10:13:55.686 [Thread Group 1-29] INFO  o.apache.jmeter.threads.JMeterThread - Thread started: Thread Group 1-29
10:13:55.698 [Thread Group 1-30] INFO  o.apache.jmeter.threads.JMeterThread - Thread started: Thread Group 1-30
10:13:55.711 [Thread Group 1-31] INFO  o.apache.jmeter.threads.JMeterThread - Thread started: Thread Group 1-31
10:13:55.725 [Thread Group 1-32] INFO  o.apache.jmeter.threads.JMeterThread - Thread started: Thread Group 1-32
10:13:55.737 [Thread Group 1-33] INFO  o.apache.jmeter.threads.JMeterThread - Thread started: Thread Group 1-33
10:13:55.751 [Thread Group 1-34] INFO  o.apache.jmeter.threads.JMeterThread - Thread started: Thread Group 1-34
10:13:55.765 [Thread Group 1-35] INFO  o.apache.jmeter.threads.JMeterThread - Thread started: Thread Group 1-35
10:13:55.776 [Thread Group 1-36] INFO  o.apache.jmeter.threads.JMeterThread - Thread started: Thread Group 1-36
10:13:55.789 [Thread Group 1-37] INFO  o.apache.jmeter.threads.JMeterThread - Thread started: Thread Group 1-37
10:13:55.802 [Thread Group 1-38] INFO  o.apache.jmeter.threads.JMeterThread - Thread started: Thread Group 1-38
10:13:55.816 [Thread Group 1-39] INFO  o.apache.jmeter.threads.JMeterThread - Thread started: Thread Group 1-39
10:13:55.835 [Thread Group 1-40] INFO  o.apache.jmeter.threads.JMeterThread - Thread started: Thread Group 1-40
10:13:55.847 [Thread Group 1-41] INFO  o.apache.jmeter.threads.JMeterThread - Thread started: Thread Group 1-41
10:13:55.857 [Thread Group 1-42] INFO  o.apache.jmeter.threads.JMeterThread - Thread started: Thread Group 1-42
10:13:55.868 [Thread Group 1-43] INFO  o.apache.jmeter.threads.JMeterThread - Thread started: Thread Group 1-43
10:13:55.928 [Thread Group 1-47] INFO  o.apache.jmeter.threads.JMeterThread - Thread started: Thread Group 1-47
10:13:55.931 [Thread Group 1-46] INFO  o.apache.jmeter.threads.JMeterThread - Thread started: Thread Group 1-46
10:13:55.933 [Thread Group 1-48] INFO  o.apache.jmeter.threads.JMeterThread - Thread started: Thread Group 1-48
10:13:55.934 [Thread Group 1-44] INFO  o.apache.jmeter.threads.JMeterThread - Thread started: Thread Group 1-44
10:13:55.934 [Thread Group 1-45] INFO  o.apache.jmeter.threads.JMeterThread - Thread started: Thread Group 1-45
10:13:55.946 [Thread Group 1-49] INFO  o.apache.jmeter.threads.JMeterThread - Thread started: Thread Group 1-49
10:13:55.959 [Thread Group 1-50] INFO  o.apache.jmeter.threads.JMeterThread - Thread started: Thread Group 1-50
10:13:55.972 [Thread Group 1-51] INFO  o.apache.jmeter.threads.JMeterThread - Thread started: Thread Group 1-51
10:13:55.985 [Thread Group 1-52] INFO  o.apache.jmeter.threads.JMeterThread - Thread started: Thread Group 1-52
10:13:55.989 [pool-2-thread-1] INFO  o.apache.jmeter.threads.ThreadGroup - Started thread group number 1
10:13:55.990 [pool-2-thread-1] INFO  o.a.j.engine.StandardJMeterEngine - All thread groups have been started
10:13:56.039 [Thread Group 1-54] INFO  o.apache.jmeter.threads.JMeterThread - Thread started: Thread Group 1-54
10:13:56.039 [Thread Group 1-53] INFO  o.apache.jmeter.threads.JMeterThread - Thread started: Thread Group 1-53
10:13:56.039 [Thread Group 1-56] INFO  o.apache.jmeter.threads.JMeterThread - Thread started: Thread Group 1-56
10:13:56.039 [Thread Group 1-55] INFO  o.apache.jmeter.threads.JMeterThread - Thread started: Thread Group 1-55
10:13:56.050 [Thread Group 1-57] INFO  o.apache.jmeter.threads.JMeterThread - Thread started: Thread Group 1-57
10:13:56.063 [Thread Group 1-58] INFO  o.apache.jmeter.threads.JMeterThread - Thread started: Thread Group 1-58
10:13:56.068 [Thread Group 1-5] INFO  o.a.j.p.h.sampler.HTTPHCAbstractImpl - Local host = LAPTOP-G26T4BL8
10:13:56.077 [Thread Group 1-59] INFO  o.apache.jmeter.threads.JMeterThread - Thread started: Thread Group 1-59
10:13:56.092 [Thread Group 1-60] INFO  o.apache.jmeter.threads.JMeterThread - Thread started: Thread Group 1-60
10:13:56.104 [Thread Group 1-5] INFO  o.a.j.p.http.sampler.HTTPHC4Impl - HTTP request retry count = 0
10:13:56.107 [Thread Group 1-61] INFO  o.apache.jmeter.threads.JMeterThread - Thread started: Thread Group 1-61
10:13:56.107 [Thread Group 1-5] INFO  o.a.jmeter.samplers.SampleResult - Note: Sample TimeStamps are START times
10:13:56.107 [Thread Group 1-5] INFO  o.a.jmeter.samplers.SampleResult - sampleresult.default.encoding is set to ISO-8859-1
10:13:56.107 [Thread Group 1-5] INFO  o.a.jmeter.samplers.SampleResult - sampleresult.useNanoTime=true
10:13:56.107 [Thread Group 1-5] INFO  o.a.jmeter.samplers.SampleResult - sampleresult.nanoThreadSleep=5000
10:13:56.117 [Thread Group 1-62] INFO  o.apache.jmeter.threads.JMeterThread - Thread started: Thread Group 1-62
10:13:56.136 [Thread Group 1-63] INFO  o.apache.jmeter.threads.JMeterThread - Thread started: Thread Group 1-63
10:13:56.139 [Thread Group 1-64] INFO  o.apache.jmeter.threads.JMeterThread - Thread started: Thread Group 1-64
10:13:56.153 [Thread Group 1-65] INFO  o.apache.jmeter.threads.JMeterThread - Thread started: Thread Group 1-65
10:13:56.166 [Thread Group 1-66] INFO  o.apache.jmeter.threads.JMeterThread - Thread started: Thread Group 1-66
10:13:56.183 [Thread Group 1-67] INFO  o.apache.jmeter.threads.JMeterThread - Thread started: Thread Group 1-67
10:13:56.193 [Thread Group 1-68] INFO  o.apache.jmeter.threads.JMeterThread - Thread started: Thread Group 1-68
10:13:56.210 [Thread Group 1-69] INFO  o.apache.jmeter.threads.JMeterThread - Thread started: Thread Group 1-69
10:13:56.219 [Thread Group 1-70] INFO  o.apache.jmeter.threads.JMeterThread - Thread started: Thread Group 1-70
10:13:56.232 [Thread Group 1-71] INFO  o.apache.jmeter.threads.JMeterThread - Thread started: Thread Group 1-71
10:13:56.249 [Thread Group 1-72] INFO  o.apache.jmeter.threads.JMeterThread - Thread started: Thread Group 1-72
10:13:56.258 [Thread Group 1-73] INFO  o.apache.jmeter.threads.JMeterThread - Thread started: Thread Group 1-73
10:13:56.271 [Thread Group 1-74] INFO  o.apache.jmeter.threads.JMeterThread - Thread started: Thread Group 1-74
10:13:56.284 [Thread Group 1-75] INFO  o.apache.jmeter.threads.JMeterThread - Thread started: Thread Group 1-75
10:13:56.302 [Thread Group 1-76] INFO  o.apache.jmeter.threads.JMeterThread - Thread started: Thread Group 1-76
10:13:56.311 [Thread Group 1-77] INFO  o.apache.jmeter.threads.JMeterThread - Thread started: Thread Group 1-77
10:13:56.329 [Thread Group 1-78] INFO  o.apache.jmeter.threads.JMeterThread - Thread started: Thread Group 1-78
10:13:56.341 [Thread Group 1-79] INFO  o.apache.jmeter.threads.JMeterThread - Thread started: Thread Group 1-79
10:13:56.352 [Thread Group 1-80] INFO  o.apache.jmeter.threads.JMeterThread - Thread started: Thread Group 1-80
10:13:56.363 [Thread Group 1-81] INFO  o.apache.jmeter.threads.JMeterThread - Thread started: Thread Group 1-81
10:13:56.376 [Thread Group 1-82] INFO  o.apache.jmeter.threads.JMeterThread - Thread started: Thread Group 1-82
10:13:56.393 [Thread Group 1-83] INFO  o.apache.jmeter.threads.JMeterThread - Thread started: Thread Group 1-83
10:13:56.400 [Thread Group 1-84] INFO  o.apache.jmeter.threads.JMeterThread - Thread started: Thread Group 1-84
10:13:56.414 [Thread Group 1-85] INFO  o.apache.jmeter.threads.JMeterThread - Thread started: Thread Group 1-85
10:13:56.453 [Thread Group 1-88] INFO  o.apache.jmeter.threads.JMeterThread - Thread started: Thread Group 1-88
10:13:56.457 [Thread Group 1-86] INFO  o.apache.jmeter.threads.JMeterThread - Thread started: Thread Group 1-86
10:13:56.458 [Thread Group 1-87] INFO  o.apache.jmeter.threads.JMeterThread - Thread started: Thread Group 1-87
10:13:56.465 [Thread Group 1-89] INFO  o.apache.jmeter.threads.JMeterThread - Thread started: Thread Group 1-89
10:13:56.480 [Thread Group 1-90] INFO  o.apache.jmeter.threads.JMeterThread - Thread started: Thread Group 1-90
10:13:56.494 [Thread Group 1-91] INFO  o.apache.jmeter.threads.JMeterThread - Thread started: Thread Group 1-91
10:13:56.511 [Thread Group 1-92] INFO  o.apache.jmeter.threads.JMeterThread - Thread started: Thread Group 1-92
10:13:56.521 [Thread Group 1-93] INFO  o.apache.jmeter.threads.JMeterThread - Thread started: Thread Group 1-93
10:13:56.532 [Thread Group 1-94] INFO  o.apache.jmeter.threads.JMeterThread - Thread started: Thread Group 1-94
10:13:56.543 [Thread Group 1-95] INFO  o.apache.jmeter.threads.JMeterThread - Thread started: Thread Group 1-95
10:13:56.556 [Thread Group 1-96] INFO  o.apache.jmeter.threads.JMeterThread - Thread started: Thread Group 1-96
10:13:56.569 [Thread Group 1-97] INFO  o.apache.jmeter.threads.JMeterThread - Thread started: Thread Group 1-97
10:13:56.583 [Thread Group 1-98] INFO  o.apache.jmeter.threads.JMeterThread - Thread started: Thread Group 1-98
10:13:56.596 [Thread Group 1-99] INFO  o.apache.jmeter.threads.JMeterThread - Thread started: Thread Group 1-99
10:13:56.609 [Thread Group 1-100] INFO  o.apache.jmeter.threads.JMeterThread - Thread started: Thread Group 1-100
10:13:56.621 [Thread Group 1-101] INFO  o.apache.jmeter.threads.JMeterThread - Thread started: Thread Group 1-101
10:13:56.635 [Thread Group 1-102] INFO  o.apache.jmeter.threads.JMeterThread - Thread started: Thread Group 1-102
10:13:56.648 [Thread Group 1-103] INFO  o.apache.jmeter.threads.JMeterThread - Thread started: Thread Group 1-103
10:13:56.660 [Thread Group 1-104] INFO  o.apache.jmeter.threads.JMeterThread - Thread started: Thread Group 1-104
10:13:56.674 [Thread Group 1-51] INFO  o.a.j.p.h.s.h.LazyLayeredConnectionSocketFactory - Setting up HTTPS TrustAll Socket Factory
10:13:56.674 [Thread Group 1-105] INFO  o.apache.jmeter.threads.JMeterThread - Thread started: Thread Group 1-105
10:13:56.686 [Thread Group 1-106] INFO  o.apache.jmeter.threads.JMeterThread - Thread started: Thread Group 1-106
10:13:56.691 [Thread Group 1-51] INFO  o.apache.jmeter.util.JsseSSLManager - Using default SSL protocol: SSLv3
10:13:56.692 [Thread Group 1-51] INFO  o.apache.jmeter.util.JsseSSLManager - SSL session context: per-thread
10:13:56.699 [Thread Group 1-107] INFO  o.apache.jmeter.threads.JMeterThread - Thread started: Thread Group 1-107
10:13:56.715 [Thread Group 1-108] INFO  o.apache.jmeter.threads.JMeterThread - Thread started: Thread Group 1-108
10:13:56.724 [Thread Group 1-109] INFO  o.apache.jmeter.threads.JMeterThread - Thread started: Thread Group 1-109
10:13:56.739 [Thread Group 1-110] INFO  o.apache.jmeter.threads.JMeterThread - Thread started: Thread Group 1-110
10:13:56.751 [Thread Group 1-111] INFO  o.apache.jmeter.threads.JMeterThread - Thread started: Thread Group 1-111
10:13:56.764 [Thread Group 1-112] INFO  o.apache.jmeter.threads.JMeterThread - Thread started: Thread Group 1-112
10:13:56.778 [Thread Group 1-113] INFO  o.apache.jmeter.threads.JMeterThread - Thread started: Thread Group 1-113
10:13:56.790 [Thread Group 1-114] INFO  o.apache.jmeter.threads.JMeterThread - Thread started: Thread Group 1-114
10:13:56.803 [Thread Group 1-115] INFO  o.apache.jmeter.threads.JMeterThread - Thread started: Thread Group 1-115
10:13:56.819 [Thread Group 1-116] INFO  o.apache.jmeter.threads.JMeterThread - Thread started: Thread Group 1-116
10:13:56.832 [Thread Group 1-117] INFO  o.apache.jmeter.threads.JMeterThread - Thread started: Thread Group 1-117
10:13:56.844 [Thread Group 1-118] INFO  o.apache.jmeter.threads.JMeterThread - Thread started: Thread Group 1-118
10:13:56.857 [Thread Group 1-119] INFO  o.apache.jmeter.threads.JMeterThread - Thread started: Thread Group 1-119
10:13:56.872 [Thread Group 1-120] INFO  o.apache.jmeter.threads.JMeterThread - Thread started: Thread Group 1-120
10:13:56.883 [Thread Group 1-121] INFO  o.apache.jmeter.threads.JMeterThread - Thread started: Thread Group 1-121
10:13:56.900 [Thread Group 1-122] INFO  o.apache.jmeter.threads.JMeterThread - Thread started: Thread Group 1-122
10:13:56.908 [Thread Group 1-123] INFO  o.apache.jmeter.threads.JMeterThread - Thread started: Thread Group 1-123
10:13:56.920 [Thread Group 1-124] INFO  o.apache.jmeter.threads.JMeterThread - Thread started: Thread Group 1-124
10:13:56.933 [Thread Group 1-125] INFO  o.apache.jmeter.threads.JMeterThread - Thread started: Thread Group 1-125
10:13:56.949 [Thread Group 1-126] INFO  o.apache.jmeter.threads.JMeterThread - Thread started: Thread Group 1-126
10:13:56.959 [Thread Group 1-127] INFO  o.apache.jmeter.threads.JMeterThread - Thread started: Thread Group 1-127
10:13:56.975 [Thread Group 1-128] INFO  o.apache.jmeter.threads.JMeterThread - Thread started: Thread Group 1-128
10:13:56.990 [Thread Group 1-129] INFO  o.apache.jmeter.threads.JMeterThread - Thread started: Thread Group 1-129
10:13:56.997 [Thread Group 1-130] INFO  o.apache.jmeter.threads.JMeterThread - Thread started: Thread Group 1-130
10:13:57.011 [Thread Group 1-131] INFO  o.apache.jmeter.threads.JMeterThread - Thread started: Thread Group 1-131
10:13:57.024 [Thread Group 1-132] INFO  o.apache.jmeter.threads.JMeterThread - Thread started: Thread Group 1-132
10:13:57.037 [Thread Group 1-133] INFO  o.apache.jmeter.threads.JMeterThread - Thread started: Thread Group 1-133
10:13:57.059 [Thread Group 1-134] INFO  o.apache.jmeter.threads.JMeterThread - Thread started: Thread Group 1-134
10:13:57.060 [Thread Group 1-64] INFO  org.apache.jmeter.util.SSLManager - JmeterKeyStore Location:  type JKS
10:13:57.074 [Thread Group 1-135] INFO  o.apache.jmeter.threads.JMeterThread - Thread started: Thread Group 1-135
10:13:57.075 [Thread Group 1-64] INFO  org.apache.jmeter.util.SSLManager - KeyStore created OK
10:13:57.076 [Thread Group 1-64] WARN  org.apache.jmeter.util.SSLManager - Keystore file not found, loading empty keystore
10:13:57.088 [Thread Group 1-136] INFO  o.apache.jmeter.threads.JMeterThread - Thread started: Thread Group 1-136
10:13:57.090 [Thread Group 1-137] INFO  o.apache.jmeter.threads.JMeterThread - Thread started: Thread Group 1-137
10:13:57.117 [Thread Group 1-138] INFO  o.apache.jmeter.threads.JMeterThread - Thread started: Thread Group 1-138
10:13:57.119 [Thread Group 1-139] INFO  o.apache.jmeter.threads.JMeterThread - Thread started: Thread Group 1-139
10:13:57.129 [Thread Group 1-140] INFO  o.apache.jmeter.threads.JMeterThread - Thread started: Thread Group 1-140
10:13:57.144 [Thread Group 1-141] INFO  o.apache.jmeter.threads.JMeterThread - Thread started: Thread Group 1-141
10:13:57.155 [Thread Group 1-142] INFO  o.apache.jmeter.threads.JMeterThread - Thread started: Thread Group 1-142
10:13:57.168 [Thread Group 1-143] INFO  o.apache.jmeter.threads.JMeterThread - Thread started: Thread Group 1-143
10:13:57.181 [Thread Group 1-144] INFO  o.apache.jmeter.threads.JMeterThread - Thread started: Thread Group 1-144
10:13:57.194 [Thread Group 1-145] INFO  o.apache.jmeter.threads.JMeterThread - Thread started: Thread Group 1-145
10:13:57.208 [Thread Group 1-146] INFO  o.apache.jmeter.threads.JMeterThread - Thread started: Thread Group 1-146
10:13:57.220 [Thread Group 1-147] INFO  o.apache.jmeter.threads.JMeterThread - Thread started: Thread Group 1-147
10:13:57.233 [Thread Group 1-148] INFO  o.apache.jmeter.threads.JMeterThread - Thread started: Thread Group 1-148
10:13:57.246 [Thread Group 1-149] INFO  o.apache.jmeter.threads.JMeterThread - Thread started: Thread Group 1-149
10:13:57.258 [Thread Group 1-150] INFO  o.apache.jmeter.threads.JMeterThread - Thread started: Thread Group 1-150
10:13:57.272 [Thread Group 1-151] INFO  o.apache.jmeter.threads.JMeterThread - Thread started: Thread Group 1-151
10:13:57.286 [Thread Group 1-152] INFO  o.apache.jmeter.threads.JMeterThread - Thread started: Thread Group 1-152
10:13:57.299 [Thread Group 1-153] INFO  o.apache.jmeter.threads.JMeterThread - Thread started: Thread Group 1-153
10:13:57.311 [Thread Group 1-154] INFO  o.apache.jmeter.threads.JMeterThread - Thread started: Thread Group 1-154
10:13:57.327 [Thread Group 1-155] INFO  o.apache.jmeter.threads.JMeterThread - Thread started: Thread Group 1-155
10:13:57.339 [Thread Group 1-156] INFO  o.apache.jmeter.threads.JMeterThread - Thread started: Thread Group 1-156
10:13:57.350 [Thread Group 1-157] INFO  o.apache.jmeter.threads.JMeterThread - Thread started: Thread Group 1-157
10:13:57.362 [Thread Group 1-158] INFO  o.apache.jmeter.threads.JMeterThread - Thread started: Thread Group 1-158
10:13:57.375 [Thread Group 1-159] INFO  o.apache.jmeter.threads.JMeterThread - Thread started: Thread Group 1-159
10:13:57.392 [Thread Group 1-160] INFO  o.apache.jmeter.threads.JMeterThread - Thread started: Thread Group 1-160
10:13:57.410 [Thread Group 1-161] INFO  o.apache.jmeter.threads.JMeterThread - Thread started: Thread Group 1-161
10:13:57.415 [Thread Group 1-162] INFO  o.apache.jmeter.threads.JMeterThread - Thread started: Thread Group 1-162
10:13:57.433 [Thread Group 1-163] INFO  o.apache.jmeter.threads.JMeterThread - Thread started: Thread Group 1-163
10:13:57.441 [Thread Group 1-164] INFO  o.apache.jmeter.threads.JMeterThread - Thread started: Thread Group 1-164
10:13:57.483 [Thread Group 1-165] INFO  o.apache.jmeter.threads.JMeterThread - Thread started: Thread Group 1-165
10:13:57.499 [Thread Group 1-168] INFO  o.apache.jmeter.threads.JMeterThread - Thread started: Thread Group 1-168
10:13:57.518 [Thread Group 1-170] INFO  o.apache.jmeter.threads.JMeterThread - Thread started: Thread Group 1-170
10:13:57.540 [Thread Group 1-169] INFO  o.apache.jmeter.threads.JMeterThread - Thread started: Thread Group 1-169
10:13:57.541 [Thread Group 1-167] INFO  o.apache.jmeter.threads.JMeterThread - Thread started: Thread Group 1-167
10:13:57.542 [Thread Group 1-166] INFO  o.apache.jmeter.threads.JMeterThread - Thread started: Thread Group 1-166
10:13:57.576 [Thread Group 1-172] INFO  o.apache.jmeter.threads.JMeterThread - Thread started: Thread Group 1-172
10:13:57.577 [Thread Group 1-173] INFO  o.apache.jmeter.threads.JMeterThread - Thread started: Thread Group 1-173
10:13:57.589 [Thread Group 1-171] INFO  o.apache.jmeter.threads.JMeterThread - Thread started: Thread Group 1-171
10:13:57.609 [Thread Group 1-176] INFO  o.apache.jmeter.threads.JMeterThread - Thread started: Thread Group 1-176
10:13:57.609 [Thread Group 1-177] INFO  o.apache.jmeter.threads.JMeterThread - Thread started: Thread Group 1-177
10:13:57.652 [Thread Group 1-179] INFO  o.apache.jmeter.threads.JMeterThread - Thread started: Thread Group 1-179
10:13:57.653 [Thread Group 1-178] INFO  o.apache.jmeter.threads.JMeterThread - Thread started: Thread Group 1-178
10:13:57.653 [Thread Group 1-174] INFO  o.apache.jmeter.threads.JMeterThread - Thread started: Thread Group 1-174
10:13:57.653 [Thread Group 1-175] INFO  o.apache.jmeter.threads.JMeterThread - Thread started: Thread Group 1-175
10:13:57.654 [Thread Group 1-180] INFO  o.apache.jmeter.threads.JMeterThread - Thread started: Thread Group 1-180
10:13:57.681 [Thread Group 1-182] INFO  o.apache.jmeter.threads.JMeterThread - Thread started: Thread Group 1-182
10:13:57.694 [Thread Group 1-183] INFO  o.apache.jmeter.threads.JMeterThread - Thread started: Thread Group 1-183
10:13:57.754 [Thread Group 1-184] INFO  o.apache.jmeter.threads.JMeterThread - Thread started: Thread Group 1-184
10:13:57.755 [Thread Group 1-185] INFO  o.apache.jmeter.threads.JMeterThread - Thread started: Thread Group 1-185
10:13:57.756 [Thread Group 1-188] INFO  o.apache.jmeter.threads.JMeterThread - Thread started: Thread Group 1-188
10:13:57.767 [Thread Group 1-189] INFO  o.apache.jmeter.threads.JMeterThread - Thread started: Thread Group 1-189
10:13:57.804 [Thread Group 1-181] INFO  o.apache.jmeter.threads.JMeterThread - Thread started: Thread Group 1-181
10:13:57.811 [Thread Group 1-192] INFO  o.apache.jmeter.threads.JMeterThread - Thread started: Thread Group 1-192
10:13:57.817 [Thread Group 1-191] INFO  o.apache.jmeter.threads.JMeterThread - Thread started: Thread Group 1-191
10:13:57.818 [Thread Group 1-193] INFO  o.apache.jmeter.threads.JMeterThread - Thread started: Thread Group 1-193
10:13:57.824 [Thread Group 1-190] INFO  o.apache.jmeter.threads.JMeterThread - Thread started: Thread Group 1-190
10:13:57.843 [Thread Group 1-195] INFO  o.apache.jmeter.threads.JMeterThread - Thread started: Thread Group 1-195
10:13:57.845 [Thread Group 1-187] INFO  o.apache.jmeter.threads.JMeterThread - Thread started: Thread Group 1-187
10:13:57.868 [Thread Group 1-186] INFO  o.apache.jmeter.threads.JMeterThread - Thread started: Thread Group 1-186
10:13:57.870 [Thread Group 1-197] INFO  o.apache.jmeter.threads.JMeterThread - Thread started: Thread Group 1-197
10:13:57.889 [Thread Group 1-196] INFO  o.apache.jmeter.threads.JMeterThread - Thread started: Thread Group 1-196
10:13:57.894 [Thread Group 1-199] INFO  o.apache.jmeter.threads.JMeterThread - Thread started: Thread Group 1-199
10:13:57.923 [Thread Group 1-200] INFO  o.apache.jmeter.threads.JMeterThread - Thread started: Thread Group 1-200
10:13:57.923 [Thread Group 1-201] INFO  o.apache.jmeter.threads.JMeterThread - Thread started: Thread Group 1-201
10:13:57.934 [Thread Group 1-194] INFO  o.apache.jmeter.threads.JMeterThread - Thread started: Thread Group 1-194
10:13:57.951 [Thread Group 1-202] INFO  o.apache.jmeter.threads.JMeterThread - Thread started: Thread Group 1-202
10:13:57.970 [Thread Group 1-198] INFO  o.apache.jmeter.threads.JMeterThread - Thread started: Thread Group 1-198
10:13:58.030 [Thread Group 1-206] INFO  o.apache.jmeter.threads.JMeterThread - Thread started: Thread Group 1-206
10:13:58.031 [Thread Group 1-207] INFO  o.apache.jmeter.threads.JMeterThread - Thread started: Thread Group 1-207
10:13:58.184 [Thread Group 1-221] INFO  o.apache.jmeter.threads.JMeterThread - Thread started: Thread Group 1-221
10:13:58.282 [Thread Group 1-228] INFO  o.apache.jmeter.threads.JMeterThread - Thread started: Thread Group 1-228
10:13:58.286 [Thread Group 1-229] INFO  o.apache.jmeter.threads.JMeterThread - Thread started: Thread Group 1-229
10:13:58.303 [Thread Group 1-226] INFO  o.apache.jmeter.threads.JMeterThread - Thread started: Thread Group 1-226
10:13:58.338 [Thread Group 1-232] INFO  o.apache.jmeter.threads.JMeterThread - Thread started: Thread Group 1-232
10:13:58.351 [Thread Group 1-233] INFO  o.apache.jmeter.threads.JMeterThread - Thread started: Thread Group 1-233
10:13:58.353 [Thread Group 1-223] INFO  o.apache.jmeter.threads.JMeterThread - Thread started: Thread Group 1-223
10:13:58.354 [Thread Group 1-222] INFO  o.apache.jmeter.threads.JMeterThread - Thread started: Thread Group 1-222
10:13:58.355 [Thread Group 1-225] INFO  o.apache.jmeter.threads.JMeterThread - Thread started: Thread Group 1-225
10:13:58.356 [Thread Group 1-224] INFO  o.apache.jmeter.threads.JMeterThread - Thread started: Thread Group 1-224
10:13:58.356 [Thread Group 1-220] INFO  o.apache.jmeter.threads.JMeterThread - Thread started: Thread Group 1-220
10:13:58.356 [Thread Group 1-231] INFO  o.apache.jmeter.threads.JMeterThread - Thread started: Thread Group 1-231
10:13:58.485 [Thread Group 1-234] INFO  o.apache.jmeter.threads.JMeterThread - Thread started: Thread Group 1-234
10:13:58.485 [Thread Group 1-235] INFO  o.apache.jmeter.threads.JMeterThread - Thread started: Thread Group 1-235
10:13:58.486 [Thread Group 1-238] INFO  o.apache.jmeter.threads.JMeterThread - Thread started: Thread Group 1-238
10:13:58.488 [Thread Group 1-239] INFO  o.apache.jmeter.threads.JMeterThread - Thread started: Thread Group 1-239
10:13:58.503 [Thread Group 1-242] INFO  o.apache.jmeter.threads.JMeterThread - Thread started: Thread Group 1-242
10:13:58.503 [Thread Group 1-243] INFO  o.apache.jmeter.threads.JMeterThread - Thread started: Thread Group 1-243
10:13:58.510 [Thread Group 1-246] INFO  o.apache.jmeter.threads.JMeterThread - Thread started: Thread Group 1-246
10:13:58.528 [Thread Group 1-247] INFO  o.apache.jmeter.threads.JMeterThread - Thread started: Thread Group 1-247
10:13:58.557 [Thread Group 1-217] INFO  o.apache.jmeter.threads.JMeterThread - Thread started: Thread Group 1-217
10:13:58.558 [Thread Group 1-216] INFO  o.apache.jmeter.threads.JMeterThread - Thread started: Thread Group 1-216
10:13:58.558 [Thread Group 1-213] INFO  o.apache.jmeter.threads.JMeterThread - Thread started: Thread Group 1-213
10:13:58.558 [Thread Group 1-212] INFO  o.apache.jmeter.threads.JMeterThread - Thread started: Thread Group 1-212
10:13:58.558 [Thread Group 1-209] INFO  o.apache.jmeter.threads.JMeterThread - Thread started: Thread Group 1-209
10:13:58.558 [Thread Group 1-208] INFO  o.apache.jmeter.threads.JMeterThread - Thread started: Thread Group 1-208
10:13:58.576 [Thread Group 1-219] INFO  o.apache.jmeter.threads.JMeterThread - Thread started: Thread Group 1-219
10:13:58.576 [Thread Group 1-205] INFO  o.apache.jmeter.threads.JMeterThread - Thread started: Thread Group 1-205
10:13:58.576 [Thread Group 1-204] INFO  o.apache.jmeter.threads.JMeterThread - Thread started: Thread Group 1-204
10:13:58.577 [Thread Group 1-218] INFO  o.apache.jmeter.threads.JMeterThread - Thread started: Thread Group 1-218
10:13:58.577 [Thread Group 1-215] INFO  o.apache.jmeter.threads.JMeterThread - Thread started: Thread Group 1-215
10:13:58.577 [Thread Group 1-214] INFO  o.apache.jmeter.threads.JMeterThread - Thread started: Thread Group 1-214
10:13:58.577 [Thread Group 1-211] INFO  o.apache.jmeter.threads.JMeterThread - Thread started: Thread Group 1-211
10:13:58.578 [Thread Group 1-210] INFO  o.apache.jmeter.threads.JMeterThread - Thread started: Thread Group 1-210
10:13:58.578 [Thread Group 1-250] INFO  o.apache.jmeter.threads.JMeterThread - Thread started: Thread Group 1-250
10:13:58.578 [Thread Group 1-251] INFO  o.apache.jmeter.threads.JMeterThread - Thread started: Thread Group 1-251
10:13:58.581 [Thread Group 1-203] INFO  o.apache.jmeter.threads.JMeterThread - Thread started: Thread Group 1-203
10:13:58.612 [Thread Group 1-236] INFO  o.apache.jmeter.threads.JMeterThread - Thread started: Thread Group 1-236
10:13:58.612 [Thread Group 1-237] INFO  o.apache.jmeter.threads.JMeterThread - Thread started: Thread Group 1-237
10:13:58.612 [Thread Group 1-240] INFO  o.apache.jmeter.threads.JMeterThread - Thread started: Thread Group 1-240
10:13:58.617 [Thread Group 1-241] INFO  o.apache.jmeter.threads.JMeterThread - Thread started: Thread Group 1-241
10:13:58.621 [Thread Group 1-244] INFO  o.apache.jmeter.threads.JMeterThread - Thread started: Thread Group 1-244
10:13:58.622 [Thread Group 1-245] INFO  o.apache.jmeter.threads.JMeterThread - Thread started: Thread Group 1-245
10:13:58.622 [Thread Group 1-248] INFO  o.apache.jmeter.threads.JMeterThread - Thread started: Thread Group 1-248
10:13:58.622 [Thread Group 1-249] INFO  o.apache.jmeter.threads.JMeterThread - Thread started: Thread Group 1-249
10:13:58.623 [Thread Group 1-252] INFO  o.apache.jmeter.threads.JMeterThread - Thread started: Thread Group 1-252
10:13:58.624 [Thread Group 1-253] INFO  o.apache.jmeter.threads.JMeterThread - Thread started: Thread Group 1-253
10:13:58.680 [Thread Group 1-256] INFO  o.apache.jmeter.threads.JMeterThread - Thread started: Thread Group 1-256
10:13:58.680 [Thread Group 1-257] INFO  o.apache.jmeter.threads.JMeterThread - Thread started: Thread Group 1-257
10:13:58.690 [Thread Group 1-230] INFO  o.apache.jmeter.threads.JMeterThread - Thread started: Thread Group 1-230
10:13:58.692 [Thread Group 1-227] INFO  o.apache.jmeter.threads.JMeterThread - Thread started: Thread Group 1-227
10:13:58.751 [Thread Group 1-264] INFO  o.apache.jmeter.threads.JMeterThread - Thread started: Thread Group 1-264
10:13:58.753 [Thread Group 1-265] INFO  o.apache.jmeter.threads.JMeterThread - Thread started: Thread Group 1-265
10:13:58.799 [Thread Group 1-268] INFO  o.apache.jmeter.threads.JMeterThread - Thread started: Thread Group 1-268
10:13:58.812 [Thread Group 1-269] INFO  o.apache.jmeter.threads.JMeterThread - Thread started: Thread Group 1-269
10:13:59.001 [Thread Group 1-284] INFO  o.apache.jmeter.threads.JMeterThread - Thread started: Thread Group 1-284
10:13:59.007 [Thread Group 1-261] INFO  o.apache.jmeter.threads.JMeterThread - Thread started: Thread Group 1-261
10:13:59.008 [Thread Group 1-260] INFO  o.apache.jmeter.threads.JMeterThread - Thread started: Thread Group 1-260
10:13:59.008 [Thread Group 1-254] INFO  o.apache.jmeter.threads.JMeterThread - Thread started: Thread Group 1-254
10:13:59.009 [Thread Group 1-255] INFO  o.apache.jmeter.threads.JMeterThread - Thread started: Thread Group 1-255
10:13:59.009 [Thread Group 1-258] INFO  o.apache.jmeter.threads.JMeterThread - Thread started: Thread Group 1-258
10:13:59.010 [Thread Group 1-259] INFO  o.apache.jmeter.threads.JMeterThread - Thread started: Thread Group 1-259
10:13:59.011 [Thread Group 1-263] INFO  o.apache.jmeter.threads.JMeterThread - Thread started: Thread Group 1-263
10:13:59.013 [Thread Group 1-262] INFO  o.apache.jmeter.threads.JMeterThread - Thread started: Thread Group 1-262
10:13:59.013 [Thread Group 1-267] INFO  o.apache.jmeter.threads.JMeterThread - Thread started: Thread Group 1-267
10:13:59.013 [Thread Group 1-266] INFO  o.apache.jmeter.threads.JMeterThread - Thread started: Thread Group 1-266
10:13:59.014 [Thread Group 1-285] INFO  o.apache.jmeter.threads.JMeterThread - Thread started: Thread Group 1-285
10:13:59.014 [Thread Group 1-270] INFO  o.apache.jmeter.threads.JMeterThread - Thread started: Thread Group 1-270
10:13:59.015 [Thread Group 1-271] INFO  o.apache.jmeter.threads.JMeterThread - Thread started: Thread Group 1-271
10:13:59.015 [Thread Group 1-275] INFO  o.apache.jmeter.threads.JMeterThread - Thread started: Thread Group 1-275
10:13:59.016 [Thread Group 1-274] INFO  o.apache.jmeter.threads.JMeterThread - Thread started: Thread Group 1-274
10:13:59.016 [Thread Group 1-279] INFO  o.apache.jmeter.threads.JMeterThread - Thread started: Thread Group 1-279
10:13:59.016 [Thread Group 1-278] INFO  o.apache.jmeter.threads.JMeterThread - Thread started: Thread Group 1-278
10:13:59.016 [Thread Group 1-282] INFO  o.apache.jmeter.threads.JMeterThread - Thread started: Thread Group 1-282
10:13:59.017 [Thread Group 1-283] INFO  o.apache.jmeter.threads.JMeterThread - Thread started: Thread Group 1-283
10:13:59.027 [Thread Group 1-281] INFO  o.apache.jmeter.threads.JMeterThread - Thread started: Thread Group 1-281
10:13:59.028 [Thread Group 1-280] INFO  o.apache.jmeter.threads.JMeterThread - Thread started: Thread Group 1-280
10:13:59.050 [Thread Group 1-286] INFO  o.apache.jmeter.threads.JMeterThread - Thread started: Thread Group 1-286
10:13:59.079 [Thread Group 1-277] INFO  o.apache.jmeter.threads.JMeterThread - Thread started: Thread Group 1-277
10:13:59.079 [Thread Group 1-276] INFO  o.apache.jmeter.threads.JMeterThread - Thread started: Thread Group 1-276
10:13:59.105 [Thread Group 1-292] INFO  o.apache.jmeter.threads.JMeterThread - Thread started: Thread Group 1-292
10:13:59.105 [Thread Group 1-273] INFO  o.apache.jmeter.threads.JMeterThread - Thread started: Thread Group 1-273
10:13:59.114 [Thread Group 1-272] INFO  o.apache.jmeter.threads.JMeterThread - Thread started: Thread Group 1-272
10:13:59.141 [Thread Group 1-294] INFO  o.apache.jmeter.threads.JMeterThread - Thread started: Thread Group 1-294
10:13:59.189 [Thread Group 1-293] INFO  o.apache.jmeter.threads.JMeterThread - Thread started: Thread Group 1-293
10:13:59.194 [Thread Group 1-296] INFO  o.apache.jmeter.threads.JMeterThread - Thread started: Thread Group 1-296
10:13:59.194 [Thread Group 1-297] INFO  o.apache.jmeter.threads.JMeterThread - Thread started: Thread Group 1-297
10:13:59.219 [Thread Group 1-300] INFO  o.apache.jmeter.threads.JMeterThread - Thread started: Thread Group 1-300
10:13:59.223 [Thread Group 1-301] INFO  o.apache.jmeter.threads.JMeterThread - Thread started: Thread Group 1-301
10:13:59.225 [Thread Group 1-291] INFO  o.apache.jmeter.threads.JMeterThread - Thread started: Thread Group 1-291
10:13:59.233 [Thread Group 1-290] INFO  o.apache.jmeter.threads.JMeterThread - Thread started: Thread Group 1-290
10:13:59.258 [Thread Group 1-295] INFO  o.apache.jmeter.threads.JMeterThread - Thread started: Thread Group 1-295
10:13:59.271 [Thread Group 1-298] INFO  o.apache.jmeter.threads.JMeterThread - Thread started: Thread Group 1-298
10:13:59.273 [Thread Group 1-299] INFO  o.apache.jmeter.threads.JMeterThread - Thread started: Thread Group 1-299
10:13:59.276 [Thread Group 1-302] INFO  o.apache.jmeter.threads.JMeterThread - Thread started: Thread Group 1-302
10:13:59.276 [Thread Group 1-303] INFO  o.apache.jmeter.threads.JMeterThread - Thread started: Thread Group 1-303
10:13:59.290 [Thread Group 1-306] INFO  o.apache.jmeter.threads.JMeterThread - Thread started: Thread Group 1-306
10:13:59.300 [Thread Group 1-307] INFO  o.apache.jmeter.threads.JMeterThread - Thread started: Thread Group 1-307
10:13:59.343 [Thread Group 1-287] INFO  o.apache.jmeter.threads.JMeterThread - Thread started: Thread Group 1-287
10:13:59.343 [Thread Group 1-289] INFO  o.apache.jmeter.threads.JMeterThread - Thread started: Thread Group 1-289
10:13:59.362 [Thread Group 1-311] INFO  o.apache.jmeter.threads.JMeterThread - Thread started: Thread Group 1-311
10:13:59.472 [Thread Group 1-314] INFO  o.apache.jmeter.threads.JMeterThread - Thread started: Thread Group 1-314
10:13:59.472 [Thread Group 1-315] INFO  o.apache.jmeter.threads.JMeterThread - Thread started: Thread Group 1-315
10:13:59.474 [Thread Group 1-318] INFO  o.apache.jmeter.threads.JMeterThread - Thread started: Thread Group 1-318
10:13:59.478 [Thread Group 1-319] INFO  o.apache.jmeter.threads.JMeterThread - Thread started: Thread Group 1-319
10:13:59.450 [Thread Group 1-309] INFO  o.apache.jmeter.threads.JMeterThread - Thread started: Thread Group 1-309
10:13:59.514 [Thread Group 1-308] INFO  o.apache.jmeter.threads.JMeterThread - Thread started: Thread Group 1-308
10:13:59.447 [Thread Group 1-310] INFO  o.apache.jmeter.threads.JMeterThread - Thread started: Thread Group 1-310
10:13:59.433 [Thread Group 1-288] INFO  o.apache.jmeter.threads.JMeterThread - Thread started: Thread Group 1-288
10:13:59.426 [Thread Group 1-316] INFO  o.apache.jmeter.threads.JMeterThread - Thread started: Thread Group 1-316
10:13:59.383 [Thread Group 1-313] INFO  o.apache.jmeter.threads.JMeterThread - Thread started: Thread Group 1-313
10:13:59.383 [Thread Group 1-312] INFO  o.apache.jmeter.threads.JMeterThread - Thread started: Thread Group 1-312
10:13:59.715 [Thread Group 1-317] INFO  o.apache.jmeter.threads.JMeterThread - Thread started: Thread Group 1-317
10:13:59.672 [Thread Group 1-332] INFO  o.apache.jmeter.threads.JMeterThread - Thread started: Thread Group 1-332
10:13:59.691 [Thread Group 1-323] INFO  o.apache.jmeter.threads.JMeterThread - Thread started: Thread Group 1-323
10:13:59.683 [Thread Group 1-331] INFO  o.apache.jmeter.threads.JMeterThread - Thread started: Thread Group 1-331
10:13:59.683 [Thread Group 1-322] INFO  o.apache.jmeter.threads.JMeterThread - Thread started: Thread Group 1-322
10:13:59.569 [Thread Group 1-305] INFO  o.apache.jmeter.threads.JMeterThread - Thread started: Thread Group 1-305
10:13:59.569 [Thread Group 1-304] INFO  o.apache.jmeter.threads.JMeterThread - Thread started: Thread Group 1-304
10:13:59.836 [Thread Group 1-330] INFO  o.apache.jmeter.threads.JMeterThread - Thread started: Thread Group 1-330
10:13:59.860 [Thread Group 1-338] INFO  o.apache.jmeter.threads.JMeterThread - Thread started: Thread Group 1-338
10:13:59.955 [Thread Group 1-337] INFO  o.apache.jmeter.threads.JMeterThread - Thread started: Thread Group 1-337
10:14:00.036 [Thread Group 1-357] INFO  o.apache.jmeter.threads.JMeterThread - Thread started: Thread Group 1-357
10:14:00.177 [Thread Group 1-345] INFO  o.apache.jmeter.threads.JMeterThread - Thread started: Thread Group 1-345
10:14:00.248 [Thread Group 1-344] INFO  o.apache.jmeter.threads.JMeterThread - Thread started: Thread Group 1-344
10:14:00.251 [Thread Group 1-326] INFO  o.apache.jmeter.threads.JMeterThread - Thread started: Thread Group 1-326
10:14:00.262 [Thread Group 1-348] INFO  o.apache.jmeter.threads.JMeterThread - Thread started: Thread Group 1-348
10:14:00.273 [Thread Group 1-349] INFO  o.apache.jmeter.threads.JMeterThread - Thread started: Thread Group 1-349
10:14:00.278 [Thread Group 1-353] INFO  o.apache.jmeter.threads.JMeterThread - Thread started: Thread Group 1-353
10:14:00.280 [Thread Group 1-352] INFO  o.apache.jmeter.threads.JMeterThread - Thread started: Thread Group 1-352
10:14:00.293 [Thread Group 1-340] INFO  o.apache.jmeter.threads.JMeterThread - Thread started: Thread Group 1-340
10:14:00.305 [Thread Group 1-356] INFO  o.apache.jmeter.threads.JMeterThread - Thread started: Thread Group 1-356
10:14:00.308 [Thread Group 1-320] INFO  o.apache.jmeter.threads.JMeterThread - Thread started: Thread Group 1-320
10:14:00.309 [Thread Group 1-336] INFO  o.apache.jmeter.threads.JMeterThread - Thread started: Thread Group 1-336
10:14:00.319 [Thread Group 1-321] INFO  o.apache.jmeter.threads.JMeterThread - Thread started: Thread Group 1-321
10:14:00.320 [Thread Group 1-341] INFO  o.apache.jmeter.threads.JMeterThread - Thread started: Thread Group 1-341
10:14:00.369 [Thread Group 1-335] INFO  o.apache.jmeter.threads.JMeterThread - Thread started: Thread Group 1-335
10:14:00.371 [Thread Group 1-334] INFO  o.apache.jmeter.threads.JMeterThread - Thread started: Thread Group 1-334
10:14:00.369 [Thread Group 1-333] INFO  o.apache.jmeter.threads.JMeterThread - Thread started: Thread Group 1-333
10:14:00.594 [Thread Group 1-384] INFO  o.apache.jmeter.threads.JMeterThread - Thread started: Thread Group 1-384
10:14:00.594 [Thread Group 1-381] INFO  o.apache.jmeter.threads.JMeterThread - Thread started: Thread Group 1-381
10:14:00.600 [Thread Group 1-324] INFO  o.apache.jmeter.threads.JMeterThread - Thread started: Thread Group 1-324
10:14:00.600 [Thread Group 1-380] INFO  o.apache.jmeter.threads.JMeterThread - Thread started: Thread Group 1-380
10:14:00.604 [Thread Group 1-325] INFO  o.apache.jmeter.threads.JMeterThread - Thread started: Thread Group 1-325
10:14:00.604 [Thread Group 1-377] INFO  o.apache.jmeter.threads.JMeterThread - Thread started: Thread Group 1-377
10:14:00.604 [Thread Group 1-327] INFO  o.apache.jmeter.threads.JMeterThread - Thread started: Thread Group 1-327
10:14:00.608 [Thread Group 1-389] INFO  o.apache.jmeter.threads.JMeterThread - Thread started: Thread Group 1-389
10:14:00.634 [Thread Group 1-392] INFO  o.apache.jmeter.threads.JMeterThread - Thread started: Thread Group 1-392
10:14:00.634 [Thread Group 1-393] INFO  o.apache.jmeter.threads.JMeterThread - Thread started: Thread Group 1-393
10:14:00.635 [Thread Group 1-396] INFO  o.apache.jmeter.threads.JMeterThread - Thread started: Thread Group 1-396
10:14:00.635 [Thread Group 1-397] INFO  o.apache.jmeter.threads.JMeterThread - Thread started: Thread Group 1-397
10:14:00.635 [Thread Group 1-400] INFO  o.apache.jmeter.threads.JMeterThread - Thread started: Thread Group 1-400
10:14:00.635 [Thread Group 1-401] INFO  o.apache.jmeter.threads.JMeterThread - Thread started: Thread Group 1-401
10:14:00.639 [Thread Group 1-404] INFO  o.apache.jmeter.threads.JMeterThread - Thread started: Thread Group 1-404
10:14:00.639 [Thread Group 1-405] INFO  o.apache.jmeter.threads.JMeterThread - Thread started: Thread Group 1-405
10:14:00.640 [Thread Group 1-376] INFO  o.apache.jmeter.threads.JMeterThread - Thread started: Thread Group 1-376
10:14:00.644 [Thread Group 1-408] INFO  o.apache.jmeter.threads.JMeterThread - Thread started: Thread Group 1-408
10:14:00.644 [Thread Group 1-409] INFO  o.apache.jmeter.threads.JMeterThread - Thread started: Thread Group 1-409
10:14:00.651 [Thread Group 1-329] INFO  o.apache.jmeter.threads.JMeterThread - Thread started: Thread Group 1-329
10:14:00.684 [Thread Group 1-328] INFO  o.apache.jmeter.threads.JMeterThread - Thread started: Thread Group 1-328
10:14:00.693 [Thread Group 1-412] INFO  o.apache.jmeter.threads.JMeterThread - Thread started: Thread Group 1-412
10:14:01.068 [Thread Group 1-413] INFO  o.apache.jmeter.threads.JMeterThread - Thread started: Thread Group 1-413
10:14:01.115 [Thread Group 1-373] INFO  o.apache.jmeter.threads.JMeterThread - Thread started: Thread Group 1-373
10:14:01.115 [Thread Group 1-372] INFO  o.apache.jmeter.threads.JMeterThread - Thread started: Thread Group 1-372
10:14:01.115 [Thread Group 1-369] INFO  o.apache.jmeter.threads.JMeterThread - Thread started: Thread Group 1-369
10:14:01.116 [Thread Group 1-368] INFO  o.apache.jmeter.threads.JMeterThread - Thread started: Thread Group 1-368
10:14:01.116 [Thread Group 1-365] INFO  o.apache.jmeter.threads.JMeterThread - Thread started: Thread Group 1-365
10:14:01.116 [Thread Group 1-364] INFO  o.apache.jmeter.threads.JMeterThread - Thread started: Thread Group 1-364
10:14:01.123 [Thread Group 1-388] INFO  o.apache.jmeter.threads.JMeterThread - Thread started: Thread Group 1-388
10:14:01.124 [Thread Group 1-385] INFO  o.apache.jmeter.threads.JMeterThread - Thread started: Thread Group 1-385
10:14:01.143 [Thread Group 1-416] INFO  o.apache.jmeter.threads.JMeterThread - Thread started: Thread Group 1-416
10:14:01.143 [Thread Group 1-417] INFO  o.apache.jmeter.threads.JMeterThread - Thread started: Thread Group 1-417
10:14:01.147 [Thread Group 1-360] INFO  o.apache.jmeter.threads.JMeterThread - Thread started: Thread Group 1-360
10:14:01.147 [Thread Group 1-361] INFO  o.apache.jmeter.threads.JMeterThread - Thread started: Thread Group 1-361
10:14:01.209 [Thread Group 1-383] INFO  o.apache.jmeter.threads.JMeterThread - Thread started: Thread Group 1-383
10:14:01.210 [Thread Group 1-371] INFO  o.apache.jmeter.threads.JMeterThread - Thread started: Thread Group 1-371
10:14:01.210 [Thread Group 1-378] INFO  o.apache.jmeter.threads.JMeterThread - Thread started: Thread Group 1-378
10:14:01.210 [Thread Group 1-379] INFO  o.apache.jmeter.threads.JMeterThread - Thread started: Thread Group 1-379
10:14:01.211 [Thread Group 1-375] INFO  o.apache.jmeter.threads.JMeterThread - Thread started: Thread Group 1-375
10:14:01.220 [Thread Group 1-374] INFO  o.apache.jmeter.threads.JMeterThread - Thread started: Thread Group 1-374
10:14:01.223 [Thread Group 1-382] INFO  o.apache.jmeter.threads.JMeterThread - Thread started: Thread Group 1-382
10:14:01.294 [Thread Group 1-370] INFO  o.apache.jmeter.threads.JMeterThread - Thread started: Thread Group 1-370
10:14:01.879 [Thread Group 1-502] INFO  o.apache.jmeter.threads.JMeterThread - Thread started: Thread Group 1-502
10:14:01.880 [Thread Group 1-503] INFO  o.apache.jmeter.threads.JMeterThread - Thread started: Thread Group 1-503
10:14:01.881 [Thread Group 1-499] INFO  o.apache.jmeter.threads.JMeterThread - Thread started: Thread Group 1-499
10:14:01.881 [Thread Group 1-490] INFO  o.apache.jmeter.threads.JMeterThread - Thread started: Thread Group 1-490
10:14:01.881 [Thread Group 1-498] INFO  o.apache.jmeter.threads.JMeterThread - Thread started: Thread Group 1-498
10:14:01.881 [Thread Group 1-494] INFO  o.apache.jmeter.threads.JMeterThread - Thread started: Thread Group 1-494
10:14:01.882 [Thread Group 1-495] INFO  o.apache.jmeter.threads.JMeterThread - Thread started: Thread Group 1-495
10:14:01.883 [Thread Group 1-491] INFO  o.apache.jmeter.threads.JMeterThread - Thread started: Thread Group 1-491
10:14:01.893 [Thread Group 1-486] INFO  o.apache.jmeter.threads.JMeterThread - Thread started: Thread Group 1-486
10:14:01.920 [Thread Group 1-506] INFO  o.apache.jmeter.threads.JMeterThread - Thread started: Thread Group 1-506
10:14:01.920 [Thread Group 1-487] INFO  o.apache.jmeter.threads.JMeterThread - Thread started: Thread Group 1-487
10:14:01.926 [Thread Group 1-507] INFO  o.apache.jmeter.threads.JMeterThread - Thread started: Thread Group 1-507
10:14:01.933 [Thread Group 1-483] INFO  o.apache.jmeter.threads.JMeterThread - Thread started: Thread Group 1-483
10:14:01.953 [Thread Group 1-482] INFO  o.apache.jmeter.threads.JMeterThread - Thread started: Thread Group 1-482
10:14:01.969 [Thread Group 1-475] INFO  o.apache.jmeter.threads.JMeterThread - Thread started: Thread Group 1-475
10:14:01.978 [Thread Group 1-478] INFO  o.apache.jmeter.threads.JMeterThread - Thread started: Thread Group 1-478
10:14:01.979 [Thread Group 1-479] INFO  o.apache.jmeter.threads.JMeterThread - Thread started: Thread Group 1-479
10:14:01.979 [Thread Group 1-450] INFO  o.apache.jmeter.threads.JMeterThread - Thread started: Thread Group 1-450
10:14:01.980 [Thread Group 1-455] INFO  o.apache.jmeter.threads.JMeterThread - Thread started: Thread Group 1-455
10:14:01.980 [Thread Group 1-454] INFO  o.apache.jmeter.threads.JMeterThread - Thread started: Thread Group 1-454
10:14:01.980 [Thread Group 1-458] INFO  o.apache.jmeter.threads.JMeterThread - Thread started: Thread Group 1-458
10:14:01.980 [Thread Group 1-459] INFO  o.apache.jmeter.threads.JMeterThread - Thread started: Thread Group 1-459
10:14:01.980 [Thread Group 1-462] INFO  o.apache.jmeter.threads.JMeterThread - Thread started: Thread Group 1-462
10:14:01.980 [Thread Group 1-463] INFO  o.apache.jmeter.threads.JMeterThread - Thread started: Thread Group 1-463
10:14:01.981 [Thread Group 1-447] INFO  o.apache.jmeter.threads.JMeterThread - Thread started: Thread Group 1-447
10:14:01.981 [Thread Group 1-466] INFO  o.apache.jmeter.threads.JMeterThread - Thread started: Thread Group 1-466
10:14:01.981 [Thread Group 1-467] INFO  o.apache.jmeter.threads.JMeterThread - Thread started: Thread Group 1-467
10:14:01.981 [Thread Group 1-470] INFO  o.apache.jmeter.threads.JMeterThread - Thread started: Thread Group 1-470
10:14:01.981 [Thread Group 1-471] INFO  o.apache.jmeter.threads.JMeterThread - Thread started: Thread Group 1-471
10:14:01.981 [Thread Group 1-474] INFO  o.apache.jmeter.threads.JMeterThread - Thread started: Thread Group 1-474
10:14:01.981 [Thread Group 1-418] INFO  o.apache.jmeter.threads.JMeterThread - Thread started: Thread Group 1-418
10:14:01.981 [Thread Group 1-419] INFO  o.apache.jmeter.threads.JMeterThread - Thread started: Thread Group 1-419
10:14:01.982 [Thread Group 1-415] INFO  o.apache.jmeter.threads.JMeterThread - Thread started: Thread Group 1-415
10:14:01.982 [Thread Group 1-414] INFO  o.apache.jmeter.threads.JMeterThread - Thread started: Thread Group 1-414
10:14:01.982 [Thread Group 1-411] INFO  o.apache.jmeter.threads.JMeterThread - Thread started: Thread Group 1-411
10:14:01.982 [Thread Group 1-422] INFO  o.apache.jmeter.threads.JMeterThread - Thread started: Thread Group 1-422
10:14:01.982 [Thread Group 1-423] INFO  o.apache.jmeter.threads.JMeterThread - Thread started: Thread Group 1-423
10:14:01.982 [Thread Group 1-427] INFO  o.apache.jmeter.threads.JMeterThread - Thread started: Thread Group 1-427
10:14:01.982 [Thread Group 1-426] INFO  o.apache.jmeter.threads.JMeterThread - Thread started: Thread Group 1-426
10:14:01.983 [Thread Group 1-431] INFO  o.apache.jmeter.threads.JMeterThread - Thread started: Thread Group 1-431
10:14:01.983 [Thread Group 1-430] INFO  o.apache.jmeter.threads.JMeterThread - Thread started: Thread Group 1-430
10:14:01.983 [Thread Group 1-434] INFO  o.apache.jmeter.threads.JMeterThread - Thread started: Thread Group 1-434
10:14:01.983 [Thread Group 1-435] INFO  o.apache.jmeter.threads.JMeterThread - Thread started: Thread Group 1-435
10:14:01.983 [Thread Group 1-439] INFO  o.apache.jmeter.threads.JMeterThread - Thread started: Thread Group 1-439
10:14:01.983 [Thread Group 1-438] INFO  o.apache.jmeter.threads.JMeterThread - Thread started: Thread Group 1-438
10:14:01.983 [Thread Group 1-443] INFO  o.apache.jmeter.threads.JMeterThread - Thread started: Thread Group 1-443
10:14:01.983 [Thread Group 1-442] INFO  o.apache.jmeter.threads.JMeterThread - Thread started: Thread Group 1-442
10:14:01.983 [Thread Group 1-446] INFO  o.apache.jmeter.threads.JMeterThread - Thread started: Thread Group 1-446
10:14:01.983 [Thread Group 1-451] INFO  o.apache.jmeter.threads.JMeterThread - Thread started: Thread Group 1-451
10:14:01.983 [Thread Group 1-410] INFO  o.apache.jmeter.threads.JMeterThread - Thread started: Thread Group 1-410
10:14:02.001 [Thread Group 1-366] INFO  o.apache.jmeter.threads.JMeterThread - Thread started: Thread Group 1-366
10:14:02.001 [Thread Group 1-363] INFO  o.apache.jmeter.threads.JMeterThread - Thread started: Thread Group 1-363
10:14:02.001 [Thread Group 1-362] INFO  o.apache.jmeter.threads.JMeterThread - Thread started: Thread Group 1-362
10:14:02.002 [Thread Group 1-390] INFO  o.apache.jmeter.threads.JMeterThread - Thread started: Thread Group 1-390
10:14:02.002 [Thread Group 1-391] INFO  o.apache.jmeter.threads.JMeterThread - Thread started: Thread Group 1-391
10:14:02.002 [Thread Group 1-387] INFO  o.apache.jmeter.threads.JMeterThread - Thread started: Thread Group 1-387
10:14:02.002 [Thread Group 1-367] INFO  o.apache.jmeter.threads.JMeterThread - Thread started: Thread Group 1-367
10:14:02.002 [Thread Group 1-394] INFO  o.apache.jmeter.threads.JMeterThread - Thread started: Thread Group 1-394
10:14:02.002 [Thread Group 1-395] INFO  o.apache.jmeter.threads.JMeterThread - Thread started: Thread Group 1-395
10:14:02.002 [Thread Group 1-398] INFO  o.apache.jmeter.threads.JMeterThread - Thread started: Thread Group 1-398
10:14:02.002 [Thread Group 1-399] INFO  o.apache.jmeter.threads.JMeterThread - Thread started: Thread Group 1-399
10:14:02.002 [Thread Group 1-402] INFO  o.apache.jmeter.threads.JMeterThread - Thread started: Thread Group 1-402
10:14:02.002 [Thread Group 1-403] INFO  o.apache.jmeter.threads.JMeterThread - Thread started: Thread Group 1-403
10:14:02.002 [Thread Group 1-407] INFO  o.apache.jmeter.threads.JMeterThread - Thread started: Thread Group 1-407
10:14:02.002 [Thread Group 1-406] INFO  o.apache.jmeter.threads.JMeterThread - Thread started: Thread Group 1-406
10:14:02.003 [Thread Group 1-359] INFO  o.apache.jmeter.threads.JMeterThread - Thread started: Thread Group 1-359
10:14:02.006 [Thread Group 1-358] INFO  o.apache.jmeter.threads.JMeterThread - Thread started: Thread Group 1-358
10:14:02.008 [Thread Group 1-386] INFO  o.apache.jmeter.threads.JMeterThread - Thread started: Thread Group 1-386
10:14:02.009 [Thread Group 1-355] INFO  o.apache.jmeter.threads.JMeterThread - Thread started: Thread Group 1-355
10:14:02.009 [Thread Group 1-351] INFO  o.apache.jmeter.threads.JMeterThread - Thread started: Thread Group 1-351
10:14:02.009 [Thread Group 1-354] INFO  o.apache.jmeter.threads.JMeterThread - Thread started: Thread Group 1-354
10:14:02.009 [Thread Group 1-350] INFO  o.apache.jmeter.threads.JMeterThread - Thread started: Thread Group 1-350
10:14:02.009 [Thread Group 1-347] INFO  o.apache.jmeter.threads.JMeterThread - Thread started: Thread Group 1-347
10:14:02.009 [Thread Group 1-346] INFO  o.apache.jmeter.threads.JMeterThread - Thread started: Thread Group 1-346
10:14:02.015 [Thread Group 1-343] INFO  o.apache.jmeter.threads.JMeterThread - Thread started: Thread Group 1-343
10:14:02.018 [Thread Group 1-342] INFO  o.apache.jmeter.threads.JMeterThread - Thread started: Thread Group 1-342
10:14:02.049 [Thread Group 1-339] INFO  o.apache.jmeter.threads.JMeterThread - Thread started: Thread Group 1-339
10:14:02.407 [Thread Group 1-546] INFO  o.apache.jmeter.threads.JMeterThread - Thread started: Thread Group 1-546
10:14:02.415 [Thread Group 1-544] INFO  o.apache.jmeter.threads.JMeterThread - Thread started: Thread Group 1-544
10:14:02.417 [Thread Group 1-545] INFO  o.apache.jmeter.threads.JMeterThread - Thread started: Thread Group 1-545
10:14:02.468 [Thread Group 1-548] INFO  o.apache.jmeter.threads.JMeterThread - Thread started: Thread Group 1-548
10:14:02.468 [Thread Group 1-549] INFO  o.apache.jmeter.threads.JMeterThread - Thread started: Thread Group 1-549
10:14:02.505 [Thread Group 1-552] INFO  o.apache.jmeter.threads.JMeterThread - Thread started: Thread Group 1-552
10:14:02.518 [Thread Group 1-547] INFO  o.apache.jmeter.threads.JMeterThread - Thread started: Thread Group 1-547
10:14:02.523 [Thread Group 1-550] INFO  o.apache.jmeter.threads.JMeterThread - Thread started: Thread Group 1-550
10:14:02.524 [Thread Group 1-551] INFO  o.apache.jmeter.threads.JMeterThread - Thread started: Thread Group 1-551
10:14:02.560 [Thread Group 1-554] INFO  o.apache.jmeter.threads.JMeterThread - Thread started: Thread Group 1-554
10:14:02.578 [Thread Group 1-556] INFO  o.apache.jmeter.threads.JMeterThread - Thread started: Thread Group 1-556
10:14:02.578 [Thread Group 1-558] INFO  o.apache.jmeter.threads.JMeterThread - Thread started: Thread Group 1-558
10:14:02.578 [Thread Group 1-559] INFO  o.apache.jmeter.threads.JMeterThread - Thread started: Thread Group 1-559
10:14:02.578 [Thread Group 1-557] INFO  o.apache.jmeter.threads.JMeterThread - Thread started: Thread Group 1-557
10:14:02.584 [Thread Group 1-553] INFO  o.apache.jmeter.threads.JMeterThread - Thread started: Thread Group 1-553
10:14:02.585 [Thread Group 1-555] INFO  o.apache.jmeter.threads.JMeterThread - Thread started: Thread Group 1-555
10:14:02.615 [Thread Group 1-562] INFO  o.apache.jmeter.threads.JMeterThread - Thread started: Thread Group 1-562
10:14:02.649 [Thread Group 1-560] INFO  o.apache.jmeter.threads.JMeterThread - Thread started: Thread Group 1-560
10:14:02.649 [Thread Group 1-561] INFO  o.apache.jmeter.threads.JMeterThread - Thread started: Thread Group 1-561
10:14:02.650 [Thread Group 1-564] INFO  o.apache.jmeter.threads.JMeterThread - Thread started: Thread Group 1-564
10:14:02.653 [Thread Group 1-565] INFO  o.apache.jmeter.threads.JMeterThread - Thread started: Thread Group 1-565
10:14:02.377 [Thread Group 1-543] INFO  o.apache.jmeter.threads.JMeterThread - Thread started: Thread Group 1-543
10:14:02.700 [Thread Group 1-568] INFO  o.apache.jmeter.threads.JMeterThread - Thread started: Thread Group 1-568
10:14:02.377 [Thread Group 1-542] INFO  o.apache.jmeter.threads.JMeterThread - Thread started: Thread Group 1-542
10:14:02.375 [Thread Group 1-539] INFO  o.apache.jmeter.threads.JMeterThread - Thread started: Thread Group 1-539
10:14:02.717 [Thread Group 1-569] INFO  o.apache.jmeter.threads.JMeterThread - Thread started: Thread Group 1-569
10:14:02.348 [Thread Group 1-541] INFO  o.apache.jmeter.threads.JMeterThread - Thread started: Thread Group 1-541
10:14:02.336 [Thread Group 1-510] INFO  o.apache.jmeter.threads.JMeterThread - Thread started: Thread Group 1-510
10:14:02.336 [Thread Group 1-511] INFO  o.apache.jmeter.threads.JMeterThread - Thread started: Thread Group 1-511
10:14:02.335 [Thread Group 1-514] INFO  o.apache.jmeter.threads.JMeterThread - Thread started: Thread Group 1-514
10:14:02.335 [Thread Group 1-515] INFO  o.apache.jmeter.threads.JMeterThread - Thread started: Thread Group 1-515
10:14:02.335 [Thread Group 1-519] INFO  o.apache.jmeter.threads.JMeterThread - Thread started: Thread Group 1-519
10:14:02.334 [Thread Group 1-540] INFO  o.apache.jmeter.threads.JMeterThread - Thread started: Thread Group 1-540
10:14:02.328 [Thread Group 1-518] INFO  o.apache.jmeter.threads.JMeterThread - Thread started: Thread Group 1-518
10:14:02.322 [Thread Group 1-537] INFO  o.apache.jmeter.threads.JMeterThread - Thread started: Thread Group 1-537
10:14:02.322 [Thread Group 1-536] INFO  o.apache.jmeter.threads.JMeterThread - Thread started: Thread Group 1-536
10:14:02.303 [Thread Group 1-538] INFO  o.apache.jmeter.threads.JMeterThread - Thread started: Thread Group 1-538
10:14:02.301 [Thread Group 1-522] INFO  o.apache.jmeter.threads.JMeterThread - Thread started: Thread Group 1-522
10:14:02.747 [Thread Group 1-572] INFO  o.apache.jmeter.threads.JMeterThread - Thread started: Thread Group 1-572
10:14:02.284 [Thread Group 1-523] INFO  o.apache.jmeter.threads.JMeterThread - Thread started: Thread Group 1-523
10:14:02.758 [Thread Group 1-573] INFO  o.apache.jmeter.threads.JMeterThread - Thread started: Thread Group 1-573
10:14:02.270 [Thread Group 1-535] INFO  o.apache.jmeter.threads.JMeterThread - Thread started: Thread Group 1-535
10:14:02.261 [Thread Group 1-534] INFO  o.apache.jmeter.threads.JMeterThread - Thread started: Thread Group 1-534
10:14:02.243 [Thread Group 1-533] INFO  o.apache.jmeter.threads.JMeterThread - Thread started: Thread Group 1-533
10:14:02.237 [Thread Group 1-526] INFO  o.apache.jmeter.threads.JMeterThread - Thread started: Thread Group 1-526
10:14:02.236 [Thread Group 1-453] INFO  o.apache.jmeter.threads.JMeterThread - Thread started: Thread Group 1-453
10:14:02.236 [Thread Group 1-449] INFO  o.apache.jmeter.threads.JMeterThread - Thread started: Thread Group 1-449
10:14:02.236 [Thread Group 1-452] INFO  o.apache.jmeter.threads.JMeterThread - Thread started: Thread Group 1-452
10:14:02.236 [Thread Group 1-445] INFO  o.apache.jmeter.threads.JMeterThread - Thread started: Thread Group 1-445
10:14:02.236 [Thread Group 1-444] INFO  o.apache.jmeter.threads.JMeterThread - Thread started: Thread Group 1-444
10:14:02.236 [Thread Group 1-441] INFO  o.apache.jmeter.threads.JMeterThread - Thread started: Thread Group 1-441
10:14:02.236 [Thread Group 1-448] INFO  o.apache.jmeter.threads.JMeterThread - Thread started: Thread Group 1-448
10:14:02.236 [Thread Group 1-437] INFO  o.apache.jmeter.threads.JMeterThread - Thread started: Thread Group 1-437
10:14:02.236 [Thread Group 1-436] INFO  o.apache.jmeter.threads.JMeterThread - Thread started: Thread Group 1-436
10:14:02.236 [Thread Group 1-440] INFO  o.apache.jmeter.threads.JMeterThread - Thread started: Thread Group 1-440
10:14:02.236 [Thread Group 1-432] INFO  o.apache.jmeter.threads.JMeterThread - Thread started: Thread Group 1-432
10:14:02.236 [Thread Group 1-433] INFO  o.apache.jmeter.threads.JMeterThread - Thread started: Thread Group 1-433
10:14:02.236 [Thread Group 1-429] INFO  o.apache.jmeter.threads.JMeterThread - Thread started: Thread Group 1-429
10:14:02.236 [Thread Group 1-428] INFO  o.apache.jmeter.threads.JMeterThread - Thread started: Thread Group 1-428
10:14:03.004 [Thread Group 1-592] INFO  o.apache.jmeter.threads.JMeterThread - Thread started: Thread Group 1-592
10:14:02.975 [Thread Group 1-586] INFO  o.apache.jmeter.threads.JMeterThread - Thread started: Thread Group 1-586
10:14:02.965 [Thread Group 1-589] INFO  o.apache.jmeter.threads.JMeterThread - Thread started: Thread Group 1-589
10:14:02.953 [Thread Group 1-588] INFO  o.apache.jmeter.threads.JMeterThread - Thread started: Thread Group 1-588
10:14:02.921 [Thread Group 1-583] INFO  o.apache.jmeter.threads.JMeterThread - Thread started: Thread Group 1-583
10:14:02.914 [Thread Group 1-585] INFO  o.apache.jmeter.threads.JMeterThread - Thread started: Thread Group 1-585
10:14:02.899 [Thread Group 1-584] INFO  o.apache.jmeter.threads.JMeterThread - Thread started: Thread Group 1-584
10:14:02.891 [Thread Group 1-581] INFO  o.apache.jmeter.threads.JMeterThread - Thread started: Thread Group 1-581
10:14:02.884 [Thread Group 1-582] INFO  o.apache.jmeter.threads.JMeterThread - Thread started: Thread Group 1-582
10:14:02.849 [Thread Group 1-580] INFO  o.apache.jmeter.threads.JMeterThread - Thread started: Thread Group 1-580
10:14:02.835 [Thread Group 1-579] INFO  o.apache.jmeter.threads.JMeterThread - Thread started: Thread Group 1-579
10:14:02.834 [Thread Group 1-578] INFO  o.apache.jmeter.threads.JMeterThread - Thread started: Thread Group 1-578
10:14:02.834 [Thread Group 1-575] INFO  o.apache.jmeter.threads.JMeterThread - Thread started: Thread Group 1-575
10:14:02.834 [Thread Group 1-574] INFO  o.apache.jmeter.threads.JMeterThread - Thread started: Thread Group 1-574
10:14:02.834 [Thread Group 1-571] INFO  o.apache.jmeter.threads.JMeterThread - Thread started: Thread Group 1-571
10:14:03.014 [Thread Group 1-587] INFO  o.apache.jmeter.threads.JMeterThread - Thread started: Thread Group 1-587
10:14:03.017 [Thread Group 1-593] INFO  o.apache.jmeter.threads.JMeterThread - Thread started: Thread Group 1-593
10:14:02.832 [Thread Group 1-570] INFO  o.apache.jmeter.threads.JMeterThread - Thread started: Thread Group 1-570
10:14:02.830 [Thread Group 1-567] INFO  o.apache.jmeter.threads.JMeterThread - Thread started: Thread Group 1-567
10:14:02.829 [Thread Group 1-566] INFO  o.apache.jmeter.threads.JMeterThread - Thread started: Thread Group 1-566
10:14:02.826 [Thread Group 1-563] INFO  o.apache.jmeter.threads.JMeterThread - Thread started: Thread Group 1-563
10:14:02.197 [Thread Group 1-527] INFO  o.apache.jmeter.threads.JMeterThread - Thread started: Thread Group 1-527
10:14:02.202 [Thread Group 1-530] INFO  o.apache.jmeter.threads.JMeterThread - Thread started: Thread Group 1-530
10:14:02.810 [Thread Group 1-577] INFO  o.apache.jmeter.threads.JMeterThread - Thread started: Thread Group 1-577
10:14:02.211 [Thread Group 1-531] INFO  o.apache.jmeter.threads.JMeterThread - Thread started: Thread Group 1-531
10:14:02.796 [Thread Group 1-576] INFO  o.apache.jmeter.threads.JMeterThread - Thread started: Thread Group 1-576
10:14:02.235 [Thread Group 1-532] INFO  o.apache.jmeter.threads.JMeterThread - Thread started: Thread Group 1-532
10:14:02.235 [Thread Group 1-528] INFO  o.apache.jmeter.threads.JMeterThread - Thread started: Thread Group 1-528
10:14:02.235 [Thread Group 1-529] INFO  o.apache.jmeter.threads.JMeterThread - Thread started: Thread Group 1-529
10:14:02.235 [Thread Group 1-525] INFO  o.apache.jmeter.threads.JMeterThread - Thread started: Thread Group 1-525
10:14:02.235 [Thread Group 1-513] INFO  o.apache.jmeter.threads.JMeterThread - Thread started: Thread Group 1-513
10:14:02.235 [Thread Group 1-512] INFO  o.apache.jmeter.threads.JMeterThread - Thread started: Thread Group 1-512
10:14:02.235 [Thread Group 1-517] INFO  o.apache.jmeter.threads.JMeterThread - Thread started: Thread Group 1-517
10:14:02.235 [Thread Group 1-520] INFO  o.apache.jmeter.threads.JMeterThread - Thread started: Thread Group 1-520
10:14:02.235 [Thread Group 1-516] INFO  o.apache.jmeter.threads.JMeterThread - Thread started: Thread Group 1-516
10:14:02.235 [Thread Group 1-521] INFO  o.apache.jmeter.threads.JMeterThread - Thread started: Thread Group 1-521
10:14:02.235 [Thread Group 1-524] INFO  o.apache.jmeter.threads.JMeterThread - Thread started: Thread Group 1-524
10:14:02.235 [Thread Group 1-456] INFO  o.apache.jmeter.threads.JMeterThread - Thread started: Thread Group 1-456
10:14:02.235 [Thread Group 1-457] INFO  o.apache.jmeter.threads.JMeterThread - Thread started: Thread Group 1-457
10:14:02.235 [Thread Group 1-460] INFO  o.apache.jmeter.threads.JMeterThread - Thread started: Thread Group 1-460
10:14:02.235 [Thread Group 1-461] INFO  o.apache.jmeter.threads.JMeterThread - Thread started: Thread Group 1-461
10:14:02.235 [Thread Group 1-464] INFO  o.apache.jmeter.threads.JMeterThread - Thread started: Thread Group 1-464
10:14:02.235 [Thread Group 1-465] INFO  o.apache.jmeter.threads.JMeterThread - Thread started: Thread Group 1-465
10:14:02.235 [Thread Group 1-468] INFO  o.apache.jmeter.threads.JMeterThread - Thread started: Thread Group 1-468
10:14:02.235 [Thread Group 1-469] INFO  o.apache.jmeter.threads.JMeterThread - Thread started: Thread Group 1-469
10:14:02.235 [Thread Group 1-473] INFO  o.apache.jmeter.threads.JMeterThread - Thread started: Thread Group 1-473
10:14:02.235 [Thread Group 1-472] INFO  o.apache.jmeter.threads.JMeterThread - Thread started: Thread Group 1-472
10:14:02.235 [Thread Group 1-476] INFO  o.apache.jmeter.threads.JMeterThread - Thread started: Thread Group 1-476
10:14:02.235 [Thread Group 1-477] INFO  o.apache.jmeter.threads.JMeterThread - Thread started: Thread Group 1-477
10:14:02.235 [Thread Group 1-481] INFO  o.apache.jmeter.threads.JMeterThread - Thread started: Thread Group 1-481
10:14:02.235 [Thread Group 1-480] INFO  o.apache.jmeter.threads.JMeterThread - Thread started: Thread Group 1-480
10:14:02.235 [Thread Group 1-485] INFO  o.apache.jmeter.threads.JMeterThread - Thread started: Thread Group 1-485
10:14:02.235 [Thread Group 1-484] INFO  o.apache.jmeter.threads.JMeterThread - Thread started: Thread Group 1-484
10:14:02.235 [Thread Group 1-488] INFO  o.apache.jmeter.threads.JMeterThread - Thread started: Thread Group 1-488
10:14:02.236 [Thread Group 1-492] INFO  o.apache.jmeter.threads.JMeterThread - Thread started: Thread Group 1-492
10:14:02.236 [Thread Group 1-489] INFO  o.apache.jmeter.threads.JMeterThread - Thread started: Thread Group 1-489
10:14:02.236 [Thread Group 1-493] INFO  o.apache.jmeter.threads.JMeterThread - Thread started: Thread Group 1-493
10:14:02.236 [Thread Group 1-496] INFO  o.apache.jmeter.threads.JMeterThread - Thread started: Thread Group 1-496
10:14:02.236 [Thread Group 1-497] INFO  o.apache.jmeter.threads.JMeterThread - Thread started: Thread Group 1-497
10:14:02.236 [Thread Group 1-500] INFO  o.apache.jmeter.threads.JMeterThread - Thread started: Thread Group 1-500
10:14:02.236 [Thread Group 1-501] INFO  o.apache.jmeter.threads.JMeterThread - Thread started: Thread Group 1-501
10:14:02.236 [Thread Group 1-505] INFO  o.apache.jmeter.threads.JMeterThread - Thread started: Thread Group 1-505
10:14:02.236 [Thread Group 1-504] INFO  o.apache.jmeter.threads.JMeterThread - Thread started: Thread Group 1-504
10:14:02.236 [Thread Group 1-509] INFO  o.apache.jmeter.threads.JMeterThread - Thread started: Thread Group 1-509
10:14:02.236 [Thread Group 1-508] INFO  o.apache.jmeter.threads.JMeterThread - Thread started: Thread Group 1-508
10:14:02.236 [Thread Group 1-424] INFO  o.apache.jmeter.threads.JMeterThread - Thread started: Thread Group 1-424
10:14:02.236 [Thread Group 1-421] INFO  o.apache.jmeter.threads.JMeterThread - Thread started: Thread Group 1-421
10:14:02.236 [Thread Group 1-420] INFO  o.apache.jmeter.threads.JMeterThread - Thread started: Thread Group 1-420
10:14:02.236 [Thread Group 1-425] INFO  o.apache.jmeter.threads.JMeterThread - Thread started: Thread Group 1-425
10:14:03.061 [Thread Group 1-596] INFO  o.apache.jmeter.threads.JMeterThread - Thread started: Thread Group 1-596
10:14:03.086 [Thread Group 1-597] INFO  o.apache.jmeter.threads.JMeterThread - Thread started: Thread Group 1-597
10:14:03.109 [Thread Group 1-600] INFO  o.apache.jmeter.threads.JMeterThread - Thread started: Thread Group 1-600
10:14:03.126 [Thread Group 1-601] INFO  o.apache.jmeter.threads.JMeterThread - Thread started: Thread Group 1-601
10:14:03.174 [Thread Group 1-604] INFO  o.apache.jmeter.threads.JMeterThread - Thread started: Thread Group 1-604
10:14:03.174 [Thread Group 1-605] INFO  o.apache.jmeter.threads.JMeterThread - Thread started: Thread Group 1-605
10:14:03.241 [Thread Group 1-608] INFO  o.apache.jmeter.threads.JMeterThread - Thread started: Thread Group 1-608
10:14:03.243 [Thread Group 1-609] INFO  o.apache.jmeter.threads.JMeterThread - Thread started: Thread Group 1-609
10:14:03.274 [Thread Group 1-612] INFO  o.apache.jmeter.threads.JMeterThread - Thread started: Thread Group 1-612
10:14:03.277 [Thread Group 1-613] INFO  o.apache.jmeter.threads.JMeterThread - Thread started: Thread Group 1-613
10:14:03.367 [Thread Group 1-620] INFO  o.apache.jmeter.threads.JMeterThread - Thread started: Thread Group 1-620
10:14:03.384 [Thread Group 1-621] INFO  o.apache.jmeter.threads.JMeterThread - Thread started: Thread Group 1-621
10:14:03.392 [Thread Group 1-603] INFO  o.apache.jmeter.threads.JMeterThread - Thread started: Thread Group 1-603
10:14:03.408 [Thread Group 1-602] INFO  o.apache.jmeter.threads.JMeterThread - Thread started: Thread Group 1-602
10:14:03.411 [Thread Group 1-599] INFO  o.apache.jmeter.threads.JMeterThread - Thread started: Thread Group 1-599
10:14:03.422 [Thread Group 1-624] INFO  o.apache.jmeter.threads.JMeterThread - Thread started: Thread Group 1-624
10:14:03.448 [Thread Group 1-625] INFO  o.apache.jmeter.threads.JMeterThread - Thread started: Thread Group 1-625
10:14:03.460 [Thread Group 1-598] INFO  o.apache.jmeter.threads.JMeterThread - Thread started: Thread Group 1-598
10:14:03.476 [Thread Group 1-595] INFO  o.apache.jmeter.threads.JMeterThread - Thread started: Thread Group 1-595
10:14:03.476 [Thread Group 1-594] INFO  o.apache.jmeter.threads.JMeterThread - Thread started: Thread Group 1-594
10:14:03.478 [Thread Group 1-628] INFO  o.apache.jmeter.threads.JMeterThread - Thread started: Thread Group 1-628
10:14:03.479 [Thread Group 1-627] INFO  o.apache.jmeter.threads.JMeterThread - Thread started: Thread Group 1-627
10:14:03.479 [Thread Group 1-622] INFO  o.apache.jmeter.threads.JMeterThread - Thread started: Thread Group 1-622
10:14:03.479 [Thread Group 1-623] INFO  o.apache.jmeter.threads.JMeterThread - Thread started: Thread Group 1-623
10:14:03.479 [Thread Group 1-614] INFO  o.apache.jmeter.threads.JMeterThread - Thread started: Thread Group 1-614
10:14:03.479 [Thread Group 1-619] INFO  o.apache.jmeter.threads.JMeterThread - Thread started: Thread Group 1-619
10:14:03.479 [Thread Group 1-618] INFO  o.apache.jmeter.threads.JMeterThread - Thread started: Thread Group 1-618
10:14:03.480 [Thread Group 1-611] INFO  o.apache.jmeter.threads.JMeterThread - Thread started: Thread Group 1-611
10:14:03.480 [Thread Group 1-610] INFO  o.apache.jmeter.threads.JMeterThread - Thread started: Thread Group 1-610
10:14:03.480 [Thread Group 1-607] INFO  o.apache.jmeter.threads.JMeterThread - Thread started: Thread Group 1-607
10:14:03.480 [Thread Group 1-606] INFO  o.apache.jmeter.threads.JMeterThread - Thread started: Thread Group 1-606
10:14:03.480 [Thread Group 1-615] INFO  o.apache.jmeter.threads.JMeterThread - Thread started: Thread Group 1-615
10:14:03.480 [Thread Group 1-591] INFO  o.apache.jmeter.threads.JMeterThread - Thread started: Thread Group 1-591
10:14:03.480 [Thread Group 1-626] INFO  o.apache.jmeter.threads.JMeterThread - Thread started: Thread Group 1-626
10:14:03.480 [Thread Group 1-590] INFO  o.apache.jmeter.threads.JMeterThread - Thread started: Thread Group 1-590
10:14:03.493 [Thread Group 1-617] INFO  o.apache.jmeter.threads.JMeterThread - Thread started: Thread Group 1-617
10:14:03.520 [Thread Group 1-616] INFO  o.apache.jmeter.threads.JMeterThread - Thread started: Thread Group 1-616
10:14:03.532 [Thread Group 1-629] INFO  o.apache.jmeter.threads.JMeterThread - Thread started: Thread Group 1-629
10:14:03.540 [Thread Group 1-632] INFO  o.apache.jmeter.threads.JMeterThread - Thread started: Thread Group 1-632
10:14:03.564 [Thread Group 1-633] INFO  o.apache.jmeter.threads.JMeterThread - Thread started: Thread Group 1-633
10:14:03.584 [Thread Group 1-636] INFO  o.apache.jmeter.threads.JMeterThread - Thread started: Thread Group 1-636
10:14:03.605 [Thread Group 1-637] INFO  o.apache.jmeter.threads.JMeterThread - Thread started: Thread Group 1-637
10:14:03.631 [Thread Group 1-640] INFO  o.apache.jmeter.threads.JMeterThread - Thread started: Thread Group 1-640
10:14:03.664 [Thread Group 1-641] INFO  o.apache.jmeter.threads.JMeterThread - Thread started: Thread Group 1-641
10:14:03.682 [Thread Group 1-644] INFO  o.apache.jmeter.threads.JMeterThread - Thread started: Thread Group 1-644
10:14:03.682 [Thread Group 1-630] INFO  o.apache.jmeter.threads.JMeterThread - Thread started: Thread Group 1-630
10:14:03.706 [Thread Group 1-645] INFO  o.apache.jmeter.threads.JMeterThread - Thread started: Thread Group 1-645
10:14:03.739 [Thread Group 1-631] INFO  o.apache.jmeter.threads.JMeterThread - Thread started: Thread Group 1-631
10:14:03.760 [Thread Group 1-648] INFO  o.apache.jmeter.threads.JMeterThread - Thread started: Thread Group 1-648
10:14:03.760 [Thread Group 1-649] INFO  o.apache.jmeter.threads.JMeterThread - Thread started: Thread Group 1-649
10:14:03.767 [Thread Group 1-634] INFO  o.apache.jmeter.threads.JMeterThread - Thread started: Thread Group 1-634
10:14:03.767 [Thread Group 1-635] INFO  o.apache.jmeter.threads.JMeterThread - Thread started: Thread Group 1-635
10:14:03.767 [Thread Group 1-638] INFO  o.apache.jmeter.threads.JMeterThread - Thread started: Thread Group 1-638
10:14:03.767 [Thread Group 1-639] INFO  o.apache.jmeter.threads.JMeterThread - Thread started: Thread Group 1-639
10:14:03.767 [Thread Group 1-642] INFO  o.apache.jmeter.threads.JMeterThread - Thread started: Thread Group 1-642
10:14:03.768 [Thread Group 1-643] INFO  o.apache.jmeter.threads.JMeterThread - Thread started: Thread Group 1-643
10:14:03.789 [Thread Group 1-646] INFO  o.apache.jmeter.threads.JMeterThread - Thread started: Thread Group 1-646
10:14:03.793 [Thread Group 1-647] INFO  o.apache.jmeter.threads.JMeterThread - Thread started: Thread Group 1-647
10:14:03.793 [Thread Group 1-650] INFO  o.apache.jmeter.threads.JMeterThread - Thread started: Thread Group 1-650
10:14:03.793 [Thread Group 1-651] INFO  o.apache.jmeter.threads.JMeterThread - Thread started: Thread Group 1-651
10:14:03.824 [Thread Group 1-654] INFO  o.apache.jmeter.threads.JMeterThread - Thread started: Thread Group 1-654
10:14:03.824 [Thread Group 1-655] INFO  o.apache.jmeter.threads.JMeterThread - Thread started: Thread Group 1-655
10:14:03.869 [Thread Group 1-658] INFO  o.apache.jmeter.threads.JMeterThread - Thread started: Thread Group 1-658
10:14:03.880 [Thread Group 1-659] INFO  o.apache.jmeter.threads.JMeterThread - Thread started: Thread Group 1-659
10:14:03.923 [Thread Group 1-662] INFO  o.apache.jmeter.threads.JMeterThread - Thread started: Thread Group 1-662
10:14:03.945 [Thread Group 1-663] INFO  o.apache.jmeter.threads.JMeterThread - Thread started: Thread Group 1-663
10:14:04.028 [Thread Group 1-666] INFO  o.apache.jmeter.threads.JMeterThread - Thread started: Thread Group 1-666
10:14:04.035 [Thread Group 1-667] INFO  o.apache.jmeter.threads.JMeterThread - Thread started: Thread Group 1-667
10:14:04.039 [Thread Group 1-670] INFO  o.apache.jmeter.threads.JMeterThread - Thread started: Thread Group 1-670
10:14:04.062 [Thread Group 1-671] INFO  o.apache.jmeter.threads.JMeterThread - Thread started: Thread Group 1-671
10:14:04.077 [Thread Group 1-674] INFO  o.apache.jmeter.threads.JMeterThread - Thread started: Thread Group 1-674
10:14:04.094 [Thread Group 1-669] INFO  o.apache.jmeter.threads.JMeterThread - Thread started: Thread Group 1-669
10:14:04.094 [Thread Group 1-668] INFO  o.apache.jmeter.threads.JMeterThread - Thread started: Thread Group 1-668
10:14:04.103 [Thread Group 1-665] INFO  o.apache.jmeter.threads.JMeterThread - Thread started: Thread Group 1-665
10:14:04.106 [Thread Group 1-664] INFO  o.apache.jmeter.threads.JMeterThread - Thread started: Thread Group 1-664
10:14:04.110 [Thread Group 1-661] INFO  o.apache.jmeter.threads.JMeterThread - Thread started: Thread Group 1-661
10:14:04.111 [Thread Group 1-675] INFO  o.apache.jmeter.threads.JMeterThread - Thread started: Thread Group 1-675
10:14:04.110 [Thread Group 1-660] INFO  o.apache.jmeter.threads.JMeterThread - Thread started: Thread Group 1-660
10:14:04.112 [Thread Group 1-657] INFO  o.apache.jmeter.threads.JMeterThread - Thread started: Thread Group 1-657
10:14:04.116 [Thread Group 1-656] INFO  o.apache.jmeter.threads.JMeterThread - Thread started: Thread Group 1-656
10:14:04.117 [Thread Group 1-653] INFO  o.apache.jmeter.threads.JMeterThread - Thread started: Thread Group 1-653
10:14:04.122 [Thread Group 1-652] INFO  o.apache.jmeter.threads.JMeterThread - Thread started: Thread Group 1-652
10:14:04.293 [Thread Group 1-672] INFO  o.apache.jmeter.threads.JMeterThread - Thread started: Thread Group 1-672
10:14:04.293 [Thread Group 1-673] INFO  o.apache.jmeter.threads.JMeterThread - Thread started: Thread Group 1-673
10:14:04.299 [Thread Group 1-676] INFO  o.apache.jmeter.threads.JMeterThread - Thread started: Thread Group 1-676
10:14:04.299 [Thread Group 1-677] INFO  o.apache.jmeter.threads.JMeterThread - Thread started: Thread Group 1-677
10:14:04.300 [Thread Group 1-680] INFO  o.apache.jmeter.threads.JMeterThread - Thread started: Thread Group 1-680
10:14:04.301 [Thread Group 1-681] INFO  o.apache.jmeter.threads.JMeterThread - Thread started: Thread Group 1-681
10:14:04.302 [Thread Group 1-684] INFO  o.apache.jmeter.threads.JMeterThread - Thread started: Thread Group 1-684
10:14:04.303 [Thread Group 1-685] INFO  o.apache.jmeter.threads.JMeterThread - Thread started: Thread Group 1-685
10:14:04.305 [Thread Group 1-688] INFO  o.apache.jmeter.threads.JMeterThread - Thread started: Thread Group 1-688
10:14:04.308 [Thread Group 1-689] INFO  o.apache.jmeter.threads.JMeterThread - Thread started: Thread Group 1-689
10:14:04.308 [Thread Group 1-692] INFO  o.apache.jmeter.threads.JMeterThread - Thread started: Thread Group 1-692
10:14:04.319 [Thread Group 1-678] INFO  o.apache.jmeter.threads.JMeterThread - Thread started: Thread Group 1-678
10:14:04.321 [Thread Group 1-693] INFO  o.apache.jmeter.threads.JMeterThread - Thread started: Thread Group 1-693
10:14:04.432 [Thread Group 1-679] INFO  o.apache.jmeter.threads.JMeterThread - Thread started: Thread Group 1-679
10:14:04.433 [Thread Group 1-682] INFO  o.apache.jmeter.threads.JMeterThread - Thread started: Thread Group 1-682
10:14:04.461 [Thread Group 1-704] INFO  o.apache.jmeter.threads.JMeterThread - Thread started: Thread Group 1-704
10:14:04.465 [Thread Group 1-696] INFO  o.apache.jmeter.threads.JMeterThread - Thread started: Thread Group 1-696
10:14:04.461 [Thread Group 1-697] INFO  o.apache.jmeter.threads.JMeterThread - Thread started: Thread Group 1-697
10:14:04.461 [Thread Group 1-701] INFO  o.apache.jmeter.threads.JMeterThread - Thread started: Thread Group 1-701
10:14:04.461 [Thread Group 1-700] INFO  o.apache.jmeter.threads.JMeterThread - Thread started: Thread Group 1-700
10:14:04.505 [Thread Group 1-690] INFO  o.apache.jmeter.threads.JMeterThread - Thread started: Thread Group 1-690
10:14:04.512 [Thread Group 1-691] INFO  o.apache.jmeter.threads.JMeterThread - Thread started: Thread Group 1-691
10:14:04.519 [Thread Group 1-708] INFO  o.apache.jmeter.threads.JMeterThread - Thread started: Thread Group 1-708
10:14:04.525 [Thread Group 1-709] INFO  o.apache.jmeter.threads.JMeterThread - Thread started: Thread Group 1-709
10:14:04.550 [Thread Group 1-687] INFO  o.apache.jmeter.threads.JMeterThread - Thread started: Thread Group 1-687
10:14:04.554 [Thread Group 1-686] INFO  o.apache.jmeter.threads.JMeterThread - Thread started: Thread Group 1-686
10:14:04.555 [Thread Group 1-694] INFO  o.apache.jmeter.threads.JMeterThread - Thread started: Thread Group 1-694
10:14:04.560 [Thread Group 1-683] INFO  o.apache.jmeter.threads.JMeterThread - Thread started: Thread Group 1-683
10:14:04.561 [Thread Group 1-695] INFO  o.apache.jmeter.threads.JMeterThread - Thread started: Thread Group 1-695
10:14:04.562 [Thread Group 1-706] INFO  o.apache.jmeter.threads.JMeterThread - Thread started: Thread Group 1-706
10:14:04.564 [Thread Group 1-707] INFO  o.apache.jmeter.threads.JMeterThread - Thread started: Thread Group 1-707
10:14:04.564 [Thread Group 1-711] INFO  o.apache.jmeter.threads.JMeterThread - Thread started: Thread Group 1-711
10:14:04.564 [Thread Group 1-710] INFO  o.apache.jmeter.threads.JMeterThread - Thread started: Thread Group 1-710
10:14:04.702 [Thread Group 1-712] INFO  o.apache.jmeter.threads.JMeterThread - Thread started: Thread Group 1-712
10:14:04.704 [Thread Group 1-713] INFO  o.apache.jmeter.threads.JMeterThread - Thread started: Thread Group 1-713
10:14:04.762 [Thread Group 1-716] INFO  o.apache.jmeter.threads.JMeterThread - Thread started: Thread Group 1-716
10:14:04.765 [Thread Group 1-717] INFO  o.apache.jmeter.threads.JMeterThread - Thread started: Thread Group 1-717
10:14:04.765 [Thread Group 1-720] INFO  o.apache.jmeter.threads.JMeterThread - Thread started: Thread Group 1-720
10:14:04.766 [Thread Group 1-721] INFO  o.apache.jmeter.threads.JMeterThread - Thread started: Thread Group 1-721
10:14:04.767 [Thread Group 1-725] INFO  o.apache.jmeter.threads.JMeterThread - Thread started: Thread Group 1-725
10:14:04.767 [Thread Group 1-724] INFO  o.apache.jmeter.threads.JMeterThread - Thread started: Thread Group 1-724
10:14:04.771 [Thread Group 1-728] INFO  o.apache.jmeter.threads.JMeterThread - Thread started: Thread Group 1-728
10:14:04.790 [Thread Group 1-714] INFO  o.apache.jmeter.threads.JMeterThread - Thread started: Thread Group 1-714
10:14:04.790 [Thread Group 1-715] INFO  o.apache.jmeter.threads.JMeterThread - Thread started: Thread Group 1-715
10:14:04.790 [Thread Group 1-718] INFO  o.apache.jmeter.threads.JMeterThread - Thread started: Thread Group 1-718
10:14:04.791 [Thread Group 1-719] INFO  o.apache.jmeter.threads.JMeterThread - Thread started: Thread Group 1-719
10:14:04.791 [Thread Group 1-722] INFO  o.apache.jmeter.threads.JMeterThread - Thread started: Thread Group 1-722
10:14:04.791 [Thread Group 1-723] INFO  o.apache.jmeter.threads.JMeterThread - Thread started: Thread Group 1-723
10:14:04.792 [Thread Group 1-726] INFO  o.apache.jmeter.threads.JMeterThread - Thread started: Thread Group 1-726
10:14:04.794 [Thread Group 1-727] INFO  o.apache.jmeter.threads.JMeterThread - Thread started: Thread Group 1-727
10:14:04.798 [Thread Group 1-730] INFO  o.apache.jmeter.threads.JMeterThread - Thread started: Thread Group 1-730
10:14:04.822 [Thread Group 1-731] INFO  o.apache.jmeter.threads.JMeterThread - Thread started: Thread Group 1-731
10:14:04.851 [Thread Group 1-729] INFO  o.apache.jmeter.threads.JMeterThread - Thread started: Thread Group 1-729
10:14:04.861 [Thread Group 1-732] INFO  o.apache.jmeter.threads.JMeterThread - Thread started: Thread Group 1-732
10:14:04.862 [Thread Group 1-733] INFO  o.apache.jmeter.threads.JMeterThread - Thread started: Thread Group 1-733
10:14:04.892 [Thread Group 1-736] INFO  o.apache.jmeter.threads.JMeterThread - Thread started: Thread Group 1-736
10:14:04.892 [Thread Group 1-737] INFO  o.apache.jmeter.threads.JMeterThread - Thread started: Thread Group 1-737
10:14:04.951 [Thread Group 1-734] INFO  o.apache.jmeter.threads.JMeterThread - Thread started: Thread Group 1-734
10:14:04.956 [Thread Group 1-735] INFO  o.apache.jmeter.threads.JMeterThread - Thread started: Thread Group 1-735
10:14:04.957 [Thread Group 1-738] INFO  o.apache.jmeter.threads.JMeterThread - Thread started: Thread Group 1-738
10:14:04.957 [Thread Group 1-739] INFO  o.apache.jmeter.threads.JMeterThread - Thread started: Thread Group 1-739
10:14:04.958 [Thread Group 1-742] INFO  o.apache.jmeter.threads.JMeterThread - Thread started: Thread Group 1-742
10:14:04.961 [Thread Group 1-740] INFO  o.apache.jmeter.threads.JMeterThread - Thread started: Thread Group 1-740
10:14:04.970 [Thread Group 1-741] INFO  o.apache.jmeter.threads.JMeterThread - Thread started: Thread Group 1-741
10:14:04.978 [Thread Group 1-698] INFO  o.apache.jmeter.threads.JMeterThread - Thread started: Thread Group 1-698
10:14:04.982 [Thread Group 1-744] INFO  o.apache.jmeter.threads.JMeterThread - Thread started: Thread Group 1-744
10:14:05.013 [Thread Group 1-743] INFO  o.apache.jmeter.threads.JMeterThread - Thread started: Thread Group 1-743
10:14:05.052 [Thread Group 1-746] INFO  o.apache.jmeter.threads.JMeterThread - Thread started: Thread Group 1-746
10:14:05.053 [Thread Group 1-747] INFO  o.apache.jmeter.threads.JMeterThread - Thread started: Thread Group 1-747
10:14:05.073 [Thread Group 1-745] INFO  o.apache.jmeter.threads.JMeterThread - Thread started: Thread Group 1-745
10:14:05.074 [Thread Group 1-748] INFO  o.apache.jmeter.threads.JMeterThread - Thread started: Thread Group 1-748
10:14:05.098 [Thread Group 1-699] INFO  o.apache.jmeter.threads.JMeterThread - Thread started: Thread Group 1-699
10:14:05.118 [Thread Group 1-702] INFO  o.apache.jmeter.threads.JMeterThread - Thread started: Thread Group 1-702
10:14:05.119 [Thread Group 1-703] INFO  o.apache.jmeter.threads.JMeterThread - Thread started: Thread Group 1-703
10:14:05.126 [Thread Group 1-705] INFO  o.apache.jmeter.threads.JMeterThread - Thread started: Thread Group 1-705
10:14:05.127 [Thread Group 1-752] INFO  o.apache.jmeter.threads.JMeterThread - Thread started: Thread Group 1-752
10:14:05.139 [Thread Group 1-749] INFO  o.apache.jmeter.threads.JMeterThread - Thread started: Thread Group 1-749
10:14:05.154 [Thread Group 1-753] INFO  o.apache.jmeter.threads.JMeterThread - Thread started: Thread Group 1-753
10:14:05.155 [Thread Group 1-756] INFO  o.apache.jmeter.threads.JMeterThread - Thread started: Thread Group 1-756
10:14:05.159 [Thread Group 1-757] INFO  o.apache.jmeter.threads.JMeterThread - Thread started: Thread Group 1-757
10:14:05.134 [Thread Group 1-751] INFO  o.apache.jmeter.threads.JMeterThread - Thread started: Thread Group 1-751
10:14:05.184 [Thread Group 1-758] INFO  o.apache.jmeter.threads.JMeterThread - Thread started: Thread Group 1-758
10:14:05.184 [Thread Group 1-750] INFO  o.apache.jmeter.threads.JMeterThread - Thread started: Thread Group 1-750
10:14:05.184 [Thread Group 1-755] INFO  o.apache.jmeter.threads.JMeterThread - Thread started: Thread Group 1-755
10:14:05.184 [Thread Group 1-754] INFO  o.apache.jmeter.threads.JMeterThread - Thread started: Thread Group 1-754
10:14:05.187 [Thread Group 1-759] INFO  o.apache.jmeter.threads.JMeterThread - Thread started: Thread Group 1-759
10:14:05.193 [Thread Group 1-760] INFO  o.apache.jmeter.threads.JMeterThread - Thread started: Thread Group 1-760
10:14:05.217 [Thread Group 1-761] INFO  o.apache.jmeter.threads.JMeterThread - Thread started: Thread Group 1-761
10:14:05.221 [Thread Group 1-762] INFO  o.apache.jmeter.threads.JMeterThread - Thread started: Thread Group 1-762
10:14:05.237 [Thread Group 1-453] INFO  o.apache.jmeter.reporters.Summariser - summary +      1 in 00:00:10 =    0.1/s Avg:  1868 Min:  1868 Max:  1868 Err:     1 (100.00%) Active: 758 Started: 758 Finished: 0
summary +      1 in 00:00:10 =    0.1/s Avg:  1868 Min:  1868 Max:  1868 Err:     1 (100.00%) Active: 758 Started: 758 Finished: 0
10:14:05.244 [Thread Group 1-764] INFO  o.apache.jmeter.threads.JMeterThread - Thread started: Thread Group 1-764
10:14:05.260 [Thread Group 1-765] INFO  o.apache.jmeter.threads.JMeterThread - Thread started: Thread Group 1-765
10:14:05.263 [Thread Group 1-763] INFO  o.apache.jmeter.threads.JMeterThread - Thread started: Thread Group 1-763
10:14:05.290 [Thread Group 1-766] INFO  o.apache.jmeter.threads.JMeterThread - Thread started: Thread Group 1-766
10:14:05.290 [Thread Group 1-767] INFO  o.apache.jmeter.threads.JMeterThread - Thread started: Thread Group 1-767
10:14:05.296 [Thread Group 1-768] INFO  o.apache.jmeter.threads.JMeterThread - Thread started: Thread Group 1-768
10:14:05.325 [Thread Group 1-769] INFO  o.apache.jmeter.threads.JMeterThread - Thread started: Thread Group 1-769
10:14:05.340 [Thread Group 1-770] INFO  o.apache.jmeter.threads.JMeterThread - Thread started: Thread Group 1-770
10:14:05.340 [Thread Group 1-771] INFO  o.apache.jmeter.threads.JMeterThread - Thread started: Thread Group 1-771
10:14:05.348 [Thread Group 1-772] INFO  o.apache.jmeter.threads.JMeterThread - Thread started: Thread Group 1-772
10:14:05.388 [Thread Group 1-775] INFO  o.apache.jmeter.threads.JMeterThread - Thread started: Thread Group 1-775
10:14:05.393 [Thread Group 1-773] INFO  o.apache.jmeter.threads.JMeterThread - Thread started: Thread Group 1-773
10:14:05.388 [Thread Group 1-774] INFO  o.apache.jmeter.threads.JMeterThread - Thread started: Thread Group 1-774
10:14:05.406 [Thread Group 1-776] INFO  o.apache.jmeter.threads.JMeterThread - Thread started: Thread Group 1-776
10:14:05.413 [Thread Group 1-777] INFO  o.apache.jmeter.threads.JMeterThread - Thread started: Thread Group 1-777
10:14:05.422 [Thread Group 1-778] INFO  o.apache.jmeter.threads.JMeterThread - Thread started: Thread Group 1-778
10:14:05.441 [Thread Group 1-779] INFO  o.apache.jmeter.threads.JMeterThread - Thread started: Thread Group 1-779
10:14:05.447 [Thread Group 1-780] INFO  o.apache.jmeter.threads.JMeterThread - Thread started: Thread Group 1-780
10:14:05.461 [Thread Group 1-781] INFO  o.apache.jmeter.threads.JMeterThread - Thread started: Thread Group 1-781
10:14:05.489 [Thread Group 1-782] INFO  o.apache.jmeter.threads.JMeterThread - Thread started: Thread Group 1-782
10:14:05.493 [Thread Group 1-783] INFO  o.apache.jmeter.threads.JMeterThread - Thread started: Thread Group 1-783
10:14:05.515 [Thread Group 1-784] INFO  o.apache.jmeter.threads.JMeterThread - Thread started: Thread Group 1-784
10:14:05.534 [Thread Group 1-785] INFO  o.apache.jmeter.threads.JMeterThread - Thread started: Thread Group 1-785
10:14:05.538 [Thread Group 1-786] INFO  o.apache.jmeter.threads.JMeterThread - Thread started: Thread Group 1-786
10:14:05.540 [Thread Group 1-787] INFO  o.apache.jmeter.threads.JMeterThread - Thread started: Thread Group 1-787
10:14:05.553 [Thread Group 1-788] INFO  o.apache.jmeter.threads.JMeterThread - Thread started: Thread Group 1-788
10:14:05.568 [Thread Group 1-789] INFO  o.apache.jmeter.threads.JMeterThread - Thread started: Thread Group 1-789
10:14:05.579 [Thread Group 1-790] INFO  o.apache.jmeter.threads.JMeterThread - Thread started: Thread Group 1-790
10:14:05.591 [Thread Group 1-791] INFO  o.apache.jmeter.threads.JMeterThread - Thread started: Thread Group 1-791
10:14:05.608 [Thread Group 1-792] INFO  o.apache.jmeter.threads.JMeterThread - Thread started: Thread Group 1-792
10:14:05.618 [Thread Group 1-793] INFO  o.apache.jmeter.threads.JMeterThread - Thread started: Thread Group 1-793
10:14:05.646 [Thread Group 1-794] INFO  o.apache.jmeter.threads.JMeterThread - Thread started: Thread Group 1-794
10:14:05.648 [Thread Group 1-795] INFO  o.apache.jmeter.threads.JMeterThread - Thread started: Thread Group 1-795
10:14:05.667 [Thread Group 1-796] INFO  o.apache.jmeter.threads.JMeterThread - Thread started: Thread Group 1-796
10:14:05.670 [Thread Group 1-797] INFO  o.apache.jmeter.threads.JMeterThread - Thread started: Thread Group 1-797
10:14:05.683 [Thread Group 1-798] INFO  o.apache.jmeter.threads.JMeterThread - Thread started: Thread Group 1-798
10:14:05.709 [Thread Group 1-800] INFO  o.apache.jmeter.threads.JMeterThread - Thread started: Thread Group 1-800
10:14:05.715 [Thread Group 1-799] INFO  o.apache.jmeter.threads.JMeterThread - Thread started: Thread Group 1-799
10:14:12.098 [Thread Group 1-661] INFO  o.apache.jmeter.threads.JMeterThread - Thread is done: Thread Group 1-661
10:14:12.099 [Thread Group 1-661] INFO  o.apache.jmeter.threads.JMeterThread - Thread finished: Thread Group 1-661
10:14:12.098 [Thread Group 1-278] INFO  o.apache.jmeter.threads.JMeterThread - Thread is done: Thread Group 1-278
10:14:12.101 [Thread Group 1-278] INFO  o.apache.jmeter.threads.JMeterThread - Thread finished: Thread Group 1-278
10:14:12.103 [Thread Group 1-186] INFO  o.apache.jmeter.threads.JMeterThread - Thread is done: Thread Group 1-186
10:14:12.103 [Thread Group 1-186] INFO  o.apache.jmeter.threads.JMeterThread - Thread finished: Thread Group 1-186
10:14:12.108 [Thread Group 1-372] INFO  o.apache.jmeter.threads.JMeterThread - Thread is done: Thread Group 1-372
10:14:12.108 [Thread Group 1-372] INFO  o.apache.jmeter.threads.JMeterThread - Thread finished: Thread Group 1-372
10:14:12.118 [Thread Group 1-18] INFO  o.apache.jmeter.threads.JMeterThread - Thread is done: Thread Group 1-18
10:14:12.119 [Thread Group 1-18] INFO  o.apache.jmeter.threads.JMeterThread - Thread finished: Thread Group 1-18
10:14:12.121 [Thread Group 1-426] INFO  o.apache.jmeter.threads.JMeterThread - Thread is done: Thread Group 1-426
10:14:12.121 [Thread Group 1-426] INFO  o.apache.jmeter.threads.JMeterThread - Thread finished: Thread Group 1-426
10:14:12.153 [Thread Group 1-487] INFO  o.apache.jmeter.threads.JMeterThread - Thread is done: Thread Group 1-487
10:14:12.153 [Thread Group 1-487] INFO  o.apache.jmeter.threads.JMeterThread - Thread finished: Thread Group 1-487
10:14:12.154 [Thread Group 1-287] INFO  o.apache.jmeter.threads.JMeterThread - Thread is done: Thread Group 1-287
10:14:12.156 [Thread Group 1-287] INFO  o.apache.jmeter.threads.JMeterThread - Thread finished: Thread Group 1-287
10:14:12.165 [Thread Group 1-624] INFO  o.apache.jmeter.threads.JMeterThread - Thread is done: Thread Group 1-624
10:14:12.165 [Thread Group 1-624] INFO  o.apache.jmeter.threads.JMeterThread - Thread finished: Thread Group 1-624
10:14:12.184 [Thread Group 1-544] INFO  o.apache.jmeter.threads.JMeterThread - Thread is done: Thread Group 1-544
10:14:12.184 [Thread Group 1-544] INFO  o.apache.jmeter.threads.JMeterThread - Thread finished: Thread Group 1-544
10:14:12.189 [Thread Group 1-311] INFO  o.apache.jmeter.threads.JMeterThread - Thread is done: Thread Group 1-311
10:14:12.189 [Thread Group 1-311] INFO  o.apache.jmeter.threads.JMeterThread - Thread finished: Thread Group 1-311
10:14:12.190 [Thread Group 1-413] INFO  o.apache.jmeter.threads.JMeterThread - Thread is done: Thread Group 1-413
10:14:12.190 [Thread Group 1-413] INFO  o.apache.jmeter.threads.JMeterThread - Thread finished: Thread Group 1-413
10:14:12.193 [Thread Group 1-101] INFO  o.apache.jmeter.threads.JMeterThread - Thread is done: Thread Group 1-101
10:14:12.193 [Thread Group 1-101] INFO  o.apache.jmeter.threads.JMeterThread - Thread finished: Thread Group 1-101
10:14:12.202 [Thread Group 1-243] INFO  o.apache.jmeter.threads.JMeterThread - Thread is done: Thread Group 1-243
10:14:12.203 [Thread Group 1-243] INFO  o.apache.jmeter.threads.JMeterThread - Thread finished: Thread Group 1-243
10:14:12.203 [Thread Group 1-315] INFO  o.apache.jmeter.threads.JMeterThread - Thread is done: Thread Group 1-315
10:14:12.203 [Thread Group 1-315] INFO  o.apache.jmeter.threads.JMeterThread - Thread finished: Thread Group 1-315
10:14:12.204 [Thread Group 1-195] INFO  o.apache.jmeter.threads.JMeterThread - Thread is done: Thread Group 1-195
10:14:12.205 [Thread Group 1-195] INFO  o.apache.jmeter.threads.JMeterThread - Thread finished: Thread Group 1-195
10:14:12.206 [Thread Group 1-249] INFO  o.apache.jmeter.threads.JMeterThread - Thread is done: Thread Group 1-249
10:14:12.206 [Thread Group 1-249] INFO  o.apache.jmeter.threads.JMeterThread - Thread finished: Thread Group 1-249
10:14:12.207 [Thread Group 1-176] INFO  o.apache.jmeter.threads.JMeterThread - Thread is done: Thread Group 1-176
10:14:12.207 [Thread Group 1-176] INFO  o.apache.jmeter.threads.JMeterThread - Thread finished: Thread Group 1-176
10:14:12.209 [Thread Group 1-221] INFO  o.apache.jmeter.threads.JMeterThread - Thread is done: Thread Group 1-221
10:14:12.209 [Thread Group 1-221] INFO  o.apache.jmeter.threads.JMeterThread - Thread finished: Thread Group 1-221
10:14:12.209 [Thread Group 1-256] INFO  o.apache.jmeter.threads.JMeterThread - Thread is done: Thread Group 1-256
10:14:12.209 [Thread Group 1-256] INFO  o.apache.jmeter.threads.JMeterThread - Thread finished: Thread Group 1-256
10:14:12.210 [Thread Group 1-177] INFO  o.apache.jmeter.threads.JMeterThread - Thread is done: Thread Group 1-177
10:14:12.210 [Thread Group 1-177] INFO  o.apache.jmeter.threads.JMeterThread - Thread finished: Thread Group 1-177
10:14:12.210 [Thread Group 1-48] INFO  o.apache.jmeter.threads.JMeterThread - Thread is done: Thread Group 1-48
10:14:12.210 [Thread Group 1-48] INFO  o.apache.jmeter.threads.JMeterThread - Thread finished: Thread Group 1-48
10:14:12.211 [Thread Group 1-236] INFO  o.apache.jmeter.threads.JMeterThread - Thread is done: Thread Group 1-236
10:14:12.213 [Thread Group 1-236] INFO  o.apache.jmeter.threads.JMeterThread - Thread finished: Thread Group 1-236
10:14:12.212 [Thread Group 1-396] INFO  o.apache.jmeter.threads.JMeterThread - Thread is done: Thread Group 1-396
10:14:12.216 [Thread Group 1-396] INFO  o.apache.jmeter.threads.JMeterThread - Thread finished: Thread Group 1-396
10:14:12.214 [Thread Group 1-29] INFO  o.apache.jmeter.threads.JMeterThread - Thread is done: Thread Group 1-29
10:14:12.218 [Thread Group 1-552] INFO  o.apache.jmeter.threads.JMeterThread - Thread is done: Thread Group 1-552
10:14:12.218 [Thread Group 1-552] INFO  o.apache.jmeter.threads.JMeterThread - Thread finished: Thread Group 1-552
10:14:12.218 [Thread Group 1-29] INFO  o.apache.jmeter.threads.JMeterThread - Thread finished: Thread Group 1-29
10:14:12.407 [Thread Group 1-569] INFO  o.apache.jmeter.threads.JMeterThread - Thread is done: Thread Group 1-569
10:14:12.407 [Thread Group 1-569] INFO  o.apache.jmeter.threads.JMeterThread - Thread finished: Thread Group 1-569
10:14:12.407 [Thread Group 1-45] INFO  o.apache.jmeter.threads.JMeterThread - Thread is done: Thread Group 1-45
10:14:12.407 [Thread Group 1-45] INFO  o.apache.jmeter.threads.JMeterThread - Thread finished: Thread Group 1-45
10:14:12.410 [Thread Group 1-137] INFO  o.apache.jmeter.threads.JMeterThread - Thread is done: Thread Group 1-137
10:14:12.410 [Thread Group 1-137] INFO  o.apache.jmeter.threads.JMeterThread - Thread finished: Thread Group 1-137
10:14:12.468 [Thread Group 1-55] INFO  o.apache.jmeter.threads.JMeterThread - Thread is done: Thread Group 1-55
10:14:12.468 [Thread Group 1-55] INFO  o.apache.jmeter.threads.JMeterThread - Thread finished: Thread Group 1-55
10:14:12.468 [Thread Group 1-230] INFO  o.apache.jmeter.threads.JMeterThread - Thread is done: Thread Group 1-230
10:14:12.468 [Thread Group 1-230] INFO  o.apache.jmeter.threads.JMeterThread - Thread finished: Thread Group 1-230
10:14:12.468 [Thread Group 1-59] INFO  o.apache.jmeter.threads.JMeterThread - Thread is done: Thread Group 1-59
10:14:12.468 [Thread Group 1-59] INFO  o.apache.jmeter.threads.JMeterThread - Thread finished: Thread Group 1-59
10:14:12.510 [Thread Group 1-462] INFO  o.apache.jmeter.threads.JMeterThread - Thread is done: Thread Group 1-462
10:14:12.510 [Thread Group 1-91] INFO  o.apache.jmeter.threads.JMeterThread - Thread is done: Thread Group 1-91
10:14:12.510 [Thread Group 1-462] INFO  o.apache.jmeter.threads.JMeterThread - Thread finished: Thread Group 1-462
10:14:12.510 [Thread Group 1-91] INFO  o.apache.jmeter.threads.JMeterThread - Thread finished: Thread Group 1-91
10:14:12.510 [Thread Group 1-464] INFO  o.apache.jmeter.threads.JMeterThread - Thread is done: Thread Group 1-464
10:14:12.510 [Thread Group 1-464] INFO  o.apache.jmeter.threads.JMeterThread - Thread finished: Thread Group 1-464
10:14:12.511 [Thread Group 1-89] INFO  o.apache.jmeter.threads.JMeterThread - Thread is done: Thread Group 1-89
10:14:12.512 [Thread Group 1-89] INFO  o.apache.jmeter.threads.JMeterThread - Thread finished: Thread Group 1-89
10:14:12.516 [Thread Group 1-476] INFO  o.apache.jmeter.threads.JMeterThread - Thread is done: Thread Group 1-476
10:14:12.517 [Thread Group 1-476] INFO  o.apache.jmeter.threads.JMeterThread - Thread finished: Thread Group 1-476
10:14:12.518 [Thread Group 1-351] INFO  o.apache.jmeter.threads.JMeterThread - Thread is done: Thread Group 1-351
10:14:12.518 [Thread Group 1-351] INFO  o.apache.jmeter.threads.JMeterThread - Thread finished: Thread Group 1-351
10:14:12.516 [Thread Group 1-416] INFO  o.apache.jmeter.threads.JMeterThread - Thread is done: Thread Group 1-416
10:14:12.518 [Thread Group 1-416] INFO  o.apache.jmeter.threads.JMeterThread - Thread finished: Thread Group 1-416
10:14:12.552 [Thread Group 1-502] INFO  o.apache.jmeter.threads.JMeterThread - Thread is done: Thread Group 1-502
10:14:12.552 [Thread Group 1-502] INFO  o.apache.jmeter.threads.JMeterThread - Thread finished: Thread Group 1-502
10:14:12.552 [Thread Group 1-215] INFO  o.apache.jmeter.threads.JMeterThread - Thread is done: Thread Group 1-215
10:14:12.552 [Thread Group 1-215] INFO  o.apache.jmeter.threads.JMeterThread - Thread finished: Thread Group 1-215
10:14:12.552 [Thread Group 1-466] INFO  o.apache.jmeter.threads.JMeterThread - Thread is done: Thread Group 1-466
10:14:12.552 [Thread Group 1-466] INFO  o.apache.jmeter.threads.JMeterThread - Thread finished: Thread Group 1-466
10:14:12.552 [Thread Group 1-270] INFO  o.apache.jmeter.threads.JMeterThread - Thread is done: Thread Group 1-270
10:14:12.552 [Thread Group 1-270] INFO  o.apache.jmeter.threads.JMeterThread - Thread finished: Thread Group 1-270
10:14:12.553 [Thread Group 1-559] INFO  o.apache.jmeter.threads.JMeterThread - Thread is done: Thread Group 1-559
10:14:12.554 [Thread Group 1-198] INFO  o.apache.jmeter.threads.JMeterThread - Thread is done: Thread Group 1-198
10:14:12.554 [Thread Group 1-198] INFO  o.apache.jmeter.threads.JMeterThread - Thread finished: Thread Group 1-198
10:14:12.554 [Thread Group 1-559] INFO  o.apache.jmeter.threads.JMeterThread - Thread finished: Thread Group 1-559
10:14:12.554 [Thread Group 1-314] INFO  o.apache.jmeter.threads.JMeterThread - Thread is done: Thread Group 1-314
10:14:12.554 [Thread Group 1-314] INFO  o.apache.jmeter.threads.JMeterThread - Thread finished: Thread Group 1-314
10:14:12.556 [Thread Group 1-92] INFO  o.apache.jmeter.threads.JMeterThread - Thread is done: Thread Group 1-92
10:14:12.556 [Thread Group 1-92] INFO  o.apache.jmeter.threads.JMeterThread - Thread finished: Thread Group 1-92
10:14:12.578 [Thread Group 1-417] INFO  o.apache.jmeter.threads.JMeterThread - Thread is done: Thread Group 1-417
10:14:12.578 [Thread Group 1-417] INFO  o.apache.jmeter.threads.JMeterThread - Thread finished: Thread Group 1-417
10:14:12.579 [Thread Group 1-463] INFO  o.apache.jmeter.threads.JMeterThread - Thread is done: Thread Group 1-463
10:14:12.580 [Thread Group 1-463] INFO  o.apache.jmeter.threads.JMeterThread - Thread finished: Thread Group 1-463
10:14:12.588 [Thread Group 1-229] INFO  o.apache.jmeter.threads.JMeterThread - Thread is done: Thread Group 1-229
10:14:12.588 [Thread Group 1-594] INFO  o.apache.jmeter.threads.JMeterThread - Thread is done: Thread Group 1-594
10:14:12.588 [Thread Group 1-594] INFO  o.apache.jmeter.threads.JMeterThread - Thread finished: Thread Group 1-594
10:14:12.588 [Thread Group 1-549] INFO  o.apache.jmeter.threads.JMeterThread - Thread is done: Thread Group 1-549
10:14:12.588 [Thread Group 1-549] INFO  o.apache.jmeter.threads.JMeterThread - Thread finished: Thread Group 1-549
10:14:12.588 [Thread Group 1-229] INFO  o.apache.jmeter.threads.JMeterThread - Thread finished: Thread Group 1-229
10:14:12.609 [Thread Group 1-206] INFO  o.apache.jmeter.threads.JMeterThread - Thread is done: Thread Group 1-206
10:14:12.609 [Thread Group 1-240] INFO  o.apache.jmeter.threads.JMeterThread - Thread is done: Thread Group 1-240
10:14:12.610 [Thread Group 1-206] INFO  o.apache.jmeter.threads.JMeterThread - Thread finished: Thread Group 1-206
10:14:12.610 [Thread Group 1-240] INFO  o.apache.jmeter.threads.JMeterThread - Thread finished: Thread Group 1-240
10:14:12.639 [Thread Group 1-150] INFO  o.apache.jmeter.threads.JMeterThread - Thread is done: Thread Group 1-150
10:14:12.639 [Thread Group 1-150] INFO  o.apache.jmeter.threads.JMeterThread - Thread finished: Thread Group 1-150
10:14:12.641 [Thread Group 1-507] INFO  o.apache.jmeter.threads.JMeterThread - Thread is done: Thread Group 1-507
10:14:12.641 [Thread Group 1-507] INFO  o.apache.jmeter.threads.JMeterThread - Thread finished: Thread Group 1-507
10:14:12.643 [Thread Group 1-302] INFO  o.apache.jmeter.threads.JMeterThread - Thread is done: Thread Group 1-302
10:14:12.643 [Thread Group 1-302] INFO  o.apache.jmeter.threads.JMeterThread - Thread finished: Thread Group 1-302
10:14:12.675 [Thread Group 1-138] INFO  o.apache.jmeter.threads.JMeterThread - Thread is done: Thread Group 1-138
10:14:12.675 [Thread Group 1-138] INFO  o.apache.jmeter.threads.JMeterThread - Thread finished: Thread Group 1-138
10:14:12.703 [Thread Group 1-548] INFO  o.apache.jmeter.threads.JMeterThread - Thread is done: Thread Group 1-548
10:14:12.704 [Thread Group 1-548] INFO  o.apache.jmeter.threads.JMeterThread - Thread finished: Thread Group 1-548
10:14:12.704 [Thread Group 1-415] INFO  o.apache.jmeter.threads.JMeterThread - Thread is done: Thread Group 1-415
10:14:12.704 [Thread Group 1-415] INFO  o.apache.jmeter.threads.JMeterThread - Thread finished: Thread Group 1-415
10:14:12.704 [Thread Group 1-400] INFO  o.apache.jmeter.threads.JMeterThread - Thread is done: Thread Group 1-400
10:14:12.705 [Thread Group 1-400] INFO  o.apache.jmeter.threads.JMeterThread - Thread finished: Thread Group 1-400
10:14:12.705 [Thread Group 1-374] INFO  o.apache.jmeter.threads.JMeterThread - Thread is done: Thread Group 1-374
10:14:12.705 [Thread Group 1-374] INFO  o.apache.jmeter.threads.JMeterThread - Thread finished: Thread Group 1-374
10:14:12.724 [Thread Group 1-81] INFO  o.apache.jmeter.threads.JMeterThread - Thread is done: Thread Group 1-81
10:14:12.724 [Thread Group 1-81] INFO  o.apache.jmeter.threads.JMeterThread - Thread finished: Thread Group 1-81
10:14:12.727 [Thread Group 1-473] INFO  o.apache.jmeter.threads.JMeterThread - Thread is done: Thread Group 1-473
10:14:12.728 [Thread Group 1-473] INFO  o.apache.jmeter.threads.JMeterThread - Thread finished: Thread Group 1-473
10:14:12.732 [Thread Group 1-96] INFO  o.apache.jmeter.threads.JMeterThread - Thread is done: Thread Group 1-96
10:14:12.733 [Thread Group 1-96] INFO  o.apache.jmeter.threads.JMeterThread - Thread finished: Thread Group 1-96
10:14:12.733 [Thread Group 1-484] INFO  o.apache.jmeter.threads.JMeterThread - Thread is done: Thread Group 1-484
10:14:12.733 [Thread Group 1-484] INFO  o.apache.jmeter.threads.JMeterThread - Thread finished: Thread Group 1-484
10:14:12.734 [Thread Group 1-50] INFO  o.apache.jmeter.threads.JMeterThread - Thread is done: Thread Group 1-50
10:14:12.734 [Thread Group 1-50] INFO  o.apache.jmeter.threads.JMeterThread - Thread finished: Thread Group 1-50
10:14:12.735 [Thread Group 1-258] INFO  o.apache.jmeter.threads.JMeterThread - Thread is done: Thread Group 1-258
10:14:12.735 [Thread Group 1-258] INFO  o.apache.jmeter.threads.JMeterThread - Thread finished: Thread Group 1-258
10:14:12.735 [Thread Group 1-162] INFO  o.apache.jmeter.threads.JMeterThread - Thread is done: Thread Group 1-162
10:14:12.735 [Thread Group 1-162] INFO  o.apache.jmeter.threads.JMeterThread - Thread finished: Thread Group 1-162
10:14:12.735 [Thread Group 1-103] INFO  o.apache.jmeter.threads.JMeterThread - Thread is done: Thread Group 1-103
10:14:12.736 [Thread Group 1-103] INFO  o.apache.jmeter.threads.JMeterThread - Thread finished: Thread Group 1-103
10:14:12.736 [Thread Group 1-454] INFO  o.apache.jmeter.threads.JMeterThread - Thread is done: Thread Group 1-454
10:14:12.736 [Thread Group 1-454] INFO  o.apache.jmeter.threads.JMeterThread - Thread finished: Thread Group 1-454
10:14:12.736 [Thread Group 1-159] INFO  o.apache.jmeter.threads.JMeterThread - Thread is done: Thread Group 1-159
10:14:12.736 [Thread Group 1-159] INFO  o.apache.jmeter.threads.JMeterThread - Thread finished: Thread Group 1-159
10:14:12.744 [Thread Group 1-486] INFO  o.apache.jmeter.threads.JMeterThread - Thread is done: Thread Group 1-486
10:14:12.744 [Thread Group 1-486] INFO  o.apache.jmeter.threads.JMeterThread - Thread finished: Thread Group 1-486
10:14:12.746 [Thread Group 1-491] INFO  o.apache.jmeter.threads.JMeterThread - Thread is done: Thread Group 1-491
10:14:12.746 [Thread Group 1-491] INFO  o.apache.jmeter.threads.JMeterThread - Thread finished: Thread Group 1-491
10:14:12.751 [Thread Group 1-402] INFO  o.apache.jmeter.threads.JMeterThread - Thread is done: Thread Group 1-402
10:14:12.751 [Thread Group 1-274] INFO  o.apache.jmeter.threads.JMeterThread - Thread is done: Thread Group 1-274
10:14:12.751 [Thread Group 1-387] INFO  o.apache.jmeter.threads.JMeterThread - Thread is done: Thread Group 1-387
10:14:12.751 [Thread Group 1-274] INFO  o.apache.jmeter.threads.JMeterThread - Thread finished: Thread Group 1-274
10:14:12.751 [Thread Group 1-387] INFO  o.apache.jmeter.threads.JMeterThread - Thread finished: Thread Group 1-387
10:14:12.751 [Thread Group 1-402] INFO  o.apache.jmeter.threads.JMeterThread - Thread finished: Thread Group 1-402
10:14:12.751 [Thread Group 1-199] INFO  o.apache.jmeter.threads.JMeterThread - Thread is done: Thread Group 1-199
10:14:12.751 [Thread Group 1-199] INFO  o.apache.jmeter.threads.JMeterThread - Thread finished: Thread Group 1-199
10:14:12.757 [Thread Group 1-290] INFO  o.apache.jmeter.threads.JMeterThread - Thread is done: Thread Group 1-290
10:14:12.757 [Thread Group 1-290] INFO  o.apache.jmeter.threads.JMeterThread - Thread finished: Thread Group 1-290
10:14:12.758 [Thread Group 1-248] INFO  o.apache.jmeter.threads.JMeterThread - Thread is done: Thread Group 1-248
10:14:12.758 [Thread Group 1-248] INFO  o.apache.jmeter.threads.JMeterThread - Thread finished: Thread Group 1-248
10:14:12.766 [Thread Group 1-296] INFO  o.apache.jmeter.threads.JMeterThread - Thread is done: Thread Group 1-296
10:14:12.766 [Thread Group 1-296] INFO  o.apache.jmeter.threads.JMeterThread - Thread finished: Thread Group 1-296
10:14:12.787 [Thread Group 1-504] INFO  o.apache.jmeter.threads.JMeterThread - Thread is done: Thread Group 1-504
10:14:12.787 [Thread Group 1-504] INFO  o.apache.jmeter.threads.JMeterThread - Thread finished: Thread Group 1-504
10:14:12.788 [Thread Group 1-139] INFO  o.apache.jmeter.threads.JMeterThread - Thread is done: Thread Group 1-139
10:14:12.788 [Thread Group 1-139] INFO  o.apache.jmeter.threads.JMeterThread - Thread finished: Thread Group 1-139
10:14:12.789 [Thread Group 1-363] INFO  o.apache.jmeter.threads.JMeterThread - Thread is done: Thread Group 1-363
10:14:12.789 [Thread Group 1-363] INFO  o.apache.jmeter.threads.JMeterThread - Thread finished: Thread Group 1-363
10:14:12.789 [Thread Group 1-12] INFO  o.apache.jmeter.threads.JMeterThread - Thread is done: Thread Group 1-12
10:14:12.789 [Thread Group 1-160] INFO  o.apache.jmeter.threads.JMeterThread - Thread is done: Thread Group 1-160
10:14:12.789 [Thread Group 1-12] INFO  o.apache.jmeter.threads.JMeterThread - Thread finished: Thread Group 1-12
10:14:12.789 [Thread Group 1-160] INFO  o.apache.jmeter.threads.JMeterThread - Thread finished: Thread Group 1-160
10:14:12.789 [Thread Group 1-275] INFO  o.apache.jmeter.threads.JMeterThread - Thread is done: Thread Group 1-275
10:14:12.789 [Thread Group 1-275] INFO  o.apache.jmeter.threads.JMeterThread - Thread finished: Thread Group 1-275
10:14:12.790 [Thread Group 1-187] INFO  o.apache.jmeter.threads.JMeterThread - Thread is done: Thread Group 1-187
10:14:12.790 [Thread Group 1-10] INFO  o.apache.jmeter.threads.JMeterThread - Thread is done: Thread Group 1-10
10:14:12.790 [Thread Group 1-187] INFO  o.apache.jmeter.threads.JMeterThread - Thread finished: Thread Group 1-187
10:14:12.790 [Thread Group 1-10] INFO  o.apache.jmeter.threads.JMeterThread - Thread finished: Thread Group 1-10
10:14:12.791 [Thread Group 1-224] INFO  o.apache.jmeter.threads.JMeterThread - Thread is done: Thread Group 1-224
10:14:12.791 [Thread Group 1-224] INFO  o.apache.jmeter.threads.JMeterThread - Thread finished: Thread Group 1-224
10:14:12.791 [Thread Group 1-281] INFO  o.apache.jmeter.threads.JMeterThread - Thread is done: Thread Group 1-281
10:14:12.791 [Thread Group 1-281] INFO  o.apache.jmeter.threads.JMeterThread - Thread finished: Thread Group 1-281
10:14:12.794 [Thread Group 1-497] INFO  o.apache.jmeter.threads.JMeterThread - Thread is done: Thread Group 1-497
10:14:12.794 [Thread Group 1-488] INFO  o.apache.jmeter.threads.JMeterThread - Thread is done: Thread Group 1-488
10:14:12.794 [Thread Group 1-497] INFO  o.apache.jmeter.threads.JMeterThread - Thread finished: Thread Group 1-497
10:14:12.794 [Thread Group 1-488] INFO  o.apache.jmeter.threads.JMeterThread - Thread finished: Thread Group 1-488
10:14:12.818 [Thread Group 1-546] INFO  o.apache.jmeter.threads.JMeterThread - Thread is done: Thread Group 1-546
10:14:12.818 [Thread Group 1-391] INFO  o.apache.jmeter.threads.JMeterThread - Thread is done: Thread Group 1-391
10:14:12.819 [Thread Group 1-546] INFO  o.apache.jmeter.threads.JMeterThread - Thread finished: Thread Group 1-546
10:14:12.819 [Thread Group 1-391] INFO  o.apache.jmeter.threads.JMeterThread - Thread finished: Thread Group 1-391
10:14:12.821 [Thread Group 1-16] INFO  o.apache.jmeter.threads.JMeterThread - Thread is done: Thread Group 1-16
10:14:12.821 [Thread Group 1-16] INFO  o.apache.jmeter.threads.JMeterThread - Thread finished: Thread Group 1-16
10:14:12.827 [Thread Group 1-9] INFO  o.apache.jmeter.threads.JMeterThread - Thread is done: Thread Group 1-9
10:14:12.827 [Thread Group 1-9] INFO  o.apache.jmeter.threads.JMeterThread - Thread finished: Thread Group 1-9
10:14:12.848 [Thread Group 1-1] INFO  o.apache.jmeter.threads.JMeterThread - Thread is done: Thread Group 1-1
10:14:12.849 [Thread Group 1-1] INFO  o.apache.jmeter.threads.JMeterThread - Thread finished: Thread Group 1-1
10:14:12.850 [Thread Group 1-56] INFO  o.apache.jmeter.threads.JMeterThread - Thread is done: Thread Group 1-56
10:14:12.850 [Thread Group 1-46] INFO  o.apache.jmeter.threads.JMeterThread - Thread is done: Thread Group 1-46
10:14:12.850 [Thread Group 1-56] INFO  o.apache.jmeter.threads.JMeterThread - Thread finished: Thread Group 1-56
10:14:12.850 [Thread Group 1-46] INFO  o.apache.jmeter.threads.JMeterThread - Thread finished: Thread Group 1-46
10:14:12.967 [Thread Group 1-188] INFO  o.apache.jmeter.threads.JMeterThread - Thread is done: Thread Group 1-188
10:14:12.967 [Thread Group 1-78] INFO  o.apache.jmeter.threads.JMeterThread - Thread is done: Thread Group 1-78
10:14:12.967 [Thread Group 1-188] INFO  o.apache.jmeter.threads.JMeterThread - Thread finished: Thread Group 1-188
10:14:12.967 [Thread Group 1-78] INFO  o.apache.jmeter.threads.JMeterThread - Thread finished: Thread Group 1-78
10:14:12.967 [Thread Group 1-532] INFO  o.apache.jmeter.threads.JMeterThread - Thread is done: Thread Group 1-532
10:14:12.967 [Thread Group 1-532] INFO  o.apache.jmeter.threads.JMeterThread - Thread finished: Thread Group 1-532
10:14:12.967 [Thread Group 1-167] INFO  o.apache.jmeter.threads.JMeterThread - Thread is done: Thread Group 1-167
10:14:12.967 [Thread Group 1-167] INFO  o.apache.jmeter.threads.JMeterThread - Thread finished: Thread Group 1-167
10:14:12.969 [Thread Group 1-457] INFO  o.apache.jmeter.threads.JMeterThread - Thread is done: Thread Group 1-457
10:14:12.969 [Thread Group 1-457] INFO  o.apache.jmeter.threads.JMeterThread - Thread finished: Thread Group 1-457
10:14:12.969 [Thread Group 1-630] INFO  o.apache.jmeter.threads.JMeterThread - Thread is done: Thread Group 1-630
10:14:12.969 [Thread Group 1-630] INFO  o.apache.jmeter.threads.JMeterThread - Thread finished: Thread Group 1-630
10:14:12.969 [Thread Group 1-268] INFO  o.apache.jmeter.threads.JMeterThread - Thread is done: Thread Group 1-268
10:14:12.969 [Thread Group 1-268] INFO  o.apache.jmeter.threads.JMeterThread - Thread finished: Thread Group 1-268
10:14:12.970 [Thread Group 1-669] INFO  o.apache.jmeter.threads.JMeterThread - Thread is done: Thread Group 1-669
10:14:12.970 [Thread Group 1-669] INFO  o.apache.jmeter.threads.JMeterThread - Thread finished: Thread Group 1-669
10:14:12.970 [Thread Group 1-288] INFO  o.apache.jmeter.threads.JMeterThread - Thread is done: Thread Group 1-288
10:14:12.970 [Thread Group 1-288] INFO  o.apache.jmeter.threads.JMeterThread - Thread finished: Thread Group 1-288
10:14:12.971 [Thread Group 1-452] INFO  o.apache.jmeter.threads.JMeterThread - Thread is done: Thread Group 1-452
10:14:12.971 [Thread Group 1-452] INFO  o.apache.jmeter.threads.JMeterThread - Thread finished: Thread Group 1-452
10:14:12.971 [Thread Group 1-156] INFO  o.apache.jmeter.threads.JMeterThread - Thread is done: Thread Group 1-156
10:14:12.971 [Thread Group 1-156] INFO  o.apache.jmeter.threads.JMeterThread - Thread finished: Thread Group 1-156
10:14:12.973 [Thread Group 1-441] INFO  o.apache.jmeter.threads.JMeterThread - Thread is done: Thread Group 1-441
10:14:12.973 [Thread Group 1-441] INFO  o.apache.jmeter.threads.JMeterThread - Thread finished: Thread Group 1-441
10:14:12.976 [Thread Group 1-362] INFO  o.apache.jmeter.threads.JMeterThread - Thread is done: Thread Group 1-362
10:14:12.976 [Thread Group 1-362] INFO  o.apache.jmeter.threads.JMeterThread - Thread finished: Thread Group 1-362
10:14:12.977 [Thread Group 1-528] INFO  o.apache.jmeter.threads.JMeterThread - Thread is done: Thread Group 1-528
10:14:12.978 [Thread Group 1-528] INFO  o.apache.jmeter.threads.JMeterThread - Thread finished: Thread Group 1-528
10:14:12.980 [Thread Group 1-5] INFO  o.apache.jmeter.threads.JMeterThread - Thread is done: Thread Group 1-5
10:14:12.980 [Thread Group 1-383] INFO  o.apache.jmeter.threads.JMeterThread - Thread is done: Thread Group 1-383
10:14:12.980 [Thread Group 1-5] INFO  o.apache.jmeter.threads.JMeterThread - Thread finished: Thread Group 1-5
10:14:12.980 [Thread Group 1-383] INFO  o.apache.jmeter.threads.JMeterThread - Thread finished: Thread Group 1-383
10:14:12.980 [Thread Group 1-382] INFO  o.apache.jmeter.threads.JMeterThread - Thread is done: Thread Group 1-382
10:14:12.980 [Thread Group 1-382] INFO  o.apache.jmeter.threads.JMeterThread - Thread finished: Thread Group 1-382
10:14:12.980 [Thread Group 1-550] INFO  o.apache.jmeter.threads.JMeterThread - Thread is done: Thread Group 1-550
10:14:12.980 [Thread Group 1-550] INFO  o.apache.jmeter.threads.JMeterThread - Thread finished: Thread Group 1-550
10:14:12.980 [Thread Group 1-505] INFO  o.apache.jmeter.threads.JMeterThread - Thread is done: Thread Group 1-505
10:14:12.980 [Thread Group 1-505] INFO  o.apache.jmeter.threads.JMeterThread - Thread finished: Thread Group 1-505
10:14:12.981 [Thread Group 1-64] INFO  o.apache.jmeter.threads.JMeterThread - Thread is done: Thread Group 1-64
10:14:12.982 [Thread Group 1-64] INFO  o.apache.jmeter.threads.JMeterThread - Thread finished: Thread Group 1-64
10:14:12.982 [Thread Group 1-435] INFO  o.apache.jmeter.threads.JMeterThread - Thread is done: Thread Group 1-435
10:14:12.982 [Thread Group 1-435] INFO  o.apache.jmeter.threads.JMeterThread - Thread finished: Thread Group 1-435
10:14:12.986 [Thread Group 1-459] INFO  o.apache.jmeter.threads.JMeterThread - Thread is done: Thread Group 1-459
10:14:12.986 [Thread Group 1-459] INFO  o.apache.jmeter.threads.JMeterThread - Thread finished: Thread Group 1-459
10:14:13.011 [Thread Group 1-57] INFO  o.apache.jmeter.threads.JMeterThread - Thread is done: Thread Group 1-57
10:14:13.012 [Thread Group 1-57] INFO  o.apache.jmeter.threads.JMeterThread - Thread finished: Thread Group 1-57
10:14:13.013 [Thread Group 1-205] INFO  o.apache.jmeter.threads.JMeterThread - Thread is done: Thread Group 1-205
10:14:13.013 [Thread Group 1-205] INFO  o.apache.jmeter.threads.JMeterThread - Thread finished: Thread Group 1-205
10:14:13.013 [Thread Group 1-576] INFO  o.apache.jmeter.threads.JMeterThread - Thread is done: Thread Group 1-576
10:14:13.013 [Thread Group 1-576] INFO  o.apache.jmeter.threads.JMeterThread - Thread finished: Thread Group 1-576
10:14:13.014 [Thread Group 1-541] INFO  o.apache.jmeter.threads.JMeterThread - Thread is done: Thread Group 1-541
10:14:13.014 [Thread Group 1-339] INFO  o.apache.jmeter.threads.JMeterThread - Thread is done: Thread Group 1-339
10:14:13.014 [Thread Group 1-541] INFO  o.apache.jmeter.threads.JMeterThread - Thread finished: Thread Group 1-541
10:14:13.014 [Thread Group 1-339] INFO  o.apache.jmeter.threads.JMeterThread - Thread finished: Thread Group 1-339
10:14:13.014 [Thread Group 1-529] INFO  o.apache.jmeter.threads.JMeterThread - Thread is done: Thread Group 1-529
10:14:13.014 [Thread Group 1-529] INFO  o.apache.jmeter.threads.JMeterThread - Thread finished: Thread Group 1-529
10:14:13.015 [Thread Group 1-202] INFO  o.apache.jmeter.threads.JMeterThread - Thread is done: Thread Group 1-202
10:14:13.015 [Thread Group 1-202] INFO  o.apache.jmeter.threads.JMeterThread - Thread finished: Thread Group 1-202
10:14:13.015 [Thread Group 1-577] INFO  o.apache.jmeter.threads.JMeterThread - Thread is done: Thread Group 1-577
10:14:13.015 [Thread Group 1-577] INFO  o.apache.jmeter.threads.JMeterThread - Thread finished: Thread Group 1-577
10:14:13.015 [Thread Group 1-282] INFO  o.apache.jmeter.threads.JMeterThread - Thread is done: Thread Group 1-282
10:14:13.015 [Thread Group 1-282] INFO  o.apache.jmeter.threads.JMeterThread - Thread finished: Thread Group 1-282
10:14:13.015 [Thread Group 1-68] INFO  o.apache.jmeter.threads.JMeterThread - Thread is done: Thread Group 1-68
10:14:13.015 [Thread Group 1-68] INFO  o.apache.jmeter.threads.JMeterThread - Thread finished: Thread Group 1-68
10:14:13.015 [Thread Group 1-153] INFO  o.apache.jmeter.threads.JMeterThread - Thread is done: Thread Group 1-153
10:14:13.015 [Thread Group 1-153] INFO  o.apache.jmeter.threads.JMeterThread - Thread finished: Thread Group 1-153
10:14:13.016 [Thread Group 1-58] INFO  o.apache.jmeter.threads.JMeterThread - Thread is done: Thread Group 1-58
10:14:13.016 [Thread Group 1-58] INFO  o.apache.jmeter.threads.JMeterThread - Thread finished: Thread Group 1-58
10:14:13.016 [Thread Group 1-97] INFO  o.apache.jmeter.threads.JMeterThread - Thread is done: Thread Group 1-97
10:14:13.016 [Thread Group 1-97] INFO  o.apache.jmeter.threads.JMeterThread - Thread finished: Thread Group 1-97
10:14:13.016 [Thread Group 1-596] INFO  o.apache.jmeter.threads.JMeterThread - Thread is done: Thread Group 1-596
10:14:13.016 [Thread Group 1-596] INFO  o.apache.jmeter.threads.JMeterThread - Thread finished: Thread Group 1-596
10:14:13.016 [Thread Group 1-651] INFO  o.apache.jmeter.threads.JMeterThread - Thread is done: Thread Group 1-651
10:14:13.016 [Thread Group 1-651] INFO  o.apache.jmeter.threads.JMeterThread - Thread finished: Thread Group 1-651
10:14:13.016 [Thread Group 1-469] INFO  o.apache.jmeter.threads.JMeterThread - Thread is done: Thread Group 1-469
10:14:13.016 [Thread Group 1-469] INFO  o.apache.jmeter.threads.JMeterThread - Thread finished: Thread Group 1-469
10:14:13.018 [Thread Group 1-291] INFO  o.apache.jmeter.threads.JMeterThread - Thread is done: Thread Group 1-291
10:14:13.018 [Thread Group 1-291] INFO  o.apache.jmeter.threads.JMeterThread - Thread finished: Thread Group 1-291
10:14:13.020 [Thread Group 1-490] INFO  o.apache.jmeter.threads.JMeterThread - Thread is done: Thread Group 1-490
10:14:13.021 [Thread Group 1-490] INFO  o.apache.jmeter.threads.JMeterThread - Thread finished: Thread Group 1-490
10:14:13.021 [Thread Group 1-482] INFO  o.apache.jmeter.threads.JMeterThread - Thread is done: Thread Group 1-482
10:14:13.021 [Thread Group 1-482] INFO  o.apache.jmeter.threads.JMeterThread - Thread finished: Thread Group 1-482
10:14:13.040 [Thread Group 1-133] INFO  o.apache.jmeter.threads.JMeterThread - Thread is done: Thread Group 1-133
10:14:13.040 [Thread Group 1-133] INFO  o.apache.jmeter.threads.JMeterThread - Thread finished: Thread Group 1-133
10:14:13.040 [Thread Group 1-535] INFO  o.apache.jmeter.threads.JMeterThread - Thread is done: Thread Group 1-535
10:14:13.041 [Thread Group 1-535] INFO  o.apache.jmeter.threads.JMeterThread - Thread finished: Thread Group 1-535
10:14:13.041 [Thread Group 1-134] INFO  o.apache.jmeter.threads.JMeterThread - Thread is done: Thread Group 1-134
10:14:13.041 [Thread Group 1-134] INFO  o.apache.jmeter.threads.JMeterThread - Thread finished: Thread Group 1-134
10:14:13.043 [Thread Group 1-19] INFO  o.apache.jmeter.threads.JMeterThread - Thread is done: Thread Group 1-19
10:14:13.043 [Thread Group 1-19] INFO  o.apache.jmeter.threads.JMeterThread - Thread finished: Thread Group 1-19
10:14:13.043 [Thread Group 1-368] INFO  o.apache.jmeter.threads.JMeterThread - Thread is done: Thread Group 1-368
10:14:13.043 [Thread Group 1-368] INFO  o.apache.jmeter.threads.JMeterThread - Thread finished: Thread Group 1-368
10:14:13.043 [Thread Group 1-524] INFO  o.apache.jmeter.threads.JMeterThread - Thread is done: Thread Group 1-524
10:14:13.043 [Thread Group 1-524] INFO  o.apache.jmeter.threads.JMeterThread - Thread finished: Thread Group 1-524
10:14:13.043 [Thread Group 1-612] INFO  o.apache.jmeter.threads.JMeterThread - Thread is done: Thread Group 1-612
10:14:13.043 [Thread Group 1-612] INFO  o.apache.jmeter.threads.JMeterThread - Thread finished: Thread Group 1-612
10:14:13.043 [Thread Group 1-375] INFO  o.apache.jmeter.threads.JMeterThread - Thread is done: Thread Group 1-375
10:14:13.043 [Thread Group 1-375] INFO  o.apache.jmeter.threads.JMeterThread - Thread finished: Thread Group 1-375
10:14:13.043 [Thread Group 1-244] INFO  o.apache.jmeter.threads.JMeterThread - Thread is done: Thread Group 1-244
10:14:13.043 [Thread Group 1-244] INFO  o.apache.jmeter.threads.JMeterThread - Thread finished: Thread Group 1-244
10:14:13.044 [Thread Group 1-289] INFO  o.apache.jmeter.threads.JMeterThread - Thread is done: Thread Group 1-289
10:14:13.044 [Thread Group 1-440] INFO  o.apache.jmeter.threads.JMeterThread - Thread is done: Thread Group 1-440
10:14:13.044 [Thread Group 1-289] INFO  o.apache.jmeter.threads.JMeterThread - Thread finished: Thread Group 1-289
10:14:13.044 [Thread Group 1-440] INFO  o.apache.jmeter.threads.JMeterThread - Thread finished: Thread Group 1-440
10:14:13.044 [Thread Group 1-280] INFO  o.apache.jmeter.threads.JMeterThread - Thread is done: Thread Group 1-280
10:14:13.044 [Thread Group 1-280] INFO  o.apache.jmeter.threads.JMeterThread - Thread finished: Thread Group 1-280
10:14:13.049 [Thread Group 1-272] INFO  o.apache.jmeter.threads.JMeterThread - Thread is done: Thread Group 1-272
10:14:13.049 [Thread Group 1-272] INFO  o.apache.jmeter.threads.JMeterThread - Thread finished: Thread Group 1-272
10:14:13.049 [Thread Group 1-501] INFO  o.apache.jmeter.threads.JMeterThread - Thread is done: Thread Group 1-501
10:14:13.049 [Thread Group 1-501] INFO  o.apache.jmeter.threads.JMeterThread - Thread finished: Thread Group 1-501
10:14:13.051 [Thread Group 1-458] INFO  o.apache.jmeter.threads.JMeterThread - Thread is done: Thread Group 1-458
10:14:13.051 [Thread Group 1-458] INFO  o.apache.jmeter.threads.JMeterThread - Thread finished: Thread Group 1-458
10:14:13.060 [Thread Group 1-126] INFO  o.apache.jmeter.threads.JMeterThread - Thread is done: Thread Group 1-126
10:14:13.060 [Thread Group 1-126] INFO  o.apache.jmeter.threads.JMeterThread - Thread finished: Thread Group 1-126
10:14:13.060 [Thread Group 1-231] INFO  o.apache.jmeter.threads.JMeterThread - Thread is done: Thread Group 1-231
10:14:13.060 [Thread Group 1-231] INFO  o.apache.jmeter.threads.JMeterThread - Thread finished: Thread Group 1-231
10:14:13.061 [Thread Group 1-200] INFO  o.apache.jmeter.threads.JMeterThread - Thread is done: Thread Group 1-200
10:14:13.061 [Thread Group 1-474] INFO  o.apache.jmeter.threads.JMeterThread - Thread is done: Thread Group 1-474
10:14:13.061 [Thread Group 1-200] INFO  o.apache.jmeter.threads.JMeterThread - Thread finished: Thread Group 1-200
10:14:13.061 [Thread Group 1-474] INFO  o.apache.jmeter.threads.JMeterThread - Thread finished: Thread Group 1-474
10:14:13.061 [Thread Group 1-190] INFO  o.apache.jmeter.threads.JMeterThread - Thread is done: Thread Group 1-190
10:14:13.061 [Thread Group 1-190] INFO  o.apache.jmeter.threads.JMeterThread - Thread finished: Thread Group 1-190
10:14:13.062 [Thread Group 1-239] INFO  o.apache.jmeter.threads.JMeterThread - Thread is done: Thread Group 1-239
10:14:13.062 [Thread Group 1-239] INFO  o.apache.jmeter.threads.JMeterThread - Thread finished: Thread Group 1-239
10:14:13.068 [Thread Group 1-394] INFO  o.apache.jmeter.threads.JMeterThread - Thread is done: Thread Group 1-394
10:14:13.068 [Thread Group 1-394] INFO  o.apache.jmeter.threads.JMeterThread - Thread finished: Thread Group 1-394
10:14:13.068 [Thread Group 1-367] INFO  o.apache.jmeter.threads.JMeterThread - Thread is done: Thread Group 1-367
10:14:13.068 [Thread Group 1-367] INFO  o.apache.jmeter.threads.JMeterThread - Thread finished: Thread Group 1-367
10:14:13.068 [Thread Group 1-17] INFO  o.apache.jmeter.threads.JMeterThread - Thread is done: Thread Group 1-17
10:14:13.068 [Thread Group 1-17] INFO  o.apache.jmeter.threads.JMeterThread - Thread finished: Thread Group 1-17
10:14:13.068 [Thread Group 1-294] INFO  o.apache.jmeter.threads.JMeterThread - Thread is done: Thread Group 1-294
10:14:13.068 [Thread Group 1-294] INFO  o.apache.jmeter.threads.JMeterThread - Thread finished: Thread Group 1-294
10:14:13.068 [Thread Group 1-665] INFO  o.apache.jmeter.threads.JMeterThread - Thread is done: Thread Group 1-665
10:14:13.068 [Thread Group 1-665] INFO  o.apache.jmeter.threads.JMeterThread - Thread finished: Thread Group 1-665
10:14:13.070 [Thread Group 1-399] INFO  o.apache.jmeter.threads.JMeterThread - Thread is done: Thread Group 1-399
10:14:13.070 [Thread Group 1-399] INFO  o.apache.jmeter.threads.JMeterThread - Thread finished: Thread Group 1-399
10:14:13.070 [Thread Group 1-35] INFO  o.apache.jmeter.threads.JMeterThread - Thread is done: Thread Group 1-35
10:14:13.071 [Thread Group 1-35] INFO  o.apache.jmeter.threads.JMeterThread - Thread finished: Thread Group 1-35
10:14:13.071 [Thread Group 1-580] INFO  o.apache.jmeter.threads.JMeterThread - Thread is done: Thread Group 1-580
10:14:13.071 [Thread Group 1-580] INFO  o.apache.jmeter.threads.JMeterThread - Thread finished: Thread Group 1-580
10:14:13.071 [Thread Group 1-286] INFO  o.apache.jmeter.threads.JMeterThread - Thread is done: Thread Group 1-286
10:14:13.071 [Thread Group 1-286] INFO  o.apache.jmeter.threads.JMeterThread - Thread finished: Thread Group 1-286
10:14:13.072 [Thread Group 1-82] INFO  o.apache.jmeter.threads.JMeterThread - Thread is done: Thread Group 1-82
10:14:13.072 [Thread Group 1-82] INFO  o.apache.jmeter.threads.JMeterThread - Thread finished: Thread Group 1-82
10:14:13.072 [Thread Group 1-589] INFO  o.apache.jmeter.threads.JMeterThread - Thread is done: Thread Group 1-589
10:14:13.072 [Thread Group 1-589] INFO  o.apache.jmeter.threads.JMeterThread - Thread finished: Thread Group 1-589
10:14:13.072 [Thread Group 1-405] INFO  o.apache.jmeter.threads.JMeterThread - Thread is done: Thread Group 1-405
10:14:13.072 [Thread Group 1-405] INFO  o.apache.jmeter.threads.JMeterThread - Thread finished: Thread Group 1-405
10:14:13.074 [Thread Group 1-395] INFO  o.apache.jmeter.threads.JMeterThread - Thread is done: Thread Group 1-395
10:14:13.075 [Thread Group 1-262] INFO  o.apache.jmeter.threads.JMeterThread - Thread is done: Thread Group 1-262
10:14:13.075 [Thread Group 1-395] INFO  o.apache.jmeter.threads.JMeterThread - Thread finished: Thread Group 1-395
10:14:13.075 [Thread Group 1-262] INFO  o.apache.jmeter.threads.JMeterThread - Thread finished: Thread Group 1-262
10:14:13.075 [Thread Group 1-361] INFO  o.apache.jmeter.threads.JMeterThread - Thread is done: Thread Group 1-361
10:14:13.075 [Thread Group 1-361] INFO  o.apache.jmeter.threads.JMeterThread - Thread finished: Thread Group 1-361
10:14:13.075 [Thread Group 1-295] INFO  o.apache.jmeter.threads.JMeterThread - Thread is done: Thread Group 1-295
10:14:13.075 [Thread Group 1-295] INFO  o.apache.jmeter.threads.JMeterThread - Thread finished: Thread Group 1-295
10:14:13.075 [Thread Group 1-267] INFO  o.apache.jmeter.threads.JMeterThread - Thread is done: Thread Group 1-267
10:14:13.075 [Thread Group 1-267] INFO  o.apache.jmeter.threads.JMeterThread - Thread finished: Thread Group 1-267
10:14:13.076 [Thread Group 1-373] INFO  o.apache.jmeter.threads.JMeterThread - Thread is done: Thread Group 1-373
10:14:13.076 [Thread Group 1-373] INFO  o.apache.jmeter.threads.JMeterThread - Thread finished: Thread Group 1-373
10:14:13.076 [Thread Group 1-39] INFO  o.apache.jmeter.threads.JMeterThread - Thread is done: Thread Group 1-39
10:14:13.076 [Thread Group 1-39] INFO  o.apache.jmeter.threads.JMeterThread - Thread finished: Thread Group 1-39
10:14:13.077 [Thread Group 1-509] INFO  o.apache.jmeter.threads.JMeterThread - Thread is done: Thread Group 1-509
10:14:13.077 [Thread Group 1-509] INFO  o.apache.jmeter.threads.JMeterThread - Thread finished: Thread Group 1-509
10:14:13.100 [Thread Group 1-146] INFO  o.apache.jmeter.threads.JMeterThread - Thread is done: Thread Group 1-146
10:14:13.100 [Thread Group 1-146] INFO  o.apache.jmeter.threads.JMeterThread - Thread finished: Thread Group 1-146
10:14:13.100 [Thread Group 1-533] INFO  o.apache.jmeter.threads.JMeterThread - Thread is done: Thread Group 1-533
10:14:13.101 [Thread Group 1-533] INFO  o.apache.jmeter.threads.JMeterThread - Thread finished: Thread Group 1-533
10:14:13.104 [Thread Group 1-292] INFO  o.apache.jmeter.threads.JMeterThread - Thread is done: Thread Group 1-292
10:14:13.104 [Thread Group 1-292] INFO  o.apache.jmeter.threads.JMeterThread - Thread finished: Thread Group 1-292
10:14:13.104 [Thread Group 1-617] INFO  o.apache.jmeter.threads.JMeterThread - Thread is done: Thread Group 1-617
10:14:13.104 [Thread Group 1-617] INFO  o.apache.jmeter.threads.JMeterThread - Thread finished: Thread Group 1-617
10:14:13.108 [Thread Group 1-588] INFO  o.apache.jmeter.threads.JMeterThread - Thread is done: Thread Group 1-588
10:14:13.108 [Thread Group 1-588] INFO  o.apache.jmeter.threads.JMeterThread - Thread finished: Thread Group 1-588
10:14:13.126 [Thread Group 1-431] INFO  o.apache.jmeter.threads.JMeterThread - Thread is done: Thread Group 1-431
10:14:13.126 [Thread Group 1-155] INFO  o.apache.jmeter.threads.JMeterThread - Thread is done: Thread Group 1-155
10:14:13.126 [Thread Group 1-431] INFO  o.apache.jmeter.threads.JMeterThread - Thread finished: Thread Group 1-431
10:14:13.126 [Thread Group 1-155] INFO  o.apache.jmeter.threads.JMeterThread - Thread finished: Thread Group 1-155
10:14:13.127 [Thread Group 1-499] INFO  o.apache.jmeter.threads.JMeterThread - Thread is done: Thread Group 1-499
10:14:13.127 [Thread Group 1-499] INFO  o.apache.jmeter.threads.JMeterThread - Thread finished: Thread Group 1-499
10:14:13.127 [Thread Group 1-181] INFO  o.apache.jmeter.threads.JMeterThread - Thread is done: Thread Group 1-181
10:14:13.127 [Thread Group 1-181] INFO  o.apache.jmeter.threads.JMeterThread - Thread finished: Thread Group 1-181
10:14:13.128 [Thread Group 1-183] INFO  o.apache.jmeter.threads.JMeterThread - Thread is done: Thread Group 1-183
10:14:13.128 [Thread Group 1-183] INFO  o.apache.jmeter.threads.JMeterThread - Thread finished: Thread Group 1-183
10:14:13.135 [Thread Group 1-119] INFO  o.apache.jmeter.threads.JMeterThread - Thread is done: Thread Group 1-119
10:14:13.135 [Thread Group 1-119] INFO  o.apache.jmeter.threads.JMeterThread - Thread finished: Thread Group 1-119
10:14:13.137 [Thread Group 1-142] INFO  o.apache.jmeter.threads.JMeterThread - Thread is done: Thread Group 1-142
10:14:13.137 [Thread Group 1-142] INFO  o.apache.jmeter.threads.JMeterThread - Thread finished: Thread Group 1-142
10:14:13.138 [Thread Group 1-219] INFO  o.apache.jmeter.threads.JMeterThread - Thread is done: Thread Group 1-219
10:14:13.139 [Thread Group 1-219] INFO  o.apache.jmeter.threads.JMeterThread - Thread finished: Thread Group 1-219
10:14:13.139 [Thread Group 1-638] INFO  o.apache.jmeter.threads.JMeterThread - Thread is done: Thread Group 1-638
10:14:13.139 [Thread Group 1-638] INFO  o.apache.jmeter.threads.JMeterThread - Thread finished: Thread Group 1-638
10:14:13.144 [Thread Group 1-411] INFO  o.apache.jmeter.threads.JMeterThread - Thread is done: Thread Group 1-411
10:14:13.144 [Thread Group 1-263] INFO  o.apache.jmeter.threads.JMeterThread - Thread is done: Thread Group 1-263
10:14:13.144 [Thread Group 1-411] INFO  o.apache.jmeter.threads.JMeterThread - Thread finished: Thread Group 1-411
10:14:13.144 [Thread Group 1-263] INFO  o.apache.jmeter.threads.JMeterThread - Thread finished: Thread Group 1-263
10:14:13.145 [Thread Group 1-73] INFO  o.apache.jmeter.threads.JMeterThread - Thread is done: Thread Group 1-73
10:14:13.145 [Thread Group 1-73] INFO  o.apache.jmeter.threads.JMeterThread - Thread finished: Thread Group 1-73
10:14:13.153 [Thread Group 1-94] INFO  o.apache.jmeter.threads.JMeterThread - Thread is done: Thread Group 1-94
10:14:13.154 [Thread Group 1-94] INFO  o.apache.jmeter.threads.JMeterThread - Thread finished: Thread Group 1-94
10:14:13.156 [Thread Group 1-384] INFO  o.apache.jmeter.threads.JMeterThread - Thread is done: Thread Group 1-384
10:14:13.156 [Thread Group 1-384] INFO  o.apache.jmeter.threads.JMeterThread - Thread finished: Thread Group 1-384
10:14:13.157 [Thread Group 1-8] INFO  o.apache.jmeter.threads.JMeterThread - Thread is done: Thread Group 1-8
10:14:13.157 [Thread Group 1-8] INFO  o.apache.jmeter.threads.JMeterThread - Thread finished: Thread Group 1-8
10:14:13.158 [Thread Group 1-645] INFO  o.apache.jmeter.threads.JMeterThread - Thread is done: Thread Group 1-645
10:14:13.158 [Thread Group 1-645] INFO  o.apache.jmeter.threads.JMeterThread - Thread finished: Thread Group 1-645
10:14:13.158 [Thread Group 1-300] INFO  o.apache.jmeter.threads.JMeterThread - Thread is done: Thread Group 1-300
10:14:13.158 [Thread Group 1-300] INFO  o.apache.jmeter.threads.JMeterThread - Thread finished: Thread Group 1-300
10:14:13.158 [Thread Group 1-297] INFO  o.apache.jmeter.threads.JMeterThread - Thread is done: Thread Group 1-297
10:14:13.159 [Thread Group 1-297] INFO  o.apache.jmeter.threads.JMeterThread - Thread finished: Thread Group 1-297
10:14:13.159 [Thread Group 1-185] INFO  o.apache.jmeter.threads.JMeterThread - Thread is done: Thread Group 1-185
10:14:13.159 [Thread Group 1-185] INFO  o.apache.jmeter.threads.JMeterThread - Thread finished: Thread Group 1-185
10:14:13.160 [Thread Group 1-352] INFO  o.apache.jmeter.threads.JMeterThread - Thread is done: Thread Group 1-352
10:14:13.160 [Thread Group 1-520] INFO  o.apache.jmeter.threads.JMeterThread - Thread is done: Thread Group 1-520
10:14:13.160 [Thread Group 1-352] INFO  o.apache.jmeter.threads.JMeterThread - Thread finished: Thread Group 1-352
10:14:13.160 [Thread Group 1-520] INFO  o.apache.jmeter.threads.JMeterThread - Thread finished: Thread Group 1-520
10:14:13.160 [Thread Group 1-24] INFO  o.apache.jmeter.threads.JMeterThread - Thread is done: Thread Group 1-24
10:14:13.160 [Thread Group 1-24] INFO  o.apache.jmeter.threads.JMeterThread - Thread finished: Thread Group 1-24
10:14:13.165 [Thread Group 1-65] INFO  o.apache.jmeter.threads.JMeterThread - Thread is done: Thread Group 1-65
10:14:13.166 [Thread Group 1-98] INFO  o.apache.jmeter.threads.JMeterThread - Thread is done: Thread Group 1-98
10:14:13.166 [Thread Group 1-65] INFO  o.apache.jmeter.threads.JMeterThread - Thread finished: Thread Group 1-65
10:14:13.166 [Thread Group 1-98] INFO  o.apache.jmeter.threads.JMeterThread - Thread finished: Thread Group 1-98
10:14:13.166 [Thread Group 1-556] INFO  o.apache.jmeter.threads.JMeterThread - Thread is done: Thread Group 1-556
10:14:13.166 [Thread Group 1-556] INFO  o.apache.jmeter.threads.JMeterThread - Thread finished: Thread Group 1-556
10:14:13.186 [Thread Group 1-410] INFO  o.apache.jmeter.threads.JMeterThread - Thread is done: Thread Group 1-410
10:14:13.186 [Thread Group 1-410] INFO  o.apache.jmeter.threads.JMeterThread - Thread finished: Thread Group 1-410
10:14:13.187 [Thread Group 1-492] INFO  o.apache.jmeter.threads.JMeterThread - Thread is done: Thread Group 1-492
10:14:13.187 [Thread Group 1-492] INFO  o.apache.jmeter.threads.JMeterThread - Thread finished: Thread Group 1-492
10:14:13.189 [Thread Group 1-432] INFO  o.apache.jmeter.threads.JMeterThread - Thread is done: Thread Group 1-432
10:14:13.189 [Thread Group 1-432] INFO  o.apache.jmeter.threads.JMeterThread - Thread finished: Thread Group 1-432
10:14:13.187 [Thread Group 1-477] INFO  o.apache.jmeter.threads.JMeterThread - Thread is done: Thread Group 1-477
10:14:13.189 [Thread Group 1-477] INFO  o.apache.jmeter.threads.JMeterThread - Thread finished: Thread Group 1-477
10:14:13.193 [Thread Group 1-408] INFO  o.apache.jmeter.threads.JMeterThread - Thread is done: Thread Group 1-408
10:14:13.193 [Thread Group 1-356] INFO  o.apache.jmeter.threads.JMeterThread - Thread is done: Thread Group 1-356
10:14:13.193 [Thread Group 1-408] INFO  o.apache.jmeter.threads.JMeterThread - Thread finished: Thread Group 1-408
10:14:13.193 [Thread Group 1-356] INFO  o.apache.jmeter.threads.JMeterThread - Thread finished: Thread Group 1-356
10:14:13.193 [Thread Group 1-85] INFO  o.apache.jmeter.threads.JMeterThread - Thread is done: Thread Group 1-85
10:14:13.193 [Thread Group 1-85] INFO  o.apache.jmeter.threads.JMeterThread - Thread finished: Thread Group 1-85
10:14:13.194 [Thread Group 1-461] INFO  o.apache.jmeter.threads.JMeterThread - Thread is done: Thread Group 1-461
10:14:13.194 [Thread Group 1-461] INFO  o.apache.jmeter.threads.JMeterThread - Thread finished: Thread Group 1-461
10:14:13.194 [Thread Group 1-161] INFO  o.apache.jmeter.threads.JMeterThread - Thread is done: Thread Group 1-161
10:14:13.194 [Thread Group 1-161] INFO  o.apache.jmeter.threads.JMeterThread - Thread finished: Thread Group 1-161
10:14:13.194 [Thread Group 1-211] INFO  o.apache.jmeter.threads.JMeterThread - Thread is done: Thread Group 1-211
10:14:13.194 [Thread Group 1-211] INFO  o.apache.jmeter.threads.JMeterThread - Thread finished: Thread Group 1-211
10:14:13.194 [Thread Group 1-227] INFO  o.apache.jmeter.threads.JMeterThread - Thread is done: Thread Group 1-227
10:14:13.194 [Thread Group 1-227] INFO  o.apache.jmeter.threads.JMeterThread - Thread finished: Thread Group 1-227
10:14:13.194 [Thread Group 1-93] INFO  o.apache.jmeter.threads.JMeterThread - Thread is done: Thread Group 1-93
10:14:13.194 [Thread Group 1-165] INFO  o.apache.jmeter.threads.JMeterThread - Thread is done: Thread Group 1-165
10:14:13.194 [Thread Group 1-93] INFO  o.apache.jmeter.threads.JMeterThread - Thread finished: Thread Group 1-93
10:14:13.194 [Thread Group 1-165] INFO  o.apache.jmeter.threads.JMeterThread - Thread finished: Thread Group 1-165
10:14:13.196 [Thread Group 1-470] INFO  o.apache.jmeter.threads.JMeterThread - Thread is done: Thread Group 1-470
10:14:13.196 [Thread Group 1-586] INFO  o.apache.jmeter.threads.JMeterThread - Thread is done: Thread Group 1-586
10:14:13.196 [Thread Group 1-470] INFO  o.apache.jmeter.threads.JMeterThread - Thread finished: Thread Group 1-470
10:14:13.196 [Thread Group 1-586] INFO  o.apache.jmeter.threads.JMeterThread - Thread finished: Thread Group 1-586
10:14:13.197 [Thread Group 1-519] INFO  o.apache.jmeter.threads.JMeterThread - Thread is done: Thread Group 1-519
10:14:13.197 [Thread Group 1-519] INFO  o.apache.jmeter.threads.JMeterThread - Thread finished: Thread Group 1-519
10:14:13.193 [Thread Group 1-511] INFO  o.apache.jmeter.threads.JMeterThread - Thread is done: Thread Group 1-511
10:14:13.198 [Thread Group 1-511] INFO  o.apache.jmeter.threads.JMeterThread - Thread finished: Thread Group 1-511
10:14:13.199 [Thread Group 1-378] INFO  o.apache.jmeter.threads.JMeterThread - Thread is done: Thread Group 1-378
10:14:13.199 [Thread Group 1-378] INFO  o.apache.jmeter.threads.JMeterThread - Thread finished: Thread Group 1-378
10:14:13.202 [Thread Group 1-309] INFO  o.apache.jmeter.threads.JMeterThread - Thread is done: Thread Group 1-309
10:14:13.203 [Thread Group 1-309] INFO  o.apache.jmeter.threads.JMeterThread - Thread finished: Thread Group 1-309
10:14:13.203 [Thread Group 1-597] INFO  o.apache.jmeter.threads.JMeterThread - Thread is done: Thread Group 1-597
10:14:13.203 [Thread Group 1-597] INFO  o.apache.jmeter.threads.JMeterThread - Thread finished: Thread Group 1-597
10:14:13.210 [Thread Group 1-348] INFO  o.apache.jmeter.threads.JMeterThread - Thread is done: Thread Group 1-348
10:14:13.210 [Thread Group 1-348] INFO  o.apache.jmeter.threads.JMeterThread - Thread finished: Thread Group 1-348
10:14:13.225 [Thread Group 1-434] INFO  o.apache.jmeter.threads.JMeterThread - Thread is done: Thread Group 1-434
10:14:13.225 [Thread Group 1-253] INFO  o.apache.jmeter.threads.JMeterThread - Thread is done: Thread Group 1-253
10:14:13.226 [Thread Group 1-434] INFO  o.apache.jmeter.threads.JMeterThread - Thread finished: Thread Group 1-434
10:14:13.226 [Thread Group 1-253] INFO  o.apache.jmeter.threads.JMeterThread - Thread finished: Thread Group 1-253
10:14:13.226 [Thread Group 1-444] INFO  o.apache.jmeter.threads.JMeterThread - Thread is done: Thread Group 1-444
10:14:13.226 [Thread Group 1-444] INFO  o.apache.jmeter.threads.JMeterThread - Thread finished: Thread Group 1-444
10:14:13.227 [Thread Group 1-385] INFO  o.apache.jmeter.threads.JMeterThread - Thread is done: Thread Group 1-385
10:14:13.227 [Thread Group 1-385] INFO  o.apache.jmeter.threads.JMeterThread - Thread finished: Thread Group 1-385
10:14:13.227 [Thread Group 1-132] INFO  o.apache.jmeter.threads.JMeterThread - Thread is done: Thread Group 1-132
10:14:13.227 [Thread Group 1-132] INFO  o.apache.jmeter.threads.JMeterThread - Thread finished: Thread Group 1-132
10:14:13.228 [Thread Group 1-493] INFO  o.apache.jmeter.threads.JMeterThread - Thread is done: Thread Group 1-493
10:14:13.229 [Thread Group 1-493] INFO  o.apache.jmeter.threads.JMeterThread - Thread finished: Thread Group 1-493
10:14:13.229 [Thread Group 1-74] INFO  o.apache.jmeter.threads.JMeterThread - Thread is done: Thread Group 1-74
10:14:13.229 [Thread Group 1-74] INFO  o.apache.jmeter.threads.JMeterThread - Thread finished: Thread Group 1-74
10:14:13.229 [Thread Group 1-220] INFO  o.apache.jmeter.threads.JMeterThread - Thread is done: Thread Group 1-220
10:14:13.229 [Thread Group 1-220] INFO  o.apache.jmeter.threads.JMeterThread - Thread finished: Thread Group 1-220
10:14:13.229 [Thread Group 1-506] INFO  o.apache.jmeter.threads.JMeterThread - Thread is done: Thread Group 1-506
10:14:13.229 [Thread Group 1-506] INFO  o.apache.jmeter.threads.JMeterThread - Thread finished: Thread Group 1-506
10:14:13.230 [Thread Group 1-420] INFO  o.apache.jmeter.threads.JMeterThread - Thread is done: Thread Group 1-420
10:14:13.230 [Thread Group 1-420] INFO  o.apache.jmeter.threads.JMeterThread - Thread finished: Thread Group 1-420
10:14:13.232 [Thread Group 1-213] INFO  o.apache.jmeter.threads.JMeterThread - Thread is done: Thread Group 1-213
10:14:13.233 [Thread Group 1-213] INFO  o.apache.jmeter.threads.JMeterThread - Thread finished: Thread Group 1-213
10:14:13.234 [Thread Group 1-37] INFO  o.apache.jmeter.threads.JMeterThread - Thread is done: Thread Group 1-37
10:14:13.234 [Thread Group 1-545] INFO  o.apache.jmeter.threads.JMeterThread - Thread is done: Thread Group 1-545
10:14:13.234 [Thread Group 1-37] INFO  o.apache.jmeter.threads.JMeterThread - Thread finished: Thread Group 1-37
10:14:13.234 [Thread Group 1-545] INFO  o.apache.jmeter.threads.JMeterThread - Thread finished: Thread Group 1-545
10:14:13.234 [Thread Group 1-112] INFO  o.apache.jmeter.threads.JMeterThread - Thread is done: Thread Group 1-112
10:14:13.234 [Thread Group 1-112] INFO  o.apache.jmeter.threads.JMeterThread - Thread finished: Thread Group 1-112
10:14:13.235 [Thread Group 1-53] INFO  o.apache.jmeter.threads.JMeterThread - Thread is done: Thread Group 1-53
10:14:13.235 [Thread Group 1-53] INFO  o.apache.jmeter.threads.JMeterThread - Thread finished: Thread Group 1-53
10:14:13.236 [Thread Group 1-445] INFO  o.apache.jmeter.threads.JMeterThread - Thread is done: Thread Group 1-445
10:14:13.236 [Thread Group 1-445] INFO  o.apache.jmeter.threads.JMeterThread - Thread finished: Thread Group 1-445
10:14:13.236 [Thread Group 1-212] INFO  o.apache.jmeter.threads.JMeterThread - Thread is done: Thread Group 1-212
10:14:13.236 [Thread Group 1-212] INFO  o.apache.jmeter.threads.JMeterThread - Thread finished: Thread Group 1-212
10:14:13.237 [Thread Group 1-149] INFO  o.apache.jmeter.threads.JMeterThread - Thread is done: Thread Group 1-149
10:14:13.237 [Thread Group 1-149] INFO  o.apache.jmeter.threads.JMeterThread - Thread finished: Thread Group 1-149
10:14:13.237 [Thread Group 1-481] INFO  o.apache.jmeter.threads.JMeterThread - Thread is done: Thread Group 1-481
10:14:13.237 [Thread Group 1-481] INFO  o.apache.jmeter.threads.JMeterThread - Thread finished: Thread Group 1-481
10:14:13.268 [Thread Group 1-252] INFO  o.apache.jmeter.threads.JMeterThread - Thread is done: Thread Group 1-252
10:14:13.268 [Thread Group 1-252] INFO  o.apache.jmeter.threads.JMeterThread - Thread finished: Thread Group 1-252
10:14:13.271 [Thread Group 1-241] INFO  o.apache.jmeter.threads.JMeterThread - Thread is done: Thread Group 1-241
10:14:13.271 [Thread Group 1-376] INFO  o.apache.jmeter.threads.JMeterThread - Thread is done: Thread Group 1-376
10:14:13.271 [Thread Group 1-241] INFO  o.apache.jmeter.threads.JMeterThread - Thread finished: Thread Group 1-241
10:14:13.271 [Thread Group 1-376] INFO  o.apache.jmeter.threads.JMeterThread - Thread finished: Thread Group 1-376
10:14:13.272 [Thread Group 1-448] INFO  o.apache.jmeter.threads.JMeterThread - Thread is done: Thread Group 1-448
10:14:13.272 [Thread Group 1-448] INFO  o.apache.jmeter.threads.JMeterThread - Thread finished: Thread Group 1-448
10:14:13.272 [Thread Group 1-327] INFO  o.apache.jmeter.threads.JMeterThread - Thread is done: Thread Group 1-327
10:14:13.272 [Thread Group 1-332] INFO  o.apache.jmeter.threads.JMeterThread - Thread is done: Thread Group 1-332
10:14:13.272 [Thread Group 1-327] INFO  o.apache.jmeter.threads.JMeterThread - Thread finished: Thread Group 1-327
10:14:13.272 [Thread Group 1-508] INFO  o.apache.jmeter.threads.JMeterThread - Thread is done: Thread Group 1-508
10:14:13.272 [Thread Group 1-332] INFO  o.apache.jmeter.threads.JMeterThread - Thread finished: Thread Group 1-332
10:14:13.272 [Thread Group 1-508] INFO  o.apache.jmeter.threads.JMeterThread - Thread finished: Thread Group 1-508
10:14:13.272 [Thread Group 1-32] INFO  o.apache.jmeter.threads.JMeterThread - Thread is done: Thread Group 1-32
10:14:13.273 [Thread Group 1-32] INFO  o.apache.jmeter.threads.JMeterThread - Thread finished: Thread Group 1-32
10:14:13.273 [Thread Group 1-180] INFO  o.apache.jmeter.threads.JMeterThread - Thread is done: Thread Group 1-180
10:14:13.273 [Thread Group 1-180] INFO  o.apache.jmeter.threads.JMeterThread - Thread finished: Thread Group 1-180
10:14:13.276 [Thread Group 1-521] INFO  o.apache.jmeter.threads.JMeterThread - Thread is done: Thread Group 1-521
10:14:13.276 [Thread Group 1-538] INFO  o.apache.jmeter.threads.JMeterThread - Thread is done: Thread Group 1-538
10:14:13.276 [Thread Group 1-521] INFO  o.apache.jmeter.threads.JMeterThread - Thread finished: Thread Group 1-521
10:14:13.276 [Thread Group 1-538] INFO  o.apache.jmeter.threads.JMeterThread - Thread finished: Thread Group 1-538
10:14:13.308 [Thread Group 1-312] INFO  o.apache.jmeter.threads.JMeterThread - Thread is done: Thread Group 1-312
10:14:13.308 [Thread Group 1-312] INFO  o.apache.jmeter.threads.JMeterThread - Thread finished: Thread Group 1-312
10:14:13.308 [Thread Group 1-388] INFO  o.apache.jmeter.threads.JMeterThread - Thread is done: Thread Group 1-388
10:14:13.308 [Thread Group 1-388] INFO  o.apache.jmeter.threads.JMeterThread - Thread finished: Thread Group 1-388
10:14:13.309 [Thread Group 1-377] INFO  o.apache.jmeter.threads.JMeterThread - Thread is done: Thread Group 1-377
10:14:13.309 [Thread Group 1-147] INFO  o.apache.jmeter.threads.JMeterThread - Thread is done: Thread Group 1-147
10:14:13.309 [Thread Group 1-377] INFO  o.apache.jmeter.threads.JMeterThread - Thread finished: Thread Group 1-377
10:14:13.309 [Thread Group 1-147] INFO  o.apache.jmeter.threads.JMeterThread - Thread finished: Thread Group 1-147
10:14:13.309 [Thread Group 1-554] INFO  o.apache.jmeter.threads.JMeterThread - Thread is done: Thread Group 1-554
10:14:13.310 [Thread Group 1-554] INFO  o.apache.jmeter.threads.JMeterThread - Thread finished: Thread Group 1-554
10:14:13.310 [Thread Group 1-553] INFO  o.apache.jmeter.threads.JMeterThread - Thread is done: Thread Group 1-553
10:14:13.310 [Thread Group 1-646] INFO  o.apache.jmeter.threads.JMeterThread - Thread is done: Thread Group 1-646
10:14:13.310 [Thread Group 1-553] INFO  o.apache.jmeter.threads.JMeterThread - Thread finished: Thread Group 1-553
10:14:13.310 [Thread Group 1-646] INFO  o.apache.jmeter.threads.JMeterThread - Thread finished: Thread Group 1-646
10:14:13.312 [Thread Group 1-412] INFO  o.apache.jmeter.threads.JMeterThread - Thread is done: Thread Group 1-412
10:14:13.312 [Thread Group 1-653] INFO  o.apache.jmeter.threads.JMeterThread - Thread is done: Thread Group 1-653
10:14:13.312 [Thread Group 1-412] INFO  o.apache.jmeter.threads.JMeterThread - Thread finished: Thread Group 1-412
10:14:13.312 [Thread Group 1-653] INFO  o.apache.jmeter.threads.JMeterThread - Thread finished: Thread Group 1-653
10:14:13.313 [Thread Group 1-164] INFO  o.apache.jmeter.threads.JMeterThread - Thread is done: Thread Group 1-164
10:14:13.313 [Thread Group 1-41] INFO  o.apache.jmeter.threads.JMeterThread - Thread is done: Thread Group 1-41
10:14:13.313 [Thread Group 1-164] INFO  o.apache.jmeter.threads.JMeterThread - Thread finished: Thread Group 1-164
10:14:13.313 [Thread Group 1-41] INFO  o.apache.jmeter.threads.JMeterThread - Thread finished: Thread Group 1-41
10:14:13.316 [Thread Group 1-527] INFO  o.apache.jmeter.threads.JMeterThread - Thread is done: Thread Group 1-527
10:14:13.316 [Thread Group 1-690] INFO  o.apache.jmeter.threads.JMeterThread - Thread is done: Thread Group 1-690
10:14:13.316 [Thread Group 1-527] INFO  o.apache.jmeter.threads.JMeterThread - Thread finished: Thread Group 1-527
10:14:13.316 [Thread Group 1-690] INFO  o.apache.jmeter.threads.JMeterThread - Thread finished: Thread Group 1-690
10:14:13.317 [Thread Group 1-620] INFO  o.apache.jmeter.threads.JMeterThread - Thread is done: Thread Group 1-620
10:14:13.317 [Thread Group 1-433] INFO  o.apache.jmeter.threads.JMeterThread - Thread is done: Thread Group 1-433
10:14:13.317 [Thread Group 1-620] INFO  o.apache.jmeter.threads.JMeterThread - Thread finished: Thread Group 1-620
10:14:13.317 [Thread Group 1-433] INFO  o.apache.jmeter.threads.JMeterThread - Thread finished: Thread Group 1-433
10:14:13.317 [Thread Group 1-172] INFO  o.apache.jmeter.threads.JMeterThread - Thread is done: Thread Group 1-172
10:14:13.317 [Thread Group 1-172] INFO  o.apache.jmeter.threads.JMeterThread - Thread finished: Thread Group 1-172
10:14:13.318 [Thread Group 1-77] INFO  o.apache.jmeter.threads.JMeterThread - Thread is done: Thread Group 1-77
10:14:13.318 [Thread Group 1-77] INFO  o.apache.jmeter.threads.JMeterThread - Thread finished: Thread Group 1-77
10:14:13.318 [Thread Group 1-173] INFO  o.apache.jmeter.threads.JMeterThread - Thread is done: Thread Group 1-173
10:14:13.318 [Thread Group 1-173] INFO  o.apache.jmeter.threads.JMeterThread - Thread finished: Thread Group 1-173
10:14:13.318 [Thread Group 1-712] INFO  o.apache.jmeter.threads.JMeterThread - Thread is done: Thread Group 1-712
10:14:13.318 [Thread Group 1-712] INFO  o.apache.jmeter.threads.JMeterThread - Thread finished: Thread Group 1-712
10:14:13.318 [Thread Group 1-232] INFO  o.apache.jmeter.threads.JMeterThread - Thread is done: Thread Group 1-232
10:14:13.318 [Thread Group 1-232] INFO  o.apache.jmeter.threads.JMeterThread - Thread finished: Thread Group 1-232
10:14:13.319 [Thread Group 1-428] INFO  o.apache.jmeter.threads.JMeterThread - Thread is done: Thread Group 1-428
10:14:13.319 [Thread Group 1-450] INFO  o.apache.jmeter.threads.JMeterThread - Thread is done: Thread Group 1-450
10:14:13.319 [Thread Group 1-428] INFO  o.apache.jmeter.threads.JMeterThread - Thread finished: Thread Group 1-428
10:14:13.319 [Thread Group 1-450] INFO  o.apache.jmeter.threads.JMeterThread - Thread finished: Thread Group 1-450
10:14:13.319 [Thread Group 1-306] INFO  o.apache.jmeter.threads.JMeterThread - Thread is done: Thread Group 1-306
10:14:13.319 [Thread Group 1-306] INFO  o.apache.jmeter.threads.JMeterThread - Thread finished: Thread Group 1-306
10:14:13.319 [Thread Group 1-276] INFO  o.apache.jmeter.threads.JMeterThread - Thread is done: Thread Group 1-276
10:14:13.320 [Thread Group 1-276] INFO  o.apache.jmeter.threads.JMeterThread - Thread finished: Thread Group 1-276
10:14:13.320 [Thread Group 1-7] INFO  o.apache.jmeter.threads.JMeterThread - Thread is done: Thread Group 1-7
10:14:13.320 [Thread Group 1-7] INFO  o.apache.jmeter.threads.JMeterThread - Thread finished: Thread Group 1-7
10:14:13.320 [Thread Group 1-656] INFO  o.apache.jmeter.threads.JMeterThread - Thread is done: Thread Group 1-656
10:14:13.320 [Thread Group 1-656] INFO  o.apache.jmeter.threads.JMeterThread - Thread finished: Thread Group 1-656
10:14:13.319 [Thread Group 1-573] INFO  o.apache.jmeter.threads.JMeterThread - Thread is done: Thread Group 1-573
10:14:13.320 [Thread Group 1-573] INFO  o.apache.jmeter.threads.JMeterThread - Thread finished: Thread Group 1-573
10:14:13.319 [Thread Group 1-355] INFO  o.apache.jmeter.threads.JMeterThread - Thread is done: Thread Group 1-355
10:14:13.320 [Thread Group 1-355] INFO  o.apache.jmeter.threads.JMeterThread - Thread finished: Thread Group 1-355
10:14:13.319 [Thread Group 1-140] INFO  o.apache.jmeter.threads.JMeterThread - Thread is done: Thread Group 1-140
10:14:13.320 [Thread Group 1-140] INFO  o.apache.jmeter.threads.JMeterThread - Thread finished: Thread Group 1-140
10:14:13.322 [Thread Group 1-468] INFO  o.apache.jmeter.threads.JMeterThread - Thread is done: Thread Group 1-468
10:14:13.322 [Thread Group 1-468] INFO  o.apache.jmeter.threads.JMeterThread - Thread finished: Thread Group 1-468
10:14:13.322 [Thread Group 1-424] INFO  o.apache.jmeter.threads.JMeterThread - Thread is done: Thread Group 1-424
10:14:13.322 [Thread Group 1-424] INFO  o.apache.jmeter.threads.JMeterThread - Thread finished: Thread Group 1-424
10:14:13.323 [Thread Group 1-316] INFO  o.apache.jmeter.threads.JMeterThread - Thread is done: Thread Group 1-316
10:14:13.323 [Thread Group 1-316] INFO  o.apache.jmeter.threads.JMeterThread - Thread finished: Thread Group 1-316
10:14:13.323 [Thread Group 1-523] INFO  o.apache.jmeter.threads.JMeterThread - Thread is done: Thread Group 1-523
10:14:13.323 [Thread Group 1-69] INFO  o.apache.jmeter.threads.JMeterThread - Thread is done: Thread Group 1-69
10:14:13.323 [Thread Group 1-523] INFO  o.apache.jmeter.threads.JMeterThread - Thread finished: Thread Group 1-523
10:14:13.323 [Thread Group 1-69] INFO  o.apache.jmeter.threads.JMeterThread - Thread finished: Thread Group 1-69
10:14:13.324 [Thread Group 1-143] INFO  o.apache.jmeter.threads.JMeterThread - Thread is done: Thread Group 1-143
10:14:13.324 [Thread Group 1-143] INFO  o.apache.jmeter.threads.JMeterThread - Thread finished: Thread Group 1-143
10:14:13.324 [Thread Group 1-75] INFO  o.apache.jmeter.threads.JMeterThread - Thread is done: Thread Group 1-75
10:14:13.324 [Thread Group 1-583] INFO  o.apache.jmeter.threads.JMeterThread - Thread is done: Thread Group 1-583
10:14:13.324 [Thread Group 1-75] INFO  o.apache.jmeter.threads.JMeterThread - Thread finished: Thread Group 1-75
10:14:13.324 [Thread Group 1-583] INFO  o.apache.jmeter.threads.JMeterThread - Thread finished: Thread Group 1-583
10:14:13.325 [Thread Group 1-768] INFO  o.apache.jmeter.threads.JMeterThread - Thread is done: Thread Group 1-768
10:14:13.325 [Thread Group 1-478] INFO  o.apache.jmeter.threads.JMeterThread - Thread is done: Thread Group 1-478
10:14:13.325 [Thread Group 1-768] INFO  o.apache.jmeter.threads.JMeterThread - Thread finished: Thread Group 1-768
10:14:13.325 [Thread Group 1-2] INFO  o.apache.jmeter.threads.JMeterThread - Thread is done: Thread Group 1-2
10:14:13.325 [Thread Group 1-478] INFO  o.apache.jmeter.threads.JMeterThread - Thread finished: Thread Group 1-478
10:14:13.325 [Thread Group 1-2] INFO  o.apache.jmeter.threads.JMeterThread - Thread finished: Thread Group 1-2
10:14:13.325 [Thread Group 1-308] INFO  o.apache.jmeter.threads.JMeterThread - Thread is done: Thread Group 1-308
10:14:13.325 [Thread Group 1-308] INFO  o.apache.jmeter.threads.JMeterThread - Thread finished: Thread Group 1-308
10:14:13.325 [Thread Group 1-371] INFO  o.apache.jmeter.threads.JMeterThread - Thread is done: Thread Group 1-371
10:14:13.326 [Thread Group 1-371] INFO  o.apache.jmeter.threads.JMeterThread - Thread finished: Thread Group 1-371
10:14:13.359 [Thread Group 1-189] INFO  o.apache.jmeter.threads.JMeterThread - Thread is done: Thread Group 1-189
10:14:13.359 [Thread Group 1-567] INFO  o.apache.jmeter.threads.JMeterThread - Thread is done: Thread Group 1-567
10:14:13.359 [Thread Group 1-189] INFO  o.apache.jmeter.threads.JMeterThread - Thread finished: Thread Group 1-189
10:14:13.359 [Thread Group 1-567] INFO  o.apache.jmeter.threads.JMeterThread - Thread finished: Thread Group 1-567
10:14:13.359 [Thread Group 1-182] INFO  o.apache.jmeter.threads.JMeterThread - Thread is done: Thread Group 1-182
10:14:13.359 [Thread Group 1-182] INFO  o.apache.jmeter.threads.JMeterThread - Thread finished: Thread Group 1-182
10:14:13.359 [Thread Group 1-61] INFO  o.apache.jmeter.threads.JMeterThread - Thread is done: Thread Group 1-61
10:14:13.359 [Thread Group 1-61] INFO  o.apache.jmeter.threads.JMeterThread - Thread finished: Thread Group 1-61
10:14:13.359 [Thread Group 1-604] INFO  o.apache.jmeter.threads.JMeterThread - Thread is done: Thread Group 1-604
10:14:13.360 [Thread Group 1-604] INFO  o.apache.jmeter.threads.JMeterThread - Thread finished: Thread Group 1-604
10:14:13.360 [Thread Group 1-591] INFO  o.apache.jmeter.threads.JMeterThread - Thread is done: Thread Group 1-591
10:14:13.360 [Thread Group 1-591] INFO  o.apache.jmeter.threads.JMeterThread - Thread finished: Thread Group 1-591
10:14:13.361 [Thread Group 1-381] INFO  o.apache.jmeter.threads.JMeterThread - Thread is done: Thread Group 1-381
10:14:13.361 [Thread Group 1-479] INFO  o.apache.jmeter.threads.JMeterThread - Thread is done: Thread Group 1-479
10:14:13.361 [Thread Group 1-381] INFO  o.apache.jmeter.threads.JMeterThread - Thread finished: Thread Group 1-381
10:14:13.361 [Thread Group 1-479] INFO  o.apache.jmeter.threads.JMeterThread - Thread finished: Thread Group 1-479
10:14:13.361 [Thread Group 1-336] INFO  o.apache.jmeter.threads.JMeterThread - Thread is done: Thread Group 1-336
10:14:13.361 [Thread Group 1-336] INFO  o.apache.jmeter.threads.JMeterThread - Thread finished: Thread Group 1-336
10:14:13.361 [Thread Group 1-71] INFO  o.apache.jmeter.threads.JMeterThread - Thread is done: Thread Group 1-71
10:14:13.361 [Thread Group 1-347] INFO  o.apache.jmeter.threads.JMeterThread - Thread is done: Thread Group 1-347
10:14:13.361 [Thread Group 1-71] INFO  o.apache.jmeter.threads.JMeterThread - Thread finished: Thread Group 1-71
10:14:13.361 [Thread Group 1-347] INFO  o.apache.jmeter.threads.JMeterThread - Thread finished: Thread Group 1-347
10:14:13.361 [Thread Group 1-750] INFO  o.apache.jmeter.threads.JMeterThread - Thread is done: Thread Group 1-750
10:14:13.361 [Thread Group 1-354] INFO  o.apache.jmeter.threads.JMeterThread - Thread is done: Thread Group 1-354
10:14:13.361 [Thread Group 1-750] INFO  o.apache.jmeter.threads.JMeterThread - Thread finished: Thread Group 1-750
10:14:13.361 [Thread Group 1-354] INFO  o.apache.jmeter.threads.JMeterThread - Thread finished: Thread Group 1-354
10:14:13.362 [Thread Group 1-539] INFO  o.apache.jmeter.threads.JMeterThread - Thread is done: Thread Group 1-539
10:14:13.362 [Thread Group 1-539] INFO  o.apache.jmeter.threads.JMeterThread - Thread finished: Thread Group 1-539
10:14:13.362 [Thread Group 1-346] INFO  o.apache.jmeter.threads.JMeterThread - Thread is done: Thread Group 1-346
10:14:13.362 [Thread Group 1-346] INFO  o.apache.jmeter.threads.JMeterThread - Thread finished: Thread Group 1-346
10:14:13.362 [Thread Group 1-218] INFO  o.apache.jmeter.threads.JMeterThread - Thread is done: Thread Group 1-218
10:14:13.362 [Thread Group 1-218] INFO  o.apache.jmeter.threads.JMeterThread - Thread finished: Thread Group 1-218
10:14:13.376 [Thread Group 1-558] INFO  o.apache.jmeter.threads.JMeterThread - Thread is done: Thread Group 1-558
10:14:13.376 [Thread Group 1-603] INFO  o.apache.jmeter.threads.JMeterThread - Thread is done: Thread Group 1-603
10:14:13.376 [Thread Group 1-558] INFO  o.apache.jmeter.threads.JMeterThread - Thread finished: Thread Group 1-558
10:14:13.376 [Thread Group 1-603] INFO  o.apache.jmeter.threads.JMeterThread - Thread finished: Thread Group 1-603
10:14:13.376 [Thread Group 1-472] INFO  o.apache.jmeter.threads.JMeterThread - Thread is done: Thread Group 1-472
10:14:13.376 [Thread Group 1-472] INFO  o.apache.jmeter.threads.JMeterThread - Thread finished: Thread Group 1-472
10:14:13.377 [Thread Group 1-537] INFO  o.apache.jmeter.threads.JMeterThread - Thread is done: Thread Group 1-537
10:14:13.377 [Thread Group 1-537] INFO  o.apache.jmeter.threads.JMeterThread - Thread finished: Thread Group 1-537
10:14:13.382 [Thread Group 1-622] INFO  o.apache.jmeter.threads.JMeterThread - Thread is done: Thread Group 1-622
10:14:13.383 [Thread Group 1-622] INFO  o.apache.jmeter.threads.JMeterThread - Thread finished: Thread Group 1-622
10:14:13.382 [Thread Group 1-703] INFO  o.apache.jmeter.threads.JMeterThread - Thread is done: Thread Group 1-703
10:14:13.383 [Thread Group 1-703] INFO  o.apache.jmeter.threads.JMeterThread - Thread finished: Thread Group 1-703
10:14:13.383 [Thread Group 1-319] INFO  o.apache.jmeter.threads.JMeterThread - Thread is done: Thread Group 1-319
10:14:13.383 [Thread Group 1-319] INFO  o.apache.jmeter.threads.JMeterThread - Thread finished: Thread Group 1-319
10:14:13.384 [Thread Group 1-699] INFO  o.apache.jmeter.threads.JMeterThread - Thread is done: Thread Group 1-699
10:14:13.384 [Thread Group 1-699] INFO  o.apache.jmeter.threads.JMeterThread - Thread finished: Thread Group 1-699
10:14:13.408 [Thread Group 1-328] INFO  o.apache.jmeter.threads.JMeterThread - Thread is done: Thread Group 1-328
10:14:13.408 [Thread Group 1-328] INFO  o.apache.jmeter.threads.JMeterThread - Thread finished: Thread Group 1-328
10:14:13.409 [Thread Group 1-42] INFO  o.apache.jmeter.threads.JMeterThread - Thread is done: Thread Group 1-42
10:14:13.409 [Thread Group 1-42] INFO  o.apache.jmeter.threads.JMeterThread - Thread finished: Thread Group 1-42
10:14:13.409 [Thread Group 1-349] INFO  o.apache.jmeter.threads.JMeterThread - Thread is done: Thread Group 1-349
10:14:13.409 [Thread Group 1-349] INFO  o.apache.jmeter.threads.JMeterThread - Thread finished: Thread Group 1-349
10:14:13.409 [Thread Group 1-510] INFO  o.apache.jmeter.threads.JMeterThread - Thread is done: Thread Group 1-510
10:14:13.409 [Thread Group 1-510] INFO  o.apache.jmeter.threads.JMeterThread - Thread finished: Thread Group 1-510
10:14:13.409 [Thread Group 1-60] INFO  o.apache.jmeter.threads.JMeterThread - Thread is done: Thread Group 1-60
10:14:13.409 [Thread Group 1-60] INFO  o.apache.jmeter.threads.JMeterThread - Thread finished: Thread Group 1-60
10:14:13.409 [Thread Group 1-31] INFO  o.apache.jmeter.threads.JMeterThread - Thread is done: Thread Group 1-31
10:14:13.409 [Thread Group 1-31] INFO  o.apache.jmeter.threads.JMeterThread - Thread finished: Thread Group 1-31
10:14:13.410 [Thread Group 1-233] INFO  o.apache.jmeter.threads.JMeterThread - Thread is done: Thread Group 1-233
10:14:13.410 [Thread Group 1-120] INFO  o.apache.jmeter.threads.JMeterThread - Thread is done: Thread Group 1-120
10:14:13.410 [Thread Group 1-233] INFO  o.apache.jmeter.threads.JMeterThread - Thread finished: Thread Group 1-233
10:14:13.410 [Thread Group 1-120] INFO  o.apache.jmeter.threads.JMeterThread - Thread finished: Thread Group 1-120
10:14:13.410 [Thread Group 1-100] INFO  o.apache.jmeter.threads.JMeterThread - Thread is done: Thread Group 1-100
10:14:13.410 [Thread Group 1-100] INFO  o.apache.jmeter.threads.JMeterThread - Thread finished: Thread Group 1-100
10:14:13.410 [Thread Group 1-423] INFO  o.apache.jmeter.threads.JMeterThread - Thread is done: Thread Group 1-423
10:14:13.410 [Thread Group 1-423] INFO  o.apache.jmeter.threads.JMeterThread - Thread finished: Thread Group 1-423
10:14:13.436 [Thread Group 1-732] INFO  o.apache.jmeter.threads.JMeterThread - Thread is done: Thread Group 1-732
10:14:13.436 [Thread Group 1-666] INFO  o.apache.jmeter.threads.JMeterThread - Thread is done: Thread Group 1-666
10:14:13.436 [Thread Group 1-732] INFO  o.apache.jmeter.threads.JMeterThread - Thread finished: Thread Group 1-732
10:14:13.436 [Thread Group 1-666] INFO  o.apache.jmeter.threads.JMeterThread - Thread finished: Thread Group 1-666
10:14:13.436 [Thread Group 1-540] INFO  o.apache.jmeter.threads.JMeterThread - Thread is done: Thread Group 1-540
10:14:13.436 [Thread Group 1-540] INFO  o.apache.jmeter.threads.JMeterThread - Thread finished: Thread Group 1-540
10:14:13.436 [Thread Group 1-47] INFO  o.apache.jmeter.threads.JMeterThread - Thread is done: Thread Group 1-47
10:14:13.436 [Thread Group 1-47] INFO  o.apache.jmeter.threads.JMeterThread - Thread finished: Thread Group 1-47
10:14:13.436 [Thread Group 1-542] INFO  o.apache.jmeter.threads.JMeterThread - Thread is done: Thread Group 1-542
10:14:13.436 [Thread Group 1-542] INFO  o.apache.jmeter.threads.JMeterThread - Thread finished: Thread Group 1-542
10:14:13.437 [Thread Group 1-731] INFO  o.apache.jmeter.threads.JMeterThread - Thread is done: Thread Group 1-731
10:14:13.437 [Thread Group 1-731] INFO  o.apache.jmeter.threads.JMeterThread - Thread finished: Thread Group 1-731
10:14:13.438 [Thread Group 1-121] INFO  o.apache.jmeter.threads.JMeterThread - Thread is done: Thread Group 1-121
10:14:13.438 [Thread Group 1-174] INFO  o.apache.jmeter.threads.JMeterThread - Thread is done: Thread Group 1-174
10:14:13.438 [Thread Group 1-121] INFO  o.apache.jmeter.threads.JMeterThread - Thread finished: Thread Group 1-121
10:14:13.438 [Thread Group 1-174] INFO  o.apache.jmeter.threads.JMeterThread - Thread finished: Thread Group 1-174
10:14:13.462 [Thread Group 1-736] INFO  o.apache.jmeter.threads.JMeterThread - Thread is done: Thread Group 1-736
10:14:13.462 [Thread Group 1-115] INFO  o.apache.jmeter.threads.JMeterThread - Thread is done: Thread Group 1-115
10:14:13.462 [Thread Group 1-111] INFO  o.apache.jmeter.threads.JMeterThread - Thread is done: Thread Group 1-111
10:14:13.462 [Thread Group 1-111] INFO  o.apache.jmeter.threads.JMeterThread - Thread finished: Thread Group 1-111
10:14:13.462 [Thread Group 1-115] INFO  o.apache.jmeter.threads.JMeterThread - Thread finished: Thread Group 1-115
10:14:13.462 [Thread Group 1-736] INFO  o.apache.jmeter.threads.JMeterThread - Thread finished: Thread Group 1-736
10:14:13.462 [Thread Group 1-179] INFO  o.apache.jmeter.threads.JMeterThread - Thread is done: Thread Group 1-179
10:14:13.462 [Thread Group 1-179] INFO  o.apache.jmeter.threads.JMeterThread - Thread finished: Thread Group 1-179
10:14:13.467 [Thread Group 1-251] INFO  o.apache.jmeter.threads.JMeterThread - Thread is done: Thread Group 1-251
10:14:13.467 [Thread Group 1-251] INFO  o.apache.jmeter.threads.JMeterThread - Thread finished: Thread Group 1-251
10:14:13.467 [Thread Group 1-564] INFO  o.apache.jmeter.threads.JMeterThread - Thread is done: Thread Group 1-564
10:14:13.467 [Thread Group 1-564] INFO  o.apache.jmeter.threads.JMeterThread - Thread finished: Thread Group 1-564
10:14:13.467 [Thread Group 1-257] INFO  o.apache.jmeter.threads.JMeterThread - Thread is done: Thread Group 1-257
10:14:13.467 [Thread Group 1-257] INFO  o.apache.jmeter.threads.JMeterThread - Thread finished: Thread Group 1-257
10:14:13.468 [Thread Group 1-25] INFO  o.apache.jmeter.threads.JMeterThread - Thread is done: Thread Group 1-25
10:14:13.468 [Thread Group 1-22] INFO  o.apache.jmeter.threads.JMeterThread - Thread is done: Thread Group 1-22
10:14:13.469 [Thread Group 1-25] INFO  o.apache.jmeter.threads.JMeterThread - Thread finished: Thread Group 1-25
10:14:13.469 [Thread Group 1-22] INFO  o.apache.jmeter.threads.JMeterThread - Thread finished: Thread Group 1-22
10:14:13.469 [Thread Group 1-370] INFO  o.apache.jmeter.threads.JMeterThread - Thread is done: Thread Group 1-370
10:14:13.469 [Thread Group 1-370] INFO  o.apache.jmeter.threads.JMeterThread - Thread finished: Thread Group 1-370
10:14:13.469 [Thread Group 1-242] INFO  o.apache.jmeter.threads.JMeterThread - Thread is done: Thread Group 1-242
10:14:13.469 [Thread Group 1-107] INFO  o.apache.jmeter.threads.JMeterThread - Thread is done: Thread Group 1-107
10:14:13.469 [Thread Group 1-242] INFO  o.apache.jmeter.threads.JMeterThread - Thread finished: Thread Group 1-242
10:14:13.469 [Thread Group 1-107] INFO  o.apache.jmeter.threads.JMeterThread - Thread finished: Thread Group 1-107
10:14:13.469 [Thread Group 1-151] INFO  o.apache.jmeter.threads.JMeterThread - Thread is done: Thread Group 1-151
10:14:13.469 [Thread Group 1-602] INFO  o.apache.jmeter.threads.JMeterThread - Thread is done: Thread Group 1-602
10:14:13.469 [Thread Group 1-235] INFO  o.apache.jmeter.threads.JMeterThread - Thread is done: Thread Group 1-235
10:14:13.469 [Thread Group 1-602] INFO  o.apache.jmeter.threads.JMeterThread - Thread finished: Thread Group 1-602
10:14:13.469 [Thread Group 1-235] INFO  o.apache.jmeter.threads.JMeterThread - Thread finished: Thread Group 1-235
10:14:13.469 [Thread Group 1-191] INFO  o.apache.jmeter.threads.JMeterThread - Thread is done: Thread Group 1-191
10:14:13.469 [Thread Group 1-516] INFO  o.apache.jmeter.threads.JMeterThread - Thread is done: Thread Group 1-516
10:14:13.469 [Thread Group 1-191] INFO  o.apache.jmeter.threads.JMeterThread - Thread finished: Thread Group 1-191
10:14:13.469 [Thread Group 1-516] INFO  o.apache.jmeter.threads.JMeterThread - Thread finished: Thread Group 1-516
10:14:13.469 [Thread Group 1-196] INFO  o.apache.jmeter.threads.JMeterThread - Thread is done: Thread Group 1-196
10:14:13.469 [Thread Group 1-196] INFO  o.apache.jmeter.threads.JMeterThread - Thread finished: Thread Group 1-196
10:14:13.469 [Thread Group 1-151] INFO  o.apache.jmeter.threads.JMeterThread - Thread finished: Thread Group 1-151
10:14:13.471 [Thread Group 1-714] INFO  o.apache.jmeter.threads.JMeterThread - Thread is done: Thread Group 1-714
10:14:13.471 [Thread Group 1-169] INFO  o.apache.jmeter.threads.JMeterThread - Thread is done: Thread Group 1-169
10:14:13.471 [Thread Group 1-714] INFO  o.apache.jmeter.threads.JMeterThread - Thread finished: Thread Group 1-714
10:14:13.471 [Thread Group 1-169] INFO  o.apache.jmeter.threads.JMeterThread - Thread finished: Thread Group 1-169
10:14:13.471 [Thread Group 1-460] INFO  o.apache.jmeter.threads.JMeterThread - Thread is done: Thread Group 1-460
10:14:13.471 [Thread Group 1-28] INFO  o.apache.jmeter.threads.JMeterThread - Thread is done: Thread Group 1-28
10:14:13.471 [Thread Group 1-460] INFO  o.apache.jmeter.threads.JMeterThread - Thread finished: Thread Group 1-460
10:14:13.471 [Thread Group 1-28] INFO  o.apache.jmeter.threads.JMeterThread - Thread finished: Thread Group 1-28
10:14:13.472 [Thread Group 1-733] INFO  o.apache.jmeter.threads.JMeterThread - Thread is done: Thread Group 1-733
10:14:13.472 [Thread Group 1-733] INFO  o.apache.jmeter.threads.JMeterThread - Thread finished: Thread Group 1-733
10:14:13.472 [Thread Group 1-117] INFO  o.apache.jmeter.threads.JMeterThread - Thread is done: Thread Group 1-117
10:14:13.472 [Thread Group 1-117] INFO  o.apache.jmeter.threads.JMeterThread - Thread finished: Thread Group 1-117
10:14:13.472 [Thread Group 1-730] INFO  o.apache.jmeter.threads.JMeterThread - Thread is done: Thread Group 1-730
10:14:13.472 [Thread Group 1-730] INFO  o.apache.jmeter.threads.JMeterThread - Thread finished: Thread Group 1-730
10:14:13.473 [Thread Group 1-299] INFO  o.apache.jmeter.threads.JMeterThread - Thread is done: Thread Group 1-299
10:14:13.473 [Thread Group 1-299] INFO  o.apache.jmeter.threads.JMeterThread - Thread finished: Thread Group 1-299
10:14:13.473 [Thread Group 1-51] INFO  o.apache.jmeter.threads.JMeterThread - Thread is done: Thread Group 1-51
10:14:13.473 [Thread Group 1-51] INFO  o.apache.jmeter.threads.JMeterThread - Thread finished: Thread Group 1-51
10:14:13.474 [Thread Group 1-250] INFO  o.apache.jmeter.threads.JMeterThread - Thread is done: Thread Group 1-250
10:14:13.474 [Thread Group 1-250] INFO  o.apache.jmeter.threads.JMeterThread - Thread finished: Thread Group 1-250
10:14:13.474 [Thread Group 1-722] INFO  o.apache.jmeter.threads.JMeterThread - Thread is done: Thread Group 1-722
10:14:13.474 [Thread Group 1-722] INFO  o.apache.jmeter.threads.JMeterThread - Thread finished: Thread Group 1-722
10:14:13.474 [Thread Group 1-735] INFO  o.apache.jmeter.threads.JMeterThread - Thread is done: Thread Group 1-735
10:14:13.474 [Thread Group 1-735] INFO  o.apache.jmeter.threads.JMeterThread - Thread finished: Thread Group 1-735
10:14:13.474 [Thread Group 1-607] INFO  o.apache.jmeter.threads.JMeterThread - Thread is done: Thread Group 1-607
10:14:13.474 [Thread Group 1-607] INFO  o.apache.jmeter.threads.JMeterThread - Thread finished: Thread Group 1-607
10:14:13.477 [Thread Group 1-128] INFO  o.apache.jmeter.threads.JMeterThread - Thread is done: Thread Group 1-128
10:14:13.477 [Thread Group 1-128] INFO  o.apache.jmeter.threads.JMeterThread - Thread finished: Thread Group 1-128
10:14:13.477 [Thread Group 1-606] INFO  o.apache.jmeter.threads.JMeterThread - Thread is done: Thread Group 1-606
10:14:13.477 [Thread Group 1-606] INFO  o.apache.jmeter.threads.JMeterThread - Thread finished: Thread Group 1-606
10:14:13.489 [Thread Group 1-593] INFO  o.apache.jmeter.threads.JMeterThread - Thread is done: Thread Group 1-593
10:14:13.489 [Thread Group 1-593] INFO  o.apache.jmeter.threads.JMeterThread - Thread finished: Thread Group 1-593
10:14:13.489 [Thread Group 1-273] INFO  o.apache.jmeter.threads.JMeterThread - Thread is done: Thread Group 1-273
10:14:13.489 [Thread Group 1-273] INFO  o.apache.jmeter.threads.JMeterThread - Thread finished: Thread Group 1-273
10:14:13.490 [Thread Group 1-608] INFO  o.apache.jmeter.threads.JMeterThread - Thread is done: Thread Group 1-608
10:14:13.490 [Thread Group 1-608] INFO  o.apache.jmeter.threads.JMeterThread - Thread finished: Thread Group 1-608
10:14:13.491 [Thread Group 1-104] INFO  o.apache.jmeter.threads.JMeterThread - Thread is done: Thread Group 1-104
10:14:13.491 [Thread Group 1-104] INFO  o.apache.jmeter.threads.JMeterThread - Thread finished: Thread Group 1-104
10:14:13.493 [Thread Group 1-4] INFO  o.apache.jmeter.threads.JMeterThread - Thread is done: Thread Group 1-4
10:14:13.493 [Thread Group 1-4] INFO  o.apache.jmeter.threads.JMeterThread - Thread finished: Thread Group 1-4
10:14:13.494 [Thread Group 1-739] INFO  o.apache.jmeter.threads.JMeterThread - Thread is done: Thread Group 1-739
10:14:13.494 [Thread Group 1-106] INFO  o.apache.jmeter.threads.JMeterThread - Thread is done: Thread Group 1-106
10:14:13.495 [Thread Group 1-739] INFO  o.apache.jmeter.threads.JMeterThread - Thread finished: Thread Group 1-739
10:14:13.495 [Thread Group 1-106] INFO  o.apache.jmeter.threads.JMeterThread - Thread finished: Thread Group 1-106
10:14:13.494 [Thread Group 1-751] INFO  o.apache.jmeter.threads.JMeterThread - Thread is done: Thread Group 1-751
10:14:13.495 [Thread Group 1-751] INFO  o.apache.jmeter.threads.JMeterThread - Thread finished: Thread Group 1-751
10:14:13.520 [Thread Group 1-744] INFO  o.apache.jmeter.threads.JMeterThread - Thread is done: Thread Group 1-744
10:14:13.520 [Thread Group 1-744] INFO  o.apache.jmeter.threads.JMeterThread - Thread finished: Thread Group 1-744
10:14:13.520 [Thread Group 1-148] INFO  o.apache.jmeter.threads.JMeterThread - Thread is done: Thread Group 1-148
10:14:13.520 [Thread Group 1-148] INFO  o.apache.jmeter.threads.JMeterThread - Thread finished: Thread Group 1-148
10:14:13.520 [Thread Group 1-741] INFO  o.apache.jmeter.threads.JMeterThread - Thread is done: Thread Group 1-741
10:14:13.520 [Thread Group 1-741] INFO  o.apache.jmeter.threads.JMeterThread - Thread finished: Thread Group 1-741
10:14:13.520 [Thread Group 1-611] INFO  o.apache.jmeter.threads.JMeterThread - Thread is done: Thread Group 1-611
10:14:13.520 [Thread Group 1-611] INFO  o.apache.jmeter.threads.JMeterThread - Thread finished: Thread Group 1-611
10:14:13.521 [Thread Group 1-561] INFO  o.apache.jmeter.threads.JMeterThread - Thread is done: Thread Group 1-561
10:14:13.521 [Thread Group 1-702] INFO  o.apache.jmeter.threads.JMeterThread - Thread is done: Thread Group 1-702
10:14:13.521 [Thread Group 1-561] INFO  o.apache.jmeter.threads.JMeterThread - Thread finished: Thread Group 1-561
10:14:13.521 [Thread Group 1-702] INFO  o.apache.jmeter.threads.JMeterThread - Thread finished: Thread Group 1-702
10:14:13.521 [Thread Group 1-725] INFO  o.apache.jmeter.threads.JMeterThread - Thread is done: Thread Group 1-725
10:14:13.521 [Thread Group 1-197] INFO  o.apache.jmeter.threads.JMeterThread - Thread is done: Thread Group 1-197
10:14:13.521 [Thread Group 1-725] INFO  o.apache.jmeter.threads.JMeterThread - Thread finished: Thread Group 1-725
10:14:13.521 [Thread Group 1-197] INFO  o.apache.jmeter.threads.JMeterThread - Thread finished: Thread Group 1-197
10:14:13.521 [Thread Group 1-135] INFO  o.apache.jmeter.threads.JMeterThread - Thread is done: Thread Group 1-135
10:14:13.521 [Thread Group 1-135] INFO  o.apache.jmeter.threads.JMeterThread - Thread finished: Thread Group 1-135
10:14:13.526 [Thread Group 1-255] INFO  o.apache.jmeter.threads.JMeterThread - Thread is done: Thread Group 1-255
10:14:13.526 [Thread Group 1-255] INFO  o.apache.jmeter.threads.JMeterThread - Thread finished: Thread Group 1-255
10:14:13.526 [Thread Group 1-628] INFO  o.apache.jmeter.threads.JMeterThread - Thread is done: Thread Group 1-628
10:14:13.526 [Thread Group 1-728] INFO  o.apache.jmeter.threads.JMeterThread - Thread is done: Thread Group 1-728
10:14:13.526 [Thread Group 1-628] INFO  o.apache.jmeter.threads.JMeterThread - Thread finished: Thread Group 1-628
10:14:13.526 [Thread Group 1-728] INFO  o.apache.jmeter.threads.JMeterThread - Thread finished: Thread Group 1-728
10:14:13.526 [Thread Group 1-755] INFO  o.apache.jmeter.threads.JMeterThread - Thread is done: Thread Group 1-755
10:14:13.526 [Thread Group 1-755] INFO  o.apache.jmeter.threads.JMeterThread - Thread finished: Thread Group 1-755
10:14:13.527 [Thread Group 1-90] INFO  o.apache.jmeter.threads.JMeterThread - Thread is done: Thread Group 1-90
10:14:13.528 [Thread Group 1-90] INFO  o.apache.jmeter.threads.JMeterThread - Thread finished: Thread Group 1-90
10:14:13.528 [Thread Group 1-674] INFO  o.apache.jmeter.threads.JMeterThread - Thread is done: Thread Group 1-674
10:14:13.528 [Thread Group 1-674] INFO  o.apache.jmeter.threads.JMeterThread - Thread finished: Thread Group 1-674
10:14:13.527 [Thread Group 1-517] INFO  o.apache.jmeter.threads.JMeterThread - Thread is done: Thread Group 1-517
10:14:13.528 [Thread Group 1-517] INFO  o.apache.jmeter.threads.JMeterThread - Thread finished: Thread Group 1-517
10:14:13.528 [Thread Group 1-590] INFO  o.apache.jmeter.threads.JMeterThread - Thread is done: Thread Group 1-590
10:14:13.528 [Thread Group 1-590] INFO  o.apache.jmeter.threads.JMeterThread - Thread finished: Thread Group 1-590
10:14:13.528 [Thread Group 1-715] INFO  o.apache.jmeter.threads.JMeterThread - Thread is done: Thread Group 1-715
10:14:13.528 [Thread Group 1-360] INFO  o.apache.jmeter.threads.JMeterThread - Thread is done: Thread Group 1-360
10:14:13.528 [Thread Group 1-715] INFO  o.apache.jmeter.threads.JMeterThread - Thread finished: Thread Group 1-715
10:14:13.528 [Thread Group 1-360] INFO  o.apache.jmeter.threads.JMeterThread - Thread finished: Thread Group 1-360
10:14:13.529 [Thread Group 1-595] INFO  o.apache.jmeter.threads.JMeterThread - Thread is done: Thread Group 1-595
10:14:13.529 [Thread Group 1-131] INFO  o.apache.jmeter.threads.JMeterThread - Thread is done: Thread Group 1-131
10:14:13.529 [Thread Group 1-595] INFO  o.apache.jmeter.threads.JMeterThread - Thread finished: Thread Group 1-595
10:14:13.529 [Thread Group 1-742] INFO  o.apache.jmeter.threads.JMeterThread - Thread is done: Thread Group 1-742
10:14:13.529 [Thread Group 1-742] INFO  o.apache.jmeter.threads.JMeterThread - Thread finished: Thread Group 1-742
10:14:13.529 [Thread Group 1-131] INFO  o.apache.jmeter.threads.JMeterThread - Thread finished: Thread Group 1-131
10:14:13.530 [Thread Group 1-557] INFO  o.apache.jmeter.threads.JMeterThread - Thread is done: Thread Group 1-557
10:14:13.531 [Thread Group 1-557] INFO  o.apache.jmeter.threads.JMeterThread - Thread finished: Thread Group 1-557
10:14:13.531 [Thread Group 1-110] INFO  o.apache.jmeter.threads.JMeterThread - Thread is done: Thread Group 1-110
10:14:13.531 [Thread Group 1-222] INFO  o.apache.jmeter.threads.JMeterThread - Thread is done: Thread Group 1-222
10:14:13.531 [Thread Group 1-222] INFO  o.apache.jmeter.threads.JMeterThread - Thread finished: Thread Group 1-222
10:14:13.531 [Thread Group 1-110] INFO  o.apache.jmeter.threads.JMeterThread - Thread finished: Thread Group 1-110
10:14:13.531 [Thread Group 1-698] INFO  o.apache.jmeter.threads.JMeterThread - Thread is done: Thread Group 1-698
10:14:13.531 [Thread Group 1-698] INFO  o.apache.jmeter.threads.JMeterThread - Thread finished: Thread Group 1-698
10:14:13.533 [Thread Group 1-166] INFO  o.apache.jmeter.threads.JMeterThread - Thread is done: Thread Group 1-166
10:14:13.534 [Thread Group 1-166] INFO  o.apache.jmeter.threads.JMeterThread - Thread finished: Thread Group 1-166
10:14:13.530 [Thread Group 1-627] INFO  o.apache.jmeter.threads.JMeterThread - Thread is done: Thread Group 1-627
10:14:13.534 [Thread Group 1-627] INFO  o.apache.jmeter.threads.JMeterThread - Thread finished: Thread Group 1-627
10:14:13.536 [Thread Group 1-551] INFO  o.apache.jmeter.threads.JMeterThread - Thread is done: Thread Group 1-551
10:14:13.536 [Thread Group 1-530] INFO  o.apache.jmeter.threads.JMeterThread - Thread is done: Thread Group 1-530
10:14:13.536 [Thread Group 1-551] INFO  o.apache.jmeter.threads.JMeterThread - Thread finished: Thread Group 1-551
10:14:13.536 [Thread Group 1-530] INFO  o.apache.jmeter.threads.JMeterThread - Thread finished: Thread Group 1-530
10:14:13.537 [Thread Group 1-578] INFO  o.apache.jmeter.threads.JMeterThread - Thread is done: Thread Group 1-578
10:14:13.537 [Thread Group 1-578] INFO  o.apache.jmeter.threads.JMeterThread - Thread finished: Thread Group 1-578
10:14:13.550 [Thread Group 1-342] INFO  o.apache.jmeter.threads.JMeterThread - Thread is done: Thread Group 1-342
10:14:13.551 [Thread Group 1-342] INFO  o.apache.jmeter.threads.JMeterThread - Thread finished: Thread Group 1-342
10:14:13.552 [Thread Group 1-734] INFO  o.apache.jmeter.threads.JMeterThread - Thread is done: Thread Group 1-734
10:14:13.553 [Thread Group 1-640] INFO  o.apache.jmeter.threads.JMeterThread - Thread is done: Thread Group 1-640
10:14:13.553 [Thread Group 1-325] INFO  o.apache.jmeter.threads.JMeterThread - Thread is done: Thread Group 1-325
10:14:13.553 [Thread Group 1-640] INFO  o.apache.jmeter.threads.JMeterThread - Thread finished: Thread Group 1-640
10:14:13.553 [Thread Group 1-325] INFO  o.apache.jmeter.threads.JMeterThread - Thread finished: Thread Group 1-325
10:14:13.553 [Thread Group 1-421] INFO  o.apache.jmeter.threads.JMeterThread - Thread is done: Thread Group 1-421
10:14:13.553 [Thread Group 1-421] INFO  o.apache.jmeter.threads.JMeterThread - Thread finished: Thread Group 1-421
10:14:13.552 [Thread Group 1-500] INFO  o.apache.jmeter.threads.JMeterThread - Thread is done: Thread Group 1-500
10:14:13.553 [Thread Group 1-575] INFO  o.apache.jmeter.threads.JMeterThread - Thread is done: Thread Group 1-575
10:14:13.553 [Thread Group 1-500] INFO  o.apache.jmeter.threads.JMeterThread - Thread finished: Thread Group 1-500
10:14:13.553 [Thread Group 1-575] INFO  o.apache.jmeter.threads.JMeterThread - Thread finished: Thread Group 1-575
10:14:13.553 [Thread Group 1-745] INFO  o.apache.jmeter.threads.JMeterThread - Thread is done: Thread Group 1-745
10:14:13.553 [Thread Group 1-745] INFO  o.apache.jmeter.threads.JMeterThread - Thread finished: Thread Group 1-745
10:14:13.552 [Thread Group 1-684] INFO  o.apache.jmeter.threads.JMeterThread - Thread is done: Thread Group 1-684
10:14:13.553 [Thread Group 1-684] INFO  o.apache.jmeter.threads.JMeterThread - Thread finished: Thread Group 1-684
10:14:13.553 [Thread Group 1-453] INFO  o.apache.jmeter.threads.JMeterThread - Thread is done: Thread Group 1-453
10:14:13.553 [Thread Group 1-453] INFO  o.apache.jmeter.threads.JMeterThread - Thread finished: Thread Group 1-453
10:14:13.554 [Thread Group 1-498] INFO  o.apache.jmeter.threads.JMeterThread - Thread is done: Thread Group 1-498
10:14:13.554 [Thread Group 1-498] INFO  o.apache.jmeter.threads.JMeterThread - Thread finished: Thread Group 1-498
10:14:13.554 [Thread Group 1-203] INFO  o.apache.jmeter.threads.JMeterThread - Thread is done: Thread Group 1-203
10:14:13.555 [Thread Group 1-203] INFO  o.apache.jmeter.threads.JMeterThread - Thread finished: Thread Group 1-203
10:14:13.555 [Thread Group 1-574] INFO  o.apache.jmeter.threads.JMeterThread - Thread is done: Thread Group 1-574
10:14:13.555 [Thread Group 1-574] INFO  o.apache.jmeter.threads.JMeterThread - Thread finished: Thread Group 1-574
10:14:13.556 [Thread Group 1-11] INFO  o.apache.jmeter.threads.JMeterThread - Thread is done: Thread Group 1-11
10:14:13.556 [Thread Group 1-259] INFO  o.apache.jmeter.threads.JMeterThread - Thread is done: Thread Group 1-259
10:14:13.556 [Thread Group 1-11] INFO  o.apache.jmeter.threads.JMeterThread - Thread finished: Thread Group 1-11
10:14:13.556 [Thread Group 1-259] INFO  o.apache.jmeter.threads.JMeterThread - Thread finished: Thread Group 1-259
10:14:13.556 [Thread Group 1-746] INFO  o.apache.jmeter.threads.JMeterThread - Thread is done: Thread Group 1-746
10:14:13.553 [Thread Group 1-734] INFO  o.apache.jmeter.threads.JMeterThread - Thread finished: Thread Group 1-734
10:14:13.556 [Thread Group 1-226] INFO  o.apache.jmeter.threads.JMeterThread - Thread is done: Thread Group 1-226
10:14:13.557 [Thread Group 1-226] INFO  o.apache.jmeter.threads.JMeterThread - Thread finished: Thread Group 1-226
10:14:13.556 [Thread Group 1-746] INFO  o.apache.jmeter.threads.JMeterThread - Thread finished: Thread Group 1-746
10:14:13.567 [Thread Group 1-668] INFO  o.apache.jmeter.threads.JMeterThread - Thread is done: Thread Group 1-668
10:14:13.567 [Thread Group 1-425] INFO  o.apache.jmeter.threads.JMeterThread - Thread is done: Thread Group 1-425
10:14:13.567 [Thread Group 1-668] INFO  o.apache.jmeter.threads.JMeterThread - Thread finished: Thread Group 1-668
10:14:13.567 [Thread Group 1-425] INFO  o.apache.jmeter.threads.JMeterThread - Thread finished: Thread Group 1-425
10:14:13.570 [Thread Group 1-407] INFO  o.apache.jmeter.threads.JMeterThread - Thread is done: Thread Group 1-407
10:14:13.570 [Thread Group 1-407] INFO  o.apache.jmeter.threads.JMeterThread - Thread finished: Thread Group 1-407
10:14:13.601 [Thread Group 1-662] INFO  o.apache.jmeter.threads.JMeterThread - Thread is done: Thread Group 1-662
10:14:13.601 [Thread Group 1-662] INFO  o.apache.jmeter.threads.JMeterThread - Thread finished: Thread Group 1-662
10:14:13.602 [Thread Group 1-364] INFO  o.apache.jmeter.threads.JMeterThread - Thread is done: Thread Group 1-364
10:14:13.602 [Thread Group 1-364] INFO  o.apache.jmeter.threads.JMeterThread - Thread finished: Thread Group 1-364
10:14:13.603 [Thread Group 1-30] INFO  o.apache.jmeter.threads.JMeterThread - Thread is done: Thread Group 1-30
10:14:13.603 [Thread Group 1-30] INFO  o.apache.jmeter.threads.JMeterThread - Thread finished: Thread Group 1-30
10:14:13.603 [Thread Group 1-265] INFO  o.apache.jmeter.threads.JMeterThread - Thread is done: Thread Group 1-265
10:14:13.603 [Thread Group 1-237] INFO  o.apache.jmeter.threads.JMeterThread - Thread is done: Thread Group 1-237
10:14:13.603 [Thread Group 1-265] INFO  o.apache.jmeter.threads.JMeterThread - Thread finished: Thread Group 1-265
10:14:13.603 [Thread Group 1-237] INFO  o.apache.jmeter.threads.JMeterThread - Thread finished: Thread Group 1-237
10:14:13.603 [Thread Group 1-125] INFO  o.apache.jmeter.threads.JMeterThread - Thread is done: Thread Group 1-125
10:14:13.603 [Thread Group 1-125] INFO  o.apache.jmeter.threads.JMeterThread - Thread finished: Thread Group 1-125
10:14:13.608 [Thread Group 1-708] INFO  o.apache.jmeter.threads.JMeterThread - Thread is done: Thread Group 1-708
10:14:13.608 [Thread Group 1-708] INFO  o.apache.jmeter.threads.JMeterThread - Thread finished: Thread Group 1-708
10:14:13.608 [Thread Group 1-685] INFO  o.apache.jmeter.threads.JMeterThread - Thread is done: Thread Group 1-685
10:14:13.608 [Thread Group 1-685] INFO  o.apache.jmeter.threads.JMeterThread - Thread finished: Thread Group 1-685
10:14:13.608 [Thread Group 1-555] INFO  o.apache.jmeter.threads.JMeterThread - Thread is done: Thread Group 1-555
10:14:13.608 [Thread Group 1-555] INFO  o.apache.jmeter.threads.JMeterThread - Thread finished: Thread Group 1-555
10:14:13.608 [Thread Group 1-307] INFO  o.apache.jmeter.threads.JMeterThread - Thread is done: Thread Group 1-307
10:14:13.608 [Thread Group 1-307] INFO  o.apache.jmeter.threads.JMeterThread - Thread finished: Thread Group 1-307
10:14:13.609 [Thread Group 1-228] INFO  o.apache.jmeter.threads.JMeterThread - Thread is done: Thread Group 1-228
10:14:13.609 [Thread Group 1-228] INFO  o.apache.jmeter.threads.JMeterThread - Thread finished: Thread Group 1-228
10:14:13.609 [Thread Group 1-266] INFO  o.apache.jmeter.threads.JMeterThread - Thread is done: Thread Group 1-266
10:14:13.609 [Thread Group 1-683] INFO  o.apache.jmeter.threads.JMeterThread - Thread is done: Thread Group 1-683
10:14:13.609 [Thread Group 1-266] INFO  o.apache.jmeter.threads.JMeterThread - Thread finished: Thread Group 1-266
10:14:13.609 [Thread Group 1-683] INFO  o.apache.jmeter.threads.JMeterThread - Thread finished: Thread Group 1-683
10:14:13.609 [Thread Group 1-193] INFO  o.apache.jmeter.threads.JMeterThread - Thread is done: Thread Group 1-193
10:14:13.609 [Thread Group 1-193] INFO  o.apache.jmeter.threads.JMeterThread - Thread finished: Thread Group 1-193
10:14:13.609 [Thread Group 1-168] INFO  o.apache.jmeter.threads.JMeterThread - Thread is done: Thread Group 1-168
10:14:13.609 [Thread Group 1-168] INFO  o.apache.jmeter.threads.JMeterThread - Thread finished: Thread Group 1-168
10:14:13.609 [Thread Group 1-791] INFO  o.apache.jmeter.threads.JMeterThread - Thread is done: Thread Group 1-791
10:14:13.609 [Thread Group 1-791] INFO  o.apache.jmeter.threads.JMeterThread - Thread finished: Thread Group 1-791
10:14:13.609 [Thread Group 1-707] INFO  o.apache.jmeter.threads.JMeterThread - Thread is done: Thread Group 1-707
10:14:13.610 [Thread Group 1-707] INFO  o.apache.jmeter.threads.JMeterThread - Thread finished: Thread Group 1-707
10:14:13.610 [Thread Group 1-687] INFO  o.apache.jmeter.threads.JMeterThread - Thread is done: Thread Group 1-687
10:14:13.610 [Thread Group 1-687] INFO  o.apache.jmeter.threads.JMeterThread - Thread finished: Thread Group 1-687
10:14:13.610 [Thread Group 1-99] INFO  o.apache.jmeter.threads.JMeterThread - Thread is done: Thread Group 1-99
10:14:13.610 [Thread Group 1-99] INFO  o.apache.jmeter.threads.JMeterThread - Thread finished: Thread Group 1-99
10:14:13.610 [Thread Group 1-144] INFO  o.apache.jmeter.threads.JMeterThread - Thread is done: Thread Group 1-144
10:14:13.610 [Thread Group 1-144] INFO  o.apache.jmeter.threads.JMeterThread - Thread finished: Thread Group 1-144
10:14:13.610 [Thread Group 1-706] INFO  o.apache.jmeter.threads.JMeterThread - Thread is done: Thread Group 1-706
10:14:13.610 [Thread Group 1-706] INFO  o.apache.jmeter.threads.JMeterThread - Thread finished: Thread Group 1-706
10:14:13.610 [Thread Group 1-512] INFO  o.apache.jmeter.threads.JMeterThread - Thread is done: Thread Group 1-512
10:14:13.610 [Thread Group 1-512] INFO  o.apache.jmeter.threads.JMeterThread - Thread finished: Thread Group 1-512
10:14:13.612 [Thread Group 1-794] INFO  o.apache.jmeter.threads.JMeterThread - Thread is done: Thread Group 1-794
10:14:13.612 [Thread Group 1-794] INFO  o.apache.jmeter.threads.JMeterThread - Thread finished: Thread Group 1-794
10:14:13.612 [Thread Group 1-672] INFO  o.apache.jmeter.threads.JMeterThread - Thread is done: Thread Group 1-672
10:14:13.612 [Thread Group 1-672] INFO  o.apache.jmeter.threads.JMeterThread - Thread finished: Thread Group 1-672
10:14:13.613 [Thread Group 1-601] INFO  o.apache.jmeter.threads.JMeterThread - Thread is done: Thread Group 1-601
10:14:13.614 [Thread Group 1-601] INFO  o.apache.jmeter.threads.JMeterThread - Thread finished: Thread Group 1-601
10:14:13.615 [Thread Group 1-616] INFO  o.apache.jmeter.threads.JMeterThread - Thread is done: Thread Group 1-616
10:14:13.616 [Thread Group 1-616] INFO  o.apache.jmeter.threads.JMeterThread - Thread finished: Thread Group 1-616
10:14:13.613 [Thread Group 1-641] INFO  o.apache.jmeter.threads.JMeterThread - Thread is done: Thread Group 1-641
10:14:13.617 [Thread Group 1-641] INFO  o.apache.jmeter.threads.JMeterThread - Thread finished: Thread Group 1-641
10:14:13.619 [Thread Group 1-526] INFO  o.apache.jmeter.threads.JMeterThread - Thread is done: Thread Group 1-526
10:14:13.620 [Thread Group 1-526] INFO  o.apache.jmeter.threads.JMeterThread - Thread finished: Thread Group 1-526
10:14:13.620 [Thread Group 1-677] INFO  o.apache.jmeter.threads.JMeterThread - Thread is done: Thread Group 1-677
10:14:13.620 [Thread Group 1-677] INFO  o.apache.jmeter.threads.JMeterThread - Thread finished: Thread Group 1-677
10:14:13.630 [Thread Group 1-565] INFO  o.apache.jmeter.threads.JMeterThread - Thread is done: Thread Group 1-565
10:14:13.630 [Thread Group 1-565] INFO  o.apache.jmeter.threads.JMeterThread - Thread finished: Thread Group 1-565
10:14:13.631 [Thread Group 1-49] INFO  o.apache.jmeter.threads.JMeterThread - Thread is done: Thread Group 1-49
10:14:13.631 [Thread Group 1-49] INFO  o.apache.jmeter.threads.JMeterThread - Thread finished: Thread Group 1-49
10:14:13.631 [Thread Group 1-419] INFO  o.apache.jmeter.threads.JMeterThread - Thread is done: Thread Group 1-419
10:14:13.631 [Thread Group 1-86] INFO  o.apache.jmeter.threads.JMeterThread - Thread is done: Thread Group 1-86
10:14:13.631 [Thread Group 1-419] INFO  o.apache.jmeter.threads.JMeterThread - Thread finished: Thread Group 1-419
10:14:13.631 [Thread Group 1-86] INFO  o.apache.jmeter.threads.JMeterThread - Thread finished: Thread Group 1-86
10:14:13.632 [Thread Group 1-216] INFO  o.apache.jmeter.threads.JMeterThread - Thread is done: Thread Group 1-216
10:14:13.632 [Thread Group 1-216] INFO  o.apache.jmeter.threads.JMeterThread - Thread finished: Thread Group 1-216
10:14:13.632 [Thread Group 1-713] INFO  o.apache.jmeter.threads.JMeterThread - Thread is done: Thread Group 1-713
10:14:13.632 [Thread Group 1-713] INFO  o.apache.jmeter.threads.JMeterThread - Thread finished: Thread Group 1-713
10:14:13.633 [Thread Group 1-201] INFO  o.apache.jmeter.threads.JMeterThread - Thread is done: Thread Group 1-201
10:14:13.633 [Thread Group 1-201] INFO  o.apache.jmeter.threads.JMeterThread - Thread finished: Thread Group 1-201
10:14:13.633 [Thread Group 1-700] INFO  o.apache.jmeter.threads.JMeterThread - Thread is done: Thread Group 1-700
10:14:13.634 [Thread Group 1-700] INFO  o.apache.jmeter.threads.JMeterThread - Thread finished: Thread Group 1-700
10:14:13.639 [Thread Group 1-749] INFO  o.apache.jmeter.threads.JMeterThread - Thread is done: Thread Group 1-749
10:14:13.639 [Thread Group 1-3] INFO  o.apache.jmeter.threads.JMeterThread - Thread is done: Thread Group 1-3
10:14:13.639 [Thread Group 1-749] INFO  o.apache.jmeter.threads.JMeterThread - Thread finished: Thread Group 1-749
10:14:13.639 [Thread Group 1-3] INFO  o.apache.jmeter.threads.JMeterThread - Thread finished: Thread Group 1-3
10:14:13.639 [Thread Group 1-613] INFO  o.apache.jmeter.threads.JMeterThread - Thread is done: Thread Group 1-613
10:14:13.640 [Thread Group 1-613] INFO  o.apache.jmeter.threads.JMeterThread - Thread finished: Thread Group 1-613
10:14:13.640 [Thread Group 1-208] INFO  o.apache.jmeter.threads.JMeterThread - Thread is done: Thread Group 1-208
10:14:13.640 [Thread Group 1-208] INFO  o.apache.jmeter.threads.JMeterThread - Thread finished: Thread Group 1-208
10:14:13.640 [Thread Group 1-663] INFO  o.apache.jmeter.threads.JMeterThread - Thread is done: Thread Group 1-663
10:14:13.640 [Thread Group 1-663] INFO  o.apache.jmeter.threads.JMeterThread - Thread finished: Thread Group 1-663
10:14:13.640 [Thread Group 1-760] INFO  o.apache.jmeter.threads.JMeterThread - Thread is done: Thread Group 1-760
10:14:13.640 [Thread Group 1-760] INFO  o.apache.jmeter.threads.JMeterThread - Thread finished: Thread Group 1-760
10:14:13.641 [Thread Group 1-27] INFO  o.apache.jmeter.threads.JMeterThread - Thread is done: Thread Group 1-27
10:14:13.641 [Thread Group 1-79] INFO  o.apache.jmeter.threads.JMeterThread - Thread is done: Thread Group 1-79
10:14:13.641 [Thread Group 1-27] INFO  o.apache.jmeter.threads.JMeterThread - Thread finished: Thread Group 1-27
10:14:13.641 [Thread Group 1-79] INFO  o.apache.jmeter.threads.JMeterThread - Thread finished: Thread Group 1-79
10:14:13.641 [Thread Group 1-43] INFO  o.apache.jmeter.threads.JMeterThread - Thread is done: Thread Group 1-43
10:14:13.641 [Thread Group 1-793] INFO  o.apache.jmeter.threads.JMeterThread - Thread is done: Thread Group 1-793
10:14:13.641 [Thread Group 1-43] INFO  o.apache.jmeter.threads.JMeterThread - Thread finished: Thread Group 1-43
10:14:13.641 [Thread Group 1-793] INFO  o.apache.jmeter.threads.JMeterThread - Thread finished: Thread Group 1-793
10:14:13.646 [Thread Group 1-301] INFO  o.apache.jmeter.threads.JMeterThread - Thread is done: Thread Group 1-301
10:14:13.646 [Thread Group 1-447] INFO  o.apache.jmeter.threads.JMeterThread - Thread is done: Thread Group 1-447
10:14:13.646 [Thread Group 1-301] INFO  o.apache.jmeter.threads.JMeterThread - Thread finished: Thread Group 1-301
10:14:13.646 [Thread Group 1-447] INFO  o.apache.jmeter.threads.JMeterThread - Thread finished: Thread Group 1-447
10:14:13.646 [Thread Group 1-317] INFO  o.apache.jmeter.threads.JMeterThread - Thread is done: Thread Group 1-317
10:14:13.646 [Thread Group 1-317] INFO  o.apache.jmeter.threads.JMeterThread - Thread finished: Thread Group 1-317
10:14:13.647 [Thread Group 1-285] INFO  o.apache.jmeter.threads.JMeterThread - Thread is done: Thread Group 1-285
10:14:13.647 [Thread Group 1-409] INFO  o.apache.jmeter.threads.JMeterThread - Thread is done: Thread Group 1-409
10:14:13.647 [Thread Group 1-285] INFO  o.apache.jmeter.threads.JMeterThread - Thread finished: Thread Group 1-285
10:14:13.647 [Thread Group 1-409] INFO  o.apache.jmeter.threads.JMeterThread - Thread finished: Thread Group 1-409
10:14:13.650 [Thread Group 1-170] INFO  o.apache.jmeter.threads.JMeterThread - Thread is done: Thread Group 1-170
10:14:13.650 [Thread Group 1-170] INFO  o.apache.jmeter.threads.JMeterThread - Thread finished: Thread Group 1-170
10:14:13.652 [Thread Group 1-518] INFO  o.apache.jmeter.threads.JMeterThread - Thread is done: Thread Group 1-518
10:14:13.652 [Thread Group 1-518] INFO  o.apache.jmeter.threads.JMeterThread - Thread finished: Thread Group 1-518
10:14:13.653 [Thread Group 1-475] INFO  o.apache.jmeter.threads.JMeterThread - Thread is done: Thread Group 1-475
10:14:13.653 [Thread Group 1-475] INFO  o.apache.jmeter.threads.JMeterThread - Thread finished: Thread Group 1-475
10:14:13.653 [Thread Group 1-709] INFO  o.apache.jmeter.threads.JMeterThread - Thread is done: Thread Group 1-709
10:14:13.653 [Thread Group 1-392] INFO  o.apache.jmeter.threads.JMeterThread - Thread is done: Thread Group 1-392
10:14:13.653 [Thread Group 1-709] INFO  o.apache.jmeter.threads.JMeterThread - Thread finished: Thread Group 1-709
10:14:13.653 [Thread Group 1-392] INFO  o.apache.jmeter.threads.JMeterThread - Thread finished: Thread Group 1-392
10:14:13.653 [Thread Group 1-157] INFO  o.apache.jmeter.threads.JMeterThread - Thread is done: Thread Group 1-157
10:14:13.653 [Thread Group 1-157] INFO  o.apache.jmeter.threads.JMeterThread - Thread finished: Thread Group 1-157
10:14:13.653 [Thread Group 1-727] INFO  o.apache.jmeter.threads.JMeterThread - Thread is done: Thread Group 1-727
10:14:13.653 [Thread Group 1-727] INFO  o.apache.jmeter.threads.JMeterThread - Thread finished: Thread Group 1-727
10:14:13.653 [Thread Group 1-692] INFO  o.apache.jmeter.threads.JMeterThread - Thread is done: Thread Group 1-692
10:14:13.653 [Thread Group 1-692] INFO  o.apache.jmeter.threads.JMeterThread - Thread finished: Thread Group 1-692
10:14:13.653 [Thread Group 1-451] INFO  o.apache.jmeter.threads.JMeterThread - Thread is done: Thread Group 1-451
10:14:13.654 [Thread Group 1-451] INFO  o.apache.jmeter.threads.JMeterThread - Thread finished: Thread Group 1-451
10:14:13.654 [Thread Group 1-20] INFO  o.apache.jmeter.threads.JMeterThread - Thread is done: Thread Group 1-20
10:14:13.654 [Thread Group 1-20] INFO  o.apache.jmeter.threads.JMeterThread - Thread finished: Thread Group 1-20
10:14:13.654 [Thread Group 1-667] INFO  o.apache.jmeter.threads.JMeterThread - Thread is done: Thread Group 1-667
10:14:13.654 [Thread Group 1-667] INFO  o.apache.jmeter.threads.JMeterThread - Thread finished: Thread Group 1-667
10:14:13.654 [Thread Group 1-610] INFO  o.apache.jmeter.threads.JMeterThread - Thread is done: Thread Group 1-610
10:14:13.654 [Thread Group 1-610] INFO  o.apache.jmeter.threads.JMeterThread - Thread finished: Thread Group 1-610
10:14:13.654 [Thread Group 1-762] INFO  o.apache.jmeter.threads.JMeterThread - Thread is done: Thread Group 1-762
10:14:13.654 [Thread Group 1-762] INFO  o.apache.jmeter.threads.JMeterThread - Thread finished: Thread Group 1-762
10:14:13.654 [Thread Group 1-765] INFO  o.apache.jmeter.threads.JMeterThread - Thread is done: Thread Group 1-765
10:14:13.654 [Thread Group 1-765] INFO  o.apache.jmeter.threads.JMeterThread - Thread finished: Thread Group 1-765
10:14:13.671 [Thread Group 1-344] INFO  o.apache.jmeter.threads.JMeterThread - Thread is done: Thread Group 1-344
10:14:13.672 [Thread Group 1-704] INFO  o.apache.jmeter.threads.JMeterThread - Thread is done: Thread Group 1-704
10:14:13.672 [Thread Group 1-344] INFO  o.apache.jmeter.threads.JMeterThread - Thread finished: Thread Group 1-344
10:14:13.672 [Thread Group 1-704] INFO  o.apache.jmeter.threads.JMeterThread - Thread finished: Thread Group 1-704
10:14:13.672 [Thread Group 1-686] INFO  o.apache.jmeter.threads.JMeterThread - Thread is done: Thread Group 1-686
10:14:13.672 [Thread Group 1-686] INFO  o.apache.jmeter.threads.JMeterThread - Thread finished: Thread Group 1-686
10:14:13.672 [Thread Group 1-600] INFO  o.apache.jmeter.threads.JMeterThread - Thread is done: Thread Group 1-600
10:14:13.672 [Thread Group 1-600] INFO  o.apache.jmeter.threads.JMeterThread - Thread finished: Thread Group 1-600
10:14:13.673 [Thread Group 1-369] INFO  o.apache.jmeter.threads.JMeterThread - Thread is done: Thread Group 1-369
10:14:13.673 [Thread Group 1-369] INFO  o.apache.jmeter.threads.JMeterThread - Thread finished: Thread Group 1-369
10:14:13.673 [Thread Group 1-716] INFO  o.apache.jmeter.threads.JMeterThread - Thread is done: Thread Group 1-716
10:14:13.673 [Thread Group 1-716] INFO  o.apache.jmeter.threads.JMeterThread - Thread finished: Thread Group 1-716
10:14:13.673 [Thread Group 1-633] INFO  o.apache.jmeter.threads.JMeterThread - Thread is done: Thread Group 1-633
10:14:13.673 [Thread Group 1-633] INFO  o.apache.jmeter.threads.JMeterThread - Thread finished: Thread Group 1-633
10:14:13.683 [Thread Group 1-503] INFO  o.apache.jmeter.threads.JMeterThread - Thread is done: Thread Group 1-503
10:14:13.683 [Thread Group 1-261] INFO  o.apache.jmeter.threads.JMeterThread - Thread is done: Thread Group 1-261
10:14:13.683 [Thread Group 1-697] INFO  o.apache.jmeter.threads.JMeterThread - Thread is done: Thread Group 1-697
10:14:13.683 [Thread Group 1-503] INFO  o.apache.jmeter.threads.JMeterThread - Thread finished: Thread Group 1-503
10:14:13.683 [Thread Group 1-261] INFO  o.apache.jmeter.threads.JMeterThread - Thread finished: Thread Group 1-261
10:14:13.683 [Thread Group 1-697] INFO  o.apache.jmeter.threads.JMeterThread - Thread finished: Thread Group 1-697
10:14:13.683 [Thread Group 1-729] INFO  o.apache.jmeter.threads.JMeterThread - Thread is done: Thread Group 1-729
10:14:13.684 [Thread Group 1-729] INFO  o.apache.jmeter.threads.JMeterThread - Thread finished: Thread Group 1-729
10:14:13.684 [Thread Group 1-581] INFO  o.apache.jmeter.threads.JMeterThread - Thread is done: Thread Group 1-581
10:14:13.684 [Thread Group 1-581] INFO  o.apache.jmeter.threads.JMeterThread - Thread finished: Thread Group 1-581
10:14:13.684 [Thread Group 1-34] INFO  o.apache.jmeter.threads.JMeterThread - Thread is done: Thread Group 1-34
10:14:13.684 [Thread Group 1-34] INFO  o.apache.jmeter.threads.JMeterThread - Thread finished: Thread Group 1-34
10:14:13.684 [Thread Group 1-615] INFO  o.apache.jmeter.threads.JMeterThread - Thread is done: Thread Group 1-615
10:14:13.684 [Thread Group 1-615] INFO  o.apache.jmeter.threads.JMeterThread - Thread finished: Thread Group 1-615
10:14:13.684 [Thread Group 1-705] INFO  o.apache.jmeter.threads.JMeterThread - Thread is done: Thread Group 1-705
10:14:13.684 [Thread Group 1-705] INFO  o.apache.jmeter.threads.JMeterThread - Thread finished: Thread Group 1-705
10:14:13.684 [Thread Group 1-718] INFO  o.apache.jmeter.threads.JMeterThread - Thread is done: Thread Group 1-718
10:14:13.684 [Thread Group 1-718] INFO  o.apache.jmeter.threads.JMeterThread - Thread finished: Thread Group 1-718
10:14:13.686 [Thread Group 1-650] INFO  o.apache.jmeter.threads.JMeterThread - Thread is done: Thread Group 1-650
10:14:13.686 [Thread Group 1-650] INFO  o.apache.jmeter.threads.JMeterThread - Thread finished: Thread Group 1-650
10:14:13.688 [Thread Group 1-333] INFO  o.apache.jmeter.threads.JMeterThread - Thread is done: Thread Group 1-333
10:14:13.688 [Thread Group 1-442] INFO  o.apache.jmeter.threads.JMeterThread - Thread is done: Thread Group 1-442
10:14:13.688 [Thread Group 1-152] INFO  o.apache.jmeter.threads.JMeterThread - Thread is done: Thread Group 1-152
10:14:13.688 [Thread Group 1-442] INFO  o.apache.jmeter.threads.JMeterThread - Thread finished: Thread Group 1-442
10:14:13.688 [Thread Group 1-566] INFO  o.apache.jmeter.threads.JMeterThread - Thread is done: Thread Group 1-566
10:14:13.688 [Thread Group 1-152] INFO  o.apache.jmeter.threads.JMeterThread - Thread finished: Thread Group 1-152
10:14:13.688 [Thread Group 1-566] INFO  o.apache.jmeter.threads.JMeterThread - Thread finished: Thread Group 1-566
10:14:13.688 [Thread Group 1-623] INFO  o.apache.jmeter.threads.JMeterThread - Thread is done: Thread Group 1-623
10:14:13.688 [Thread Group 1-623] INFO  o.apache.jmeter.threads.JMeterThread - Thread finished: Thread Group 1-623
10:14:13.688 [Thread Group 1-333] INFO  o.apache.jmeter.threads.JMeterThread - Thread finished: Thread Group 1-333
10:14:13.689 [Thread Group 1-403] INFO  o.apache.jmeter.threads.JMeterThread - Thread is done: Thread Group 1-403
10:14:13.689 [Thread Group 1-414] INFO  o.apache.jmeter.threads.JMeterThread - Thread is done: Thread Group 1-414
10:14:13.689 [Thread Group 1-480] INFO  o.apache.jmeter.threads.JMeterThread - Thread is done: Thread Group 1-480
10:14:13.689 [Thread Group 1-414] INFO  o.apache.jmeter.threads.JMeterThread - Thread finished: Thread Group 1-414
10:14:13.689 [Thread Group 1-480] INFO  o.apache.jmeter.threads.JMeterThread - Thread finished: Thread Group 1-480
10:14:13.689 [Thread Group 1-598] INFO  o.apache.jmeter.threads.JMeterThread - Thread is done: Thread Group 1-598
10:14:13.689 [Thread Group 1-598] INFO  o.apache.jmeter.threads.JMeterThread - Thread finished: Thread Group 1-598
10:14:13.689 [Thread Group 1-254] INFO  o.apache.jmeter.threads.JMeterThread - Thread is done: Thread Group 1-254
10:14:13.689 [Thread Group 1-254] INFO  o.apache.jmeter.threads.JMeterThread - Thread finished: Thread Group 1-254
10:14:13.689 [Thread Group 1-403] INFO  o.apache.jmeter.threads.JMeterThread - Thread finished: Thread Group 1-403
10:14:13.689 [Thread Group 1-124] INFO  o.apache.jmeter.threads.JMeterThread - Thread is done: Thread Group 1-124
10:14:13.689 [Thread Group 1-124] INFO  o.apache.jmeter.threads.JMeterThread - Thread finished: Thread Group 1-124
10:14:13.691 [Thread Group 1-158] INFO  o.apache.jmeter.threads.JMeterThread - Thread is done: Thread Group 1-158
10:14:13.691 [Thread Group 1-207] INFO  o.apache.jmeter.threads.JMeterThread - Thread is done: Thread Group 1-207
10:14:13.691 [Thread Group 1-158] INFO  o.apache.jmeter.threads.JMeterThread - Thread finished: Thread Group 1-158
10:14:13.691 [Thread Group 1-207] INFO  o.apache.jmeter.threads.JMeterThread - Thread finished: Thread Group 1-207
10:14:13.691 [Thread Group 1-304] INFO  o.apache.jmeter.threads.JMeterThread - Thread is done: Thread Group 1-304
10:14:13.691 [Thread Group 1-379] INFO  o.apache.jmeter.threads.JMeterThread - Thread is done: Thread Group 1-379
10:14:13.691 [Thread Group 1-304] INFO  o.apache.jmeter.threads.JMeterThread - Thread finished: Thread Group 1-304
10:14:13.691 [Thread Group 1-379] INFO  o.apache.jmeter.threads.JMeterThread - Thread finished: Thread Group 1-379
10:14:13.691 [Thread Group 1-430] INFO  o.apache.jmeter.threads.JMeterThread - Thread is done: Thread Group 1-430
10:14:13.691 [Thread Group 1-430] INFO  o.apache.jmeter.threads.JMeterThread - Thread finished: Thread Group 1-430
10:14:13.691 [Thread Group 1-310] INFO  o.apache.jmeter.threads.JMeterThread - Thread is done: Thread Group 1-310
10:14:13.691 [Thread Group 1-310] INFO  o.apache.jmeter.threads.JMeterThread - Thread finished: Thread Group 1-310
10:14:13.706 [Thread Group 1-324] INFO  o.apache.jmeter.threads.JMeterThread - Thread is done: Thread Group 1-324
10:14:13.706 [Thread Group 1-13] INFO  o.apache.jmeter.threads.JMeterThread - Thread is done: Thread Group 1-13
10:14:13.706 [Thread Group 1-324] INFO  o.apache.jmeter.threads.JMeterThread - Thread finished: Thread Group 1-324
10:14:13.706 [Thread Group 1-13] INFO  o.apache.jmeter.threads.JMeterThread - Thread finished: Thread Group 1-13
10:14:13.707 [Thread Group 1-122] INFO  o.apache.jmeter.threads.JMeterThread - Thread is done: Thread Group 1-122
10:14:13.707 [Thread Group 1-122] INFO  o.apache.jmeter.threads.JMeterThread - Thread finished: Thread Group 1-122
10:14:13.707 [Thread Group 1-560] INFO  o.apache.jmeter.threads.JMeterThread - Thread is done: Thread Group 1-560
10:14:13.707 [Thread Group 1-95] INFO  o.apache.jmeter.threads.JMeterThread - Thread is done: Thread Group 1-95
10:14:13.707 [Thread Group 1-560] INFO  o.apache.jmeter.threads.JMeterThread - Thread finished: Thread Group 1-560
10:14:13.707 [Thread Group 1-95] INFO  o.apache.jmeter.threads.JMeterThread - Thread finished: Thread Group 1-95
10:14:13.707 [Thread Group 1-513] INFO  o.apache.jmeter.threads.JMeterThread - Thread is done: Thread Group 1-513
10:14:13.707 [Thread Group 1-513] INFO  o.apache.jmeter.threads.JMeterThread - Thread finished: Thread Group 1-513
10:14:13.708 [Thread Group 1-485] INFO  o.apache.jmeter.threads.JMeterThread - Thread is done: Thread Group 1-485
10:14:13.708 [Thread Group 1-485] INFO  o.apache.jmeter.threads.JMeterThread - Thread finished: Thread Group 1-485
10:14:13.709 [Thread Group 1-88] INFO  o.apache.jmeter.threads.JMeterThread - Thread is done: Thread Group 1-88
10:14:13.709 [Thread Group 1-536] INFO  o.apache.jmeter.threads.JMeterThread - Thread is done: Thread Group 1-536
10:14:13.709 [Thread Group 1-88] INFO  o.apache.jmeter.threads.JMeterThread - Thread finished: Thread Group 1-88
10:14:13.709 [Thread Group 1-536] INFO  o.apache.jmeter.threads.JMeterThread - Thread finished: Thread Group 1-536
10:14:13.709 [Thread Group 1-631] INFO  o.apache.jmeter.threads.JMeterThread - Thread is done: Thread Group 1-631
10:14:13.709 [Thread Group 1-631] INFO  o.apache.jmeter.threads.JMeterThread - Thread finished: Thread Group 1-631
10:14:13.710 [Thread Group 1-422] INFO  o.apache.jmeter.threads.JMeterThread - Thread is done: Thread Group 1-422
10:14:13.710 [Thread Group 1-753] INFO  o.apache.jmeter.threads.JMeterThread - Thread is done: Thread Group 1-753
10:14:13.710 [Thread Group 1-422] INFO  o.apache.jmeter.threads.JMeterThread - Thread finished: Thread Group 1-422
10:14:13.710 [Thread Group 1-753] INFO  o.apache.jmeter.threads.JMeterThread - Thread finished: Thread Group 1-753
10:14:13.711 [Thread Group 1-636] INFO  o.apache.jmeter.threads.JMeterThread - Thread is done: Thread Group 1-636
10:14:13.711 [Thread Group 1-636] INFO  o.apache.jmeter.threads.JMeterThread - Thread finished: Thread Group 1-636
10:14:13.711 [Thread Group 1-726] INFO  o.apache.jmeter.threads.JMeterThread - Thread is done: Thread Group 1-726
10:14:13.711 [Thread Group 1-726] INFO  o.apache.jmeter.threads.JMeterThread - Thread finished: Thread Group 1-726
10:14:13.712 [Thread Group 1-634] INFO  o.apache.jmeter.threads.JMeterThread - Thread is done: Thread Group 1-634
10:14:13.712 [Thread Group 1-634] INFO  o.apache.jmeter.threads.JMeterThread - Thread finished: Thread Group 1-634
10:14:13.713 [Thread Group 1-657] INFO  o.apache.jmeter.threads.JMeterThread - Thread is done: Thread Group 1-657
10:14:13.713 [Thread Group 1-437] INFO  o.apache.jmeter.threads.JMeterThread - Thread is done: Thread Group 1-437
10:14:13.713 [Thread Group 1-711] INFO  o.apache.jmeter.threads.JMeterThread - Thread is done: Thread Group 1-711
10:14:13.713 [Thread Group 1-657] INFO  o.apache.jmeter.threads.JMeterThread - Thread finished: Thread Group 1-657
10:14:13.713 [Thread Group 1-711] INFO  o.apache.jmeter.threads.JMeterThread - Thread finished: Thread Group 1-711
10:14:13.713 [Thread Group 1-437] INFO  o.apache.jmeter.threads.JMeterThread - Thread finished: Thread Group 1-437
10:14:13.713 [Thread Group 1-655] INFO  o.apache.jmeter.threads.JMeterThread - Thread is done: Thread Group 1-655
10:14:13.713 [Thread Group 1-655] INFO  o.apache.jmeter.threads.JMeterThread - Thread finished: Thread Group 1-655
10:14:13.718 [Thread Group 1-163] INFO  o.apache.jmeter.threads.JMeterThread - Thread is done: Thread Group 1-163
10:14:13.718 [Thread Group 1-752] INFO  o.apache.jmeter.threads.JMeterThread - Thread is done: Thread Group 1-752
10:14:13.718 [Thread Group 1-163] INFO  o.apache.jmeter.threads.JMeterThread - Thread finished: Thread Group 1-163
10:14:13.718 [Thread Group 1-752] INFO  o.apache.jmeter.threads.JMeterThread - Thread finished: Thread Group 1-752
10:14:13.719 [Thread Group 1-321] INFO  o.apache.jmeter.threads.JMeterThread - Thread is done: Thread Group 1-321
10:14:13.719 [Thread Group 1-321] INFO  o.apache.jmeter.threads.JMeterThread - Thread finished: Thread Group 1-321
10:14:13.719 [Thread Group 1-681] INFO  o.apache.jmeter.threads.JMeterThread - Thread is done: Thread Group 1-681
10:14:13.719 [Thread Group 1-15] INFO  o.apache.jmeter.threads.JMeterThread - Thread is done: Thread Group 1-15
10:14:13.719 [Thread Group 1-681] INFO  o.apache.jmeter.threads.JMeterThread - Thread finished: Thread Group 1-681
10:14:13.719 [Thread Group 1-70] INFO  o.apache.jmeter.threads.JMeterThread - Thread is done: Thread Group 1-70
10:14:13.719 [Thread Group 1-15] INFO  o.apache.jmeter.threads.JMeterThread - Thread finished: Thread Group 1-15
10:14:13.719 [Thread Group 1-70] INFO  o.apache.jmeter.threads.JMeterThread - Thread finished: Thread Group 1-70
10:14:13.719 [Thread Group 1-710] INFO  o.apache.jmeter.threads.JMeterThread - Thread is done: Thread Group 1-710
10:14:13.719 [Thread Group 1-710] INFO  o.apache.jmeter.threads.JMeterThread - Thread finished: Thread Group 1-710
10:14:13.720 [Thread Group 1-36] INFO  o.apache.jmeter.threads.JMeterThread - Thread is done: Thread Group 1-36
10:14:13.720 [Thread Group 1-36] INFO  o.apache.jmeter.threads.JMeterThread - Thread finished: Thread Group 1-36
10:14:13.720 [Thread Group 1-33] INFO  o.apache.jmeter.threads.JMeterThread - Thread is done: Thread Group 1-33
10:14:13.720 [Thread Group 1-260] INFO  o.apache.jmeter.threads.JMeterThread - Thread is done: Thread Group 1-260
10:14:13.720 [Thread Group 1-33] INFO  o.apache.jmeter.threads.JMeterThread - Thread finished: Thread Group 1-33
10:14:13.720 [Thread Group 1-260] INFO  o.apache.jmeter.threads.JMeterThread - Thread finished: Thread Group 1-260
10:14:13.720 [Thread Group 1-695] INFO  o.apache.jmeter.threads.JMeterThread - Thread is done: Thread Group 1-695
10:14:13.720 [Thread Group 1-494] INFO  o.apache.jmeter.threads.JMeterThread - Thread is done: Thread Group 1-494
10:14:13.720 [Thread Group 1-695] INFO  o.apache.jmeter.threads.JMeterThread - Thread finished: Thread Group 1-695
10:14:13.720 [Thread Group 1-494] INFO  o.apache.jmeter.threads.JMeterThread - Thread finished: Thread Group 1-494
10:14:13.721 [Thread Group 1-696] INFO  o.apache.jmeter.threads.JMeterThread - Thread is done: Thread Group 1-696
10:14:13.721 [Thread Group 1-67] INFO  o.apache.jmeter.threads.JMeterThread - Thread is done: Thread Group 1-67
10:14:13.721 [Thread Group 1-696] INFO  o.apache.jmeter.threads.JMeterThread - Thread finished: Thread Group 1-696
10:14:13.721 [Thread Group 1-67] INFO  o.apache.jmeter.threads.JMeterThread - Thread finished: Thread Group 1-67
10:14:13.721 [Thread Group 1-659] INFO  o.apache.jmeter.threads.JMeterThread - Thread is done: Thread Group 1-659
10:14:13.721 [Thread Group 1-659] INFO  o.apache.jmeter.threads.JMeterThread - Thread finished: Thread Group 1-659
10:14:13.721 [Thread Group 1-365] INFO  o.apache.jmeter.threads.JMeterThread - Thread is done: Thread Group 1-365
10:14:13.721 [Thread Group 1-365] INFO  o.apache.jmeter.threads.JMeterThread - Thread finished: Thread Group 1-365
10:14:13.721 [Thread Group 1-496] INFO  o.apache.jmeter.threads.JMeterThread - Thread is done: Thread Group 1-496
10:14:13.721 [Thread Group 1-496] INFO  o.apache.jmeter.threads.JMeterThread - Thread finished: Thread Group 1-496
10:14:13.721 [Thread Group 1-6] INFO  o.apache.jmeter.threads.JMeterThread - Thread is done: Thread Group 1-6
10:14:13.721 [Thread Group 1-6] INFO  o.apache.jmeter.threads.JMeterThread - Thread finished: Thread Group 1-6
10:14:13.721 [Thread Group 1-52] INFO  o.apache.jmeter.threads.JMeterThread - Thread is done: Thread Group 1-52
10:14:13.721 [Thread Group 1-52] INFO  o.apache.jmeter.threads.JMeterThread - Thread finished: Thread Group 1-52
10:14:13.721 [Thread Group 1-234] INFO  o.apache.jmeter.threads.JMeterThread - Thread is done: Thread Group 1-234
10:14:13.721 [Thread Group 1-234] INFO  o.apache.jmeter.threads.JMeterThread - Thread finished: Thread Group 1-234
10:14:13.721 [Thread Group 1-87] INFO  o.apache.jmeter.threads.JMeterThread - Thread is done: Thread Group 1-87
10:14:13.721 [Thread Group 1-644] INFO  o.apache.jmeter.threads.JMeterThread - Thread is done: Thread Group 1-644
10:14:13.721 [Thread Group 1-87] INFO  o.apache.jmeter.threads.JMeterThread - Thread finished: Thread Group 1-87
10:14:13.721 [Thread Group 1-644] INFO  o.apache.jmeter.threads.JMeterThread - Thread finished: Thread Group 1-644
10:14:13.721 [Thread Group 1-223] INFO  o.apache.jmeter.threads.JMeterThread - Thread is done: Thread Group 1-223
10:14:13.721 [Thread Group 1-223] INFO  o.apache.jmeter.threads.JMeterThread - Thread finished: Thread Group 1-223
10:14:13.721 [Thread Group 1-671] INFO  o.apache.jmeter.threads.JMeterThread - Thread is done: Thread Group 1-671
10:14:13.721 [Thread Group 1-127] INFO  o.apache.jmeter.threads.JMeterThread - Thread is done: Thread Group 1-127
10:14:13.721 [Thread Group 1-671] INFO  o.apache.jmeter.threads.JMeterThread - Thread finished: Thread Group 1-671
10:14:13.722 [Thread Group 1-127] INFO  o.apache.jmeter.threads.JMeterThread - Thread finished: Thread Group 1-127
10:14:13.722 [Thread Group 1-647] INFO  o.apache.jmeter.threads.JMeterThread - Thread is done: Thread Group 1-647
10:14:13.722 [Thread Group 1-647] INFO  o.apache.jmeter.threads.JMeterThread - Thread finished: Thread Group 1-647
10:14:13.722 [Thread Group 1-393] INFO  o.apache.jmeter.threads.JMeterThread - Thread is done: Thread Group 1-393
10:14:13.722 [Thread Group 1-393] INFO  o.apache.jmeter.threads.JMeterThread - Thread finished: Thread Group 1-393
10:14:13.738 [Thread Group 1-397] INFO  o.apache.jmeter.threads.JMeterThread - Thread is done: Thread Group 1-397
10:14:13.738 [Thread Group 1-84] INFO  o.apache.jmeter.threads.JMeterThread - Thread is done: Thread Group 1-84
10:14:13.738 [Thread Group 1-397] INFO  o.apache.jmeter.threads.JMeterThread - Thread finished: Thread Group 1-397
10:14:13.738 [Thread Group 1-84] INFO  o.apache.jmeter.threads.JMeterThread - Thread finished: Thread Group 1-84
10:14:13.740 [Thread Group 1-660] INFO  o.apache.jmeter.threads.JMeterThread - Thread is done: Thread Group 1-660
10:14:13.740 [Thread Group 1-175] INFO  o.apache.jmeter.threads.JMeterThread - Thread is done: Thread Group 1-175
10:14:13.740 [Thread Group 1-660] INFO  o.apache.jmeter.threads.JMeterThread - Thread finished: Thread Group 1-660
10:14:13.740 [Thread Group 1-175] INFO  o.apache.jmeter.threads.JMeterThread - Thread finished: Thread Group 1-175
10:14:13.740 [Thread Group 1-171] INFO  o.apache.jmeter.threads.JMeterThread - Thread is done: Thread Group 1-171
10:14:13.740 [Thread Group 1-171] INFO  o.apache.jmeter.threads.JMeterThread - Thread finished: Thread Group 1-171
10:14:13.741 [Thread Group 1-449] INFO  o.apache.jmeter.threads.JMeterThread - Thread is done: Thread Group 1-449
10:14:13.741 [Thread Group 1-145] INFO  o.apache.jmeter.threads.JMeterThread - Thread is done: Thread Group 1-145
10:14:13.741 [Thread Group 1-449] INFO  o.apache.jmeter.threads.JMeterThread - Thread finished: Thread Group 1-449
10:14:13.741 [Thread Group 1-145] INFO  o.apache.jmeter.threads.JMeterThread - Thread finished: Thread Group 1-145
10:14:13.743 [Thread Group 1-467] INFO  o.apache.jmeter.threads.JMeterThread - Thread is done: Thread Group 1-467
10:14:13.743 [Thread Group 1-642] INFO  o.apache.jmeter.threads.JMeterThread - Thread is done: Thread Group 1-642
10:14:13.743 [Thread Group 1-467] INFO  o.apache.jmeter.threads.JMeterThread - Thread finished: Thread Group 1-467
10:14:13.743 [Thread Group 1-642] INFO  o.apache.jmeter.threads.JMeterThread - Thread finished: Thread Group 1-642
10:14:13.743 [Thread Group 1-337] INFO  o.apache.jmeter.threads.JMeterThread - Thread is done: Thread Group 1-337
10:14:13.743 [Thread Group 1-337] INFO  o.apache.jmeter.threads.JMeterThread - Thread finished: Thread Group 1-337
10:14:13.743 [Thread Group 1-130] INFO  o.apache.jmeter.threads.JMeterThread - Thread is done: Thread Group 1-130
10:14:13.743 [Thread Group 1-130] INFO  o.apache.jmeter.threads.JMeterThread - Thread finished: Thread Group 1-130
10:14:13.743 [Thread Group 1-439] INFO  o.apache.jmeter.threads.JMeterThread - Thread is done: Thread Group 1-439
10:14:13.743 [Thread Group 1-439] INFO  o.apache.jmeter.threads.JMeterThread - Thread finished: Thread Group 1-439
10:14:13.743 [Thread Group 1-691] INFO  o.apache.jmeter.threads.JMeterThread - Thread is done: Thread Group 1-691
10:14:13.743 [Thread Group 1-691] INFO  o.apache.jmeter.threads.JMeterThread - Thread finished: Thread Group 1-691
10:14:13.743 [Thread Group 1-723] INFO  o.apache.jmeter.threads.JMeterThread - Thread is done: Thread Group 1-723
10:14:13.744 [Thread Group 1-723] INFO  o.apache.jmeter.threads.JMeterThread - Thread finished: Thread Group 1-723
10:14:13.751 [Thread Group 1-543] INFO  o.apache.jmeter.threads.JMeterThread - Thread is done: Thread Group 1-543
10:14:13.751 [Thread Group 1-543] INFO  o.apache.jmeter.threads.JMeterThread - Thread finished: Thread Group 1-543
10:14:13.751 [Thread Group 1-664] INFO  o.apache.jmeter.threads.JMeterThread - Thread is done: Thread Group 1-664
10:14:13.751 [Thread Group 1-102] INFO  o.apache.jmeter.threads.JMeterThread - Thread is done: Thread Group 1-102
10:14:13.752 [Thread Group 1-664] INFO  o.apache.jmeter.threads.JMeterThread - Thread finished: Thread Group 1-664
10:14:13.752 [Thread Group 1-102] INFO  o.apache.jmeter.threads.JMeterThread - Thread finished: Thread Group 1-102
10:14:13.752 [Thread Group 1-562] INFO  o.apache.jmeter.threads.JMeterThread - Thread is done: Thread Group 1-562
10:14:13.752 [Thread Group 1-562] INFO  o.apache.jmeter.threads.JMeterThread - Thread finished: Thread Group 1-562
10:14:13.751 [Thread Group 1-63] INFO  o.apache.jmeter.threads.JMeterThread - Thread is done: Thread Group 1-63
10:14:13.752 [Thread Group 1-63] INFO  o.apache.jmeter.threads.JMeterThread - Thread finished: Thread Group 1-63
10:14:13.751 [Thread Group 1-743] INFO  o.apache.jmeter.threads.JMeterThread - Thread is done: Thread Group 1-743
10:14:13.752 [Thread Group 1-743] INFO  o.apache.jmeter.threads.JMeterThread - Thread finished: Thread Group 1-743
10:14:13.754 [Thread Group 1-343] INFO  o.apache.jmeter.threads.JMeterThread - Thread is done: Thread Group 1-343
10:14:13.754 [Thread Group 1-632] INFO  o.apache.jmeter.threads.JMeterThread - Thread is done: Thread Group 1-632
10:14:13.754 [Thread Group 1-343] INFO  o.apache.jmeter.threads.JMeterThread - Thread finished: Thread Group 1-343
10:14:13.754 [Thread Group 1-632] INFO  o.apache.jmeter.threads.JMeterThread - Thread finished: Thread Group 1-632
10:14:13.755 [Thread Group 1-757] INFO  o.apache.jmeter.threads.JMeterThread - Thread is done: Thread Group 1-757
10:14:13.755 [Thread Group 1-579] INFO  o.apache.jmeter.threads.JMeterThread - Thread is done: Thread Group 1-579
10:14:13.755 [Thread Group 1-757] INFO  o.apache.jmeter.threads.JMeterThread - Thread finished: Thread Group 1-757
10:14:13.755 [Thread Group 1-579] INFO  o.apache.jmeter.threads.JMeterThread - Thread finished: Thread Group 1-579
10:14:13.755 [Thread Group 1-353] INFO  o.apache.jmeter.threads.JMeterThread - Thread is done: Thread Group 1-353
10:14:13.755 [Thread Group 1-353] INFO  o.apache.jmeter.threads.JMeterThread - Thread finished: Thread Group 1-353
10:14:13.755 [Thread Group 1-386] INFO  o.apache.jmeter.threads.JMeterThread - Thread is done: Thread Group 1-386
10:14:13.755 [Thread Group 1-489] INFO  o.apache.jmeter.threads.JMeterThread - Thread is done: Thread Group 1-489
10:14:13.756 [Thread Group 1-386] INFO  o.apache.jmeter.threads.JMeterThread - Thread finished: Thread Group 1-386
10:14:13.756 [Thread Group 1-489] INFO  o.apache.jmeter.threads.JMeterThread - Thread finished: Thread Group 1-489
10:14:13.756 [Thread Group 1-436] INFO  o.apache.jmeter.threads.JMeterThread - Thread is done: Thread Group 1-436
10:14:13.756 [Thread Group 1-436] INFO  o.apache.jmeter.threads.JMeterThread - Thread finished: Thread Group 1-436
10:14:13.756 [Thread Group 1-585] INFO  o.apache.jmeter.threads.JMeterThread - Thread is done: Thread Group 1-585
10:14:13.756 [Thread Group 1-585] INFO  o.apache.jmeter.threads.JMeterThread - Thread finished: Thread Group 1-585
10:14:13.756 [Thread Group 1-654] INFO  o.apache.jmeter.threads.JMeterThread - Thread is done: Thread Group 1-654
10:14:13.756 [Thread Group 1-654] INFO  o.apache.jmeter.threads.JMeterThread - Thread finished: Thread Group 1-654
10:14:13.756 [Thread Group 1-105] INFO  o.apache.jmeter.threads.JMeterThread - Thread is done: Thread Group 1-105
10:14:13.756 [Thread Group 1-105] INFO  o.apache.jmeter.threads.JMeterThread - Thread finished: Thread Group 1-105
10:14:13.756 [Thread Group 1-629] INFO  o.apache.jmeter.threads.JMeterThread - Thread is done: Thread Group 1-629
10:14:13.756 [Thread Group 1-629] INFO  o.apache.jmeter.threads.JMeterThread - Thread finished: Thread Group 1-629
10:14:13.757 [Thread Group 1-571] INFO  o.apache.jmeter.threads.JMeterThread - Thread is done: Thread Group 1-571
10:14:13.757 [Thread Group 1-571] INFO  o.apache.jmeter.threads.JMeterThread - Thread finished: Thread Group 1-571
10:14:13.757 [Thread Group 1-406] INFO  o.apache.jmeter.threads.JMeterThread - Thread is done: Thread Group 1-406
10:14:13.757 [Thread Group 1-406] INFO  o.apache.jmeter.threads.JMeterThread - Thread finished: Thread Group 1-406
10:14:13.757 [Thread Group 1-522] INFO  o.apache.jmeter.threads.JMeterThread - Thread is done: Thread Group 1-522
10:14:13.757 [Thread Group 1-522] INFO  o.apache.jmeter.threads.JMeterThread - Thread finished: Thread Group 1-522
10:14:13.757 [Thread Group 1-318] INFO  o.apache.jmeter.threads.JMeterThread - Thread is done: Thread Group 1-318
10:14:13.757 [Thread Group 1-318] INFO  o.apache.jmeter.threads.JMeterThread - Thread finished: Thread Group 1-318
10:14:13.757 [Thread Group 1-534] INFO  o.apache.jmeter.threads.JMeterThread - Thread is done: Thread Group 1-534
10:14:13.757 [Thread Group 1-534] INFO  o.apache.jmeter.threads.JMeterThread - Thread finished: Thread Group 1-534
10:14:13.785 [Thread Group 1-547] INFO  o.apache.jmeter.threads.JMeterThread - Thread is done: Thread Group 1-547
10:14:13.786 [Thread Group 1-320] INFO  o.apache.jmeter.threads.JMeterThread - Thread is done: Thread Group 1-320
10:14:13.786 [Thread Group 1-547] INFO  o.apache.jmeter.threads.JMeterThread - Thread finished: Thread Group 1-547
10:14:13.786 [Thread Group 1-673] INFO  o.apache.jmeter.threads.JMeterThread - Thread is done: Thread Group 1-673
10:14:13.786 [Thread Group 1-320] INFO  o.apache.jmeter.threads.JMeterThread - Thread finished: Thread Group 1-320
10:14:13.786 [Thread Group 1-673] INFO  o.apache.jmeter.threads.JMeterThread - Thread finished: Thread Group 1-673
10:14:13.785 [Thread Group 1-340] INFO  o.apache.jmeter.threads.JMeterThread - Thread is done: Thread Group 1-340
10:14:13.786 [Thread Group 1-340] INFO  o.apache.jmeter.threads.JMeterThread - Thread finished: Thread Group 1-340
10:14:13.787 [Thread Group 1-605] INFO  o.apache.jmeter.threads.JMeterThread - Thread is done: Thread Group 1-605
10:14:13.787 [Thread Group 1-605] INFO  o.apache.jmeter.threads.JMeterThread - Thread finished: Thread Group 1-605
10:14:13.785 [Thread Group 1-621] INFO  o.apache.jmeter.threads.JMeterThread - Thread is done: Thread Group 1-621
10:14:13.788 [Thread Group 1-621] INFO  o.apache.jmeter.threads.JMeterThread - Thread finished: Thread Group 1-621
10:14:13.788 [Thread Group 1-108] INFO  o.apache.jmeter.threads.JMeterThread - Thread is done: Thread Group 1-108
10:14:13.788 [Thread Group 1-108] INFO  o.apache.jmeter.threads.JMeterThread - Thread finished: Thread Group 1-108
10:14:13.785 [Thread Group 1-109] INFO  o.apache.jmeter.threads.JMeterThread - Thread is done: Thread Group 1-109
10:14:13.788 [Thread Group 1-109] INFO  o.apache.jmeter.threads.JMeterThread - Thread finished: Thread Group 1-109
10:14:13.788 [Thread Group 1-455] INFO  o.apache.jmeter.threads.JMeterThread - Thread is done: Thread Group 1-455
10:14:13.788 [Thread Group 1-455] INFO  o.apache.jmeter.threads.JMeterThread - Thread finished: Thread Group 1-455
10:14:13.788 [Thread Group 1-54] INFO  o.apache.jmeter.threads.JMeterThread - Thread is done: Thread Group 1-54
10:14:13.788 [Thread Group 1-54] INFO  o.apache.jmeter.threads.JMeterThread - Thread finished: Thread Group 1-54
10:14:13.785 [Thread Group 1-154] INFO  o.apache.jmeter.threads.JMeterThread - Thread is done: Thread Group 1-154
10:14:13.789 [Thread Group 1-648] INFO  o.apache.jmeter.threads.JMeterThread - Thread is done: Thread Group 1-648
10:14:13.789 [Thread Group 1-658] INFO  o.apache.jmeter.threads.JMeterThread - Thread is done: Thread Group 1-658
10:14:13.789 [Thread Group 1-648] INFO  o.apache.jmeter.threads.JMeterThread - Thread finished: Thread Group 1-648
10:14:13.789 [Thread Group 1-658] INFO  o.apache.jmeter.threads.JMeterThread - Thread finished: Thread Group 1-658
10:14:13.789 [Thread Group 1-283] INFO  o.apache.jmeter.threads.JMeterThread - Thread is done: Thread Group 1-283
10:14:13.789 [Thread Group 1-329] INFO  o.apache.jmeter.threads.JMeterThread - Thread is done: Thread Group 1-329
10:14:13.789 [Thread Group 1-283] INFO  o.apache.jmeter.threads.JMeterThread - Thread finished: Thread Group 1-283
10:14:13.789 [Thread Group 1-329] INFO  o.apache.jmeter.threads.JMeterThread - Thread finished: Thread Group 1-329
10:14:13.789 [Thread Group 1-154] INFO  o.apache.jmeter.threads.JMeterThread - Thread finished: Thread Group 1-154
10:14:13.789 [Thread Group 1-531] INFO  o.apache.jmeter.threads.JMeterThread - Thread is done: Thread Group 1-531
10:14:13.790 [Thread Group 1-531] INFO  o.apache.jmeter.threads.JMeterThread - Thread finished: Thread Group 1-531
10:14:13.792 [Thread Group 1-136] INFO  o.apache.jmeter.threads.JMeterThread - Thread is done: Thread Group 1-136
10:14:13.792 [Thread Group 1-584] INFO  o.apache.jmeter.threads.JMeterThread - Thread is done: Thread Group 1-584
10:14:13.792 [Thread Group 1-136] INFO  o.apache.jmeter.threads.JMeterThread - Thread finished: Thread Group 1-136
10:14:13.792 [Thread Group 1-584] INFO  o.apache.jmeter.threads.JMeterThread - Thread finished: Thread Group 1-584
10:14:13.792 [Thread Group 1-443] INFO  o.apache.jmeter.threads.JMeterThread - Thread is done: Thread Group 1-443
10:14:13.792 [Thread Group 1-443] INFO  o.apache.jmeter.threads.JMeterThread - Thread finished: Thread Group 1-443
10:14:13.792 [Thread Group 1-269] INFO  o.apache.jmeter.threads.JMeterThread - Thread is done: Thread Group 1-269
10:14:13.792 [Thread Group 1-269] INFO  o.apache.jmeter.threads.JMeterThread - Thread finished: Thread Group 1-269
10:14:13.793 [Thread Group 1-129] INFO  o.apache.jmeter.threads.JMeterThread - Thread is done: Thread Group 1-129
10:14:13.793 [Thread Group 1-129] INFO  o.apache.jmeter.threads.JMeterThread - Thread finished: Thread Group 1-129
10:14:13.793 [Thread Group 1-592] INFO  o.apache.jmeter.threads.JMeterThread - Thread is done: Thread Group 1-592
10:14:13.793 [Thread Group 1-592] INFO  o.apache.jmeter.threads.JMeterThread - Thread finished: Thread Group 1-592
10:14:13.793 [Thread Group 1-740] INFO  o.apache.jmeter.threads.JMeterThread - Thread is done: Thread Group 1-740
10:14:13.793 [Thread Group 1-740] INFO  o.apache.jmeter.threads.JMeterThread - Thread finished: Thread Group 1-740
10:14:13.793 [Thread Group 1-338] INFO  o.apache.jmeter.threads.JMeterThread - Thread is done: Thread Group 1-338
10:14:13.793 [Thread Group 1-338] INFO  o.apache.jmeter.threads.JMeterThread - Thread finished: Thread Group 1-338
10:14:13.793 [Thread Group 1-238] INFO  o.apache.jmeter.threads.JMeterThread - Thread is done: Thread Group 1-238
10:14:13.793 [Thread Group 1-238] INFO  o.apache.jmeter.threads.JMeterThread - Thread finished: Thread Group 1-238
10:14:13.794 [Thread Group 1-358] INFO  o.apache.jmeter.threads.JMeterThread - Thread is done: Thread Group 1-358
10:14:13.794 [Thread Group 1-358] INFO  o.apache.jmeter.threads.JMeterThread - Thread finished: Thread Group 1-358
10:14:13.794 [Thread Group 1-178] INFO  o.apache.jmeter.threads.JMeterThread - Thread is done: Thread Group 1-178
10:14:13.794 [Thread Group 1-178] INFO  o.apache.jmeter.threads.JMeterThread - Thread finished: Thread Group 1-178
10:14:13.794 [Thread Group 1-619] INFO  o.apache.jmeter.threads.JMeterThread - Thread is done: Thread Group 1-619
10:14:13.794 [Thread Group 1-619] INFO  o.apache.jmeter.threads.JMeterThread - Thread finished: Thread Group 1-619
10:14:13.794 [Thread Group 1-582] INFO  o.apache.jmeter.threads.JMeterThread - Thread is done: Thread Group 1-582
10:14:13.794 [Thread Group 1-582] INFO  o.apache.jmeter.threads.JMeterThread - Thread finished: Thread Group 1-582
10:14:13.795 [Thread Group 1-14] INFO  o.apache.jmeter.threads.JMeterThread - Thread is done: Thread Group 1-14
10:14:13.795 [Thread Group 1-570] INFO  o.apache.jmeter.threads.JMeterThread - Thread is done: Thread Group 1-570
10:14:13.795 [Thread Group 1-14] INFO  o.apache.jmeter.threads.JMeterThread - Thread finished: Thread Group 1-14
10:14:13.795 [Thread Group 1-570] INFO  o.apache.jmeter.threads.JMeterThread - Thread finished: Thread Group 1-570
10:14:13.809 [Thread Group 1-293] INFO  o.apache.jmeter.threads.JMeterThread - Thread is done: Thread Group 1-293
10:14:13.809 [Thread Group 1-438] INFO  o.apache.jmeter.threads.JMeterThread - Thread is done: Thread Group 1-438
10:14:13.809 [Thread Group 1-465] INFO  o.apache.jmeter.threads.JMeterThread - Thread is done: Thread Group 1-465
10:14:13.809 [Thread Group 1-438] INFO  o.apache.jmeter.threads.JMeterThread - Thread finished: Thread Group 1-438
10:14:13.809 [Thread Group 1-465] INFO  o.apache.jmeter.threads.JMeterThread - Thread finished: Thread Group 1-465
10:14:13.809 [Thread Group 1-293] INFO  o.apache.jmeter.threads.JMeterThread - Thread finished: Thread Group 1-293
10:14:13.809 [Thread Group 1-322] INFO  o.apache.jmeter.threads.JMeterThread - Thread is done: Thread Group 1-322
10:14:13.809 [Thread Group 1-331] INFO  o.apache.jmeter.threads.JMeterThread - Thread is done: Thread Group 1-331
10:14:13.809 [Thread Group 1-118] INFO  o.apache.jmeter.threads.JMeterThread - Thread is done: Thread Group 1-118
10:14:13.809 [Thread Group 1-322] INFO  o.apache.jmeter.threads.JMeterThread - Thread finished: Thread Group 1-322
10:14:13.809 [Thread Group 1-331] INFO  o.apache.jmeter.threads.JMeterThread - Thread finished: Thread Group 1-331
10:14:13.809 [Thread Group 1-118] INFO  o.apache.jmeter.threads.JMeterThread - Thread finished: Thread Group 1-118
10:14:13.809 [Thread Group 1-141] INFO  o.apache.jmeter.threads.JMeterThread - Thread is done: Thread Group 1-141
10:14:13.809 [Thread Group 1-141] INFO  o.apache.jmeter.threads.JMeterThread - Thread finished: Thread Group 1-141
10:14:13.810 [Thread Group 1-625] INFO  o.apache.jmeter.threads.JMeterThread - Thread is done: Thread Group 1-625
10:14:13.810 [Thread Group 1-483] INFO  o.apache.jmeter.threads.JMeterThread - Thread is done: Thread Group 1-483
10:14:13.810 [Thread Group 1-587] INFO  o.apache.jmeter.threads.JMeterThread - Thread is done: Thread Group 1-587
10:14:13.810 [Thread Group 1-625] INFO  o.apache.jmeter.threads.JMeterThread - Thread finished: Thread Group 1-625
10:14:13.810 [Thread Group 1-587] INFO  o.apache.jmeter.threads.JMeterThread - Thread finished: Thread Group 1-587
10:14:13.810 [Thread Group 1-429] INFO  o.apache.jmeter.threads.JMeterThread - Thread is done: Thread Group 1-429
10:14:13.810 [Thread Group 1-366] INFO  o.apache.jmeter.threads.JMeterThread - Thread is done: Thread Group 1-366
10:14:13.810 [Thread Group 1-429] INFO  o.apache.jmeter.threads.JMeterThread - Thread finished: Thread Group 1-429
10:14:13.810 [Thread Group 1-366] INFO  o.apache.jmeter.threads.JMeterThread - Thread finished: Thread Group 1-366
10:14:13.810 [Thread Group 1-483] INFO  o.apache.jmeter.threads.JMeterThread - Thread finished: Thread Group 1-483
10:14:13.810 [Thread Group 1-271] INFO  o.apache.jmeter.threads.JMeterThread - Thread is done: Thread Group 1-271
10:14:13.810 [Thread Group 1-271] INFO  o.apache.jmeter.threads.JMeterThread - Thread finished: Thread Group 1-271
10:14:13.812 [Thread Group 1-618] INFO  o.apache.jmeter.threads.JMeterThread - Thread is done: Thread Group 1-618
10:14:13.812 [Thread Group 1-618] INFO  o.apache.jmeter.threads.JMeterThread - Thread finished: Thread Group 1-618
10:14:13.813 [Thread Group 1-635] INFO  o.apache.jmeter.threads.JMeterThread - Thread is done: Thread Group 1-635
10:14:13.813 [Thread Group 1-635] INFO  o.apache.jmeter.threads.JMeterThread - Thread finished: Thread Group 1-635
10:14:13.813 [Thread Group 1-350] INFO  o.apache.jmeter.threads.JMeterThread - Thread is done: Thread Group 1-350
10:14:13.813 [Thread Group 1-350] INFO  o.apache.jmeter.threads.JMeterThread - Thread finished: Thread Group 1-350
10:14:13.834 [Thread Group 1-21] INFO  o.apache.jmeter.threads.JMeterThread - Thread is done: Thread Group 1-21
10:14:13.834 [Thread Group 1-21] INFO  o.apache.jmeter.threads.JMeterThread - Thread finished: Thread Group 1-21
10:14:13.836 [Thread Group 1-225] INFO  o.apache.jmeter.threads.JMeterThread - Thread is done: Thread Group 1-225
10:14:13.836 [Thread Group 1-390] INFO  o.apache.jmeter.threads.JMeterThread - Thread is done: Thread Group 1-390
10:14:13.836 [Thread Group 1-389] INFO  o.apache.jmeter.threads.JMeterThread - Thread is done: Thread Group 1-389
10:14:13.836 [Thread Group 1-390] INFO  o.apache.jmeter.threads.JMeterThread - Thread finished: Thread Group 1-390
10:14:13.836 [Thread Group 1-389] INFO  o.apache.jmeter.threads.JMeterThread - Thread finished: Thread Group 1-389
10:14:13.836 [Thread Group 1-225] INFO  o.apache.jmeter.threads.JMeterThread - Thread finished: Thread Group 1-225
10:14:13.837 [Thread Group 1-514] INFO  o.apache.jmeter.threads.JMeterThread - Thread is done: Thread Group 1-514
10:14:13.837 [Thread Group 1-670] INFO  o.apache.jmeter.threads.JMeterThread - Thread is done: Thread Group 1-670
10:14:13.837 [Thread Group 1-514] INFO  o.apache.jmeter.threads.JMeterThread - Thread finished: Thread Group 1-514
10:14:13.837 [Thread Group 1-670] INFO  o.apache.jmeter.threads.JMeterThread - Thread finished: Thread Group 1-670
10:14:13.837 [Thread Group 1-247] INFO  o.apache.jmeter.threads.JMeterThread - Thread is done: Thread Group 1-247
10:14:13.837 [Thread Group 1-247] INFO  o.apache.jmeter.threads.JMeterThread - Thread finished: Thread Group 1-247
10:14:13.838 [Thread Group 1-599] INFO  o.apache.jmeter.threads.JMeterThread - Thread is done: Thread Group 1-599
10:14:13.838 [Thread Group 1-525] INFO  o.apache.jmeter.threads.JMeterThread - Thread is done: Thread Group 1-525
10:14:13.838 [Thread Group 1-599] INFO  o.apache.jmeter.threads.JMeterThread - Thread finished: Thread Group 1-599
10:14:13.838 [Thread Group 1-525] INFO  o.apache.jmeter.threads.JMeterThread - Thread finished: Thread Group 1-525
10:14:13.838 [Thread Group 1-404] INFO  o.apache.jmeter.threads.JMeterThread - Thread is done: Thread Group 1-404
10:14:13.838 [Thread Group 1-404] INFO  o.apache.jmeter.threads.JMeterThread - Thread finished: Thread Group 1-404
10:14:13.838 [Thread Group 1-210] INFO  o.apache.jmeter.threads.JMeterThread - Thread is done: Thread Group 1-210
10:14:13.838 [Thread Group 1-210] INFO  o.apache.jmeter.threads.JMeterThread - Thread finished: Thread Group 1-210
10:14:13.838 [Thread Group 1-194] INFO  o.apache.jmeter.threads.JMeterThread - Thread is done: Thread Group 1-194
10:14:13.838 [Thread Group 1-194] INFO  o.apache.jmeter.threads.JMeterThread - Thread finished: Thread Group 1-194
10:14:13.841 [Thread Group 1-123] INFO  o.apache.jmeter.threads.JMeterThread - Thread is done: Thread Group 1-123
10:14:13.841 [Thread Group 1-123] INFO  o.apache.jmeter.threads.JMeterThread - Thread finished: Thread Group 1-123
10:14:13.841 [Thread Group 1-693] INFO  o.apache.jmeter.threads.JMeterThread - Thread is done: Thread Group 1-693
10:14:13.841 [Thread Group 1-693] INFO  o.apache.jmeter.threads.JMeterThread - Thread finished: Thread Group 1-693
10:14:13.841 [Thread Group 1-649] INFO  o.apache.jmeter.threads.JMeterThread - Thread is done: Thread Group 1-649
10:14:13.841 [Thread Group 1-649] INFO  o.apache.jmeter.threads.JMeterThread - Thread finished: Thread Group 1-649
10:14:13.842 [Thread Group 1-323] INFO  o.apache.jmeter.threads.JMeterThread - Thread is done: Thread Group 1-323
10:14:13.842 [Thread Group 1-323] INFO  o.apache.jmeter.threads.JMeterThread - Thread finished: Thread Group 1-323
10:14:13.842 [Thread Group 1-701] INFO  o.apache.jmeter.threads.JMeterThread - Thread is done: Thread Group 1-701
10:14:13.842 [Thread Group 1-23] INFO  o.apache.jmeter.threads.JMeterThread - Thread is done: Thread Group 1-23
10:14:13.842 [Thread Group 1-701] INFO  o.apache.jmeter.threads.JMeterThread - Thread finished: Thread Group 1-701
10:14:13.842 [Thread Group 1-23] INFO  o.apache.jmeter.threads.JMeterThread - Thread finished: Thread Group 1-23
10:14:13.843 [Thread Group 1-204] INFO  o.apache.jmeter.threads.JMeterThread - Thread is done: Thread Group 1-204
10:14:13.843 [Thread Group 1-204] INFO  o.apache.jmeter.threads.JMeterThread - Thread finished: Thread Group 1-204
10:14:13.843 [Thread Group 1-609] INFO  o.apache.jmeter.threads.JMeterThread - Thread is done: Thread Group 1-609
10:14:13.843 [Thread Group 1-357] INFO  o.apache.jmeter.threads.JMeterThread - Thread is done: Thread Group 1-357
10:14:13.843 [Thread Group 1-609] INFO  o.apache.jmeter.threads.JMeterThread - Thread finished: Thread Group 1-609
10:14:13.843 [Thread Group 1-357] INFO  o.apache.jmeter.threads.JMeterThread - Thread finished: Thread Group 1-357
10:14:13.843 [Thread Group 1-637] INFO  o.apache.jmeter.threads.JMeterThread - Thread is done: Thread Group 1-637
10:14:13.843 [Thread Group 1-637] INFO  o.apache.jmeter.threads.JMeterThread - Thread finished: Thread Group 1-637
10:14:13.843 [Thread Group 1-44] INFO  o.apache.jmeter.threads.JMeterThread - Thread is done: Thread Group 1-44
10:14:13.843 [Thread Group 1-44] INFO  o.apache.jmeter.threads.JMeterThread - Thread finished: Thread Group 1-44
10:14:13.843 [Thread Group 1-754] INFO  o.apache.jmeter.threads.JMeterThread - Thread is done: Thread Group 1-754
10:14:13.843 [Thread Group 1-754] INFO  o.apache.jmeter.threads.JMeterThread - Thread finished: Thread Group 1-754
10:14:13.843 [Thread Group 1-738] INFO  o.apache.jmeter.threads.JMeterThread - Thread is done: Thread Group 1-738
10:14:13.843 [Thread Group 1-62] INFO  o.apache.jmeter.threads.JMeterThread - Thread is done: Thread Group 1-62
10:14:13.843 [Thread Group 1-738] INFO  o.apache.jmeter.threads.JMeterThread - Thread finished: Thread Group 1-738
10:14:13.843 [Thread Group 1-62] INFO  o.apache.jmeter.threads.JMeterThread - Thread finished: Thread Group 1-62
10:14:13.843 [Thread Group 1-720] INFO  o.apache.jmeter.threads.JMeterThread - Thread is done: Thread Group 1-720
10:14:13.843 [Thread Group 1-720] INFO  o.apache.jmeter.threads.JMeterThread - Thread finished: Thread Group 1-720
10:14:13.844 [Thread Group 1-40] INFO  o.apache.jmeter.threads.JMeterThread - Thread is done: Thread Group 1-40
10:14:13.844 [Thread Group 1-40] INFO  o.apache.jmeter.threads.JMeterThread - Thread finished: Thread Group 1-40
10:14:13.844 [Thread Group 1-764] INFO  o.apache.jmeter.threads.JMeterThread - Thread is done: Thread Group 1-764
10:14:13.844 [Thread Group 1-764] INFO  o.apache.jmeter.threads.JMeterThread - Thread finished: Thread Group 1-764
10:14:13.844 [Thread Group 1-284] INFO  o.apache.jmeter.threads.JMeterThread - Thread is done: Thread Group 1-284
10:14:13.844 [Thread Group 1-284] INFO  o.apache.jmeter.threads.JMeterThread - Thread finished: Thread Group 1-284
10:14:13.846 [Thread Group 1-572] INFO  o.apache.jmeter.threads.JMeterThread - Thread is done: Thread Group 1-572
10:14:13.846 [Thread Group 1-572] INFO  o.apache.jmeter.threads.JMeterThread - Thread finished: Thread Group 1-572
10:14:13.850 [Thread Group 1-313] INFO  o.apache.jmeter.threads.JMeterThread - Thread is done: Thread Group 1-313
10:14:13.850 [Thread Group 1-313] INFO  o.apache.jmeter.threads.JMeterThread - Thread finished: Thread Group 1-313
10:14:13.850 [Thread Group 1-781] INFO  o.apache.jmeter.threads.JMeterThread - Thread is done: Thread Group 1-781
10:14:13.850 [Thread Group 1-781] INFO  o.apache.jmeter.threads.JMeterThread - Thread finished: Thread Group 1-781
10:14:13.851 [Thread Group 1-785] INFO  o.apache.jmeter.threads.JMeterThread - Thread is done: Thread Group 1-785
10:14:13.851 [Thread Group 1-785] INFO  o.apache.jmeter.threads.JMeterThread - Thread finished: Thread Group 1-785
10:14:13.858 [Thread Group 1-83] INFO  o.apache.jmeter.threads.JMeterThread - Thread is done: Thread Group 1-83
10:14:13.858 [Thread Group 1-721] INFO  o.apache.jmeter.threads.JMeterThread - Thread is done: Thread Group 1-721
10:14:13.858 [Thread Group 1-83] INFO  o.apache.jmeter.threads.JMeterThread - Thread finished: Thread Group 1-83
10:14:13.858 [Thread Group 1-721] INFO  o.apache.jmeter.threads.JMeterThread - Thread finished: Thread Group 1-721
10:14:13.858 [Thread Group 1-748] INFO  o.apache.jmeter.threads.JMeterThread - Thread is done: Thread Group 1-748
10:14:13.858 [Thread Group 1-680] INFO  o.apache.jmeter.threads.JMeterThread - Thread is done: Thread Group 1-680
10:14:13.858 [Thread Group 1-748] INFO  o.apache.jmeter.threads.JMeterThread - Thread finished: Thread Group 1-748
10:14:13.858 [Thread Group 1-680] INFO  o.apache.jmeter.threads.JMeterThread - Thread finished: Thread Group 1-680
10:14:13.858 [Thread Group 1-398] INFO  o.apache.jmeter.threads.JMeterThread - Thread is done: Thread Group 1-398
10:14:13.858 [Thread Group 1-398] INFO  o.apache.jmeter.threads.JMeterThread - Thread finished: Thread Group 1-398
10:14:13.858 [Thread Group 1-326] INFO  o.apache.jmeter.threads.JMeterThread - Thread is done: Thread Group 1-326
10:14:13.858 [Thread Group 1-326] INFO  o.apache.jmeter.threads.JMeterThread - Thread finished: Thread Group 1-326
10:14:13.858 [Thread Group 1-783] INFO  o.apache.jmeter.threads.JMeterThread - Thread is done: Thread Group 1-783
10:14:13.859 [Thread Group 1-783] INFO  o.apache.jmeter.threads.JMeterThread - Thread finished: Thread Group 1-783
10:14:13.860 [Thread Group 1-515] INFO  o.apache.jmeter.threads.JMeterThread - Thread is done: Thread Group 1-515
10:14:13.860 [Thread Group 1-787] INFO  o.apache.jmeter.threads.JMeterThread - Thread is done: Thread Group 1-787
10:14:13.860 [Thread Group 1-515] INFO  o.apache.jmeter.threads.JMeterThread - Thread finished: Thread Group 1-515
10:14:13.860 [Thread Group 1-787] INFO  o.apache.jmeter.threads.JMeterThread - Thread finished: Thread Group 1-787
10:14:13.861 [Thread Group 1-747] INFO  o.apache.jmeter.threads.JMeterThread - Thread is done: Thread Group 1-747
10:14:13.861 [Thread Group 1-747] INFO  o.apache.jmeter.threads.JMeterThread - Thread finished: Thread Group 1-747
10:14:13.862 [Thread Group 1-38] INFO  o.apache.jmeter.threads.JMeterThread - Thread is done: Thread Group 1-38
10:14:13.862 [Thread Group 1-38] INFO  o.apache.jmeter.threads.JMeterThread - Thread finished: Thread Group 1-38
10:14:13.865 [Thread Group 1-639] INFO  o.apache.jmeter.threads.JMeterThread - Thread is done: Thread Group 1-639
10:14:13.865 [Thread Group 1-639] INFO  o.apache.jmeter.threads.JMeterThread - Thread finished: Thread Group 1-639
10:14:13.865 [Thread Group 1-192] INFO  o.apache.jmeter.threads.JMeterThread - Thread is done: Thread Group 1-192
10:14:13.865 [Thread Group 1-192] INFO  o.apache.jmeter.threads.JMeterThread - Thread finished: Thread Group 1-192
10:14:13.866 [Thread Group 1-675] INFO  o.apache.jmeter.threads.JMeterThread - Thread is done: Thread Group 1-675
10:14:13.866 [Thread Group 1-675] INFO  o.apache.jmeter.threads.JMeterThread - Thread finished: Thread Group 1-675
10:14:13.867 [Thread Group 1-775] INFO  o.apache.jmeter.threads.JMeterThread - Thread is done: Thread Group 1-775
10:14:13.867 [Thread Group 1-775] INFO  o.apache.jmeter.threads.JMeterThread - Thread finished: Thread Group 1-775
10:14:13.867 [Thread Group 1-245] INFO  o.apache.jmeter.threads.JMeterThread - Thread is done: Thread Group 1-245
10:14:13.867 [Thread Group 1-245] INFO  o.apache.jmeter.threads.JMeterThread - Thread finished: Thread Group 1-245
10:14:13.868 [Thread Group 1-766] INFO  o.apache.jmeter.threads.JMeterThread - Thread is done: Thread Group 1-766
10:14:13.868 [Thread Group 1-766] INFO  o.apache.jmeter.threads.JMeterThread - Thread finished: Thread Group 1-766
10:14:13.868 [Thread Group 1-763] INFO  o.apache.jmeter.threads.JMeterThread - Thread is done: Thread Group 1-763
10:14:13.868 [Thread Group 1-763] INFO  o.apache.jmeter.threads.JMeterThread - Thread finished: Thread Group 1-763
10:14:13.869 [Thread Group 1-676] INFO  o.apache.jmeter.threads.JMeterThread - Thread is done: Thread Group 1-676
10:14:13.869 [Thread Group 1-676] INFO  o.apache.jmeter.threads.JMeterThread - Thread finished: Thread Group 1-676
10:14:13.869 [Thread Group 1-694] INFO  o.apache.jmeter.threads.JMeterThread - Thread is done: Thread Group 1-694
10:14:13.869 [Thread Group 1-694] INFO  o.apache.jmeter.threads.JMeterThread - Thread finished: Thread Group 1-694
10:14:13.869 [Thread Group 1-795] INFO  o.apache.jmeter.threads.JMeterThread - Thread is done: Thread Group 1-795
10:14:13.869 [Thread Group 1-795] INFO  o.apache.jmeter.threads.JMeterThread - Thread finished: Thread Group 1-795
10:14:13.869 [Thread Group 1-345] INFO  o.apache.jmeter.threads.JMeterThread - Thread is done: Thread Group 1-345
10:14:13.869 [Thread Group 1-345] INFO  o.apache.jmeter.threads.JMeterThread - Thread finished: Thread Group 1-345
10:14:13.869 [Thread Group 1-26] INFO  o.apache.jmeter.threads.JMeterThread - Thread is done: Thread Group 1-26
10:14:13.869 [Thread Group 1-26] INFO  o.apache.jmeter.threads.JMeterThread - Thread finished: Thread Group 1-26
10:14:13.873 [Thread Group 1-643] INFO  o.apache.jmeter.threads.JMeterThread - Thread is done: Thread Group 1-643
10:14:13.873 [Thread Group 1-643] INFO  o.apache.jmeter.threads.JMeterThread - Thread finished: Thread Group 1-643
10:14:13.873 [Thread Group 1-788] INFO  o.apache.jmeter.threads.JMeterThread - Thread is done: Thread Group 1-788
10:14:13.873 [Thread Group 1-788] INFO  o.apache.jmeter.threads.JMeterThread - Thread finished: Thread Group 1-788
10:14:13.880 [Thread Group 1-471] INFO  o.apache.jmeter.threads.JMeterThread - Thread is done: Thread Group 1-471
10:14:13.880 [Thread Group 1-471] INFO  o.apache.jmeter.threads.JMeterThread - Thread finished: Thread Group 1-471
10:14:13.881 [Thread Group 1-778] INFO  o.apache.jmeter.threads.JMeterThread - Thread is done: Thread Group 1-778
10:14:13.881 [Thread Group 1-778] INFO  o.apache.jmeter.threads.JMeterThread - Thread finished: Thread Group 1-778
10:14:13.884 [Thread Group 1-719] INFO  o.apache.jmeter.threads.JMeterThread - Thread is done: Thread Group 1-719
10:14:13.884 [Thread Group 1-719] INFO  o.apache.jmeter.threads.JMeterThread - Thread finished: Thread Group 1-719
10:14:13.884 [Thread Group 1-305] INFO  o.apache.jmeter.threads.JMeterThread - Thread is done: Thread Group 1-305
10:14:13.884 [Thread Group 1-305] INFO  o.apache.jmeter.threads.JMeterThread - Thread finished: Thread Group 1-305
10:14:13.885 [Thread Group 1-792] INFO  o.apache.jmeter.threads.JMeterThread - Thread is done: Thread Group 1-792
10:14:13.885 [Thread Group 1-72] INFO  o.apache.jmeter.threads.JMeterThread - Thread is done: Thread Group 1-72
10:14:13.885 [Thread Group 1-792] INFO  o.apache.jmeter.threads.JMeterThread - Thread finished: Thread Group 1-792
10:14:13.885 [Thread Group 1-72] INFO  o.apache.jmeter.threads.JMeterThread - Thread finished: Thread Group 1-72
10:14:13.886 [Thread Group 1-790] INFO  o.apache.jmeter.threads.JMeterThread - Thread is done: Thread Group 1-790
10:14:13.886 [Thread Group 1-790] INFO  o.apache.jmeter.threads.JMeterThread - Thread finished: Thread Group 1-790
10:14:13.888 [Thread Group 1-359] INFO  o.apache.jmeter.threads.JMeterThread - Thread is done: Thread Group 1-359
10:14:13.888 [Thread Group 1-359] INFO  o.apache.jmeter.threads.JMeterThread - Thread finished: Thread Group 1-359
10:14:13.888 [Thread Group 1-341] INFO  o.apache.jmeter.threads.JMeterThread - Thread is done: Thread Group 1-341
10:14:13.888 [Thread Group 1-341] INFO  o.apache.jmeter.threads.JMeterThread - Thread finished: Thread Group 1-341
10:14:13.888 [Thread Group 1-784] INFO  o.apache.jmeter.threads.JMeterThread - Thread is done: Thread Group 1-784
10:14:13.888 [Thread Group 1-784] INFO  o.apache.jmeter.threads.JMeterThread - Thread finished: Thread Group 1-784
10:14:13.889 [Thread Group 1-798] INFO  o.apache.jmeter.threads.JMeterThread - Thread is done: Thread Group 1-798
10:14:13.889 [Thread Group 1-798] INFO  o.apache.jmeter.threads.JMeterThread - Thread finished: Thread Group 1-798
10:14:13.889 [Thread Group 1-614] INFO  o.apache.jmeter.threads.JMeterThread - Thread is done: Thread Group 1-614
10:14:13.889 [Thread Group 1-114] INFO  o.apache.jmeter.threads.JMeterThread - Thread is done: Thread Group 1-114
10:14:13.889 [Thread Group 1-614] INFO  o.apache.jmeter.threads.JMeterThread - Thread finished: Thread Group 1-614
10:14:13.889 [Thread Group 1-114] INFO  o.apache.jmeter.threads.JMeterThread - Thread finished: Thread Group 1-114
10:14:13.889 [Thread Group 1-682] INFO  o.apache.jmeter.threads.JMeterThread - Thread is done: Thread Group 1-682
10:14:13.889 [Thread Group 1-682] INFO  o.apache.jmeter.threads.JMeterThread - Thread finished: Thread Group 1-682
10:14:13.890 [Thread Group 1-298] INFO  o.apache.jmeter.threads.JMeterThread - Thread is done: Thread Group 1-298
10:14:13.890 [Thread Group 1-298] INFO  o.apache.jmeter.threads.JMeterThread - Thread finished: Thread Group 1-298
10:14:13.910 [Thread Group 1-277] INFO  o.apache.jmeter.threads.JMeterThread - Thread is done: Thread Group 1-277
10:14:13.910 [Thread Group 1-277] INFO  o.apache.jmeter.threads.JMeterThread - Thread finished: Thread Group 1-277
10:14:13.919 [Thread Group 1-380] INFO  o.apache.jmeter.threads.JMeterThread - Thread is done: Thread Group 1-380
10:14:13.919 [Thread Group 1-380] INFO  o.apache.jmeter.threads.JMeterThread - Thread finished: Thread Group 1-380
10:14:13.919 [Thread Group 1-401] INFO  o.apache.jmeter.threads.JMeterThread - Thread is done: Thread Group 1-401
10:14:13.920 [Thread Group 1-401] INFO  o.apache.jmeter.threads.JMeterThread - Thread finished: Thread Group 1-401
10:14:13.920 [Thread Group 1-771] INFO  o.apache.jmeter.threads.JMeterThread - Thread is done: Thread Group 1-771
10:14:13.920 [Thread Group 1-495] INFO  o.apache.jmeter.threads.JMeterThread - Thread is done: Thread Group 1-495
10:14:13.920 [Thread Group 1-771] INFO  o.apache.jmeter.threads.JMeterThread - Thread finished: Thread Group 1-771
10:14:13.920 [Thread Group 1-495] INFO  o.apache.jmeter.threads.JMeterThread - Thread finished: Thread Group 1-495
10:14:13.920 [Thread Group 1-66] INFO  o.apache.jmeter.threads.JMeterThread - Thread is done: Thread Group 1-66
10:14:13.920 [Thread Group 1-773] INFO  o.apache.jmeter.threads.JMeterThread - Thread is done: Thread Group 1-773
10:14:13.920 [Thread Group 1-66] INFO  o.apache.jmeter.threads.JMeterThread - Thread finished: Thread Group 1-66
10:14:13.920 [Thread Group 1-773] INFO  o.apache.jmeter.threads.JMeterThread - Thread finished: Thread Group 1-773
10:14:13.924 [Thread Group 1-774] INFO  o.apache.jmeter.threads.JMeterThread - Thread is done: Thread Group 1-774
10:14:13.924 [Thread Group 1-774] INFO  o.apache.jmeter.threads.JMeterThread - Thread finished: Thread Group 1-774
10:14:13.925 [Thread Group 1-789] INFO  o.apache.jmeter.threads.JMeterThread - Thread is done: Thread Group 1-789
10:14:13.925 [Thread Group 1-335] INFO  o.apache.jmeter.threads.JMeterThread - Thread is done: Thread Group 1-335
10:14:13.925 [Thread Group 1-789] INFO  o.apache.jmeter.threads.JMeterThread - Thread finished: Thread Group 1-789
10:14:13.925 [Thread Group 1-335] INFO  o.apache.jmeter.threads.JMeterThread - Thread finished: Thread Group 1-335
10:14:13.935 [Thread Group 1-217] INFO  o.apache.jmeter.threads.JMeterThread - Thread is done: Thread Group 1-217
10:14:13.935 [Thread Group 1-217] INFO  o.apache.jmeter.threads.JMeterThread - Thread finished: Thread Group 1-217
10:14:13.937 [Thread Group 1-418] INFO  o.apache.jmeter.threads.JMeterThread - Thread is done: Thread Group 1-418
10:14:13.937 [Thread Group 1-418] INFO  o.apache.jmeter.threads.JMeterThread - Thread finished: Thread Group 1-418
10:14:13.950 [Thread Group 1-767] INFO  o.apache.jmeter.threads.JMeterThread - Thread is done: Thread Group 1-767
10:14:13.951 [Thread Group 1-767] INFO  o.apache.jmeter.threads.JMeterThread - Thread finished: Thread Group 1-767
10:14:13.961 [Thread Group 1-563] INFO  o.apache.jmeter.threads.JMeterThread - Thread is done: Thread Group 1-563
10:14:13.961 [Thread Group 1-563] INFO  o.apache.jmeter.threads.JMeterThread - Thread finished: Thread Group 1-563
10:14:13.961 [Thread Group 1-264] INFO  o.apache.jmeter.threads.JMeterThread - Thread is done: Thread Group 1-264
10:14:13.961 [Thread Group 1-264] INFO  o.apache.jmeter.threads.JMeterThread - Thread finished: Thread Group 1-264
10:14:13.977 [Thread Group 1-717] INFO  o.apache.jmeter.threads.JMeterThread - Thread is done: Thread Group 1-717
10:14:13.977 [Thread Group 1-717] INFO  o.apache.jmeter.threads.JMeterThread - Thread finished: Thread Group 1-717
10:14:13.985 [Thread Group 1-678] INFO  o.apache.jmeter.threads.JMeterThread - Thread is done: Thread Group 1-678
10:14:13.985 [Thread Group 1-678] INFO  o.apache.jmeter.threads.JMeterThread - Thread finished: Thread Group 1-678
10:14:13.987 [Thread Group 1-688] INFO  o.apache.jmeter.threads.JMeterThread - Thread is done: Thread Group 1-688
10:14:13.987 [Thread Group 1-688] INFO  o.apache.jmeter.threads.JMeterThread - Thread finished: Thread Group 1-688
10:14:13.988 [Thread Group 1-756] INFO  o.apache.jmeter.threads.JMeterThread - Thread is done: Thread Group 1-756
10:14:13.988 [Thread Group 1-756] INFO  o.apache.jmeter.threads.JMeterThread - Thread finished: Thread Group 1-756
10:14:13.991 [Thread Group 1-76] INFO  o.apache.jmeter.threads.JMeterThread - Thread is done: Thread Group 1-76
10:14:13.991 [Thread Group 1-76] INFO  o.apache.jmeter.threads.JMeterThread - Thread finished: Thread Group 1-76
10:14:13.992 [Thread Group 1-652] INFO  o.apache.jmeter.threads.JMeterThread - Thread is done: Thread Group 1-652
10:14:13.993 [Thread Group 1-652] INFO  o.apache.jmeter.threads.JMeterThread - Thread finished: Thread Group 1-652
10:14:13.993 [Thread Group 1-770] INFO  o.apache.jmeter.threads.JMeterThread - Thread is done: Thread Group 1-770
10:14:13.993 [Thread Group 1-770] INFO  o.apache.jmeter.threads.JMeterThread - Thread finished: Thread Group 1-770
10:14:14.000 [Thread Group 1-786] INFO  o.apache.jmeter.threads.JMeterThread - Thread is done: Thread Group 1-786
10:14:14.000 [Thread Group 1-786] INFO  o.apache.jmeter.threads.JMeterThread - Thread finished: Thread Group 1-786
10:14:14.000 [Thread Group 1-334] INFO  o.apache.jmeter.threads.JMeterThread - Thread is done: Thread Group 1-334
10:14:14.000 [Thread Group 1-446] INFO  o.apache.jmeter.threads.JMeterThread - Thread is done: Thread Group 1-446
10:14:14.000 [Thread Group 1-334] INFO  o.apache.jmeter.threads.JMeterThread - Thread finished: Thread Group 1-334
10:14:14.000 [Thread Group 1-446] INFO  o.apache.jmeter.threads.JMeterThread - Thread finished: Thread Group 1-446
10:14:14.012 [Thread Group 1-799] INFO  o.apache.jmeter.threads.JMeterThread - Thread is done: Thread Group 1-799
10:14:14.012 [Thread Group 1-799] INFO  o.apache.jmeter.threads.JMeterThread - Thread finished: Thread Group 1-799
10:14:14.016 [Thread Group 1-689] INFO  o.apache.jmeter.threads.JMeterThread - Thread is done: Thread Group 1-689
10:14:14.017 [Thread Group 1-689] INFO  o.apache.jmeter.threads.JMeterThread - Thread finished: Thread Group 1-689
10:14:14.019 [Thread Group 1-796] INFO  o.apache.jmeter.threads.JMeterThread - Thread is done: Thread Group 1-796
10:14:14.019 [Thread Group 1-796] INFO  o.apache.jmeter.threads.JMeterThread - Thread finished: Thread Group 1-796
10:14:14.020 [Thread Group 1-759] INFO  o.apache.jmeter.threads.JMeterThread - Thread is done: Thread Group 1-759
10:14:14.020 [Thread Group 1-777] INFO  o.apache.jmeter.threads.JMeterThread - Thread is done: Thread Group 1-777
10:14:14.020 [Thread Group 1-780] INFO  o.apache.jmeter.threads.JMeterThread - Thread is done: Thread Group 1-780
10:14:14.020 [Thread Group 1-777] INFO  o.apache.jmeter.threads.JMeterThread - Thread finished: Thread Group 1-777
10:14:14.020 [Thread Group 1-780] INFO  o.apache.jmeter.threads.JMeterThread - Thread finished: Thread Group 1-780
10:14:14.020 [Thread Group 1-759] INFO  o.apache.jmeter.threads.JMeterThread - Thread finished: Thread Group 1-759
10:14:14.032 [Thread Group 1-779] INFO  o.apache.jmeter.threads.JMeterThread - Thread is done: Thread Group 1-779
10:14:14.033 [Thread Group 1-779] INFO  o.apache.jmeter.threads.JMeterThread - Thread finished: Thread Group 1-779
10:14:14.035 [Thread Group 1-758] INFO  o.apache.jmeter.threads.JMeterThread - Thread is done: Thread Group 1-758
10:14:14.035 [Thread Group 1-758] INFO  o.apache.jmeter.threads.JMeterThread - Thread finished: Thread Group 1-758
10:14:14.036 [Thread Group 1-782] INFO  o.apache.jmeter.threads.JMeterThread - Thread is done: Thread Group 1-782
10:14:14.036 [Thread Group 1-782] INFO  o.apache.jmeter.threads.JMeterThread - Thread finished: Thread Group 1-782
10:14:14.040 [Thread Group 1-776] INFO  o.apache.jmeter.threads.JMeterThread - Thread is done: Thread Group 1-776
10:14:14.040 [Thread Group 1-797] INFO  o.apache.jmeter.threads.JMeterThread - Thread is done: Thread Group 1-797
10:14:14.040 [Thread Group 1-776] INFO  o.apache.jmeter.threads.JMeterThread - Thread finished: Thread Group 1-776
10:14:14.040 [Thread Group 1-797] INFO  o.apache.jmeter.threads.JMeterThread - Thread finished: Thread Group 1-797
10:14:14.050 [Thread Group 1-761] INFO  o.apache.jmeter.threads.JMeterThread - Thread is done: Thread Group 1-761
10:14:14.050 [Thread Group 1-761] INFO  o.apache.jmeter.threads.JMeterThread - Thread finished: Thread Group 1-761
10:14:14.056 [Thread Group 1-113] INFO  o.apache.jmeter.threads.JMeterThread - Thread is done: Thread Group 1-113
10:14:14.056 [Thread Group 1-113] INFO  o.apache.jmeter.threads.JMeterThread - Thread finished: Thread Group 1-113
10:14:14.069 [Thread Group 1-772] INFO  o.apache.jmeter.threads.JMeterThread - Thread is done: Thread Group 1-772
10:14:14.069 [Thread Group 1-772] INFO  o.apache.jmeter.threads.JMeterThread - Thread finished: Thread Group 1-772
10:14:14.149 [Thread Group 1-800] INFO  o.apache.jmeter.threads.JMeterThread - Thread is done: Thread Group 1-800
10:14:14.150 [Thread Group 1-800] INFO  o.apache.jmeter.threads.JMeterThread - Thread finished: Thread Group 1-800
10:14:14.161 [Thread Group 1-737] INFO  o.apache.jmeter.threads.JMeterThread - Thread is done: Thread Group 1-737
10:14:14.161 [Thread Group 1-737] INFO  o.apache.jmeter.threads.JMeterThread - Thread finished: Thread Group 1-737
10:14:14.167 [Thread Group 1-769] INFO  o.apache.jmeter.threads.JMeterThread - Thread is done: Thread Group 1-769
10:14:14.167 [Thread Group 1-769] INFO  o.apache.jmeter.threads.JMeterThread - Thread finished: Thread Group 1-769
10:14:14.456 [Thread Group 1-209] INFO  o.apache.jmeter.threads.JMeterThread - Thread is done: Thread Group 1-209
10:14:14.456 [Thread Group 1-209] INFO  o.apache.jmeter.threads.JMeterThread - Thread finished: Thread Group 1-209
10:14:14.661 [Thread Group 1-214] INFO  o.apache.jmeter.threads.JMeterThread - Thread is done: Thread Group 1-214
10:14:14.662 [Thread Group 1-214] INFO  o.apache.jmeter.threads.JMeterThread - Thread finished: Thread Group 1-214
10:14:14.675 [Thread Group 1-116] INFO  o.apache.jmeter.threads.JMeterThread - Thread is done: Thread Group 1-116
10:14:14.675 [Thread Group 1-116] INFO  o.apache.jmeter.threads.JMeterThread - Thread finished: Thread Group 1-116
10:14:14.682 [Thread Group 1-626] INFO  o.apache.jmeter.threads.JMeterThread - Thread is done: Thread Group 1-626
10:14:14.682 [Thread Group 1-626] INFO  o.apache.jmeter.threads.JMeterThread - Thread finished: Thread Group 1-626
10:14:14.701 [Thread Group 1-303] INFO  o.apache.jmeter.threads.JMeterThread - Thread is done: Thread Group 1-303
10:14:14.701 [Thread Group 1-303] INFO  o.apache.jmeter.threads.JMeterThread - Thread finished: Thread Group 1-303
10:14:14.705 [Thread Group 1-456] INFO  o.apache.jmeter.threads.JMeterThread - Thread is done: Thread Group 1-456
10:14:14.705 [Thread Group 1-456] INFO  o.apache.jmeter.threads.JMeterThread - Thread finished: Thread Group 1-456
10:14:14.866 [Thread Group 1-568] INFO  o.apache.jmeter.threads.JMeterThread - Thread is done: Thread Group 1-568
10:14:14.866 [Thread Group 1-568] INFO  o.apache.jmeter.threads.JMeterThread - Thread finished: Thread Group 1-568
10:14:15.019 [Thread Group 1-427] INFO  o.apache.jmeter.threads.JMeterThread - Thread is done: Thread Group 1-427
10:14:15.019 [Thread Group 1-427] INFO  o.apache.jmeter.threads.JMeterThread - Thread finished: Thread Group 1-427
10:14:15.042 [Thread Group 1-330] INFO  o.apache.jmeter.threads.JMeterThread - Thread is done: Thread Group 1-330
10:14:15.042 [Thread Group 1-330] INFO  o.apache.jmeter.threads.JMeterThread - Thread finished: Thread Group 1-330
10:14:15.203 [Thread Group 1-246] INFO  o.apache.jmeter.threads.JMeterThread - Thread is done: Thread Group 1-246
10:14:15.203 [Thread Group 1-246] INFO  o.apache.jmeter.threads.JMeterThread - Thread finished: Thread Group 1-246
10:14:15.267 [Thread Group 1-679] INFO  o.apache.jmeter.threads.JMeterThread - Thread is done: Thread Group 1-679
10:14:15.267 [Thread Group 1-679] INFO  o.apache.jmeter.threads.JMeterThread - Thread finished: Thread Group 1-679
10:14:15.291 [Thread Group 1-80] INFO  o.apache.jmeter.threads.JMeterThread - Thread is done: Thread Group 1-80
10:14:15.291 [Thread Group 1-80] INFO  o.apache.jmeter.threads.JMeterThread - Thread finished: Thread Group 1-80
10:14:15.307 [Thread Group 1-724] INFO  o.apache.jmeter.threads.JMeterThread - Thread is done: Thread Group 1-724
10:14:15.307 [Thread Group 1-724] INFO  o.apache.jmeter.threads.JMeterThread - Thread finished: Thread Group 1-724
10:14:15.344 [Thread Group 1-279] INFO  o.apache.jmeter.threads.JMeterThread - Thread is done: Thread Group 1-279
10:14:15.344 [Thread Group 1-279] INFO  o.apache.jmeter.threads.JMeterThread - Thread finished: Thread Group 1-279
10:14:15.384 [Thread Group 1-184] INFO  o.apache.jmeter.threads.JMeterThread - Thread is done: Thread Group 1-184
10:14:15.385 [Thread Group 1-184] INFO  o.apache.jmeter.threads.JMeterThread - Thread finished: Thread Group 1-184
10:14:15.386 [pool-2-thread-1] INFO  o.a.j.engine.StandardJMeterEngine - Notifying test listeners of end of test
10:14:15.389 [pool-2-thread-1] INFO  o.apache.jmeter.reporters.Summariser - summary +   4799 in 00:00:10 =  470.1/s Avg:  1467 Min:    91 Max: 10513 Err:  4731 (98.58%) Active: 0 Started: 800 Finished: 800
summary +   4799 in 00:00:10 =  470.1/s Avg:  1467 Min:    91 Max: 10513 Err:  4731 (98.58%) Active: 0 Started: 800 Finished: 800
10:14:15.389 [pool-2-thread-1] INFO  o.apache.jmeter.reporters.Summariser - summary =   4800 in 00:00:20 =  238.7/s Avg:  1467 Min:    91 Max: 10513 Err:  4732 (98.58%)
summary =   4800 in 00:00:20 =  238.7/s Avg:  1467 Min:    91 Max: 10513 Err:  4732 (98.58%)
10:14:15.458 [pool-2-thread-1] INFO  o.a.j.r.dashboard.ReportGenerator - ReportGenerator will use for Parsing the separator: ','
10:14:15.460 [pool-2-thread-1] INFO  o.a.j.r.dashboard.ReportGenerator - Will only generate report from results file: src/test/resources/jmeter/outputs/2021-10-22T10.13.54.321876700/result.jtl
10:14:15.460 [pool-2-thread-1] INFO  o.a.j.r.dashboard.ReportGenerator - Reading report generator properties from: C:\Users\MartinS\OneDrive - 2i Limited\Jmeter_framework\generated-framework\src\test\resources\jmeter\bin\reportgenerator.properties
10:14:15.463 [pool-2-thread-1] INFO  o.a.j.r.dashboard.ReportGenerator - Merging with JMeter properties
10:14:15.484 [pool-2-thread-1] INFO  o.a.j.r.c.ReportGeneratorConfiguration - Property 'jmeter.reportgenerator.temp_dir' not found, using default value 'temp' instead.
10:14:15.492 [pool-2-thread-1] INFO  o.a.j.r.c.ReportGeneratorConfiguration - Property 'jmeter.reportgenerator.apdex_per_transaction' not found, using default value 'null' instead.
10:14:15.492 [pool-2-thread-1] INFO  o.a.j.r.c.ReportGeneratorConfiguration - apdex_per_transaction is empty, not APDEX per transaction customization
10:14:15.492 [pool-2-thread-1] INFO  o.a.j.r.c.ReportGeneratorConfiguration - Property 'jmeter.reportgenerator.sample_filter' not found, using default value 'null' instead.
10:14:15.493 [pool-2-thread-1] INFO  o.a.j.r.c.ReportGeneratorConfiguration - Property 'jmeter.reportgenerator.report_title' not found, using default value 'null' instead.
10:14:15.493 [pool-2-thread-1] INFO  o.a.j.r.c.ReportGeneratorConfiguration - Property 'jmeter.reportgenerator.start_date' not found, using default value 'null' instead.
10:14:15.493 [pool-2-thread-1] INFO  o.a.j.r.c.ReportGeneratorConfiguration - Property 'jmeter.reportgenerator.end_date' not found, using default value 'null' instead.
10:14:15.493 [pool-2-thread-1] INFO  o.a.j.r.c.ReportGeneratorConfiguration - Property 'jmeter.reportgenerator.date_format' not found, using default value 'null' instead.
10:14:15.503 [pool-2-thread-1] INFO  o.a.j.r.c.ReportGeneratorConfiguration - Will use date range start date: null, end date: null
10:14:15.519 [pool-2-thread-1] INFO  o.a.j.r.c.ReportGeneratorConfiguration - Property 'jmeter.reportgenerator.graph.activeThreadsOverTime.exclude_controllers' not found, using default value 'false' instead.
10:14:15.519 [pool-2-thread-1] INFO  o.a.j.r.c.ReportGeneratorConfiguration - Property 'jmeter.reportgenerator.graph.timeVsThreads.exclude_controllers' not found, using default value 'false' instead.
10:14:15.519 [pool-2-thread-1] INFO  o.a.j.r.c.ReportGeneratorConfiguration - Property 'jmeter.reportgenerator.graph.responseTimeDistribution.exclude_controllers' not found, using default value 'false' instead.
10:14:15.519 [pool-2-thread-1] INFO  o.a.j.r.c.ReportGeneratorConfiguration - Property 'jmeter.reportgenerator.graph.transactionsPerSecond.exclude_controllers' not found, using default value 'false' instead.
10:14:15.519 [pool-2-thread-1] INFO  o.a.j.r.c.ReportGeneratorConfiguration - Property 'jmeter.reportgenerator.graph.responseTimePercentiles.exclude_controllers' not found, using default value 'false' instead.
10:14:15.519 [pool-2-thread-1] INFO  o.a.j.r.c.ReportGeneratorConfiguration - Property 'jmeter.reportgenerator.graph.responseTimePercentilesOverTime.exclude_controllers' not found, using default value 'false' instead.
10:14:15.519 [pool-2-thread-1] INFO  o.a.j.r.c.ReportGeneratorConfiguration - Property 'jmeter.reportgenerator.graph.responseTimesOverTime.exclude_controllers' not found, using default value 'false' instead.
10:14:15.519 [pool-2-thread-1] INFO  o.a.j.r.c.ReportGeneratorConfiguration - Property 'jmeter.reportgenerator.graph.connectTimeOverTime.exclude_controllers' not found, using default value 'false' instead.
10:14:15.519 [pool-2-thread-1] INFO  o.a.j.r.c.ReportGeneratorConfiguration - Property 'jmeter.reportgenerator.graph.latenciesOverTime.exclude_controllers' not found, using default value 'false' instead.
10:14:15.522 [pool-2-thread-1] INFO  o.a.j.r.c.ReportGeneratorConfiguration - Property 'jmeter.reportgenerator.exporter.html.filters_only_sample_series' not found, using default value 'true' instead.
10:14:15.522 [pool-2-thread-1] INFO  o.a.j.r.c.ReportGeneratorConfiguration - Property 'jmeter.reportgenerator.exporter.html.series_filter' not found, using default value '' instead.
10:14:15.522 [pool-2-thread-1] INFO  o.a.j.r.c.ReportGeneratorConfiguration - Property 'jmeter.reportgenerator.exporter.html.show_controllers_only' not found, using default value 'false' instead.
10:14:15.600 [pool-2-thread-1] INFO  o.a.j.r.p.NormalizerSampleConsumer - Using format, 'ms', to parse timeStamp field
10:14:16.483 [pool-2-thread-1] INFO  o.a.j.r.p.AbstractSampleConsumer - class org.apache.jmeter.report.processor.AggregateConsumer#stopProducing(): beginDate produced 0 samples
10:14:16.484 [pool-2-thread-1] INFO  o.a.j.r.p.AbstractSampleConsumer - class org.apache.jmeter.report.processor.AggregateConsumer#stopProducing(): endDate produced 0 samples
10:14:16.494 [pool-2-thread-1] INFO  o.a.j.r.p.AbstractSampleConsumer - class org.apache.jmeter.report.processor.ApdexSummaryConsumer#stopProducing(): apdexSummary produced 0 samples
10:14:16.494 [pool-2-thread-1] INFO  o.a.j.r.p.AbstractSampleConsumer - class org.apache.jmeter.report.processor.RequestsSummaryConsumer#stopProducing(): requestsSummary produced 0 samples
10:14:16.527 [pool-2-thread-1] INFO  o.a.j.r.p.AbstractSampleConsumer - class org.apache.jmeter.report.processor.StatisticsSummaryConsumer#stopProducing(): statisticsSummary produced 0 samples
10:14:16.544 [pool-2-thread-1] INFO  o.a.j.r.p.AbstractSampleConsumer - class org.apache.jmeter.report.processor.Top5ErrorsBySamplerConsumer#stopProducing(): top5ErrorsBySampler produced 0 samples
10:14:16.545 [pool-2-thread-1] INFO  o.a.j.r.p.AbstractSampleConsumer - class org.apache.jmeter.report.processor.ErrorsSummaryConsumer#stopProducing(): errorsSummary produced 0 samples
10:14:16.545 [pool-2-thread-1] INFO  o.a.j.r.p.AbstractSampleConsumer - class org.apache.jmeter.report.processor.graph.impl.HitsPerSecondGraphConsumer#stopProducing(): hitsPerSecond produced 0 samples
10:14:16.755 [pool-2-thread-1] INFO  o.a.j.r.p.AbstractSampleConsumer - class org.apache.jmeter.report.processor.graph.impl.LatencyVSRequestGraphConsumer#stopProducing(): latencyVsRequest produced 0 samples
10:14:16.756 [pool-2-thread-1] INFO  o.a.j.r.p.AbstractSampleConsumer - class org.apache.jmeter.report.processor.graph.impl.SyntheticResponseTimeDistributionGraphConsumer#stopProducing(): syntheticResponseTimeDistribution produced 0 samples
10:14:16.758 [pool-2-thread-1] INFO  o.a.j.r.p.AbstractSampleConsumer - class org.apache.jmeter.report.processor.graph.impl.BytesThroughputGraphConsumer#stopProducing(): bytesThroughputOverTime produced 0 samples
10:14:16.758 [pool-2-thread-1] INFO  o.a.j.r.p.AbstractSampleConsumer - class org.apache.jmeter.report.processor.graph.impl.CodesPerSecondGraphConsumer#stopProducing(): codesPerSecond produced 0 samples
10:14:16.995 [pool-2-thread-1] INFO  o.a.j.r.p.AbstractSampleConsumer - class org.apache.jmeter.report.processor.graph.impl.ResponseTimeVSRequestGraphConsumer#stopProducing(): responseTimeVsRequest produced 0 samples
10:14:16.999 [pool-2-thread-1] INFO  o.a.j.r.p.AbstractSampleConsumer - class org.apache.jmeter.report.processor.FilterConsumer#stopProducing(): startIntervalControlerFilter produced 35868 samples
10:14:16.999 [pool-2-thread-1] INFO  o.a.j.r.p.AbstractSampleConsumer - class org.apache.jmeter.report.processor.graph.impl.ActiveThreadsGraphConsumer#stopProducing(): activeThreadsOverTime produced 0 samples
10:14:17.001 [pool-2-thread-1] INFO  o.a.j.r.p.AbstractSampleConsumer - class org.apache.jmeter.report.processor.graph.impl.TimeVSThreadGraphConsumer#stopProducing(): timeVsThreads produced 0 samples
10:14:17.006 [pool-2-thread-1] INFO  o.a.j.r.p.AbstractSampleConsumer - class org.apache.jmeter.report.processor.graph.impl.ResponseTimeDistributionGraphConsumer#stopProducing(): responseTimeDistribution produced 0 samples
10:14:17.007 [pool-2-thread-1] INFO  o.a.j.r.p.AbstractSampleConsumer - class org.apache.jmeter.report.processor.graph.impl.TransactionsPerSecondGraphConsumer#stopProducing(): transactionsPerSecond produced 0 samples
10:14:17.007 [pool-2-thread-1] INFO  o.a.j.r.p.AbstractSampleConsumer - class org.apache.jmeter.report.processor.graph.impl.ResponseTimePercentilesGraphConsumer#stopProducing(): responseTimePercentiles produced 0 samples
10:14:17.038 [pool-2-thread-1] INFO  o.a.j.r.p.AbstractSampleConsumer - class org.apache.jmeter.report.processor.graph.impl.ResponseTimePercentilesOverTimeGraphConsumer#stopProducing(): responseTimePercentilesOverTime produced 0 samples
10:14:17.038 [pool-2-thread-1] INFO  o.a.j.r.p.AbstractSampleConsumer - class org.apache.jmeter.report.processor.graph.impl.ResponseTimeOverTimeGraphConsumer#stopProducing(): responseTimesOverTime produced 0 samples
10:14:17.038 [pool-2-thread-1] INFO  o.a.j.r.p.AbstractSampleConsumer - class org.apache.jmeter.report.processor.graph.impl.ConnectTimeOverTimeGraphConsumer#stopProducing(): connectTimeOverTime produced 0 samples
10:14:17.038 [pool-2-thread-1] INFO  o.a.j.r.p.AbstractSampleConsumer - class org.apache.jmeter.report.processor.graph.impl.LatencyOverTimeGraphConsumer#stopProducing(): latenciesOverTime produced 0 samples
10:14:17.038 [pool-2-thread-1] INFO  o.a.j.r.p.AbstractSampleConsumer - class org.apache.jmeter.report.processor.FilterConsumer#stopProducing(): nameFilter produced 71736 samples
10:14:17.038 [pool-2-thread-1] INFO  o.a.j.r.p.AbstractSampleConsumer - class org.apache.jmeter.report.processor.FilterConsumer#stopProducing(): dateRangeFilter produced 15372 samples
10:14:17.038 [pool-2-thread-1] INFO  o.a.j.r.p.AbstractSampleConsumer - class org.apache.jmeter.report.processor.NormalizerSampleConsumer#stopProducing(): normalizer produced 5124 samples
10:14:17.052 [pool-2-thread-1] INFO  o.a.j.r.p.CsvFileSampleSource - produce(): 5124 samples produced in 1s 368 ms on channel 0
10:14:17.052 [pool-2-thread-1] INFO  o.a.j.r.dashboard.ReportGenerator - Exporting data using exporter:'html' of className:'org.apache.jmeter.report.dashboard.HtmlTemplateExporter'
10:14:17.065 [pool-2-thread-1] INFO  o.a.j.r.d.HtmlTemplateExporter - Will generate dashboard in folder: C:\Users\MartinS\OneDrive - 2i Limited\Jmeter_framework\generated-framework\src\test\resources\jmeter\outputs\2021-10-22T10.13.54.321876700
10:14:18.859 [pool-2-thread-1] INFO  o.a.j.r.d.HtmlTemplateExporter - Report will be generated in: C:\Users\MartinS\OneDrive - 2i Limited\Jmeter_framework\generated-framework\src\test\resources\jmeter\outputs\2021-10-22T10.13.54.321876700, creating folder structure
10:14:18.903 [pool-2-thread-1] INFO  o.a.j.r.dashboard.TemplateVisitor - Copying folder from 'src\test\resources\jmeter\bin\report-template' to 'src\test\resources\jmeter\outputs\2021-10-22T10.13.54.321876700', got message: src\test\resources\jmeter\outputs\2021-10-22T10.13.54.321876700, found non empty folder with following content [src\test\resources\jmeter\outputs\2021-10-22T10.13.54.321876700\result.jtl], will be ignored
  &amp#27;[32mThen &amp#27;[0m&amp#27;[32mthe JMX file: "&amp#27;[0m&amp#27;[32m&amp#27;[1mView Results Tree.jmx&amp#27;[0m&amp#27;[32m" is executed&amp#27;[0m                            &amp#27;[90m# jmeter.stepdefinitions.JmeterSteps.theTestIsExecuted(java.lang.String)&amp#27;[0m
10:14:21.656 [pool-2-thread-1] INFO   - 
  _____   ___   ___   _____     ___     _     ___   ___   ___   ___  
 |_   _| | __| / __| |_   _|   | _ \   /_\   / __| / __| | __| |   \ 
   | |   | _|  \__ \   | |     |  _/  / _ \  \__ \ \__ \ | _|  | |) |
   |_|   |___| |___/   |_|     |_|   /_/ \_\ |___/ |___/ |___| |___/ 

Performance testing using a preconfigured JMX file
----------------------------------------------------------------------
]]></system-out>
  </testcase>
</testsuite>