<?xml version="1.0" encoding="UTF-8"?>
<testsuite xmlns:xsi="http://www.w3.org/2001/XMLSchema-instance" xsi:noNamespaceSchemaLocation="https://maven.apache.org/surefire/maven-failsafe-plugin/xsd/failsafe-test-report-3.0.xsd" version="3.0" name="Run a simple performance test using a give JMX file" time="33.345" tests="1" errors="0" skipped="0" failures="0">
  <properties>
    <property name="sun.desktop" value="windows"/>
    <property name="awt.toolkit" value="sun.awt.windows.WToolkit"/>
    <property name="java.specification.version" value="11"/>
    <property name="sun.cpu.isalist" value="amd64"/>
    <property name="sun.jnu.encoding" value="Cp1252"/>
    <property name="java.class.path" value="C:\Users\MartinS\OneDrive - 2i Limited\Jmeter_framework\generated-framework\target\test-classes;C:\Users\MartinS\.m2\repository\net\serenity-bdd\serenity-core\2.4.24\serenity-core-2.4.24.jar;C:\Users\MartinS\.m2\repository\net\serenity-bdd\serenity-model\2.4.24\serenity-model-2.4.24.jar;C:\Users\MartinS\.m2\repository\com\google\guava\guava\30.1-jre\guava-30.1-jre.jar;C:\Users\MartinS\.m2\repository\com\google\guava\failureaccess\1.0.1\failureaccess-1.0.1.jar;C:\Users\MartinS\.m2\repository\com\google\guava\listenablefuture\9999.0-empty-to-avoid-conflict-with-guava\listenablefuture-9999.0-empty-to-avoid-conflict-with-guava.jar;C:\Users\MartinS\.m2\repository\com\google\code\findbugs\jsr305\3.0.2\jsr305-3.0.2.jar;C:\Users\MartinS\.m2\repository\com\google\j2objc\j2objc-annotations\1.3\j2objc-annotations-1.3.jar;C:\Users\MartinS\.m2\repository\com\google\inject\guice\5.0.1\guice-5.0.1.jar;C:\Users\MartinS\.m2\repository\javax\inject\javax.inject\1\javax.inject-1.jar;C:\Users\MartinS\.m2\repository\aopalliance\aopalliance\1.0\aopalliance-1.0.jar;C:\Users\MartinS\.m2\repository\io\cucumber\cucumber-core\6.10.2\cucumber-core-6.10.2.jar;C:\Users\MartinS\.m2\repository\io\cucumber\cucumber-gherkin\6.10.2\cucumber-gherkin-6.10.2.jar;C:\Users\MartinS\.m2\repository\io\cucumber\cucumber-gherkin-messages\6.10.2\cucumber-gherkin-messages-6.10.2.jar;C:\Users\MartinS\.m2\repository\io\cucumber\messages\14.0.1\messages-14.0.1.jar;C:\Users\MartinS\.m2\repository\io\cucumber\tag-expressions\3.0.0\tag-expressions-3.0.0.jar;C:\Users\MartinS\.m2\repository\io\cucumber\cucumber-expressions\10.3.0\cucumber-expressions-10.3.0.jar;C:\Users\MartinS\.m2\repository\io\cucumber\cucumber-plugin\6.10.2\cucumber-plugin-6.10.2.jar;C:\Users\MartinS\.m2\repository\io\cucumber\docstring\6.10.2\docstring-6.10.2.jar;C:\Users\MartinS\.m2\repository\io\cucumber\html-formatter\12.0.0\html-formatter-12.0.0.jar;C:\Users\MartinS\.m2\repository\io\cucumber\create-meta\3.0.0\create-meta-3.0.0.jar;C:\Users\MartinS\.m2\repository\com\typesafe\config\1.3.1\config-1.3.1.jar;C:\Users\MartinS\.m2\repository\org\imgscalr\imgscalr-lib\4.2\imgscalr-lib-4.2.jar;C:\Users\MartinS\.m2\repository\org\awaitility\awaitility\4.0.3\awaitility-4.0.3.jar;C:\Users\MartinS\.m2\repository\net\sourceforge\jexcelapi\jxl\2.6.12\jxl-2.6.12.jar;C:\Users\MartinS\.m2\repository\org\asciidoctor\asciidoctorj\1.5.6\asciidoctorj-1.5.6.jar;C:\Users\MartinS\.m2\repository\org\jruby\jruby-complete\1.7.26\jruby-complete-1.7.26.jar;C:\Users\MartinS\.m2\repository\net\bytebuddy\byte-buddy\1.10.10\byte-buddy-1.10.10.jar;C:\Users\MartinS\.m2\repository\net\bytebuddy\byte-buddy-agent\1.10.10\byte-buddy-agent-1.10.10.jar;C:\Users\MartinS\.m2\repository\org\objenesis\objenesis\3.1\objenesis-3.1.jar;C:\Users\MartinS\.m2\repository\net\serenity-bdd\serenity-reports\2.4.24\serenity-reports-2.4.24.jar;C:\Users\MartinS\.m2\repository\net\serenity-bdd\serenity-stats\2.4.24\serenity-stats-2.4.24.jar;C:\Users\MartinS\.m2\repository\net\serenity-bdd\serenity-reports-configuration\2.4.24\serenity-reports-configuration-2.4.24.jar;C:\Users\MartinS\.m2\repository\com\vladsch\flexmark\flexmark-all\0.34.30\flexmark-all-0.34.30.jar;C:\Users\MartinS\.m2\repository\com\vladsch\flexmark\flexmark\0.34.30\flexmark-0.34.30.jar;C:\Users\MartinS\.m2\repository\com\vladsch\flexmark\flexmark-ext-abbreviation\0.34.30\flexmark-ext-abbreviation-0.34.30.jar;C:\Users\MartinS\.m2\repository\com\vladsch\flexmark\flexmark-ext-admonition\0.34.30\flexmark-ext-admonition-0.34.30.jar;C:\Users\MartinS\.m2\repository\com\vladsch\flexmark\flexmark-ext-anchorlink\0.34.30\flexmark-ext-anchorlink-0.34.30.jar;C:\Users\MartinS\.m2\repository\com\vladsch\flexmark\flexmark-ext-aside\0.34.30\flexmark-ext-aside-0.34.30.jar;C:\Users\MartinS\.m2\repository\com\vladsch\flexmark\flexmark-ext-attributes\0.34.30\flexmark-ext-attributes-0.34.30.jar;C:\Users\MartinS\.m2\repository\com\vladsch\flexmark\flexmark-ext-autolink\0.34.30\flexmark-ext-autolink-0.34.30.jar;C:\Users\MartinS\.m2\repository\org\nibor\autolink\autolink\0.6.0\autolink-0.6.0.jar;C:\Users\MartinS\.m2\repository\com\vladsch\flexmark\flexmark-ext-definition\0.34.30\flexmark-ext-definition-0.34.30.jar;C:\Users\MartinS\.m2\repository\com\vladsch\flexmark\flexmark-ext-emoji\0.34.30\flexmark-ext-emoji-0.34.30.jar;C:\Users\MartinS\.m2\repository\com\vladsch\flexmark\flexmark-ext-enumerated-reference\0.34.30\flexmark-ext-enumerated-reference-0.34.30.jar;C:\Users\MartinS\.m2\repository\com\vladsch\flexmark\flexmark-ext-escaped-character\0.34.30\flexmark-ext-escaped-character-0.34.30.jar;C:\Users\MartinS\.m2\repository\com\vladsch\flexmark\flexmark-ext-footnotes\0.34.30\flexmark-ext-footnotes-0.34.30.jar;C:\Users\MartinS\.m2\repository\com\vladsch\flexmark\flexmark-ext-gfm-issues\0.34.30\flexmark-ext-gfm-issues-0.34.30.jar;C:\Users\MartinS\.m2\repository\com\vladsch\flexmark\flexmark-ext-gfm-strikethrough\0.34.30\flexmark-ext-gfm-strikethrough-0.34.30.jar;C:\Users\MartinS\.m2\repository\com\vladsch\flexmark\flexmark-ext-gfm-tables\0.34.30\flexmark-ext-gfm-tables-0.34.30.jar;C:\Users\MartinS\.m2\repository\com\vladsch\flexmark\flexmark-ext-gfm-tasklist\0.34.30\flexmark-ext-gfm-tasklist-0.34.30.jar;C:\Users\MartinS\.m2\repository\com\vladsch\flexmark\flexmark-ext-gfm-users\0.34.30\flexmark-ext-gfm-users-0.34.30.jar;C:\Users\MartinS\.m2\repository\com\vladsch\flexmark\flexmark-ext-gitlab\0.34.30\flexmark-ext-gitlab-0.34.30.jar;C:\Users\MartinS\.m2\repository\com\vladsch\flexmark\flexmark-ext-jekyll-front-matter\0.34.30\flexmark-ext-jekyll-front-matter-0.34.30.jar;C:\Users\MartinS\.m2\repository\com\vladsch\flexmark\flexmark-ext-jekyll-tag\0.34.30\flexmark-ext-jekyll-tag-0.34.30.jar;C:\Users\MartinS\.m2\repository\com\vladsch\flexmark\flexmark-ext-media-tags\0.34.30\flexmark-ext-media-tags-0.34.30.jar;C:\Users\MartinS\.m2\repository\com\vladsch\flexmark\flexmark-test-util\0.34.30\flexmark-test-util-0.34.30.jar;C:\Users\MartinS\.m2\repository\com\vladsch\flexmark\flexmark-ext-ins\0.34.30\flexmark-ext-ins-0.34.30.jar;C:\Users\MartinS\.m2\repository\com\vladsch\flexmark\flexmark-ext-xwiki-macros\0.34.30\flexmark-ext-xwiki-macros-0.34.30.jar;C:\Users\MartinS\.m2\repository\com\vladsch\flexmark\flexmark-ext-superscript\0.34.30\flexmark-ext-superscript-0.34.30.jar;C:\Users\MartinS\.m2\repository\com\vladsch\flexmark\flexmark-ext-tables\0.34.30\flexmark-ext-tables-0.34.30.jar;C:\Users\MartinS\.m2\repository\com\vladsch\flexmark\flexmark-ext-toc\0.34.30\flexmark-ext-toc-0.34.30.jar;C:\Users\MartinS\.m2\repository\com\vladsch\flexmark\flexmark-ext-typographic\0.34.30\flexmark-ext-typographic-0.34.30.jar;C:\Users\MartinS\.m2\repository\com\vladsch\flexmark\flexmark-ext-wikilink\0.34.30\flexmark-ext-wikilink-0.34.30.jar;C:\Users\MartinS\.m2\repository\com\vladsch\flexmark\flexmark-ext-yaml-front-matter\0.34.30\flexmark-ext-yaml-front-matter-0.34.30.jar;C:\Users\MartinS\.m2\repository\com\vladsch\flexmark\flexmark-ext-youtube-embedded\0.34.30\flexmark-ext-youtube-embedded-0.34.30.jar;C:\Users\MartinS\.m2\repository\com\vladsch\flexmark\flexmark-formatter\0.34.30\flexmark-formatter-0.34.30.jar;C:\Users\MartinS\.m2\repository\com\vladsch\flexmark\flexmark-html-parser\0.34.30\flexmark-html-parser-0.34.30.jar;C:\Users\MartinS\.m2\repository\com\vladsch\flexmark\flexmark-jira-converter\0.34.30\flexmark-jira-converter-0.34.30.jar;C:\Users\MartinS\.m2\repository\com\vladsch\flexmark\flexmark-pdf-converter\0.34.30\flexmark-pdf-converter-0.34.30.jar;C:\Users\MartinS\.m2\repository\com\openhtmltopdf\openhtmltopdf-core\0.0.1-RC13\openhtmltopdf-core-0.0.1-RC13.jar;C:\Users\MartinS\.m2\repository\com\openhtmltopdf\openhtmltopdf-pdfbox\0.0.1-RC13\openhtmltopdf-pdfbox-0.0.1-RC13.jar;C:\Users\MartinS\.m2\repository\org\apache\pdfbox\pdfbox\2.0.8\pdfbox-2.0.8.jar;C:\Users\MartinS\.m2\repository\org\apache\pdfbox\fontbox\2.0.8\fontbox-2.0.8.jar;C:\Users\MartinS\.m2\repository\org\apache\pdfbox\xmpbox\2.0.8\xmpbox-2.0.8.jar;C:\Users\MartinS\.m2\repository\de\rototor\pdfbox\graphics2d\0.12\graphics2d-0.12.jar;C:\Users\MartinS\.m2\repository\com\openhtmltopdf\openhtmltopdf-rtl-support\0.0.1-RC13\openhtmltopdf-rtl-support-0.0.1-RC13.jar;C:\Users\MartinS\.m2\repository\com\ibm\icu\icu4j\59.1\icu4j-59.1.jar;C:\Users\MartinS\.m2\repository\com\openhtmltopdf\openhtmltopdf-jsoup-dom-converter\0.0.1-RC13\openhtmltopdf-jsoup-dom-converter-0.0.1-RC13.jar;C:\Users\MartinS\.m2\repository\com\vladsch\flexmark\flexmark-profile-pegdown\0.34.30\flexmark-profile-pegdown-0.34.30.jar;C:\Users\MartinS\.m2\repository\com\vladsch\flexmark\flexmark-util\0.34.30\flexmark-util-0.34.30.jar;C:\Users\MartinS\.m2\repository\com\vladsch\flexmark\flexmark-youtrack-converter\0.34.30\flexmark-youtrack-converter-0.34.30.jar;C:\Users\MartinS\.m2\repository\es\nitaur\markdown\txtmark\0.16\txtmark-0.16.jar;C:\Users\MartinS\.m2\repository\net\serenity-bdd\serenity-report-resources\2.4.24\serenity-report-resources-2.4.24.jar;C:\Users\MartinS\.m2\repository\com\google\code\gson\gson\2.8.6\gson-2.8.6.jar;C:\Users\MartinS\.m2\repository\commons-codec\commons-codec\1.15\commons-codec-1.15.jar;C:\Users\MartinS\.m2\repository\commons-io\commons-io\2.8.0\commons-io-2.8.0.jar;C:\Users\MartinS\.m2\repository\org\seleniumhq\selenium\selenium-server\3.141.59\selenium-server-3.141.59.jar;C:\Users\MartinS\.m2\repository\org\seleniumhq\selenium\selenium-opera-driver\3.141.59\selenium-opera-driver-3.141.59.jar;C:\Users\MartinS\.m2\repository\org\seleniumhq\selenium\selenium-remote-driver\3.141.59\selenium-remote-driver-3.141.59.jar;C:\Users\MartinS\.m2\repository\org\seleniumhq\selenium\selenium-safari-driver\3.141.59\selenium-safari-driver-3.141.59.jar;C:\Users\MartinS\.m2\repository\com\beust\jcommander\1.72\jcommander-1.72.jar;C:\Users\MartinS\.m2\repository\org\apache\commons\commons-exec\1.3\commons-exec-1.3.jar;C:\Users\MartinS\.m2\repository\net\jcip\jcip-annotations\1.0\jcip-annotations-1.0.jar;C:\Users\MartinS\.m2\repository\org\seleniumhq\selenium\jetty-repacked\9.4.12.v20180830\jetty-repacked-9.4.12.v20180830.jar;C:\Users\MartinS\.m2\repository\com\squareup\okhttp3\okhttp\3.11.0\okhttp-3.11.0.jar;C:\Users\MartinS\.m2\repository\com\squareup\okio\okio\1.14.0\okio-1.14.0.jar;C:\Users\MartinS\.m2\repository\javax\servlet\javax.servlet-api\3.1.0\javax.servlet-api-3.1.0.jar;C:\Users\MartinS\.m2\repository\org\yaml\snakeyaml\1.19\snakeyaml-1.19.jar;C:\Users\MartinS\.m2\repository\org\seleniumhq\selenium\selenium-java\3.141.59\selenium-java-3.141.59.jar;C:\Users\MartinS\.m2\repository\org\seleniumhq\selenium\selenium-api\3.141.59\selenium-api-3.141.59.jar;C:\Users\MartinS\.m2\repository\org\seleniumhq\selenium\selenium-support\3.141.59\selenium-support-3.141.59.jar;C:\Users\MartinS\.m2\repository\org\seleniumhq\selenium\selenium-chrome-driver\3.141.59\selenium-chrome-driver-3.141.59.jar;C:\Users\MartinS\.m2\repository\org\seleniumhq\selenium\selenium-firefox-driver\3.141.59\selenium-firefox-driver-3.141.59.jar;C:\Users\MartinS\.m2\repository\org\seleniumhq\selenium\selenium-edge-driver\3.141.59\selenium-edge-driver-3.141.59.jar;C:\Users\MartinS\.m2\repository\org\seleniumhq\selenium\selenium-ie-driver\3.141.59\selenium-ie-driver-3.141.59.jar;C:\Users\MartinS\.m2\repository\net\sourceforge\htmlunit\htmlunit\2.47.1\htmlunit-2.47.1.jar;C:\Users\MartinS\.m2\repository\net\sourceforge\htmlunit\htmlunit-core-js\2.47.0\htmlunit-core-js-2.47.0.jar;C:\Users\MartinS\.m2\repository\net\sourceforge\htmlunit\neko-htmlunit\2.47.1\neko-htmlunit-2.47.1.jar;C:\Users\MartinS\.m2\repository\net\sourceforge\htmlunit\htmlunit-cssparser\1.7.0\htmlunit-cssparser-1.7.0.jar;C:\Users\MartinS\.m2\repository\com\shapesecurity\salvation2\3.0.0\salvation2-3.0.0.jar;C:\Users\MartinS\.m2\repository\org\eclipse\jetty\websocket\websocket-client\9.4.36.v20210114\websocket-client-9.4.36.v20210114.jar;C:\Users\MartinS\.m2\repository\org\eclipse\jetty\jetty-client\9.4.36.v20210114\jetty-client-9.4.36.v20210114.jar;C:\Users\MartinS\.m2\repository\org\eclipse\jetty\jetty-http\9.4.36.v20210114\jetty-http-9.4.36.v20210114.jar;C:\Users\MartinS\.m2\repository\org\eclipse\jetty\jetty-util\9.4.36.v20210114\jetty-util-9.4.36.v20210114.jar;C:\Users\MartinS\.m2\repository\org\eclipse\jetty\jetty-io\9.4.36.v20210114\jetty-io-9.4.36.v20210114.jar;C:\Users\MartinS\.m2\repository\org\eclipse\jetty\websocket\websocket-common\9.4.36.v20210114\websocket-common-9.4.36.v20210114.jar;C:\Users\MartinS\.m2\repository\org\eclipse\jetty\websocket\websocket-api\9.4.36.v20210114\websocket-api-9.4.36.v20210114.jar;C:\Users\MartinS\.m2\repository\org\seleniumhq\selenium\htmlunit-driver\2.47.1\htmlunit-driver-2.47.1.jar;C:\Users\MartinS\.m2\repository\com\codeborne\phantomjsdriver\1.4.4\phantomjsdriver-1.4.4.jar;C:\Users\MartinS\.m2\repository\io\appium\java-client\7.5.1\java-client-7.5.1.jar;C:\Users\MartinS\.m2\repository\commons-validator\commons-validator\1.7\commons-validator-1.7.jar;C:\Users\MartinS\.m2\repository\commons-digester\commons-digester\2.1\commons-digester-2.1.jar;C:\Users\MartinS\.m2\repository\org\aspectj\aspectjweaver\1.9.6\aspectjweaver-1.9.6.jar;C:\Users\MartinS\.m2\repository\org\codehaus\groovy\groovy\3.0.8\groovy-3.0.8.jar;C:\Users\MartinS\.m2\repository\net\sf\opencsv\opencsv\2.0\opencsv-2.0.jar;C:\Users\MartinS\.m2\repository\commons-beanutils\commons-beanutils\1.9.4\commons-beanutils-1.9.4.jar;C:\Users\MartinS\.m2\repository\org\apache\commons\commons-lang3\3.11\commons-lang3-3.11.jar;C:\Users\MartinS\.m2\repository\commons-collections\commons-collections\3.2.2\commons-collections-3.2.2.jar;C:\Users\MartinS\.m2\repository\org\fluentlenium\fluentlenium-core\0.10.2\fluentlenium-core-0.10.2.jar;C:\Users\MartinS\.m2\repository\io\github\bonigarcia\webdrivermanager\4.4.1\webdrivermanager-4.4.1.jar;C:\Users\MartinS\.m2\repository\org\apache\httpcomponents\client5\httpclient5\5.0.3\httpclient5-5.0.3.jar;C:\Users\MartinS\.m2\repository\org\apache\httpcomponents\core5\httpcore5\5.0.2\httpcore5-5.0.2.jar;C:\Users\MartinS\.m2\repository\org\apache\httpcomponents\core5\httpcore5-h2\5.0.2\httpcore5-h2-5.0.2.jar;C:\Users\MartinS\.m2\repository\org\rauschig\jarchivelib\1.1.0\jarchivelib-1.1.0.jar;C:\Users\MartinS\.m2\repository\org\apache\commons\commons-compress\1.20\commons-compress-1.20.jar;C:\Users\MartinS\.m2\repository\com\jhlabs\filters\2.0.235\filters-2.0.235.jar;C:\Users\MartinS\.m2\repository\com\assertthat\selenium-shutterbug\1.4\selenium-shutterbug-1.4.jar;C:\Users\MartinS\.m2\repository\org\projectlombok\lombok\1.18.8\lombok-1.18.8.jar;C:\Users\MartinS\.m2\repository\com\github\zafarkhaja\java-semver\0.9.0\java-semver-0.9.0.jar;C:\Users\MartinS\.m2\repository\ru\yandex\qatools\ashot\ashot\1.5.4\ashot-1.5.4.jar;C:\Users\MartinS\.m2\repository\com\paulhammant\ngwebdriver\1.1.5\ngwebdriver-1.1.5.jar;C:\Users\MartinS\.m2\repository\joda-time\joda-time\2.8.2\joda-time-2.8.2.jar;C:\Users\MartinS\.m2\repository\org\hamcrest\hamcrest\2.2\hamcrest-2.2.jar;C:\Users\MartinS\.m2\repository\com\google\jimfs\jimfs\1.1\jimfs-1.1.jar;C:\Users\MartinS\.m2\repository\org\mockito\mockito-core\3.3.3\mockito-core-3.3.3.jar;C:\Users\MartinS\.m2\repository\javax\xml\bind\jaxb-api\2.3.1\jaxb-api-2.3.1.jar;C:\Users\MartinS\.m2\repository\javax\activation\javax.activation-api\1.2.0\javax.activation-api-1.2.0.jar;C:\Users\MartinS\.m2\repository\com\sun\xml\bind\jaxb-core\2.3.0.1\jaxb-core-2.3.0.1.jar;C:\Users\MartinS\.m2\repository\com\sun\xml\bind\jaxb-impl\2.3.3\jaxb-impl-2.3.3.jar;C:\Users\MartinS\.m2\repository\jakarta\xml\bind\jakarta.xml.bind-api\2.3.3\jakarta.xml.bind-api-2.3.3.jar;C:\Users\MartinS\.m2\repository\com\sun\activation\jakarta.activation\1.2.2\jakarta.activation-1.2.2.jar;C:\Users\MartinS\.m2\repository\javax\activation\activation\1.1.1\activation-1.1.1.jar;C:\Users\MartinS\.m2\repository\net\serenity-bdd\serenity-cucumber6\2.4.24\serenity-cucumber6-2.4.24.jar;C:\Users\MartinS\.m2\repository\io\cucumber\cucumber-java\6.10.2\cucumber-java-6.10.2.jar;C:\Users\MartinS\.m2\repository\io\cucumber\cucumber-junit\6.10.2\cucumber-junit-6.10.2.jar;C:\Users\MartinS\.m2\repository\io\cucumber\datatable-matchers\3.4.0\datatable-matchers-3.4.0.jar;C:\Users\MartinS\.m2\repository\io\cucumber\datatable\3.4.0\datatable-3.4.0.jar;C:\Users\MartinS\.m2\repository\commons-logging\commons-logging\1.2\commons-logging-1.2.jar;C:\Users\MartinS\.m2\repository\org\apache\commons\commons-csv\1.5\commons-csv-1.5.jar;C:\Users\MartinS\.m2\repository\net\serenity-bdd\serenity-screenplay\2.4.24\serenity-screenplay-2.4.24.jar;C:\Users\MartinS\.m2\repository\net\serenity-bdd\serenity-screenplay-webdriver\2.4.24\serenity-screenplay-webdriver-2.4.24.jar;C:\Users\MartinS\.m2\repository\net\serenity-bdd\serenity-ensure\2.4.24\serenity-ensure-2.4.24.jar;C:\Users\MartinS\.m2\repository\net\serenity-bdd\serenity-junit\2.4.24\serenity-junit-2.4.24.jar;C:\Users\MartinS\.m2\repository\org\jetbrains\kotlin\kotlin-stdlib\1.4.31\kotlin-stdlib-1.4.31.jar;C:\Users\MartinS\.m2\repository\org\jetbrains\kotlin\kotlin-stdlib-common\1.4.31\kotlin-stdlib-common-1.4.31.jar;C:\Users\MartinS\.m2\repository\org\jetbrains\annotations\13.0\annotations-13.0.jar;C:\Users\MartinS\.m2\repository\junit\junit\4.13.1\junit-4.13.1.jar;C:\Users\MartinS\.m2\repository\org\hamcrest\hamcrest-core\1.3\hamcrest-core-1.3.jar;C:\Users\MartinS\.m2\repository\ch\qos\logback\logback-classic\1.0.13\logback-classic-1.0.13.jar;C:\Users\MartinS\.m2\repository\ch\qos\logback\logback-core\1.0.13\logback-core-1.0.13.jar;C:\Users\MartinS\.m2\repository\org\slf4j\slf4j-api\1.7.5\slf4j-api-1.7.5.jar;C:\Users\MartinS\.m2\repository\org\assertj\assertj-core\3.6.2\assertj-core-3.6.2.jar;C:\Users\MartinS\.m2\repository\io\rest-assured\rest-assured\4.3.2\rest-assured-4.3.2.jar;C:\Users\MartinS\.m2\repository\org\codehaus\groovy\groovy-xml\3.0.6\groovy-xml-3.0.6.jar;C:\Users\MartinS\.m2\repository\org\apache\httpcomponents\httpclient\4.5.3\httpclient-4.5.3.jar;C:\Users\MartinS\.m2\repository\org\apache\httpcomponents\httpmime\4.5.3\httpmime-4.5.3.jar;C:\Users\MartinS\.m2\repository\org\ccil\cowan\tagsoup\tagsoup\1.2.1\tagsoup-1.2.1.jar;C:\Users\MartinS\.m2\repository\io\rest-assured\json-path\4.3.2\json-path-4.3.2.jar;C:\Users\MartinS\.m2\repository\io\rest-assured\rest-assured-common\4.3.2\rest-assured-common-4.3.2.jar;C:\Users\MartinS\.m2\repository\io\rest-assured\xml-path\4.3.2\xml-path-4.3.2.jar;C:\Users\MartinS\.m2\repository\net\serenity-bdd\serenity-rest-assured\2.4.34\serenity-rest-assured-2.4.34.jar;C:\Users\MartinS\.m2\repository\org\codehaus\groovy\groovy-json\3.0.8\groovy-json-3.0.8.jar;C:\Users\MartinS\.m2\repository\org\opentest4j\opentest4j\1.2.0\opentest4j-1.2.0.jar;C:\Users\MartinS\.m2\repository\org\twoi\2icallhome-maven-plugin\1.2\2icallhome-maven-plugin-1.2.jar;C:\Users\MartinS\.m2\repository\org\apache\jmeter\ApacheJMeter_java\5.4.1\ApacheJMeter_java-5.4.1.jar;C:\Users\MartinS\.m2\repository\org\apache\jmeter\ApacheJMeter_core\5.4.1\ApacheJMeter_core-5.4.1.jar;C:\Users\MartinS\.m2\repository\org\apache\jmeter\ApacheJMeter\5.4.1\ApacheJMeter-5.4.1.jar;C:\Users\MartinS\.m2\repository\org\apache\jmeter\jorphan\5.4.1\jorphan-5.4.1.jar;C:\Users\MartinS\.m2\repository\bsf\bsf\2.4.0\bsf-2.4.0.jar;C:\Users\MartinS\.m2\repository\com\fifesoft\rsyntaxtextarea\3.1.1\rsyntaxtextarea-3.1.1.jar;C:\Users\MartinS\.m2\repository\net\sf\jtidy\jtidy\r938\jtidy-r938.jar;C:\Users\MartinS\.m2\repository\com\thoughtworks\xstream\xstream\1.4.15\xstream-1.4.15.jar;C:\Users\MartinS\.m2\repository\xmlpull\xmlpull\1.1.3.1\xmlpull-1.1.3.1.jar;C:\Users\MartinS\.m2\repository\xpp3\xpp3_min\1.1.4c\xpp3_min-1.1.4c.jar;C:\Users\MartinS\.m2\repository\org\apache\logging\log4j\log4j-1.2-api\2.13.3\log4j-1.2-api-2.13.3.jar;C:\Users\MartinS\.m2\repository\org\apache\logging\log4j\log4j-api\2.13.3\log4j-api-2.13.3.jar;C:\Users\MartinS\.m2\repository\org\apache\logging\log4j\log4j-core\2.13.3\log4j-core-2.13.3.jar;C:\Users\MartinS\.m2\repository\org\apache\logging\log4j\log4j-slf4j-impl\2.13.3\log4j-slf4j-impl-2.13.3.jar;C:\Users\MartinS\.m2\repository\org\apiguardian\apiguardian-api\1.1.0\apiguardian-api-1.1.0.jar;C:\Users\MartinS\.m2\repository\oro\oro\2.0.8\oro-2.0.8.jar;C:\Users\MartinS\.m2\repository\xalan\xalan\2.7.2\xalan-2.7.2.jar;C:\Users\MartinS\.m2\repository\xalan\serializer\2.7.2\serializer-2.7.2.jar;C:\Users\MartinS\.m2\repository\net\sf\saxon\Saxon-HE\9.9.1-8\Saxon-HE-9.9.1-8.jar;C:\Users\MartinS\.m2\repository\com\fasterxml\jackson\core\jackson-annotations\2.10.5\jackson-annotations-2.10.5.jar;C:\Users\MartinS\.m2\repository\com\fasterxml\jackson\core\jackson-core\2.10.5\jackson-core-2.10.5.jar;C:\Users\MartinS\.m2\repository\com\fasterxml\jackson\core\jackson-databind\2.10.5\jackson-databind-2.10.5.jar;C:\Users\MartinS\.m2\repository\com\formdev\svgSalamander\1.1.2.3\svgSalamander-1.1.2.3.jar;C:\Users\MartinS\.m2\repository\com\github\ben-manes\caffeine\caffeine\2.8.8\caffeine-2.8.8.jar;C:\Users\MartinS\.m2\repository\org\checkerframework\checker-qual\3.8.0\checker-qual-3.8.0.jar;C:\Users\MartinS\.m2\repository\com\google\errorprone\error_prone_annotations\2.4.0\error_prone_annotations-2.4.0.jar;C:\Users\MartinS\.m2\repository\com\github\weisj\darklaf-core\2.5.4\darklaf-core-2.5.4.jar;C:\Users\MartinS\.m2\repository\com\github\weisj\darklaf-utils\2.5.4\darklaf-utils-2.5.4.jar;C:\Users\MartinS\.m2\repository\com\github\weisj\darklaf-native-utils\2.5.4\darklaf-native-utils-2.5.4.jar;C:\Users\MartinS\.m2\repository\com\github\weisj\darklaf-platform-base\2.5.4\darklaf-platform-base-2.5.4.jar;C:\Users\MartinS\.m2\repository\com\github\weisj\darklaf-windows\2.5.4\darklaf-windows-2.5.4.jar;C:\Users\MartinS\.m2\repository\net\java\dev\jna\jna\5.5.0\jna-5.5.0.jar;C:\Users\MartinS\.m2\repository\com\github\weisj\darklaf-macos\2.5.4\darklaf-macos-2.5.4.jar;C:\Users\MartinS\.m2\repository\org\swinglabs\jxlayer\3.0.4\jxlayer-3.0.4.jar;C:\Users\MartinS\.m2\repository\com\github\weisj\darklaf-theme\2.5.4\darklaf-theme-2.5.4.jar;C:\Users\MartinS\.m2\repository\com\github\weisj\darklaf-property-loader\2.5.4\darklaf-property-loader-2.5.4.jar;C:\Users\MartinS\.m2\repository\com\github\weisj\darklaf-extensions-rsyntaxarea\0.3.4\darklaf-extensions-rsyntaxarea-0.3.4.jar;C:\Users\MartinS\.m2\repository\com\miglayout\miglayout-swing\5.2\miglayout-swing-5.2.jar;C:\Users\MartinS\.m2\repository\com\miglayout\miglayout-core\5.2\miglayout-core-5.2.jar;C:\Users\MartinS\.m2\repository\org\apache\commons\commons-collections4\4.4\commons-collections4-4.4.jar;C:\Users\MartinS\.m2\repository\org\apache\commons\commons-math3\3.6.1\commons-math3-3.6.1.jar;C:\Users\MartinS\.m2\repository\org\apache\commons\commons-text\1.9\commons-text-1.9.jar;C:\Users\MartinS\.m2\repository\org\apache\tika\tika-core\1.24.1\tika-core-1.24.1.jar;C:\Users\MartinS\.m2\repository\org\apache\xmlgraphics\xmlgraphics-commons\2.3\xmlgraphics-commons-2.3.jar;C:\Users\MartinS\.m2\repository\org\freemarker\freemarker\2.3.30\freemarker-2.3.30.jar;C:\Users\MartinS\.m2\repository\org\jodd\jodd-core\5.0.13\jodd-core-5.0.13.jar;C:\Users\MartinS\.m2\repository\org\jodd\jodd-props\5.0.13\jodd-props-5.0.13.jar;C:\Users\MartinS\.m2\repository\org\mozilla\rhino\1.7.13\rhino-1.7.13.jar;C:\Users\MartinS\.m2\repository\org\slf4j\jcl-over-slf4j\1.7.30\jcl-over-slf4j-1.7.30.jar;C:\Users\MartinS\.m2\repository\org\codehaus\groovy\groovy-dateutil\3.0.7\groovy-dateutil-3.0.7.jar;C:\Users\MartinS\.m2\repository\org\codehaus\groovy\groovy-datetime\3.0.7\groovy-datetime-3.0.7.jar;C:\Users\MartinS\.m2\repository\org\codehaus\groovy\groovy-jmx\3.0.7\groovy-jmx-3.0.7.jar;C:\Users\MartinS\.m2\repository\org\codehaus\groovy\groovy-jsr223\3.0.7\groovy-jsr223-3.0.7.jar;C:\Users\MartinS\.m2\repository\org\codehaus\groovy\groovy-sql\3.0.7\groovy-sql-3.0.7.jar;C:\Users\MartinS\.m2\repository\org\codehaus\groovy\groovy-templates\3.0.7\groovy-templates-3.0.7.jar;C:\Users\MartinS\.m2\repository\org\apache\tika\tika-parsers\1.24.1\tika-parsers-1.24.1.jar;C:\Users\MartinS\.m2\repository\xerces\xercesImpl\2.12.0\xercesImpl-2.12.0.jar;C:\Users\MartinS\.m2\repository\xml-apis\xml-apis\1.4.01\xml-apis-1.4.01.jar;C:\Users\MartinS\.m2\repository\org\apache\jmeter\ApacheJMeter_http\5.4.1\ApacheJMeter_http-5.4.1.jar;C:\Users\MartinS\.m2\repository\org\apache\jmeter\ApacheJMeter_components\5.4.1\ApacheJMeter_components-5.4.1.jar;C:\Users\MartinS\.m2\repository\org\apache-extras\beanshell\bsh\2.0b6\bsh-2.0b6.jar;C:\Users\MartinS\.m2\repository\javax\mail\mail\1.5.0-b01\mail-1.5.0-b01.jar;C:\Users\MartinS\.m2\repository\io\burt\jmespath-core\0.5.0\jmespath-core-0.5.0.jar;C:\Users\MartinS\.m2\repository\io\burt\jmespath-jackson\0.5.0\jmespath-jackson-0.5.0.jar;C:\Users\MartinS\.m2\repository\jcharts\jcharts\0.7.5\jcharts-0.7.5.jar;C:\Users\MartinS\.m2\repository\net\minidev\json-smart\2.3\json-smart-2.3.jar;C:\Users\MartinS\.m2\repository\net\minidev\accessors-smart\1.2\accessors-smart-1.2.jar;C:\Users\MartinS\.m2\repository\org\apache\commons\commons-pool2\2.9.0\commons-pool2-2.9.0.jar;C:\Users\MartinS\.m2\repository\org\ow2\asm\asm\9.0\asm-9.0.jar;C:\Users\MartinS\.m2\repository\org\jodd\jodd-log\5.0.13\jodd-log-5.0.13.jar;C:\Users\MartinS\.m2\repository\com\jayway\jsonpath\json-path\2.4.0\json-path-2.4.0.jar;C:\Users\MartinS\.m2\repository\org\apache\httpcomponents\httpasyncclient\4.1.4\httpasyncclient-4.1.4.jar;C:\Users\MartinS\.m2\repository\org\apache\httpcomponents\httpcore-nio\4.4.13\httpcore-nio-4.4.13.jar;C:\Users\MartinS\.m2\repository\com\sun\activation\javax.activation\1.2.0\javax.activation-1.2.0.jar;C:\Users\MartinS\.m2\repository\org\jodd\jodd-lagarto\5.0.13\jodd-lagarto-5.0.13.jar;C:\Users\MartinS\.m2\repository\org\jsoup\jsoup\1.13.1\jsoup-1.13.1.jar;C:\Users\MartinS\.m2\repository\commons-net\commons-net\3.7.2\commons-net-3.7.2.jar;C:\Users\MartinS\.m2\repository\com\helger\ph-commons\9.5.1\ph-commons-9.5.1.jar;C:\Users\MartinS\.m2\repository\com\helger\ph-css\6.2.3\ph-css-6.2.3.jar;C:\Users\MartinS\.m2\repository\dnsjava\dnsjava\2.1.9\dnsjava-2.1.9.jar;C:\Users\MartinS\.m2\repository\org\apache\httpcomponents\httpcore\4.4.13\httpcore-4.4.13.jar;C:\Users\MartinS\.m2\repository\org\brotli\dec\0.1.2\dec-0.1.2.jar;C:\Users\MartinS\.m2\repository\org\eclipse\jgit\org.eclipse.jgit\5.12.0.202106070339-r\org.eclipse.jgit-5.12.0.202106070339-r.jar;C:\Users\MartinS\.m2\repository\com\googlecode\javaewah\JavaEWAH\1.1.7\JavaEWAH-1.1.7.jar;"/>
    <property name="java.vm.vendor" value="Amazon.com Inc."/>
    <property name="sun.arch.data.model" value="64"/>
    <property name="user.variant" value=""/>
    <property name="java.vendor.url" value="https://aws.amazon.com/corretto/"/>
    <property name="user.timezone" value="Europe/London"/>
    <property name="java.vm.specification.version" value="11"/>
    <property name="os.name" value="Windows 10"/>
    <property name="sun.java.launcher" value="SUN_STANDARD"/>
    <property name="user.country" value="GB"/>
    <property name="taskID" value="1"/>
    <property name="sun.boot.library.path" value="C:\Program Files\Amazon Corretto\jdk11.0.12_7\bin"/>
    <property name="sun.java.command" value="org.apache.maven.surefire.booter.ForkedBooter C:\Users\MartinS\AppData\Local\Temp\surefire4387565634377948985 2021-10-21T15-44-55_964-jvmRun1 surefire17788464632625948912tmp surefire_017466511320239738965tmp"/>
    <property name="jdk.debug" value="release"/>
    <property name="surefire.test.class.path" value="C:\Users\MartinS\OneDrive - 2i Limited\Jmeter_framework\generated-framework\target\test-classes;C:\Users\MartinS\.m2\repository\net\serenity-bdd\serenity-core\2.4.24\serenity-core-2.4.24.jar;C:\Users\MartinS\.m2\repository\net\serenity-bdd\serenity-model\2.4.24\serenity-model-2.4.24.jar;C:\Users\MartinS\.m2\repository\com\google\guava\guava\30.1-jre\guava-30.1-jre.jar;C:\Users\MartinS\.m2\repository\com\google\guava\failureaccess\1.0.1\failureaccess-1.0.1.jar;C:\Users\MartinS\.m2\repository\com\google\guava\listenablefuture\9999.0-empty-to-avoid-conflict-with-guava\listenablefuture-9999.0-empty-to-avoid-conflict-with-guava.jar;C:\Users\MartinS\.m2\repository\com\google\code\findbugs\jsr305\3.0.2\jsr305-3.0.2.jar;C:\Users\MartinS\.m2\repository\com\google\j2objc\j2objc-annotations\1.3\j2objc-annotations-1.3.jar;C:\Users\MartinS\.m2\repository\com\google\inject\guice\5.0.1\guice-5.0.1.jar;C:\Users\MartinS\.m2\repository\javax\inject\javax.inject\1\javax.inject-1.jar;C:\Users\MartinS\.m2\repository\aopalliance\aopalliance\1.0\aopalliance-1.0.jar;C:\Users\MartinS\.m2\repository\io\cucumber\cucumber-core\6.10.2\cucumber-core-6.10.2.jar;C:\Users\MartinS\.m2\repository\io\cucumber\cucumber-gherkin\6.10.2\cucumber-gherkin-6.10.2.jar;C:\Users\MartinS\.m2\repository\io\cucumber\cucumber-gherkin-messages\6.10.2\cucumber-gherkin-messages-6.10.2.jar;C:\Users\MartinS\.m2\repository\io\cucumber\messages\14.0.1\messages-14.0.1.jar;C:\Users\MartinS\.m2\repository\io\cucumber\tag-expressions\3.0.0\tag-expressions-3.0.0.jar;C:\Users\MartinS\.m2\repository\io\cucumber\cucumber-expressions\10.3.0\cucumber-expressions-10.3.0.jar;C:\Users\MartinS\.m2\repository\io\cucumber\cucumber-plugin\6.10.2\cucumber-plugin-6.10.2.jar;C:\Users\MartinS\.m2\repository\io\cucumber\docstring\6.10.2\docstring-6.10.2.jar;C:\Users\MartinS\.m2\repository\io\cucumber\html-formatter\12.0.0\html-formatter-12.0.0.jar;C:\Users\MartinS\.m2\repository\io\cucumber\create-meta\3.0.0\create-meta-3.0.0.jar;C:\Users\MartinS\.m2\repository\com\typesafe\config\1.3.1\config-1.3.1.jar;C:\Users\MartinS\.m2\repository\org\imgscalr\imgscalr-lib\4.2\imgscalr-lib-4.2.jar;C:\Users\MartinS\.m2\repository\org\awaitility\awaitility\4.0.3\awaitility-4.0.3.jar;C:\Users\MartinS\.m2\repository\net\sourceforge\jexcelapi\jxl\2.6.12\jxl-2.6.12.jar;C:\Users\MartinS\.m2\repository\org\asciidoctor\asciidoctorj\1.5.6\asciidoctorj-1.5.6.jar;C:\Users\MartinS\.m2\repository\org\jruby\jruby-complete\1.7.26\jruby-complete-1.7.26.jar;C:\Users\MartinS\.m2\repository\net\bytebuddy\byte-buddy\1.10.10\byte-buddy-1.10.10.jar;C:\Users\MartinS\.m2\repository\net\bytebuddy\byte-buddy-agent\1.10.10\byte-buddy-agent-1.10.10.jar;C:\Users\MartinS\.m2\repository\org\objenesis\objenesis\3.1\objenesis-3.1.jar;C:\Users\MartinS\.m2\repository\net\serenity-bdd\serenity-reports\2.4.24\serenity-reports-2.4.24.jar;C:\Users\MartinS\.m2\repository\net\serenity-bdd\serenity-stats\2.4.24\serenity-stats-2.4.24.jar;C:\Users\MartinS\.m2\repository\net\serenity-bdd\serenity-reports-configuration\2.4.24\serenity-reports-configuration-2.4.24.jar;C:\Users\MartinS\.m2\repository\com\vladsch\flexmark\flexmark-all\0.34.30\flexmark-all-0.34.30.jar;C:\Users\MartinS\.m2\repository\com\vladsch\flexmark\flexmark\0.34.30\flexmark-0.34.30.jar;C:\Users\MartinS\.m2\repository\com\vladsch\flexmark\flexmark-ext-abbreviation\0.34.30\flexmark-ext-abbreviation-0.34.30.jar;C:\Users\MartinS\.m2\repository\com\vladsch\flexmark\flexmark-ext-admonition\0.34.30\flexmark-ext-admonition-0.34.30.jar;C:\Users\MartinS\.m2\repository\com\vladsch\flexmark\flexmark-ext-anchorlink\0.34.30\flexmark-ext-anchorlink-0.34.30.jar;C:\Users\MartinS\.m2\repository\com\vladsch\flexmark\flexmark-ext-aside\0.34.30\flexmark-ext-aside-0.34.30.jar;C:\Users\MartinS\.m2\repository\com\vladsch\flexmark\flexmark-ext-attributes\0.34.30\flexmark-ext-attributes-0.34.30.jar;C:\Users\MartinS\.m2\repository\com\vladsch\flexmark\flexmark-ext-autolink\0.34.30\flexmark-ext-autolink-0.34.30.jar;C:\Users\MartinS\.m2\repository\org\nibor\autolink\autolink\0.6.0\autolink-0.6.0.jar;C:\Users\MartinS\.m2\repository\com\vladsch\flexmark\flexmark-ext-definition\0.34.30\flexmark-ext-definition-0.34.30.jar;C:\Users\MartinS\.m2\repository\com\vladsch\flexmark\flexmark-ext-emoji\0.34.30\flexmark-ext-emoji-0.34.30.jar;C:\Users\MartinS\.m2\repository\com\vladsch\flexmark\flexmark-ext-enumerated-reference\0.34.30\flexmark-ext-enumerated-reference-0.34.30.jar;C:\Users\MartinS\.m2\repository\com\vladsch\flexmark\flexmark-ext-escaped-character\0.34.30\flexmark-ext-escaped-character-0.34.30.jar;C:\Users\MartinS\.m2\repository\com\vladsch\flexmark\flexmark-ext-footnotes\0.34.30\flexmark-ext-footnotes-0.34.30.jar;C:\Users\MartinS\.m2\repository\com\vladsch\flexmark\flexmark-ext-gfm-issues\0.34.30\flexmark-ext-gfm-issues-0.34.30.jar;C:\Users\MartinS\.m2\repository\com\vladsch\flexmark\flexmark-ext-gfm-strikethrough\0.34.30\flexmark-ext-gfm-strikethrough-0.34.30.jar;C:\Users\MartinS\.m2\repository\com\vladsch\flexmark\flexmark-ext-gfm-tables\0.34.30\flexmark-ext-gfm-tables-0.34.30.jar;C:\Users\MartinS\.m2\repository\com\vladsch\flexmark\flexmark-ext-gfm-tasklist\0.34.30\flexmark-ext-gfm-tasklist-0.34.30.jar;C:\Users\MartinS\.m2\repository\com\vladsch\flexmark\flexmark-ext-gfm-users\0.34.30\flexmark-ext-gfm-users-0.34.30.jar;C:\Users\MartinS\.m2\repository\com\vladsch\flexmark\flexmark-ext-gitlab\0.34.30\flexmark-ext-gitlab-0.34.30.jar;C:\Users\MartinS\.m2\repository\com\vladsch\flexmark\flexmark-ext-jekyll-front-matter\0.34.30\flexmark-ext-jekyll-front-matter-0.34.30.jar;C:\Users\MartinS\.m2\repository\com\vladsch\flexmark\flexmark-ext-jekyll-tag\0.34.30\flexmark-ext-jekyll-tag-0.34.30.jar;C:\Users\MartinS\.m2\repository\com\vladsch\flexmark\flexmark-ext-media-tags\0.34.30\flexmark-ext-media-tags-0.34.30.jar;C:\Users\MartinS\.m2\repository\com\vladsch\flexmark\flexmark-test-util\0.34.30\flexmark-test-util-0.34.30.jar;C:\Users\MartinS\.m2\repository\com\vladsch\flexmark\flexmark-ext-ins\0.34.30\flexmark-ext-ins-0.34.30.jar;C:\Users\MartinS\.m2\repository\com\vladsch\flexmark\flexmark-ext-xwiki-macros\0.34.30\flexmark-ext-xwiki-macros-0.34.30.jar;C:\Users\MartinS\.m2\repository\com\vladsch\flexmark\flexmark-ext-superscript\0.34.30\flexmark-ext-superscript-0.34.30.jar;C:\Users\MartinS\.m2\repository\com\vladsch\flexmark\flexmark-ext-tables\0.34.30\flexmark-ext-tables-0.34.30.jar;C:\Users\MartinS\.m2\repository\com\vladsch\flexmark\flexmark-ext-toc\0.34.30\flexmark-ext-toc-0.34.30.jar;C:\Users\MartinS\.m2\repository\com\vladsch\flexmark\flexmark-ext-typographic\0.34.30\flexmark-ext-typographic-0.34.30.jar;C:\Users\MartinS\.m2\repository\com\vladsch\flexmark\flexmark-ext-wikilink\0.34.30\flexmark-ext-wikilink-0.34.30.jar;C:\Users\MartinS\.m2\repository\com\vladsch\flexmark\flexmark-ext-yaml-front-matter\0.34.30\flexmark-ext-yaml-front-matter-0.34.30.jar;C:\Users\MartinS\.m2\repository\com\vladsch\flexmark\flexmark-ext-youtube-embedded\0.34.30\flexmark-ext-youtube-embedded-0.34.30.jar;C:\Users\MartinS\.m2\repository\com\vladsch\flexmark\flexmark-formatter\0.34.30\flexmark-formatter-0.34.30.jar;C:\Users\MartinS\.m2\repository\com\vladsch\flexmark\flexmark-html-parser\0.34.30\flexmark-html-parser-0.34.30.jar;C:\Users\MartinS\.m2\repository\com\vladsch\flexmark\flexmark-jira-converter\0.34.30\flexmark-jira-converter-0.34.30.jar;C:\Users\MartinS\.m2\repository\com\vladsch\flexmark\flexmark-pdf-converter\0.34.30\flexmark-pdf-converter-0.34.30.jar;C:\Users\MartinS\.m2\repository\com\openhtmltopdf\openhtmltopdf-core\0.0.1-RC13\openhtmltopdf-core-0.0.1-RC13.jar;C:\Users\MartinS\.m2\repository\com\openhtmltopdf\openhtmltopdf-pdfbox\0.0.1-RC13\openhtmltopdf-pdfbox-0.0.1-RC13.jar;C:\Users\MartinS\.m2\repository\org\apache\pdfbox\pdfbox\2.0.8\pdfbox-2.0.8.jar;C:\Users\MartinS\.m2\repository\org\apache\pdfbox\fontbox\2.0.8\fontbox-2.0.8.jar;C:\Users\MartinS\.m2\repository\org\apache\pdfbox\xmpbox\2.0.8\xmpbox-2.0.8.jar;C:\Users\MartinS\.m2\repository\de\rototor\pdfbox\graphics2d\0.12\graphics2d-0.12.jar;C:\Users\MartinS\.m2\repository\com\openhtmltopdf\openhtmltopdf-rtl-support\0.0.1-RC13\openhtmltopdf-rtl-support-0.0.1-RC13.jar;C:\Users\MartinS\.m2\repository\com\ibm\icu\icu4j\59.1\icu4j-59.1.jar;C:\Users\MartinS\.m2\repository\com\openhtmltopdf\openhtmltopdf-jsoup-dom-converter\0.0.1-RC13\openhtmltopdf-jsoup-dom-converter-0.0.1-RC13.jar;C:\Users\MartinS\.m2\repository\com\vladsch\flexmark\flexmark-profile-pegdown\0.34.30\flexmark-profile-pegdown-0.34.30.jar;C:\Users\MartinS\.m2\repository\com\vladsch\flexmark\flexmark-util\0.34.30\flexmark-util-0.34.30.jar;C:\Users\MartinS\.m2\repository\com\vladsch\flexmark\flexmark-youtrack-converter\0.34.30\flexmark-youtrack-converter-0.34.30.jar;C:\Users\MartinS\.m2\repository\es\nitaur\markdown\txtmark\0.16\txtmark-0.16.jar;C:\Users\MartinS\.m2\repository\net\serenity-bdd\serenity-report-resources\2.4.24\serenity-report-resources-2.4.24.jar;C:\Users\MartinS\.m2\repository\com\google\code\gson\gson\2.8.6\gson-2.8.6.jar;C:\Users\MartinS\.m2\repository\commons-codec\commons-codec\1.15\commons-codec-1.15.jar;C:\Users\MartinS\.m2\repository\commons-io\commons-io\2.8.0\commons-io-2.8.0.jar;C:\Users\MartinS\.m2\repository\org\seleniumhq\selenium\selenium-server\3.141.59\selenium-server-3.141.59.jar;C:\Users\MartinS\.m2\repository\org\seleniumhq\selenium\selenium-opera-driver\3.141.59\selenium-opera-driver-3.141.59.jar;C:\Users\MartinS\.m2\repository\org\seleniumhq\selenium\selenium-remote-driver\3.141.59\selenium-remote-driver-3.141.59.jar;C:\Users\MartinS\.m2\repository\org\seleniumhq\selenium\selenium-safari-driver\3.141.59\selenium-safari-driver-3.141.59.jar;C:\Users\MartinS\.m2\repository\com\beust\jcommander\1.72\jcommander-1.72.jar;C:\Users\MartinS\.m2\repository\org\apache\commons\commons-exec\1.3\commons-exec-1.3.jar;C:\Users\MartinS\.m2\repository\net\jcip\jcip-annotations\1.0\jcip-annotations-1.0.jar;C:\Users\MartinS\.m2\repository\org\seleniumhq\selenium\jetty-repacked\9.4.12.v20180830\jetty-repacked-9.4.12.v20180830.jar;C:\Users\MartinS\.m2\repository\com\squareup\okhttp3\okhttp\3.11.0\okhttp-3.11.0.jar;C:\Users\MartinS\.m2\repository\com\squareup\okio\okio\1.14.0\okio-1.14.0.jar;C:\Users\MartinS\.m2\repository\javax\servlet\javax.servlet-api\3.1.0\javax.servlet-api-3.1.0.jar;C:\Users\MartinS\.m2\repository\org\yaml\snakeyaml\1.19\snakeyaml-1.19.jar;C:\Users\MartinS\.m2\repository\org\seleniumhq\selenium\selenium-java\3.141.59\selenium-java-3.141.59.jar;C:\Users\MartinS\.m2\repository\org\seleniumhq\selenium\selenium-api\3.141.59\selenium-api-3.141.59.jar;C:\Users\MartinS\.m2\repository\org\seleniumhq\selenium\selenium-support\3.141.59\selenium-support-3.141.59.jar;C:\Users\MartinS\.m2\repository\org\seleniumhq\selenium\selenium-chrome-driver\3.141.59\selenium-chrome-driver-3.141.59.jar;C:\Users\MartinS\.m2\repository\org\seleniumhq\selenium\selenium-firefox-driver\3.141.59\selenium-firefox-driver-3.141.59.jar;C:\Users\MartinS\.m2\repository\org\seleniumhq\selenium\selenium-edge-driver\3.141.59\selenium-edge-driver-3.141.59.jar;C:\Users\MartinS\.m2\repository\org\seleniumhq\selenium\selenium-ie-driver\3.141.59\selenium-ie-driver-3.141.59.jar;C:\Users\MartinS\.m2\repository\net\sourceforge\htmlunit\htmlunit\2.47.1\htmlunit-2.47.1.jar;C:\Users\MartinS\.m2\repository\net\sourceforge\htmlunit\htmlunit-core-js\2.47.0\htmlunit-core-js-2.47.0.jar;C:\Users\MartinS\.m2\repository\net\sourceforge\htmlunit\neko-htmlunit\2.47.1\neko-htmlunit-2.47.1.jar;C:\Users\MartinS\.m2\repository\net\sourceforge\htmlunit\htmlunit-cssparser\1.7.0\htmlunit-cssparser-1.7.0.jar;C:\Users\MartinS\.m2\repository\com\shapesecurity\salvation2\3.0.0\salvation2-3.0.0.jar;C:\Users\MartinS\.m2\repository\org\eclipse\jetty\websocket\websocket-client\9.4.36.v20210114\websocket-client-9.4.36.v20210114.jar;C:\Users\MartinS\.m2\repository\org\eclipse\jetty\jetty-client\9.4.36.v20210114\jetty-client-9.4.36.v20210114.jar;C:\Users\MartinS\.m2\repository\org\eclipse\jetty\jetty-http\9.4.36.v20210114\jetty-http-9.4.36.v20210114.jar;C:\Users\MartinS\.m2\repository\org\eclipse\jetty\jetty-util\9.4.36.v20210114\jetty-util-9.4.36.v20210114.jar;C:\Users\MartinS\.m2\repository\org\eclipse\jetty\jetty-io\9.4.36.v20210114\jetty-io-9.4.36.v20210114.jar;C:\Users\MartinS\.m2\repository\org\eclipse\jetty\websocket\websocket-common\9.4.36.v20210114\websocket-common-9.4.36.v20210114.jar;C:\Users\MartinS\.m2\repository\org\eclipse\jetty\websocket\websocket-api\9.4.36.v20210114\websocket-api-9.4.36.v20210114.jar;C:\Users\MartinS\.m2\repository\org\seleniumhq\selenium\htmlunit-driver\2.47.1\htmlunit-driver-2.47.1.jar;C:\Users\MartinS\.m2\repository\com\codeborne\phantomjsdriver\1.4.4\phantomjsdriver-1.4.4.jar;C:\Users\MartinS\.m2\repository\io\appium\java-client\7.5.1\java-client-7.5.1.jar;C:\Users\MartinS\.m2\repository\commons-validator\commons-validator\1.7\commons-validator-1.7.jar;C:\Users\MartinS\.m2\repository\commons-digester\commons-digester\2.1\commons-digester-2.1.jar;C:\Users\MartinS\.m2\repository\org\aspectj\aspectjweaver\1.9.6\aspectjweaver-1.9.6.jar;C:\Users\MartinS\.m2\repository\org\codehaus\groovy\groovy\3.0.8\groovy-3.0.8.jar;C:\Users\MartinS\.m2\repository\net\sf\opencsv\opencsv\2.0\opencsv-2.0.jar;C:\Users\MartinS\.m2\repository\commons-beanutils\commons-beanutils\1.9.4\commons-beanutils-1.9.4.jar;C:\Users\MartinS\.m2\repository\org\apache\commons\commons-lang3\3.11\commons-lang3-3.11.jar;C:\Users\MartinS\.m2\repository\commons-collections\commons-collections\3.2.2\commons-collections-3.2.2.jar;C:\Users\MartinS\.m2\repository\org\fluentlenium\fluentlenium-core\0.10.2\fluentlenium-core-0.10.2.jar;C:\Users\MartinS\.m2\repository\io\github\bonigarcia\webdrivermanager\4.4.1\webdrivermanager-4.4.1.jar;C:\Users\MartinS\.m2\repository\org\apache\httpcomponents\client5\httpclient5\5.0.3\httpclient5-5.0.3.jar;C:\Users\MartinS\.m2\repository\org\apache\httpcomponents\core5\httpcore5\5.0.2\httpcore5-5.0.2.jar;C:\Users\MartinS\.m2\repository\org\apache\httpcomponents\core5\httpcore5-h2\5.0.2\httpcore5-h2-5.0.2.jar;C:\Users\MartinS\.m2\repository\org\rauschig\jarchivelib\1.1.0\jarchivelib-1.1.0.jar;C:\Users\MartinS\.m2\repository\org\apache\commons\commons-compress\1.20\commons-compress-1.20.jar;C:\Users\MartinS\.m2\repository\com\jhlabs\filters\2.0.235\filters-2.0.235.jar;C:\Users\MartinS\.m2\repository\com\assertthat\selenium-shutterbug\1.4\selenium-shutterbug-1.4.jar;C:\Users\MartinS\.m2\repository\org\projectlombok\lombok\1.18.8\lombok-1.18.8.jar;C:\Users\MartinS\.m2\repository\com\github\zafarkhaja\java-semver\0.9.0\java-semver-0.9.0.jar;C:\Users\MartinS\.m2\repository\ru\yandex\qatools\ashot\ashot\1.5.4\ashot-1.5.4.jar;C:\Users\MartinS\.m2\repository\com\paulhammant\ngwebdriver\1.1.5\ngwebdriver-1.1.5.jar;C:\Users\MartinS\.m2\repository\joda-time\joda-time\2.8.2\joda-time-2.8.2.jar;C:\Users\MartinS\.m2\repository\org\hamcrest\hamcrest\2.2\hamcrest-2.2.jar;C:\Users\MartinS\.m2\repository\com\google\jimfs\jimfs\1.1\jimfs-1.1.jar;C:\Users\MartinS\.m2\repository\org\mockito\mockito-core\3.3.3\mockito-core-3.3.3.jar;C:\Users\MartinS\.m2\repository\javax\xml\bind\jaxb-api\2.3.1\jaxb-api-2.3.1.jar;C:\Users\MartinS\.m2\repository\javax\activation\javax.activation-api\1.2.0\javax.activation-api-1.2.0.jar;C:\Users\MartinS\.m2\repository\com\sun\xml\bind\jaxb-core\2.3.0.1\jaxb-core-2.3.0.1.jar;C:\Users\MartinS\.m2\repository\com\sun\xml\bind\jaxb-impl\2.3.3\jaxb-impl-2.3.3.jar;C:\Users\MartinS\.m2\repository\jakarta\xml\bind\jakarta.xml.bind-api\2.3.3\jakarta.xml.bind-api-2.3.3.jar;C:\Users\MartinS\.m2\repository\com\sun\activation\jakarta.activation\1.2.2\jakarta.activation-1.2.2.jar;C:\Users\MartinS\.m2\repository\javax\activation\activation\1.1.1\activation-1.1.1.jar;C:\Users\MartinS\.m2\repository\net\serenity-bdd\serenity-cucumber6\2.4.24\serenity-cucumber6-2.4.24.jar;C:\Users\MartinS\.m2\repository\io\cucumber\cucumber-java\6.10.2\cucumber-java-6.10.2.jar;C:\Users\MartinS\.m2\repository\io\cucumber\cucumber-junit\6.10.2\cucumber-junit-6.10.2.jar;C:\Users\MartinS\.m2\repository\io\cucumber\datatable-matchers\3.4.0\datatable-matchers-3.4.0.jar;C:\Users\MartinS\.m2\repository\io\cucumber\datatable\3.4.0\datatable-3.4.0.jar;C:\Users\MartinS\.m2\repository\commons-logging\commons-logging\1.2\commons-logging-1.2.jar;C:\Users\MartinS\.m2\repository\org\apache\commons\commons-csv\1.5\commons-csv-1.5.jar;C:\Users\MartinS\.m2\repository\net\serenity-bdd\serenity-screenplay\2.4.24\serenity-screenplay-2.4.24.jar;C:\Users\MartinS\.m2\repository\net\serenity-bdd\serenity-screenplay-webdriver\2.4.24\serenity-screenplay-webdriver-2.4.24.jar;C:\Users\MartinS\.m2\repository\net\serenity-bdd\serenity-ensure\2.4.24\serenity-ensure-2.4.24.jar;C:\Users\MartinS\.m2\repository\net\serenity-bdd\serenity-junit\2.4.24\serenity-junit-2.4.24.jar;C:\Users\MartinS\.m2\repository\org\jetbrains\kotlin\kotlin-stdlib\1.4.31\kotlin-stdlib-1.4.31.jar;C:\Users\MartinS\.m2\repository\org\jetbrains\kotlin\kotlin-stdlib-common\1.4.31\kotlin-stdlib-common-1.4.31.jar;C:\Users\MartinS\.m2\repository\org\jetbrains\annotations\13.0\annotations-13.0.jar;C:\Users\MartinS\.m2\repository\junit\junit\4.13.1\junit-4.13.1.jar;C:\Users\MartinS\.m2\repository\org\hamcrest\hamcrest-core\1.3\hamcrest-core-1.3.jar;C:\Users\MartinS\.m2\repository\ch\qos\logback\logback-classic\1.0.13\logback-classic-1.0.13.jar;C:\Users\MartinS\.m2\repository\ch\qos\logback\logback-core\1.0.13\logback-core-1.0.13.jar;C:\Users\MartinS\.m2\repository\org\slf4j\slf4j-api\1.7.5\slf4j-api-1.7.5.jar;C:\Users\MartinS\.m2\repository\org\assertj\assertj-core\3.6.2\assertj-core-3.6.2.jar;C:\Users\MartinS\.m2\repository\io\rest-assured\rest-assured\4.3.2\rest-assured-4.3.2.jar;C:\Users\MartinS\.m2\repository\org\codehaus\groovy\groovy-xml\3.0.6\groovy-xml-3.0.6.jar;C:\Users\MartinS\.m2\repository\org\apache\httpcomponents\httpclient\4.5.3\httpclient-4.5.3.jar;C:\Users\MartinS\.m2\repository\org\apache\httpcomponents\httpmime\4.5.3\httpmime-4.5.3.jar;C:\Users\MartinS\.m2\repository\org\ccil\cowan\tagsoup\tagsoup\1.2.1\tagsoup-1.2.1.jar;C:\Users\MartinS\.m2\repository\io\rest-assured\json-path\4.3.2\json-path-4.3.2.jar;C:\Users\MartinS\.m2\repository\io\rest-assured\rest-assured-common\4.3.2\rest-assured-common-4.3.2.jar;C:\Users\MartinS\.m2\repository\io\rest-assured\xml-path\4.3.2\xml-path-4.3.2.jar;C:\Users\MartinS\.m2\repository\net\serenity-bdd\serenity-rest-assured\2.4.34\serenity-rest-assured-2.4.34.jar;C:\Users\MartinS\.m2\repository\org\codehaus\groovy\groovy-json\3.0.8\groovy-json-3.0.8.jar;C:\Users\MartinS\.m2\repository\org\opentest4j\opentest4j\1.2.0\opentest4j-1.2.0.jar;C:\Users\MartinS\.m2\repository\org\twoi\2icallhome-maven-plugin\1.2\2icallhome-maven-plugin-1.2.jar;C:\Users\MartinS\.m2\repository\org\apache\jmeter\ApacheJMeter_java\5.4.1\ApacheJMeter_java-5.4.1.jar;C:\Users\MartinS\.m2\repository\org\apache\jmeter\ApacheJMeter_core\5.4.1\ApacheJMeter_core-5.4.1.jar;C:\Users\MartinS\.m2\repository\org\apache\jmeter\ApacheJMeter\5.4.1\ApacheJMeter-5.4.1.jar;C:\Users\MartinS\.m2\repository\org\apache\jmeter\jorphan\5.4.1\jorphan-5.4.1.jar;C:\Users\MartinS\.m2\repository\bsf\bsf\2.4.0\bsf-2.4.0.jar;C:\Users\MartinS\.m2\repository\com\fifesoft\rsyntaxtextarea\3.1.1\rsyntaxtextarea-3.1.1.jar;C:\Users\MartinS\.m2\repository\net\sf\jtidy\jtidy\r938\jtidy-r938.jar;C:\Users\MartinS\.m2\repository\com\thoughtworks\xstream\xstream\1.4.15\xstream-1.4.15.jar;C:\Users\MartinS\.m2\repository\xmlpull\xmlpull\1.1.3.1\xmlpull-1.1.3.1.jar;C:\Users\MartinS\.m2\repository\xpp3\xpp3_min\1.1.4c\xpp3_min-1.1.4c.jar;C:\Users\MartinS\.m2\repository\org\apache\logging\log4j\log4j-1.2-api\2.13.3\log4j-1.2-api-2.13.3.jar;C:\Users\MartinS\.m2\repository\org\apache\logging\log4j\log4j-api\2.13.3\log4j-api-2.13.3.jar;C:\Users\MartinS\.m2\repository\org\apache\logging\log4j\log4j-core\2.13.3\log4j-core-2.13.3.jar;C:\Users\MartinS\.m2\repository\org\apache\logging\log4j\log4j-slf4j-impl\2.13.3\log4j-slf4j-impl-2.13.3.jar;C:\Users\MartinS\.m2\repository\org\apiguardian\apiguardian-api\1.1.0\apiguardian-api-1.1.0.jar;C:\Users\MartinS\.m2\repository\oro\oro\2.0.8\oro-2.0.8.jar;C:\Users\MartinS\.m2\repository\xalan\xalan\2.7.2\xalan-2.7.2.jar;C:\Users\MartinS\.m2\repository\xalan\serializer\2.7.2\serializer-2.7.2.jar;C:\Users\MartinS\.m2\repository\net\sf\saxon\Saxon-HE\9.9.1-8\Saxon-HE-9.9.1-8.jar;C:\Users\MartinS\.m2\repository\com\fasterxml\jackson\core\jackson-annotations\2.10.5\jackson-annotations-2.10.5.jar;C:\Users\MartinS\.m2\repository\com\fasterxml\jackson\core\jackson-core\2.10.5\jackson-core-2.10.5.jar;C:\Users\MartinS\.m2\repository\com\fasterxml\jackson\core\jackson-databind\2.10.5\jackson-databind-2.10.5.jar;C:\Users\MartinS\.m2\repository\com\formdev\svgSalamander\1.1.2.3\svgSalamander-1.1.2.3.jar;C:\Users\MartinS\.m2\repository\com\github\ben-manes\caffeine\caffeine\2.8.8\caffeine-2.8.8.jar;C:\Users\MartinS\.m2\repository\org\checkerframework\checker-qual\3.8.0\checker-qual-3.8.0.jar;C:\Users\MartinS\.m2\repository\com\google\errorprone\error_prone_annotations\2.4.0\error_prone_annotations-2.4.0.jar;C:\Users\MartinS\.m2\repository\com\github\weisj\darklaf-core\2.5.4\darklaf-core-2.5.4.jar;C:\Users\MartinS\.m2\repository\com\github\weisj\darklaf-utils\2.5.4\darklaf-utils-2.5.4.jar;C:\Users\MartinS\.m2\repository\com\github\weisj\darklaf-native-utils\2.5.4\darklaf-native-utils-2.5.4.jar;C:\Users\MartinS\.m2\repository\com\github\weisj\darklaf-platform-base\2.5.4\darklaf-platform-base-2.5.4.jar;C:\Users\MartinS\.m2\repository\com\github\weisj\darklaf-windows\2.5.4\darklaf-windows-2.5.4.jar;C:\Users\MartinS\.m2\repository\net\java\dev\jna\jna\5.5.0\jna-5.5.0.jar;C:\Users\MartinS\.m2\repository\com\github\weisj\darklaf-macos\2.5.4\darklaf-macos-2.5.4.jar;C:\Users\MartinS\.m2\repository\org\swinglabs\jxlayer\3.0.4\jxlayer-3.0.4.jar;C:\Users\MartinS\.m2\repository\com\github\weisj\darklaf-theme\2.5.4\darklaf-theme-2.5.4.jar;C:\Users\MartinS\.m2\repository\com\github\weisj\darklaf-property-loader\2.5.4\darklaf-property-loader-2.5.4.jar;C:\Users\MartinS\.m2\repository\com\github\weisj\darklaf-extensions-rsyntaxarea\0.3.4\darklaf-extensions-rsyntaxarea-0.3.4.jar;C:\Users\MartinS\.m2\repository\com\miglayout\miglayout-swing\5.2\miglayout-swing-5.2.jar;C:\Users\MartinS\.m2\repository\com\miglayout\miglayout-core\5.2\miglayout-core-5.2.jar;C:\Users\MartinS\.m2\repository\org\apache\commons\commons-collections4\4.4\commons-collections4-4.4.jar;C:\Users\MartinS\.m2\repository\org\apache\commons\commons-math3\3.6.1\commons-math3-3.6.1.jar;C:\Users\MartinS\.m2\repository\org\apache\commons\commons-text\1.9\commons-text-1.9.jar;C:\Users\MartinS\.m2\repository\org\apache\tika\tika-core\1.24.1\tika-core-1.24.1.jar;C:\Users\MartinS\.m2\repository\org\apache\xmlgraphics\xmlgraphics-commons\2.3\xmlgraphics-commons-2.3.jar;C:\Users\MartinS\.m2\repository\org\freemarker\freemarker\2.3.30\freemarker-2.3.30.jar;C:\Users\MartinS\.m2\repository\org\jodd\jodd-core\5.0.13\jodd-core-5.0.13.jar;C:\Users\MartinS\.m2\repository\org\jodd\jodd-props\5.0.13\jodd-props-5.0.13.jar;C:\Users\MartinS\.m2\repository\org\mozilla\rhino\1.7.13\rhino-1.7.13.jar;C:\Users\MartinS\.m2\repository\org\slf4j\jcl-over-slf4j\1.7.30\jcl-over-slf4j-1.7.30.jar;C:\Users\MartinS\.m2\repository\org\codehaus\groovy\groovy-dateutil\3.0.7\groovy-dateutil-3.0.7.jar;C:\Users\MartinS\.m2\repository\org\codehaus\groovy\groovy-datetime\3.0.7\groovy-datetime-3.0.7.jar;C:\Users\MartinS\.m2\repository\org\codehaus\groovy\groovy-jmx\3.0.7\groovy-jmx-3.0.7.jar;C:\Users\MartinS\.m2\repository\org\codehaus\groovy\groovy-jsr223\3.0.7\groovy-jsr223-3.0.7.jar;C:\Users\MartinS\.m2\repository\org\codehaus\groovy\groovy-sql\3.0.7\groovy-sql-3.0.7.jar;C:\Users\MartinS\.m2\repository\org\codehaus\groovy\groovy-templates\3.0.7\groovy-templates-3.0.7.jar;C:\Users\MartinS\.m2\repository\org\apache\tika\tika-parsers\1.24.1\tika-parsers-1.24.1.jar;C:\Users\MartinS\.m2\repository\xerces\xercesImpl\2.12.0\xercesImpl-2.12.0.jar;C:\Users\MartinS\.m2\repository\xml-apis\xml-apis\1.4.01\xml-apis-1.4.01.jar;C:\Users\MartinS\.m2\repository\org\apache\jmeter\ApacheJMeter_http\5.4.1\ApacheJMeter_http-5.4.1.jar;C:\Users\MartinS\.m2\repository\org\apache\jmeter\ApacheJMeter_components\5.4.1\ApacheJMeter_components-5.4.1.jar;C:\Users\MartinS\.m2\repository\org\apache-extras\beanshell\bsh\2.0b6\bsh-2.0b6.jar;C:\Users\MartinS\.m2\repository\javax\mail\mail\1.5.0-b01\mail-1.5.0-b01.jar;C:\Users\MartinS\.m2\repository\io\burt\jmespath-core\0.5.0\jmespath-core-0.5.0.jar;C:\Users\MartinS\.m2\repository\io\burt\jmespath-jackson\0.5.0\jmespath-jackson-0.5.0.jar;C:\Users\MartinS\.m2\repository\jcharts\jcharts\0.7.5\jcharts-0.7.5.jar;C:\Users\MartinS\.m2\repository\net\minidev\json-smart\2.3\json-smart-2.3.jar;C:\Users\MartinS\.m2\repository\net\minidev\accessors-smart\1.2\accessors-smart-1.2.jar;C:\Users\MartinS\.m2\repository\org\apache\commons\commons-pool2\2.9.0\commons-pool2-2.9.0.jar;C:\Users\MartinS\.m2\repository\org\ow2\asm\asm\9.0\asm-9.0.jar;C:\Users\MartinS\.m2\repository\org\jodd\jodd-log\5.0.13\jodd-log-5.0.13.jar;C:\Users\MartinS\.m2\repository\com\jayway\jsonpath\json-path\2.4.0\json-path-2.4.0.jar;C:\Users\MartinS\.m2\repository\org\apache\httpcomponents\httpasyncclient\4.1.4\httpasyncclient-4.1.4.jar;C:\Users\MartinS\.m2\repository\org\apache\httpcomponents\httpcore-nio\4.4.13\httpcore-nio-4.4.13.jar;C:\Users\MartinS\.m2\repository\com\sun\activation\javax.activation\1.2.0\javax.activation-1.2.0.jar;C:\Users\MartinS\.m2\repository\org\jodd\jodd-lagarto\5.0.13\jodd-lagarto-5.0.13.jar;C:\Users\MartinS\.m2\repository\org\jsoup\jsoup\1.13.1\jsoup-1.13.1.jar;C:\Users\MartinS\.m2\repository\commons-net\commons-net\3.7.2\commons-net-3.7.2.jar;C:\Users\MartinS\.m2\repository\com\helger\ph-commons\9.5.1\ph-commons-9.5.1.jar;C:\Users\MartinS\.m2\repository\com\helger\ph-css\6.2.3\ph-css-6.2.3.jar;C:\Users\MartinS\.m2\repository\dnsjava\dnsjava\2.1.9\dnsjava-2.1.9.jar;C:\Users\MartinS\.m2\repository\org\apache\httpcomponents\httpcore\4.4.13\httpcore-4.4.13.jar;C:\Users\MartinS\.m2\repository\org\brotli\dec\0.1.2\dec-0.1.2.jar;C:\Users\MartinS\.m2\repository\org\eclipse\jgit\org.eclipse.jgit\5.12.0.202106070339-r\org.eclipse.jgit-5.12.0.202106070339-r.jar;C:\Users\MartinS\.m2\repository\com\googlecode\javaewah\JavaEWAH\1.1.7\JavaEWAH-1.1.7.jar;"/>
    <property name="sun.cpu.endian" value="little"/>
    <property name="user.home" value="C:\Users\MartinS"/>
    <property name="user.language" value="en"/>
    <property name="java.specification.vendor" value="Oracle Corporation"/>
    <property name="jdk.module.path" value="C:\Users\MartinS\OneDrive - 2i Limited\Jmeter_framework\generated-framework\target\generatedframework-1.0.0-SNAPSHOT.jar"/>
    <property name="java.version.date" value="2021-07-20"/>
    <property name="java.home" value="C:\Program Files\Amazon Corretto\jdk11.0.12_7"/>
    <property name="file.separator" value="\"/>
    <property name="basedir" value="C:\Users\MartinS\OneDrive - 2i Limited\Jmeter_framework\generated-framework"/>
    <property name="java.vm.compressedOopsMode" value="32-bit"/>
    <property name="line.separator" value="&#10;"/>
    <property name="java.specification.name" value="Java Platform API Specification"/>
    <property name="java.vm.specification.vendor" value="Oracle Corporation"/>
    <property name="java.awt.graphicsenv" value="sun.awt.Win32GraphicsEnvironment"/>
    <property name="surefire.real.class.path" value="C:\Users\MartinS\.m2\repository\org\apache\maven\surefire\surefire-booter\3.0.0-M5\surefire-booter-3.0.0-M5.jar;C:\Users\MartinS\.m2\repository\org\apache\maven\surefire\surefire-api\3.0.0-M5\surefire-api-3.0.0-M5.jar;C:\Users\MartinS\.m2\repository\org\apache\maven\surefire\surefire-logger-api\3.0.0-M5\surefire-logger-api-3.0.0-M5.jar;C:\Users\MartinS\.m2\repository\org\apache\maven\surefire\surefire-shared-utils\3.0.0-M4\surefire-shared-utils-3.0.0-M4.jar;C:\Users\MartinS\.m2\repository\org\apache\maven\surefire\surefire-extensions-spi\3.0.0-M5\surefire-extensions-spi-3.0.0-M5.jar;C:\Users\MartinS\OneDrive - 2i Limited\Jmeter_framework\generated-framework\target\test-classes;C:\Users\MartinS\.m2\repository\net\serenity-bdd\serenity-core\2.4.24\serenity-core-2.4.24.jar;C:\Users\MartinS\.m2\repository\net\serenity-bdd\serenity-model\2.4.24\serenity-model-2.4.24.jar;C:\Users\MartinS\.m2\repository\com\google\guava\guava\30.1-jre\guava-30.1-jre.jar;C:\Users\MartinS\.m2\repository\com\google\guava\failureaccess\1.0.1\failureaccess-1.0.1.jar;C:\Users\MartinS\.m2\repository\com\google\guava\listenablefuture\9999.0-empty-to-avoid-conflict-with-guava\listenablefuture-9999.0-empty-to-avoid-conflict-with-guava.jar;C:\Users\MartinS\.m2\repository\com\google\code\findbugs\jsr305\3.0.2\jsr305-3.0.2.jar;C:\Users\MartinS\.m2\repository\com\google\j2objc\j2objc-annotations\1.3\j2objc-annotations-1.3.jar;C:\Users\MartinS\.m2\repository\com\google\inject\guice\5.0.1\guice-5.0.1.jar;C:\Users\MartinS\.m2\repository\javax\inject\javax.inject\1\javax.inject-1.jar;C:\Users\MartinS\.m2\repository\aopalliance\aopalliance\1.0\aopalliance-1.0.jar;C:\Users\MartinS\.m2\repository\io\cucumber\cucumber-core\6.10.2\cucumber-core-6.10.2.jar;C:\Users\MartinS\.m2\repository\io\cucumber\cucumber-gherkin\6.10.2\cucumber-gherkin-6.10.2.jar;C:\Users\MartinS\.m2\repository\io\cucumber\cucumber-gherkin-messages\6.10.2\cucumber-gherkin-messages-6.10.2.jar;C:\Users\MartinS\.m2\repository\io\cucumber\messages\14.0.1\messages-14.0.1.jar;C:\Users\MartinS\.m2\repository\io\cucumber\tag-expressions\3.0.0\tag-expressions-3.0.0.jar;C:\Users\MartinS\.m2\repository\io\cucumber\cucumber-expressions\10.3.0\cucumber-expressions-10.3.0.jar;C:\Users\MartinS\.m2\repository\io\cucumber\cucumber-plugin\6.10.2\cucumber-plugin-6.10.2.jar;C:\Users\MartinS\.m2\repository\io\cucumber\docstring\6.10.2\docstring-6.10.2.jar;C:\Users\MartinS\.m2\repository\io\cucumber\html-formatter\12.0.0\html-formatter-12.0.0.jar;C:\Users\MartinS\.m2\repository\io\cucumber\create-meta\3.0.0\create-meta-3.0.0.jar;C:\Users\MartinS\.m2\repository\com\typesafe\config\1.3.1\config-1.3.1.jar;C:\Users\MartinS\.m2\repository\org\imgscalr\imgscalr-lib\4.2\imgscalr-lib-4.2.jar;C:\Users\MartinS\.m2\repository\org\awaitility\awaitility\4.0.3\awaitility-4.0.3.jar;C:\Users\MartinS\.m2\repository\net\sourceforge\jexcelapi\jxl\2.6.12\jxl-2.6.12.jar;C:\Users\MartinS\.m2\repository\org\asciidoctor\asciidoctorj\1.5.6\asciidoctorj-1.5.6.jar;C:\Users\MartinS\.m2\repository\org\jruby\jruby-complete\1.7.26\jruby-complete-1.7.26.jar;C:\Users\MartinS\.m2\repository\net\bytebuddy\byte-buddy\1.10.10\byte-buddy-1.10.10.jar;C:\Users\MartinS\.m2\repository\net\bytebuddy\byte-buddy-agent\1.10.10\byte-buddy-agent-1.10.10.jar;C:\Users\MartinS\.m2\repository\org\objenesis\objenesis\3.1\objenesis-3.1.jar;C:\Users\MartinS\.m2\repository\net\serenity-bdd\serenity-reports\2.4.24\serenity-reports-2.4.24.jar;C:\Users\MartinS\.m2\repository\net\serenity-bdd\serenity-stats\2.4.24\serenity-stats-2.4.24.jar;C:\Users\MartinS\.m2\repository\net\serenity-bdd\serenity-reports-configuration\2.4.24\serenity-reports-configuration-2.4.24.jar;C:\Users\MartinS\.m2\repository\com\vladsch\flexmark\flexmark-all\0.34.30\flexmark-all-0.34.30.jar;C:\Users\MartinS\.m2\repository\com\vladsch\flexmark\flexmark\0.34.30\flexmark-0.34.30.jar;C:\Users\MartinS\.m2\repository\com\vladsch\flexmark\flexmark-ext-abbreviation\0.34.30\flexmark-ext-abbreviation-0.34.30.jar;C:\Users\MartinS\.m2\repository\com\vladsch\flexmark\flexmark-ext-admonition\0.34.30\flexmark-ext-admonition-0.34.30.jar;C:\Users\MartinS\.m2\repository\com\vladsch\flexmark\flexmark-ext-anchorlink\0.34.30\flexmark-ext-anchorlink-0.34.30.jar;C:\Users\MartinS\.m2\repository\com\vladsch\flexmark\flexmark-ext-aside\0.34.30\flexmark-ext-aside-0.34.30.jar;C:\Users\MartinS\.m2\repository\com\vladsch\flexmark\flexmark-ext-attributes\0.34.30\flexmark-ext-attributes-0.34.30.jar;C:\Users\MartinS\.m2\repository\com\vladsch\flexmark\flexmark-ext-autolink\0.34.30\flexmark-ext-autolink-0.34.30.jar;C:\Users\MartinS\.m2\repository\org\nibor\autolink\autolink\0.6.0\autolink-0.6.0.jar;C:\Users\MartinS\.m2\repository\com\vladsch\flexmark\flexmark-ext-definition\0.34.30\flexmark-ext-definition-0.34.30.jar;C:\Users\MartinS\.m2\repository\com\vladsch\flexmark\flexmark-ext-emoji\0.34.30\flexmark-ext-emoji-0.34.30.jar;C:\Users\MartinS\.m2\repository\com\vladsch\flexmark\flexmark-ext-enumerated-reference\0.34.30\flexmark-ext-enumerated-reference-0.34.30.jar;C:\Users\MartinS\.m2\repository\com\vladsch\flexmark\flexmark-ext-escaped-character\0.34.30\flexmark-ext-escaped-character-0.34.30.jar;C:\Users\MartinS\.m2\repository\com\vladsch\flexmark\flexmark-ext-footnotes\0.34.30\flexmark-ext-footnotes-0.34.30.jar;C:\Users\MartinS\.m2\repository\com\vladsch\flexmark\flexmark-ext-gfm-issues\0.34.30\flexmark-ext-gfm-issues-0.34.30.jar;C:\Users\MartinS\.m2\repository\com\vladsch\flexmark\flexmark-ext-gfm-strikethrough\0.34.30\flexmark-ext-gfm-strikethrough-0.34.30.jar;C:\Users\MartinS\.m2\repository\com\vladsch\flexmark\flexmark-ext-gfm-tables\0.34.30\flexmark-ext-gfm-tables-0.34.30.jar;C:\Users\MartinS\.m2\repository\com\vladsch\flexmark\flexmark-ext-gfm-tasklist\0.34.30\flexmark-ext-gfm-tasklist-0.34.30.jar;C:\Users\MartinS\.m2\repository\com\vladsch\flexmark\flexmark-ext-gfm-users\0.34.30\flexmark-ext-gfm-users-0.34.30.jar;C:\Users\MartinS\.m2\repository\com\vladsch\flexmark\flexmark-ext-gitlab\0.34.30\flexmark-ext-gitlab-0.34.30.jar;C:\Users\MartinS\.m2\repository\com\vladsch\flexmark\flexmark-ext-jekyll-front-matter\0.34.30\flexmark-ext-jekyll-front-matter-0.34.30.jar;C:\Users\MartinS\.m2\repository\com\vladsch\flexmark\flexmark-ext-jekyll-tag\0.34.30\flexmark-ext-jekyll-tag-0.34.30.jar;C:\Users\MartinS\.m2\repository\com\vladsch\flexmark\flexmark-ext-media-tags\0.34.30\flexmark-ext-media-tags-0.34.30.jar;C:\Users\MartinS\.m2\repository\com\vladsch\flexmark\flexmark-test-util\0.34.30\flexmark-test-util-0.34.30.jar;C:\Users\MartinS\.m2\repository\com\vladsch\flexmark\flexmark-ext-ins\0.34.30\flexmark-ext-ins-0.34.30.jar;C:\Users\MartinS\.m2\repository\com\vladsch\flexmark\flexmark-ext-xwiki-macros\0.34.30\flexmark-ext-xwiki-macros-0.34.30.jar;C:\Users\MartinS\.m2\repository\com\vladsch\flexmark\flexmark-ext-superscript\0.34.30\flexmark-ext-superscript-0.34.30.jar;C:\Users\MartinS\.m2\repository\com\vladsch\flexmark\flexmark-ext-tables\0.34.30\flexmark-ext-tables-0.34.30.jar;C:\Users\MartinS\.m2\repository\com\vladsch\flexmark\flexmark-ext-toc\0.34.30\flexmark-ext-toc-0.34.30.jar;C:\Users\MartinS\.m2\repository\com\vladsch\flexmark\flexmark-ext-typographic\0.34.30\flexmark-ext-typographic-0.34.30.jar;C:\Users\MartinS\.m2\repository\com\vladsch\flexmark\flexmark-ext-wikilink\0.34.30\flexmark-ext-wikilink-0.34.30.jar;C:\Users\MartinS\.m2\repository\com\vladsch\flexmark\flexmark-ext-yaml-front-matter\0.34.30\flexmark-ext-yaml-front-matter-0.34.30.jar;C:\Users\MartinS\.m2\repository\com\vladsch\flexmark\flexmark-ext-youtube-embedded\0.34.30\flexmark-ext-youtube-embedded-0.34.30.jar;C:\Users\MartinS\.m2\repository\com\vladsch\flexmark\flexmark-formatter\0.34.30\flexmark-formatter-0.34.30.jar;C:\Users\MartinS\.m2\repository\com\vladsch\flexmark\flexmark-html-parser\0.34.30\flexmark-html-parser-0.34.30.jar;C:\Users\MartinS\.m2\repository\com\vladsch\flexmark\flexmark-jira-converter\0.34.30\flexmark-jira-converter-0.34.30.jar;C:\Users\MartinS\.m2\repository\com\vladsch\flexmark\flexmark-pdf-converter\0.34.30\flexmark-pdf-converter-0.34.30.jar;C:\Users\MartinS\.m2\repository\com\openhtmltopdf\openhtmltopdf-core\0.0.1-RC13\openhtmltopdf-core-0.0.1-RC13.jar;C:\Users\MartinS\.m2\repository\com\openhtmltopdf\openhtmltopdf-pdfbox\0.0.1-RC13\openhtmltopdf-pdfbox-0.0.1-RC13.jar;C:\Users\MartinS\.m2\repository\org\apache\pdfbox\pdfbox\2.0.8\pdfbox-2.0.8.jar;C:\Users\MartinS\.m2\repository\org\apache\pdfbox\fontbox\2.0.8\fontbox-2.0.8.jar;C:\Users\MartinS\.m2\repository\org\apache\pdfbox\xmpbox\2.0.8\xmpbox-2.0.8.jar;C:\Users\MartinS\.m2\repository\de\rototor\pdfbox\graphics2d\0.12\graphics2d-0.12.jar;C:\Users\MartinS\.m2\repository\com\openhtmltopdf\openhtmltopdf-rtl-support\0.0.1-RC13\openhtmltopdf-rtl-support-0.0.1-RC13.jar;C:\Users\MartinS\.m2\repository\com\ibm\icu\icu4j\59.1\icu4j-59.1.jar;C:\Users\MartinS\.m2\repository\com\openhtmltopdf\openhtmltopdf-jsoup-dom-converter\0.0.1-RC13\openhtmltopdf-jsoup-dom-converter-0.0.1-RC13.jar;C:\Users\MartinS\.m2\repository\com\vladsch\flexmark\flexmark-profile-pegdown\0.34.30\flexmark-profile-pegdown-0.34.30.jar;C:\Users\MartinS\.m2\repository\com\vladsch\flexmark\flexmark-util\0.34.30\flexmark-util-0.34.30.jar;C:\Users\MartinS\.m2\repository\com\vladsch\flexmark\flexmark-youtrack-converter\0.34.30\flexmark-youtrack-converter-0.34.30.jar;C:\Users\MartinS\.m2\repository\es\nitaur\markdown\txtmark\0.16\txtmark-0.16.jar;C:\Users\MartinS\.m2\repository\net\serenity-bdd\serenity-report-resources\2.4.24\serenity-report-resources-2.4.24.jar;C:\Users\MartinS\.m2\repository\com\google\code\gson\gson\2.8.6\gson-2.8.6.jar;C:\Users\MartinS\.m2\repository\commons-codec\commons-codec\1.15\commons-codec-1.15.jar;C:\Users\MartinS\.m2\repository\commons-io\commons-io\2.8.0\commons-io-2.8.0.jar;C:\Users\MartinS\.m2\repository\org\seleniumhq\selenium\selenium-server\3.141.59\selenium-server-3.141.59.jar;C:\Users\MartinS\.m2\repository\org\seleniumhq\selenium\selenium-opera-driver\3.141.59\selenium-opera-driver-3.141.59.jar;C:\Users\MartinS\.m2\repository\org\seleniumhq\selenium\selenium-remote-driver\3.141.59\selenium-remote-driver-3.141.59.jar;C:\Users\MartinS\.m2\repository\org\seleniumhq\selenium\selenium-safari-driver\3.141.59\selenium-safari-driver-3.141.59.jar;C:\Users\MartinS\.m2\repository\com\beust\jcommander\1.72\jcommander-1.72.jar;C:\Users\MartinS\.m2\repository\org\apache\commons\commons-exec\1.3\commons-exec-1.3.jar;C:\Users\MartinS\.m2\repository\net\jcip\jcip-annotations\1.0\jcip-annotations-1.0.jar;C:\Users\MartinS\.m2\repository\org\seleniumhq\selenium\jetty-repacked\9.4.12.v20180830\jetty-repacked-9.4.12.v20180830.jar;C:\Users\MartinS\.m2\repository\com\squareup\okhttp3\okhttp\3.11.0\okhttp-3.11.0.jar;C:\Users\MartinS\.m2\repository\com\squareup\okio\okio\1.14.0\okio-1.14.0.jar;C:\Users\MartinS\.m2\repository\javax\servlet\javax.servlet-api\3.1.0\javax.servlet-api-3.1.0.jar;C:\Users\MartinS\.m2\repository\org\yaml\snakeyaml\1.19\snakeyaml-1.19.jar;C:\Users\MartinS\.m2\repository\org\seleniumhq\selenium\selenium-java\3.141.59\selenium-java-3.141.59.jar;C:\Users\MartinS\.m2\repository\org\seleniumhq\selenium\selenium-api\3.141.59\selenium-api-3.141.59.jar;C:\Users\MartinS\.m2\repository\org\seleniumhq\selenium\selenium-support\3.141.59\selenium-support-3.141.59.jar;C:\Users\MartinS\.m2\repository\org\seleniumhq\selenium\selenium-chrome-driver\3.141.59\selenium-chrome-driver-3.141.59.jar;C:\Users\MartinS\.m2\repository\org\seleniumhq\selenium\selenium-firefox-driver\3.141.59\selenium-firefox-driver-3.141.59.jar;C:\Users\MartinS\.m2\repository\org\seleniumhq\selenium\selenium-edge-driver\3.141.59\selenium-edge-driver-3.141.59.jar;C:\Users\MartinS\.m2\repository\org\seleniumhq\selenium\selenium-ie-driver\3.141.59\selenium-ie-driver-3.141.59.jar;C:\Users\MartinS\.m2\repository\net\sourceforge\htmlunit\htmlunit\2.47.1\htmlunit-2.47.1.jar;C:\Users\MartinS\.m2\repository\net\sourceforge\htmlunit\htmlunit-core-js\2.47.0\htmlunit-core-js-2.47.0.jar;C:\Users\MartinS\.m2\repository\net\sourceforge\htmlunit\neko-htmlunit\2.47.1\neko-htmlunit-2.47.1.jar;C:\Users\MartinS\.m2\repository\net\sourceforge\htmlunit\htmlunit-cssparser\1.7.0\htmlunit-cssparser-1.7.0.jar;C:\Users\MartinS\.m2\repository\com\shapesecurity\salvation2\3.0.0\salvation2-3.0.0.jar;C:\Users\MartinS\.m2\repository\org\eclipse\jetty\websocket\websocket-client\9.4.36.v20210114\websocket-client-9.4.36.v20210114.jar;C:\Users\MartinS\.m2\repository\org\eclipse\jetty\jetty-client\9.4.36.v20210114\jetty-client-9.4.36.v20210114.jar;C:\Users\MartinS\.m2\repository\org\eclipse\jetty\jetty-http\9.4.36.v20210114\jetty-http-9.4.36.v20210114.jar;C:\Users\MartinS\.m2\repository\org\eclipse\jetty\jetty-util\9.4.36.v20210114\jetty-util-9.4.36.v20210114.jar;C:\Users\MartinS\.m2\repository\org\eclipse\jetty\jetty-io\9.4.36.v20210114\jetty-io-9.4.36.v20210114.jar;C:\Users\MartinS\.m2\repository\org\eclipse\jetty\websocket\websocket-common\9.4.36.v20210114\websocket-common-9.4.36.v20210114.jar;C:\Users\MartinS\.m2\repository\org\eclipse\jetty\websocket\websocket-api\9.4.36.v20210114\websocket-api-9.4.36.v20210114.jar;C:\Users\MartinS\.m2\repository\org\seleniumhq\selenium\htmlunit-driver\2.47.1\htmlunit-driver-2.47.1.jar;C:\Users\MartinS\.m2\repository\com\codeborne\phantomjsdriver\1.4.4\phantomjsdriver-1.4.4.jar;C:\Users\MartinS\.m2\repository\io\appium\java-client\7.5.1\java-client-7.5.1.jar;C:\Users\MartinS\.m2\repository\commons-validator\commons-validator\1.7\commons-validator-1.7.jar;C:\Users\MartinS\.m2\repository\commons-digester\commons-digester\2.1\commons-digester-2.1.jar;C:\Users\MartinS\.m2\repository\org\aspectj\aspectjweaver\1.9.6\aspectjweaver-1.9.6.jar;C:\Users\MartinS\.m2\repository\org\codehaus\groovy\groovy\3.0.8\groovy-3.0.8.jar;C:\Users\MartinS\.m2\repository\net\sf\opencsv\opencsv\2.0\opencsv-2.0.jar;C:\Users\MartinS\.m2\repository\commons-beanutils\commons-beanutils\1.9.4\commons-beanutils-1.9.4.jar;C:\Users\MartinS\.m2\repository\org\apache\commons\commons-lang3\3.11\commons-lang3-3.11.jar;C:\Users\MartinS\.m2\repository\commons-collections\commons-collections\3.2.2\commons-collections-3.2.2.jar;C:\Users\MartinS\.m2\repository\org\fluentlenium\fluentlenium-core\0.10.2\fluentlenium-core-0.10.2.jar;C:\Users\MartinS\.m2\repository\io\github\bonigarcia\webdrivermanager\4.4.1\webdrivermanager-4.4.1.jar;C:\Users\MartinS\.m2\repository\org\apache\httpcomponents\client5\httpclient5\5.0.3\httpclient5-5.0.3.jar;C:\Users\MartinS\.m2\repository\org\apache\httpcomponents\core5\httpcore5\5.0.2\httpcore5-5.0.2.jar;C:\Users\MartinS\.m2\repository\org\apache\httpcomponents\core5\httpcore5-h2\5.0.2\httpcore5-h2-5.0.2.jar;C:\Users\MartinS\.m2\repository\org\rauschig\jarchivelib\1.1.0\jarchivelib-1.1.0.jar;C:\Users\MartinS\.m2\repository\org\apache\commons\commons-compress\1.20\commons-compress-1.20.jar;C:\Users\MartinS\.m2\repository\com\jhlabs\filters\2.0.235\filters-2.0.235.jar;C:\Users\MartinS\.m2\repository\com\assertthat\selenium-shutterbug\1.4\selenium-shutterbug-1.4.jar;C:\Users\MartinS\.m2\repository\org\projectlombok\lombok\1.18.8\lombok-1.18.8.jar;C:\Users\MartinS\.m2\repository\com\github\zafarkhaja\java-semver\0.9.0\java-semver-0.9.0.jar;C:\Users\MartinS\.m2\repository\ru\yandex\qatools\ashot\ashot\1.5.4\ashot-1.5.4.jar;C:\Users\MartinS\.m2\repository\com\paulhammant\ngwebdriver\1.1.5\ngwebdriver-1.1.5.jar;C:\Users\MartinS\.m2\repository\joda-time\joda-time\2.8.2\joda-time-2.8.2.jar;C:\Users\MartinS\.m2\repository\org\hamcrest\hamcrest\2.2\hamcrest-2.2.jar;C:\Users\MartinS\.m2\repository\com\google\jimfs\jimfs\1.1\jimfs-1.1.jar;C:\Users\MartinS\.m2\repository\org\mockito\mockito-core\3.3.3\mockito-core-3.3.3.jar;C:\Users\MartinS\.m2\repository\javax\xml\bind\jaxb-api\2.3.1\jaxb-api-2.3.1.jar;C:\Users\MartinS\.m2\repository\javax\activation\javax.activation-api\1.2.0\javax.activation-api-1.2.0.jar;C:\Users\MartinS\.m2\repository\com\sun\xml\bind\jaxb-core\2.3.0.1\jaxb-core-2.3.0.1.jar;C:\Users\MartinS\.m2\repository\com\sun\xml\bind\jaxb-impl\2.3.3\jaxb-impl-2.3.3.jar;C:\Users\MartinS\.m2\repository\jakarta\xml\bind\jakarta.xml.bind-api\2.3.3\jakarta.xml.bind-api-2.3.3.jar;C:\Users\MartinS\.m2\repository\com\sun\activation\jakarta.activation\1.2.2\jakarta.activation-1.2.2.jar;C:\Users\MartinS\.m2\repository\javax\activation\activation\1.1.1\activation-1.1.1.jar;C:\Users\MartinS\.m2\repository\net\serenity-bdd\serenity-cucumber6\2.4.24\serenity-cucumber6-2.4.24.jar;C:\Users\MartinS\.m2\repository\io\cucumber\cucumber-java\6.10.2\cucumber-java-6.10.2.jar;C:\Users\MartinS\.m2\repository\io\cucumber\cucumber-junit\6.10.2\cucumber-junit-6.10.2.jar;C:\Users\MartinS\.m2\repository\io\cucumber\datatable-matchers\3.4.0\datatable-matchers-3.4.0.jar;C:\Users\MartinS\.m2\repository\io\cucumber\datatable\3.4.0\datatable-3.4.0.jar;C:\Users\MartinS\.m2\repository\commons-logging\commons-logging\1.2\commons-logging-1.2.jar;C:\Users\MartinS\.m2\repository\org\apache\commons\commons-csv\1.5\commons-csv-1.5.jar;C:\Users\MartinS\.m2\repository\net\serenity-bdd\serenity-screenplay\2.4.24\serenity-screenplay-2.4.24.jar;C:\Users\MartinS\.m2\repository\net\serenity-bdd\serenity-screenplay-webdriver\2.4.24\serenity-screenplay-webdriver-2.4.24.jar;C:\Users\MartinS\.m2\repository\net\serenity-bdd\serenity-ensure\2.4.24\serenity-ensure-2.4.24.jar;C:\Users\MartinS\.m2\repository\net\serenity-bdd\serenity-junit\2.4.24\serenity-junit-2.4.24.jar;C:\Users\MartinS\.m2\repository\org\jetbrains\kotlin\kotlin-stdlib\1.4.31\kotlin-stdlib-1.4.31.jar;C:\Users\MartinS\.m2\repository\org\jetbrains\kotlin\kotlin-stdlib-common\1.4.31\kotlin-stdlib-common-1.4.31.jar;C:\Users\MartinS\.m2\repository\org\jetbrains\annotations\13.0\annotations-13.0.jar;C:\Users\MartinS\.m2\repository\junit\junit\4.13.1\junit-4.13.1.jar;C:\Users\MartinS\.m2\repository\org\hamcrest\hamcrest-core\1.3\hamcrest-core-1.3.jar;C:\Users\MartinS\.m2\repository\ch\qos\logback\logback-classic\1.0.13\logback-classic-1.0.13.jar;C:\Users\MartinS\.m2\repository\ch\qos\logback\logback-core\1.0.13\logback-core-1.0.13.jar;C:\Users\MartinS\.m2\repository\org\slf4j\slf4j-api\1.7.5\slf4j-api-1.7.5.jar;C:\Users\MartinS\.m2\repository\org\assertj\assertj-core\3.6.2\assertj-core-3.6.2.jar;C:\Users\MartinS\.m2\repository\io\rest-assured\rest-assured\4.3.2\rest-assured-4.3.2.jar;C:\Users\MartinS\.m2\repository\org\codehaus\groovy\groovy-xml\3.0.6\groovy-xml-3.0.6.jar;C:\Users\MartinS\.m2\repository\org\apache\httpcomponents\httpclient\4.5.3\httpclient-4.5.3.jar;C:\Users\MartinS\.m2\repository\org\apache\httpcomponents\httpmime\4.5.3\httpmime-4.5.3.jar;C:\Users\MartinS\.m2\repository\org\ccil\cowan\tagsoup\tagsoup\1.2.1\tagsoup-1.2.1.jar;C:\Users\MartinS\.m2\repository\io\rest-assured\json-path\4.3.2\json-path-4.3.2.jar;C:\Users\MartinS\.m2\repository\io\rest-assured\rest-assured-common\4.3.2\rest-assured-common-4.3.2.jar;C:\Users\MartinS\.m2\repository\io\rest-assured\xml-path\4.3.2\xml-path-4.3.2.jar;C:\Users\MartinS\.m2\repository\net\serenity-bdd\serenity-rest-assured\2.4.34\serenity-rest-assured-2.4.34.jar;C:\Users\MartinS\.m2\repository\org\codehaus\groovy\groovy-json\3.0.8\groovy-json-3.0.8.jar;C:\Users\MartinS\.m2\repository\org\opentest4j\opentest4j\1.2.0\opentest4j-1.2.0.jar;C:\Users\MartinS\.m2\repository\org\twoi\2icallhome-maven-plugin\1.2\2icallhome-maven-plugin-1.2.jar;C:\Users\MartinS\.m2\repository\org\apache\jmeter\ApacheJMeter_java\5.4.1\ApacheJMeter_java-5.4.1.jar;C:\Users\MartinS\.m2\repository\org\apache\jmeter\ApacheJMeter_core\5.4.1\ApacheJMeter_core-5.4.1.jar;C:\Users\MartinS\.m2\repository\org\apache\jmeter\ApacheJMeter\5.4.1\ApacheJMeter-5.4.1.jar;C:\Users\MartinS\.m2\repository\org\apache\jmeter\jorphan\5.4.1\jorphan-5.4.1.jar;C:\Users\MartinS\.m2\repository\bsf\bsf\2.4.0\bsf-2.4.0.jar;C:\Users\MartinS\.m2\repository\com\fifesoft\rsyntaxtextarea\3.1.1\rsyntaxtextarea-3.1.1.jar;C:\Users\MartinS\.m2\repository\net\sf\jtidy\jtidy\r938\jtidy-r938.jar;C:\Users\MartinS\.m2\repository\com\thoughtworks\xstream\xstream\1.4.15\xstream-1.4.15.jar;C:\Users\MartinS\.m2\repository\xmlpull\xmlpull\1.1.3.1\xmlpull-1.1.3.1.jar;C:\Users\MartinS\.m2\repository\xpp3\xpp3_min\1.1.4c\xpp3_min-1.1.4c.jar;C:\Users\MartinS\.m2\repository\org\apache\logging\log4j\log4j-1.2-api\2.13.3\log4j-1.2-api-2.13.3.jar;C:\Users\MartinS\.m2\repository\org\apache\logging\log4j\log4j-api\2.13.3\log4j-api-2.13.3.jar;C:\Users\MartinS\.m2\repository\org\apache\logging\log4j\log4j-core\2.13.3\log4j-core-2.13.3.jar;C:\Users\MartinS\.m2\repository\org\apache\logging\log4j\log4j-slf4j-impl\2.13.3\log4j-slf4j-impl-2.13.3.jar;C:\Users\MartinS\.m2\repository\org\apiguardian\apiguardian-api\1.1.0\apiguardian-api-1.1.0.jar;C:\Users\MartinS\.m2\repository\oro\oro\2.0.8\oro-2.0.8.jar;C:\Users\MartinS\.m2\repository\xalan\xalan\2.7.2\xalan-2.7.2.jar;C:\Users\MartinS\.m2\repository\xalan\serializer\2.7.2\serializer-2.7.2.jar;C:\Users\MartinS\.m2\repository\net\sf\saxon\Saxon-HE\9.9.1-8\Saxon-HE-9.9.1-8.jar;C:\Users\MartinS\.m2\repository\com\fasterxml\jackson\core\jackson-annotations\2.10.5\jackson-annotations-2.10.5.jar;C:\Users\MartinS\.m2\repository\com\fasterxml\jackson\core\jackson-core\2.10.5\jackson-core-2.10.5.jar;C:\Users\MartinS\.m2\repository\com\fasterxml\jackson\core\jackson-databind\2.10.5\jackson-databind-2.10.5.jar;C:\Users\MartinS\.m2\repository\com\formdev\svgSalamander\1.1.2.3\svgSalamander-1.1.2.3.jar;C:\Users\MartinS\.m2\repository\com\github\ben-manes\caffeine\caffeine\2.8.8\caffeine-2.8.8.jar;C:\Users\MartinS\.m2\repository\org\checkerframework\checker-qual\3.8.0\checker-qual-3.8.0.jar;C:\Users\MartinS\.m2\repository\com\google\errorprone\error_prone_annotations\2.4.0\error_prone_annotations-2.4.0.jar;C:\Users\MartinS\.m2\repository\com\github\weisj\darklaf-core\2.5.4\darklaf-core-2.5.4.jar;C:\Users\MartinS\.m2\repository\com\github\weisj\darklaf-utils\2.5.4\darklaf-utils-2.5.4.jar;C:\Users\MartinS\.m2\repository\com\github\weisj\darklaf-native-utils\2.5.4\darklaf-native-utils-2.5.4.jar;C:\Users\MartinS\.m2\repository\com\github\weisj\darklaf-platform-base\2.5.4\darklaf-platform-base-2.5.4.jar;C:\Users\MartinS\.m2\repository\com\github\weisj\darklaf-windows\2.5.4\darklaf-windows-2.5.4.jar;C:\Users\MartinS\.m2\repository\net\java\dev\jna\jna\5.5.0\jna-5.5.0.jar;C:\Users\MartinS\.m2\repository\com\github\weisj\darklaf-macos\2.5.4\darklaf-macos-2.5.4.jar;C:\Users\MartinS\.m2\repository\org\swinglabs\jxlayer\3.0.4\jxlayer-3.0.4.jar;C:\Users\MartinS\.m2\repository\com\github\weisj\darklaf-theme\2.5.4\darklaf-theme-2.5.4.jar;C:\Users\MartinS\.m2\repository\com\github\weisj\darklaf-property-loader\2.5.4\darklaf-property-loader-2.5.4.jar;C:\Users\MartinS\.m2\repository\com\github\weisj\darklaf-extensions-rsyntaxarea\0.3.4\darklaf-extensions-rsyntaxarea-0.3.4.jar;C:\Users\MartinS\.m2\repository\com\miglayout\miglayout-swing\5.2\miglayout-swing-5.2.jar;C:\Users\MartinS\.m2\repository\com\miglayout\miglayout-core\5.2\miglayout-core-5.2.jar;C:\Users\MartinS\.m2\repository\org\apache\commons\commons-collections4\4.4\commons-collections4-4.4.jar;C:\Users\MartinS\.m2\repository\org\apache\commons\commons-math3\3.6.1\commons-math3-3.6.1.jar;C:\Users\MartinS\.m2\repository\org\apache\commons\commons-text\1.9\commons-text-1.9.jar;C:\Users\MartinS\.m2\repository\org\apache\tika\tika-core\1.24.1\tika-core-1.24.1.jar;C:\Users\MartinS\.m2\repository\org\apache\xmlgraphics\xmlgraphics-commons\2.3\xmlgraphics-commons-2.3.jar;C:\Users\MartinS\.m2\repository\org\freemarker\freemarker\2.3.30\freemarker-2.3.30.jar;C:\Users\MartinS\.m2\repository\org\jodd\jodd-core\5.0.13\jodd-core-5.0.13.jar;C:\Users\MartinS\.m2\repository\org\jodd\jodd-props\5.0.13\jodd-props-5.0.13.jar;C:\Users\MartinS\.m2\repository\org\mozilla\rhino\1.7.13\rhino-1.7.13.jar;C:\Users\MartinS\.m2\repository\org\slf4j\jcl-over-slf4j\1.7.30\jcl-over-slf4j-1.7.30.jar;C:\Users\MartinS\.m2\repository\org\codehaus\groovy\groovy-dateutil\3.0.7\groovy-dateutil-3.0.7.jar;C:\Users\MartinS\.m2\repository\org\codehaus\groovy\groovy-datetime\3.0.7\groovy-datetime-3.0.7.jar;C:\Users\MartinS\.m2\repository\org\codehaus\groovy\groovy-jmx\3.0.7\groovy-jmx-3.0.7.jar;C:\Users\MartinS\.m2\repository\org\codehaus\groovy\groovy-jsr223\3.0.7\groovy-jsr223-3.0.7.jar;C:\Users\MartinS\.m2\repository\org\codehaus\groovy\groovy-sql\3.0.7\groovy-sql-3.0.7.jar;C:\Users\MartinS\.m2\repository\org\codehaus\groovy\groovy-templates\3.0.7\groovy-templates-3.0.7.jar;C:\Users\MartinS\.m2\repository\org\apache\tika\tika-parsers\1.24.1\tika-parsers-1.24.1.jar;C:\Users\MartinS\.m2\repository\xerces\xercesImpl\2.12.0\xercesImpl-2.12.0.jar;C:\Users\MartinS\.m2\repository\xml-apis\xml-apis\1.4.01\xml-apis-1.4.01.jar;C:\Users\MartinS\.m2\repository\org\apache\jmeter\ApacheJMeter_http\5.4.1\ApacheJMeter_http-5.4.1.jar;C:\Users\MartinS\.m2\repository\org\apache\jmeter\ApacheJMeter_components\5.4.1\ApacheJMeter_components-5.4.1.jar;C:\Users\MartinS\.m2\repository\org\apache-extras\beanshell\bsh\2.0b6\bsh-2.0b6.jar;C:\Users\MartinS\.m2\repository\javax\mail\mail\1.5.0-b01\mail-1.5.0-b01.jar;C:\Users\MartinS\.m2\repository\io\burt\jmespath-core\0.5.0\jmespath-core-0.5.0.jar;C:\Users\MartinS\.m2\repository\io\burt\jmespath-jackson\0.5.0\jmespath-jackson-0.5.0.jar;C:\Users\MartinS\.m2\repository\jcharts\jcharts\0.7.5\jcharts-0.7.5.jar;C:\Users\MartinS\.m2\repository\net\minidev\json-smart\2.3\json-smart-2.3.jar;C:\Users\MartinS\.m2\repository\net\minidev\accessors-smart\1.2\accessors-smart-1.2.jar;C:\Users\MartinS\.m2\repository\org\apache\commons\commons-pool2\2.9.0\commons-pool2-2.9.0.jar;C:\Users\MartinS\.m2\repository\org\ow2\asm\asm\9.0\asm-9.0.jar;C:\Users\MartinS\.m2\repository\org\jodd\jodd-log\5.0.13\jodd-log-5.0.13.jar;C:\Users\MartinS\.m2\repository\com\jayway\jsonpath\json-path\2.4.0\json-path-2.4.0.jar;C:\Users\MartinS\.m2\repository\org\apache\httpcomponents\httpasyncclient\4.1.4\httpasyncclient-4.1.4.jar;C:\Users\MartinS\.m2\repository\org\apache\httpcomponents\httpcore-nio\4.4.13\httpcore-nio-4.4.13.jar;C:\Users\MartinS\.m2\repository\com\sun\activation\javax.activation\1.2.0\javax.activation-1.2.0.jar;C:\Users\MartinS\.m2\repository\org\jodd\jodd-lagarto\5.0.13\jodd-lagarto-5.0.13.jar;C:\Users\MartinS\.m2\repository\org\jsoup\jsoup\1.13.1\jsoup-1.13.1.jar;C:\Users\MartinS\.m2\repository\commons-net\commons-net\3.7.2\commons-net-3.7.2.jar;C:\Users\MartinS\.m2\repository\com\helger\ph-commons\9.5.1\ph-commons-9.5.1.jar;C:\Users\MartinS\.m2\repository\com\helger\ph-css\6.2.3\ph-css-6.2.3.jar;C:\Users\MartinS\.m2\repository\dnsjava\dnsjava\2.1.9\dnsjava-2.1.9.jar;C:\Users\MartinS\.m2\repository\org\apache\httpcomponents\httpcore\4.4.13\httpcore-4.4.13.jar;C:\Users\MartinS\.m2\repository\org\brotli\dec\0.1.2\dec-0.1.2.jar;C:\Users\MartinS\.m2\repository\org\eclipse\jgit\org.eclipse.jgit\5.12.0.202106070339-r\org.eclipse.jgit-5.12.0.202106070339-r.jar;C:\Users\MartinS\.m2\repository\com\googlecode\javaewah\JavaEWAH\1.1.7\JavaEWAH-1.1.7.jar;C:\Users\MartinS\.m2\repository\org\apache\maven\surefire\surefire-junit47\3.0.0-M5\surefire-junit47-3.0.0-M5.jar;C:\Users\MartinS\.m2\repository\org\apache\maven\surefire\common-java5\3.0.0-M5\common-java5-3.0.0-M5.jar;C:\Users\MartinS\.m2\repository\org\apache\maven\surefire\common-junit3\3.0.0-M5\common-junit3-3.0.0-M5.jar;C:\Users\MartinS\.m2\repository\org\apache\maven\surefire\common-junit4\3.0.0-M5\common-junit4-3.0.0-M5.jar;C:\Users\MartinS\.m2\repository\org\apache\maven\surefire\common-junit48\3.0.0-M5\common-junit48-3.0.0-M5.jar;C:\Users\MartinS\.m2\repository\org\apache\maven\surefire\surefire-grouper\3.0.0-M5\surefire-grouper-3.0.0-M5.jar"/>
    <property name="user.script" value=""/>
    <property name="sun.management.compiler" value="HotSpot 64-Bit Tiered Compilers"/>
    <property name="java.runtime.version" value="11.0.12+7-LTS"/>
    <property name="user.name" value="MartinS"/>
    <property name="path.separator" value=";"/>
    <property name="os.version" value="10.0"/>
    <property name="java.runtime.name" value="OpenJDK Runtime Environment"/>
    <property name="file.encoding" value="Cp1252"/>
    <property name="webdriver.base.url" value=""/>
    <property name="java.vm.name" value="OpenJDK 64-Bit Server VM"/>
    <property name="java.vendor.version" value="Corretto-11.0.12.7.1"/>
    <property name="localRepository" value="C:\Users\MartinS\.m2\repository"/>
    <property name="java.vendor.url.bug" value="https://github.com/corretto/corretto-11/issues/"/>
    <property name="java.io.tmpdir" value="C:\Users\MartinS\AppData\Local\Temp\"/>
    <property name="java.version" value="11.0.12"/>
    <property name="cucumber.filter.tags" value="@Jmeter "/>
    <property name="user.dir" value="C:\Users\MartinS\OneDrive - 2i Limited\Jmeter_framework\generated-framework"/>
    <property name="os.arch" value="amd64"/>
    <property name="java.vm.specification.name" value="Java Virtual Machine Specification"/>
    <property name="java.awt.printerjob" value="sun.awt.windows.WPrinterJob"/>
    <property name="sun.os.patch.level" value=""/>
    <property name="environment" value="default"/>
    <property name="java.library.path" value="C:\Program Files\Amazon Corretto\jdk11.0.12_7\bin;C:\WINDOWS\Sun\Java\bin;C:\WINDOWS\system32;C:\WINDOWS;C:\Program Files\Amazon Corretto\jdk11.0.12_7\bin;C:\WINDOWS\system32;C:\WINDOWS;C:\WINDOWS\System32\Wbem;C:\WINDOWS\System32\WindowsPowerShell\v1.0\;C:\WINDOWS\System32\OpenSSH\;C:\Program Files\nodejs\;C:\Program Files\Git\cmd;C:\GitHub\pi_to_engineer_team;;C:\Program Files\Docker\Docker\resources\bin;C:\ProgramData\DockerDesktop\version-bin;C:\Users\MartinS\AppData\Local\Microsoft\WindowsApps;C:\Users\MartinS\AppData\Local\GitHubDesktop\bin;C:\Users\MartinS\AppData\Local\Programs\Microsoft VS Code\bin;C:\Users\MartinS\AppData\Roaming\npm;C:\Program Files\Amazon Corretto\jdk11.0.12_7\bin;C:\Users\MartinS\Downloads\apache-maven-3.8.2-bin\apache-maven-3.8.2\bin;C:\GitHub\pi_to_engineer_team;C:\Users\MartinS\AppData\Local\Google\Cloud SDK\google-cloud-sdk\bin;."/>
    <property name="java.vm.info" value="mixed mode"/>
    <property name="java.vendor" value="Amazon.com Inc."/>
    <property name="java.vm.version" value="11.0.12+7-LTS"/>
    <property name="sun.io.unicode.encoding" value="UnicodeLittle"/>
    <property name="java.class.version" value="55.0"/>
  </properties>
  <testcase name="Performance testing using a preconfigured JMX file" classname="Run a simple performance test using a give JMX file" time="33.345">
    <system-out><![CDATA[SLF4J: Class path contains multiple SLF4J bindings.
SLF4J: Found binding in [jar:file:/C:/Users/MartinS/.m2/repository/ch/qos/logback/logback-classic/1.0.13/logback-classic-1.0.13.jar!/org/slf4j/impl/StaticLoggerBinder.class]
SLF4J: Found binding in [jar:file:/C:/Users/MartinS/.m2/repository/org/apache/logging/log4j/log4j-slf4j-impl/2.13.3/log4j-slf4j-impl-2.13.3.jar!/org/slf4j/impl/StaticLoggerBinder.class]
SLF4J: See http://www.slf4j.org/codes.html#multiple_bindings for an explanation.
SLF4J: Actual binding is of type [ch.qos.logback.classic.util.ContextSelectorStaticBinder]
15:45:04.307 [main] INFO  i.c.core.plugin.SerenityReporter - Running feature from file:///C:/Users/MartinS/OneDrive%20-%202i%20Limited/Jmeter_framework/generated-framework/src/test/resources/features/API/ApiTesting.feature

15:45:04.751 [main] INFO   - 

-------------------------------------------------------------------------------------
     _______. _______ .______       _______ .__   __.  __  .___________.____    ____ 
    /       ||   ____||   _  \     |   ____||  \ |  | |  | |           |\   \  /   / 
   |   (----`|  |__   |  |_)  |    |  |__   |   \|  | |  | `---|  |----` \   \/   /  
    \   \    |   __|  |      /     |   __|  |  . `  | |  |     |  |       \_    _/   
.----)   |   |  |____ |  |\  \----.|  |____ |  |\   | |  |     |  |         |  |     
|_______/    |_______|| _| `._____||_______||__| \__| |__|     |__|         |__|    
                                                                                     
 News and tutorials at http://www.serenity-bdd.info                                  
 Documentation at https://wakaleo.gitbooks.io/the-serenity-book/content/             
 Join the Serenity Community on Gitter: https://gitter.im/serenity-bdd/serenity-core 
 Serenity BDD Support and Training at http://serenity-bdd.info/#/trainingandsupport  
-------------------------------------------------------------------------------------


15:45:04.761 [main] INFO   - Test Suite Started: Automated API Test using restassured

15:45:04.807 [main] INFO  i.c.core.plugin.SerenityReporter - Running feature from file:///C:/Users/MartinS/OneDrive%20-%202i%20Limited/Jmeter_framework/generated-framework/src/test/resources/features/Jmeter/JmeterPerformanceTest.feature

15:45:04.821 [main] INFO   - Test Suite Started: Run a simple performance test using a give JMX file

15:45:04.821 [main] INFO  i.c.core.plugin.SerenityReporter - Running feature from file:///C:/Users/MartinS/OneDrive%20-%202i%20Limited/Jmeter_framework/generated-framework/src/test/resources/features/UI/duckduckgo.feature

15:45:04.836 [main] INFO   - Test Suite Started: Duckduckgo automated test



1
 Scenarios (
&amp#27;[32m1 passed&amp#27;[0m
)


2
 Steps (
&amp#27;[32m2 passed&amp#27;[0m
)


0m
33.914s






15:45:38.255 [pool-3-thread-1] INFO  n.t.core.reports.ReportService - net.thucydides.core.reports.json.JSONTestOutcomeReporter@74aa9c72: Generating report for test outcome: Run a simple performance test using a give JMX file:Performance testing using a preconfigured JMX file

15:45:38.337 [pool-4-thread-1] INFO  n.t.core.reports.ReportService - net.thucydides.core.reports.html.HtmlAcceptanceTestReporter@6ab4ba9f: Generating report for test outcome: Run a simple performance test using a give JMX file:Performance testing using a preconfigured JMX file

15:45:42.821 [main] INFO  i.c.core.plugin.SerenityReporter - Cleanup test resources for URI file:///C:/Users/MartinS/OneDrive%20-%202i%20Limited/Jmeter_framework/generated-framework/src/test/resources/features/Jmeter/JmeterPerformanceTest.feature


@Jmeter @Performance
Scenario: Performance testing using a preconfigured JMX file                        &amp#27;[90m# src/test/resources/features/Jmeter/JmeterPerformanceTest.feature:4&amp#27;[0m
15:45:06.842 [pool-2-thread-1] INFO  i.c.core.plugin.SerenityReporter - Running feature from file:///C:/Users/MartinS/OneDrive%20-%202i%20Limited/Jmeter_framework/generated-framework/src/test/resources/features/Jmeter/JmeterPerformanceTest.feature
15:45:07.194 [pool-2-thread-1] INFO   - 
  _____   ___   ___   _____     ___   _____     _     ___   _____   ___   ___  
 |_   _| | __| / __| |_   _|   / __| |_   _|   /_\   | _ \ |_   _| | __| |   \ 
   | |   | _|  \__ \   | |     \__ \   | |    / _ \  |   /   | |   | _|  | |) |
   |_|   |___| |___/   |_|     |___/   |_|   /_/ \_\ |_|_\   |_|   |___| |___/ 

Performance testing using a preconfigured JMX file(run-a-simple-performance-test-using-a-give-jmx-file;performance-testing-using-a-preconfigured-jmx-file)
--------------------------------------------------------------------------------
  &amp#27;[32mWhen &amp#27;[0m&amp#27;[32mthe following volumetrics are used for the JMX file: "&amp#27;[0m&amp#27;[32m&amp#27;[1mView Results Tree.jmx&amp#27;[0m&amp#27;[32m"&amp#27;[0m &amp#27;[90m# jmeter.stepdefinitions.JmeterSteps.useVolumetrics(java.lang.String,io.cucumber.datatable.DataTable)&amp#27;[0m
15:45:08.918 [pool-2-thread-1] WARN  org.apache.jmeter.util.JMeterUtils - Exception 'null' occurred when fetching boolean property:'server.exitaftertest', defaulting to: false
15:45:08.918 [pool-2-thread-1] WARN  org.apache.jmeter.util.JMeterUtils - Exception 'null' occurred when fetching boolean property:'jmeterengine.remote.system.exit', defaulting to: false
15:45:08.925 [pool-2-thread-1] WARN  org.apache.jmeter.util.JMeterUtils - Exception 'null' occurred when fetching boolean property:'jmeterengine.stopfail.system.exit', defaulting to: true
15:45:08.925 [pool-2-thread-1] WARN  org.apache.jmeter.util.JMeterUtils - Exception 'null' occurred when fetching boolean property:'jmeterengine.force.system.exit', defaulting to: false
15:45:08.927 [pool-2-thread-1] INFO  org.apache.jmeter.util.JMeterUtils - Setting Locale to en_GB
15:45:09.502 [pool-2-thread-1] INFO  org.apache.jmeter.save.SaveService - Testplan (JMX) version: 2.2. Testlog (JTL) version: 2.2
15:45:09.540 [pool-2-thread-1] INFO  org.apache.jmeter.save.SaveService - Using SaveService properties version 3.2
15:45:09.553 [pool-2-thread-1] INFO  org.apache.jmeter.save.SaveService - Using SaveService properties file encoding UTF-8
15:45:09.568 [pool-2-thread-1] WARN  org.apache.jmeter.save.SaveService - Bad _version - expected 5.0, found 3.2.
15:45:09.571 [pool-2-thread-1] INFO  org.apache.jmeter.save.SaveService - Loading file: src\test\java\jmeter\jmx\View Results Tree.jmx
15:45:09.719 [pool-2-thread-1] INFO  o.a.j.p.http.sampler.HTTPSamplerBase - Parser for text/html is org.apache.jmeter.protocol.http.parser.LagartoBasedHtmlParser
15:45:09.720 [pool-2-thread-1] INFO  o.a.j.p.http.sampler.HTTPSamplerBase - Parser for application/xhtml+xml is org.apache.jmeter.protocol.http.parser.LagartoBasedHtmlParser
15:45:09.720 [pool-2-thread-1] INFO  o.a.j.p.http.sampler.HTTPSamplerBase - Parser for application/xml is org.apache.jmeter.protocol.http.parser.LagartoBasedHtmlParser
15:45:09.720 [pool-2-thread-1] INFO  o.a.j.p.http.sampler.HTTPSamplerBase - Parser for text/xml is org.apache.jmeter.protocol.http.parser.LagartoBasedHtmlParser
15:45:09.720 [pool-2-thread-1] INFO  o.a.j.p.http.sampler.HTTPSamplerBase - Parser for text/vnd.wap.wml is org.apache.jmeter.protocol.http.parser.RegexpHTMLParser
15:45:09.720 [pool-2-thread-1] INFO  o.a.j.p.http.sampler.HTTPSamplerBase - Parser for text/css is org.apache.jmeter.protocol.http.parser.CssParser
15:45:09.836 [pool-2-thread-1] INFO  o.a.j.engine.StandardJMeterEngine - Running the test!
15:45:09.846 [pool-2-thread-1] INFO  o.apache.jmeter.samplers.SampleEvent - List of sample_variables: []
15:45:09.846 [pool-2-thread-1] INFO  o.apache.jmeter.samplers.SampleEvent - List of sample_variables: []
15:45:09.874 [pool-2-thread-1] INFO  o.a.j.engine.util.CompoundVariable - Note: Function class names must contain the string: '.functions.'
15:45:09.875 [pool-2-thread-1] INFO  o.a.j.engine.util.CompoundVariable - Note: Function class names must not contain the string: '.gui.'
15:45:09.889 [pool-2-thread-1] WARN  o.a.j.engine.util.CompoundVariable - Did not find any functions
15:45:09.954 [pool-2-thread-1] INFO  o.apache.jmeter.services.FileServer - Default base='C:\Users\MartinS\OneDrive - 2i Limited\Jmeter_framework\generated-framework'
15:45:10.195 [pool-2-thread-1] INFO  o.a.j.engine.StandardJMeterEngine - Starting ThreadGroup: 1 : Thread Group
15:45:10.197 [pool-2-thread-1] INFO  o.a.j.engine.StandardJMeterEngine - Starting 800 threads for group Thread Group.
15:45:10.198 [pool-2-thread-1] INFO  o.a.j.engine.StandardJMeterEngine - Thread will continue on error
15:45:10.198 [pool-2-thread-1] INFO  o.apache.jmeter.threads.ThreadGroup - Starting thread group... number=1 threads=800 ramp-up=10 delayedStart=false
15:45:10.693 [Thread Group 1-4] INFO  o.apache.jmeter.threads.JMeterThread - Thread started: Thread Group 1-4
15:45:10.727 [Thread Group 1-8] INFO  o.apache.jmeter.threads.JMeterThread - Thread started: Thread Group 1-8
15:45:10.711 [Thread Group 1-6] INFO  o.apache.jmeter.threads.JMeterThread - Thread started: Thread Group 1-6
15:45:10.765 [Thread Group 1-34] INFO  o.apache.jmeter.threads.JMeterThread - Thread started: Thread Group 1-34
15:45:10.696 [Thread Group 1-2] INFO  o.apache.jmeter.threads.JMeterThread - Thread started: Thread Group 1-2
15:45:10.695 [Thread Group 1-5] INFO  o.apache.jmeter.threads.JMeterThread - Thread started: Thread Group 1-5
15:45:10.776 [Thread Group 1-28] INFO  o.apache.jmeter.threads.JMeterThread - Thread started: Thread Group 1-28
15:45:10.781 [Thread Group 1-30] INFO  o.apache.jmeter.threads.JMeterThread - Thread started: Thread Group 1-30
15:45:10.780 [Thread Group 1-31] INFO  o.apache.jmeter.threads.JMeterThread - Thread started: Thread Group 1-31
15:45:10.695 [Thread Group 1-3] INFO  o.apache.jmeter.threads.JMeterThread - Thread started: Thread Group 1-3
15:45:10.693 [Thread Group 1-1] INFO  o.apache.jmeter.threads.JMeterThread - Thread started: Thread Group 1-1
15:45:10.807 [Thread Group 1-16] INFO  o.apache.jmeter.threads.JMeterThread - Thread started: Thread Group 1-16
15:45:10.807 [Thread Group 1-17] INFO  o.apache.jmeter.threads.JMeterThread - Thread started: Thread Group 1-17
15:45:10.800 [Thread Group 1-19] INFO  o.apache.jmeter.threads.JMeterThread - Thread started: Thread Group 1-19
15:45:10.808 [Thread Group 1-33] INFO  o.apache.jmeter.threads.JMeterThread - Thread started: Thread Group 1-33
15:45:10.811 [Thread Group 1-36] INFO  o.apache.jmeter.threads.JMeterThread - Thread started: Thread Group 1-36
15:45:10.814 [Thread Group 1-25] INFO  o.apache.jmeter.threads.JMeterThread - Thread started: Thread Group 1-25
15:45:10.815 [Thread Group 1-37] INFO  o.apache.jmeter.threads.JMeterThread - Thread started: Thread Group 1-37
15:45:10.815 [Thread Group 1-24] INFO  o.apache.jmeter.threads.JMeterThread - Thread started: Thread Group 1-24
15:45:10.797 [Thread Group 1-27] INFO  o.apache.jmeter.threads.JMeterThread - Thread started: Thread Group 1-27
15:45:10.786 [Thread Group 1-18] INFO  o.apache.jmeter.threads.JMeterThread - Thread started: Thread Group 1-18
15:45:10.786 [Thread Group 1-35] INFO  o.apache.jmeter.threads.JMeterThread - Thread started: Thread Group 1-35
15:45:10.785 [Thread Group 1-14] INFO  o.apache.jmeter.threads.JMeterThread - Thread started: Thread Group 1-14
15:45:10.819 [Thread Group 1-11] INFO  o.apache.jmeter.threads.JMeterThread - Thread started: Thread Group 1-11
15:45:10.782 [Thread Group 1-9] INFO  o.apache.jmeter.threads.JMeterThread - Thread started: Thread Group 1-9
15:45:10.823 [Thread Group 1-26] INFO  o.apache.jmeter.threads.JMeterThread - Thread started: Thread Group 1-26
15:45:10.823 [Thread Group 1-38] INFO  o.apache.jmeter.threads.JMeterThread - Thread started: Thread Group 1-38
15:45:10.830 [Thread Group 1-39] INFO  o.apache.jmeter.threads.JMeterThread - Thread started: Thread Group 1-39
15:45:10.782 [Thread Group 1-12] INFO  o.apache.jmeter.threads.JMeterThread - Thread started: Thread Group 1-12
15:45:10.781 [Thread Group 1-13] INFO  o.apache.jmeter.threads.JMeterThread - Thread started: Thread Group 1-13
15:45:10.780 [Thread Group 1-10] INFO  o.apache.jmeter.threads.JMeterThread - Thread started: Thread Group 1-10
15:45:10.780 [Thread Group 1-15] INFO  o.apache.jmeter.threads.JMeterThread - Thread started: Thread Group 1-15
15:45:10.765 [Thread Group 1-32] INFO  o.apache.jmeter.threads.JMeterThread - Thread started: Thread Group 1-32
15:45:10.733 [Thread Group 1-7] INFO  o.apache.jmeter.threads.JMeterThread - Thread started: Thread Group 1-7
15:45:10.846 [Thread Group 1-40] INFO  o.apache.jmeter.threads.JMeterThread - Thread started: Thread Group 1-40
15:45:10.846 [Thread Group 1-21] INFO  o.apache.jmeter.threads.JMeterThread - Thread started: Thread Group 1-21
15:45:10.840 [Thread Group 1-22] INFO  o.apache.jmeter.threads.JMeterThread - Thread started: Thread Group 1-22
15:45:10.816 [Thread Group 1-20] INFO  o.apache.jmeter.threads.JMeterThread - Thread started: Thread Group 1-20
15:45:10.807 [Thread Group 1-29] INFO  o.apache.jmeter.threads.JMeterThread - Thread started: Thread Group 1-29
15:45:10.853 [Thread Group 1-41] INFO  o.apache.jmeter.threads.JMeterThread - Thread started: Thread Group 1-41
15:45:10.860 [Thread Group 1-23] INFO  o.apache.jmeter.threads.JMeterThread - Thread started: Thread Group 1-23
15:45:10.865 [Thread Group 1-42] INFO  o.apache.jmeter.threads.JMeterThread - Thread started: Thread Group 1-42
15:45:10.980 [Thread Group 1-50] INFO  o.apache.jmeter.threads.JMeterThread - Thread started: Thread Group 1-50
15:45:10.981 [Thread Group 1-55] INFO  o.apache.jmeter.threads.JMeterThread - Thread started: Thread Group 1-55
15:45:10.982 [Thread Group 1-51] INFO  o.apache.jmeter.threads.JMeterThread - Thread started: Thread Group 1-51
15:45:10.982 [Thread Group 1-57] INFO  o.apache.jmeter.threads.JMeterThread - Thread started: Thread Group 1-57
15:45:10.987 [Thread Group 1-54] INFO  o.apache.jmeter.threads.JMeterThread - Thread started: Thread Group 1-54
15:45:10.988 [Thread Group 1-56] INFO  o.apache.jmeter.threads.JMeterThread - Thread started: Thread Group 1-56
15:45:10.991 [Thread Group 1-49] INFO  o.apache.jmeter.threads.JMeterThread - Thread started: Thread Group 1-49
15:45:10.991 [Thread Group 1-53] INFO  o.apache.jmeter.threads.JMeterThread - Thread started: Thread Group 1-53
15:45:10.991 [Thread Group 1-48] INFO  o.apache.jmeter.threads.JMeterThread - Thread started: Thread Group 1-48
15:45:10.993 [Thread Group 1-47] INFO  o.apache.jmeter.threads.JMeterThread - Thread started: Thread Group 1-47
15:45:10.994 [Thread Group 1-46] INFO  o.apache.jmeter.threads.JMeterThread - Thread started: Thread Group 1-46
15:45:10.995 [Thread Group 1-45] INFO  o.apache.jmeter.threads.JMeterThread - Thread started: Thread Group 1-45
15:45:10.995 [Thread Group 1-44] INFO  o.apache.jmeter.threads.JMeterThread - Thread started: Thread Group 1-44
15:45:10.995 [Thread Group 1-43] INFO  o.apache.jmeter.threads.JMeterThread - Thread started: Thread Group 1-43
15:45:11.115 [Thread Group 1-66] INFO  o.apache.jmeter.threads.JMeterThread - Thread started: Thread Group 1-66
15:45:11.118 [Thread Group 1-67] INFO  o.apache.jmeter.threads.JMeterThread - Thread started: Thread Group 1-67
15:45:11.137 [Thread Group 1-65] INFO  o.apache.jmeter.threads.JMeterThread - Thread started: Thread Group 1-65
15:45:11.153 [Thread Group 1-70] INFO  o.apache.jmeter.threads.JMeterThread - Thread started: Thread Group 1-70
15:45:11.159 [Thread Group 1-64] INFO  o.apache.jmeter.threads.JMeterThread - Thread started: Thread Group 1-64
15:45:11.160 [Thread Group 1-61] INFO  o.apache.jmeter.threads.JMeterThread - Thread started: Thread Group 1-61
15:45:11.160 [Thread Group 1-63] INFO  o.apache.jmeter.threads.JMeterThread - Thread started: Thread Group 1-63
15:45:11.160 [Thread Group 1-62] INFO  o.apache.jmeter.threads.JMeterThread - Thread started: Thread Group 1-62
15:45:11.161 [Thread Group 1-59] INFO  o.apache.jmeter.threads.JMeterThread - Thread started: Thread Group 1-59
15:45:11.161 [Thread Group 1-58] INFO  o.apache.jmeter.threads.JMeterThread - Thread started: Thread Group 1-58
15:45:11.160 [Thread Group 1-60] INFO  o.apache.jmeter.threads.JMeterThread - Thread started: Thread Group 1-60
15:45:11.166 [Thread Group 1-71] INFO  o.apache.jmeter.threads.JMeterThread - Thread started: Thread Group 1-71
15:45:11.174 [Thread Group 1-52] INFO  o.apache.jmeter.threads.JMeterThread - Thread started: Thread Group 1-52
15:45:11.249 [Thread Group 1-79] INFO  o.apache.jmeter.threads.JMeterThread - Thread started: Thread Group 1-79
15:45:11.249 [Thread Group 1-68] INFO  o.apache.jmeter.threads.JMeterThread - Thread started: Thread Group 1-68
15:45:11.243 [Thread Group 1-78] INFO  o.apache.jmeter.threads.JMeterThread - Thread started: Thread Group 1-78
15:45:11.249 [Thread Group 1-69] INFO  o.apache.jmeter.threads.JMeterThread - Thread started: Thread Group 1-69
15:45:11.249 [Thread Group 1-72] INFO  o.apache.jmeter.threads.JMeterThread - Thread started: Thread Group 1-72
15:45:11.248 [Thread Group 1-74] INFO  o.apache.jmeter.threads.JMeterThread - Thread started: Thread Group 1-74
15:45:11.247 [Thread Group 1-75] INFO  o.apache.jmeter.threads.JMeterThread - Thread started: Thread Group 1-75
15:45:11.246 [Thread Group 1-73] INFO  o.apache.jmeter.threads.JMeterThread - Thread started: Thread Group 1-73
15:45:11.245 [Thread Group 1-77] INFO  o.apache.jmeter.threads.JMeterThread - Thread started: Thread Group 1-77
15:45:11.243 [Thread Group 1-76] INFO  o.apache.jmeter.threads.JMeterThread - Thread started: Thread Group 1-76
15:45:11.283 [Thread Group 1-80] INFO  o.apache.jmeter.threads.JMeterThread - Thread started: Thread Group 1-80
15:45:11.283 [Thread Group 1-82] INFO  o.apache.jmeter.threads.JMeterThread - Thread started: Thread Group 1-82
15:45:11.294 [Thread Group 1-81] INFO  o.apache.jmeter.threads.JMeterThread - Thread started: Thread Group 1-81
15:45:11.296 [Thread Group 1-83] INFO  o.apache.jmeter.threads.JMeterThread - Thread started: Thread Group 1-83
15:45:11.331 [Thread Group 1-84] INFO  o.apache.jmeter.threads.JMeterThread - Thread started: Thread Group 1-84
15:45:11.342 [Thread Group 1-85] INFO  o.apache.jmeter.threads.JMeterThread - Thread started: Thread Group 1-85
15:45:11.375 [Thread Group 1-86] INFO  o.apache.jmeter.threads.JMeterThread - Thread started: Thread Group 1-86
15:45:11.384 [Thread Group 1-87] INFO  o.apache.jmeter.threads.JMeterThread - Thread started: Thread Group 1-87
15:45:11.398 [Thread Group 1-88] INFO  o.apache.jmeter.threads.JMeterThread - Thread started: Thread Group 1-88
15:45:11.398 [Thread Group 1-89] INFO  o.apache.jmeter.threads.JMeterThread - Thread started: Thread Group 1-89
15:45:11.414 [Thread Group 1-90] INFO  o.apache.jmeter.threads.JMeterThread - Thread started: Thread Group 1-90
15:45:11.442 [Thread Group 1-92] INFO  o.apache.jmeter.threads.JMeterThread - Thread started: Thread Group 1-92
15:45:11.443 [Thread Group 1-93] INFO  o.apache.jmeter.threads.JMeterThread - Thread started: Thread Group 1-93
15:45:11.446 [Thread Group 1-91] INFO  o.apache.jmeter.threads.JMeterThread - Thread started: Thread Group 1-91
15:45:11.464 [Thread Group 1-94] INFO  o.apache.jmeter.threads.JMeterThread - Thread started: Thread Group 1-94
15:45:11.470 [Thread Group 1-96] INFO  o.apache.jmeter.threads.JMeterThread - Thread started: Thread Group 1-96
15:45:11.474 [Thread Group 1-95] INFO  o.apache.jmeter.threads.JMeterThread - Thread started: Thread Group 1-95
15:45:11.491 [Thread Group 1-97] INFO  o.apache.jmeter.threads.JMeterThread - Thread started: Thread Group 1-97
15:45:11.511 [Thread Group 1-98] INFO  o.apache.jmeter.threads.JMeterThread - Thread started: Thread Group 1-98
15:45:11.523 [Thread Group 1-99] INFO  o.apache.jmeter.threads.JMeterThread - Thread started: Thread Group 1-99
15:45:11.545 [Thread Group 1-100] INFO  o.apache.jmeter.threads.JMeterThread - Thread started: Thread Group 1-100
15:45:11.545 [Thread Group 1-101] INFO  o.apache.jmeter.threads.JMeterThread - Thread started: Thread Group 1-101
15:45:11.554 [Thread Group 1-102] INFO  o.apache.jmeter.threads.JMeterThread - Thread started: Thread Group 1-102
15:45:11.571 [Thread Group 1-103] INFO  o.apache.jmeter.threads.JMeterThread - Thread started: Thread Group 1-103
15:45:11.578 [Thread Group 1-104] INFO  o.apache.jmeter.threads.JMeterThread - Thread started: Thread Group 1-104
15:45:11.578 [Thread Group 1-105] INFO  o.apache.jmeter.threads.JMeterThread - Thread started: Thread Group 1-105
15:45:11.654 [Thread Group 1-111] INFO  o.apache.jmeter.threads.JMeterThread - Thread started: Thread Group 1-111
15:45:11.654 [Thread Group 1-109] INFO  o.apache.jmeter.threads.JMeterThread - Thread started: Thread Group 1-109
15:45:11.655 [Thread Group 1-110] INFO  o.apache.jmeter.threads.JMeterThread - Thread started: Thread Group 1-110
15:45:11.663 [Thread Group 1-108] INFO  o.apache.jmeter.threads.JMeterThread - Thread started: Thread Group 1-108
15:45:11.665 [Thread Group 1-107] INFO  o.apache.jmeter.threads.JMeterThread - Thread started: Thread Group 1-107
15:45:11.665 [Thread Group 1-106] INFO  o.apache.jmeter.threads.JMeterThread - Thread started: Thread Group 1-106
15:45:11.674 [Thread Group 1-112] INFO  o.apache.jmeter.threads.JMeterThread - Thread started: Thread Group 1-112
15:45:11.698 [Thread Group 1-114] INFO  o.apache.jmeter.threads.JMeterThread - Thread started: Thread Group 1-114
15:45:11.763 [Thread Group 1-113] INFO  o.apache.jmeter.threads.JMeterThread - Thread started: Thread Group 1-113
15:45:11.791 [Thread Group 1-115] INFO  o.apache.jmeter.threads.JMeterThread - Thread started: Thread Group 1-115
15:45:11.809 [Thread Group 1-116] INFO  o.apache.jmeter.threads.JMeterThread - Thread started: Thread Group 1-116
15:45:11.812 [Thread Group 1-117] INFO  o.apache.jmeter.threads.JMeterThread - Thread started: Thread Group 1-117
15:45:11.827 [Thread Group 1-118] INFO  o.apache.jmeter.threads.JMeterThread - Thread started: Thread Group 1-118
15:45:11.835 [Thread Group 1-119] INFO  o.apache.jmeter.threads.JMeterThread - Thread started: Thread Group 1-119
15:45:11.870 [Thread Group 1-122] INFO  o.apache.jmeter.threads.JMeterThread - Thread started: Thread Group 1-122
15:45:11.877 [Thread Group 1-123] INFO  o.apache.jmeter.threads.JMeterThread - Thread started: Thread Group 1-123
15:45:11.877 [Thread Group 1-65] INFO  o.a.j.p.h.sampler.HTTPHCAbstractImpl - Local host = LAPTOP-G26T4BL8
15:45:11.901 [Thread Group 1-120] INFO  o.apache.jmeter.threads.JMeterThread - Thread started: Thread Group 1-120
15:45:11.901 [Thread Group 1-121] INFO  o.apache.jmeter.threads.JMeterThread - Thread started: Thread Group 1-121
15:45:11.902 [Thread Group 1-124] INFO  o.apache.jmeter.threads.JMeterThread - Thread started: Thread Group 1-124
15:45:11.902 [Thread Group 1-125] INFO  o.apache.jmeter.threads.JMeterThread - Thread started: Thread Group 1-125
15:45:11.904 [Thread Group 1-127] INFO  o.apache.jmeter.threads.JMeterThread - Thread started: Thread Group 1-127
15:45:11.915 [Thread Group 1-126] INFO  o.apache.jmeter.threads.JMeterThread - Thread started: Thread Group 1-126
15:45:11.936 [pool-2-thread-1] INFO  o.apache.jmeter.threads.ThreadGroup - Started thread group number 1
15:45:11.940 [pool-2-thread-1] INFO  o.a.j.engine.StandardJMeterEngine - All thread groups have been started
15:45:11.942 [Thread Group 1-130] INFO  o.apache.jmeter.threads.JMeterThread - Thread started: Thread Group 1-130
15:45:11.947 [Thread Group 1-131] INFO  o.apache.jmeter.threads.JMeterThread - Thread started: Thread Group 1-131
15:45:11.964 [Thread Group 1-128] INFO  o.apache.jmeter.threads.JMeterThread - Thread started: Thread Group 1-128
15:45:12.487 [Thread Group 1-129] INFO  o.apache.jmeter.threads.JMeterThread - Thread started: Thread Group 1-129
15:45:12.515 [Thread Group 1-158] INFO  o.apache.jmeter.threads.JMeterThread - Thread started: Thread Group 1-158
15:45:12.516 [Thread Group 1-155] INFO  o.apache.jmeter.threads.JMeterThread - Thread started: Thread Group 1-155
15:45:12.516 [Thread Group 1-154] INFO  o.apache.jmeter.threads.JMeterThread - Thread started: Thread Group 1-154
15:45:12.517 [Thread Group 1-150] INFO  o.apache.jmeter.threads.JMeterThread - Thread started: Thread Group 1-150
15:45:12.517 [Thread Group 1-149] INFO  o.apache.jmeter.threads.JMeterThread - Thread started: Thread Group 1-149
15:45:12.517 [Thread Group 1-151] INFO  o.apache.jmeter.threads.JMeterThread - Thread started: Thread Group 1-151
15:45:12.517 [Thread Group 1-148] INFO  o.apache.jmeter.threads.JMeterThread - Thread started: Thread Group 1-148
15:45:12.517 [Thread Group 1-145] INFO  o.apache.jmeter.threads.JMeterThread - Thread started: Thread Group 1-145
15:45:12.518 [Thread Group 1-144] INFO  o.apache.jmeter.threads.JMeterThread - Thread started: Thread Group 1-144
15:45:12.518 [Thread Group 1-141] INFO  o.apache.jmeter.threads.JMeterThread - Thread started: Thread Group 1-141
15:45:12.518 [Thread Group 1-147] INFO  o.apache.jmeter.threads.JMeterThread - Thread started: Thread Group 1-147
15:45:12.518 [Thread Group 1-140] INFO  o.apache.jmeter.threads.JMeterThread - Thread started: Thread Group 1-140
15:45:12.519 [Thread Group 1-136] INFO  o.apache.jmeter.threads.JMeterThread - Thread started: Thread Group 1-136
15:45:12.521 [Thread Group 1-162] INFO  o.apache.jmeter.threads.JMeterThread - Thread started: Thread Group 1-162
15:45:12.519 [Thread Group 1-137] INFO  o.apache.jmeter.threads.JMeterThread - Thread started: Thread Group 1-137
15:45:12.521 [Thread Group 1-139] INFO  o.apache.jmeter.threads.JMeterThread - Thread started: Thread Group 1-139
15:45:12.521 [Thread Group 1-138] INFO  o.apache.jmeter.threads.JMeterThread - Thread started: Thread Group 1-138
15:45:12.520 [Thread Group 1-142] INFO  o.apache.jmeter.threads.JMeterThread - Thread started: Thread Group 1-142
15:45:12.520 [Thread Group 1-143] INFO  o.apache.jmeter.threads.JMeterThread - Thread started: Thread Group 1-143
15:45:12.520 [Thread Group 1-146] INFO  o.apache.jmeter.threads.JMeterThread - Thread started: Thread Group 1-146
15:45:12.534 [Thread Group 1-135] INFO  o.apache.jmeter.threads.JMeterThread - Thread started: Thread Group 1-135
15:45:12.534 [Thread Group 1-163] INFO  o.apache.jmeter.threads.JMeterThread - Thread started: Thread Group 1-163
15:45:12.541 [Thread Group 1-157] INFO  o.apache.jmeter.threads.JMeterThread - Thread started: Thread Group 1-157
15:45:12.541 [Thread Group 1-152] INFO  o.apache.jmeter.threads.JMeterThread - Thread started: Thread Group 1-152
15:45:12.544 [Thread Group 1-160] INFO  o.apache.jmeter.threads.JMeterThread - Thread started: Thread Group 1-160
15:45:12.545 [Thread Group 1-161] INFO  o.apache.jmeter.threads.JMeterThread - Thread started: Thread Group 1-161
15:45:12.545 [Thread Group 1-153] INFO  o.apache.jmeter.threads.JMeterThread - Thread started: Thread Group 1-153
15:45:12.546 [Thread Group 1-133] INFO  o.apache.jmeter.threads.JMeterThread - Thread started: Thread Group 1-133
15:45:12.546 [Thread Group 1-164] INFO  o.apache.jmeter.threads.JMeterThread - Thread started: Thread Group 1-164
15:45:12.545 [Thread Group 1-156] INFO  o.apache.jmeter.threads.JMeterThread - Thread started: Thread Group 1-156
15:45:12.547 [Thread Group 1-165] INFO  o.apache.jmeter.threads.JMeterThread - Thread started: Thread Group 1-165
15:45:12.549 [Thread Group 1-132] INFO  o.apache.jmeter.threads.JMeterThread - Thread started: Thread Group 1-132
15:45:12.549 [Thread Group 1-159] INFO  o.apache.jmeter.threads.JMeterThread - Thread started: Thread Group 1-159
15:45:12.549 [Thread Group 1-134] INFO  o.apache.jmeter.threads.JMeterThread - Thread started: Thread Group 1-134
15:45:12.564 [Thread Group 1-166] INFO  o.apache.jmeter.threads.JMeterThread - Thread started: Thread Group 1-166
15:45:12.584 [Thread Group 1-167] INFO  o.apache.jmeter.threads.JMeterThread - Thread started: Thread Group 1-167
15:45:12.609 [Thread Group 1-170] INFO  o.apache.jmeter.threads.JMeterThread - Thread started: Thread Group 1-170
15:45:12.617 [Thread Group 1-65] INFO  o.a.j.p.http.sampler.HTTPHC4Impl - HTTP request retry count = 0
15:45:12.617 [Thread Group 1-168] INFO  o.apache.jmeter.threads.JMeterThread - Thread started: Thread Group 1-168
15:45:12.621 [Thread Group 1-169] INFO  o.apache.jmeter.threads.JMeterThread - Thread started: Thread Group 1-169
15:45:12.625 [Thread Group 1-171] INFO  o.apache.jmeter.threads.JMeterThread - Thread started: Thread Group 1-171
15:45:12.626 [Thread Group 1-65] INFO  o.a.jmeter.samplers.SampleResult - Note: Sample TimeStamps are START times
15:45:12.626 [Thread Group 1-65] INFO  o.a.jmeter.samplers.SampleResult - sampleresult.default.encoding is set to ISO-8859-1
15:45:12.627 [Thread Group 1-65] INFO  o.a.jmeter.samplers.SampleResult - sampleresult.useNanoTime=true
15:45:12.627 [Thread Group 1-65] INFO  o.a.jmeter.samplers.SampleResult - sampleresult.nanoThreadSleep=5000
15:45:12.651 [Thread Group 1-172] INFO  o.apache.jmeter.threads.JMeterThread - Thread started: Thread Group 1-172
15:45:12.652 [Thread Group 1-173] INFO  o.apache.jmeter.threads.JMeterThread - Thread started: Thread Group 1-173
15:45:12.660 [Thread Group 1-174] INFO  o.apache.jmeter.threads.JMeterThread - Thread started: Thread Group 1-174
15:45:12.666 [Thread Group 1-175] INFO  o.apache.jmeter.threads.JMeterThread - Thread started: Thread Group 1-175
15:45:12.685 [Thread Group 1-176] INFO  o.apache.jmeter.threads.JMeterThread - Thread started: Thread Group 1-176
15:45:12.720 [Thread Group 1-180] INFO  o.apache.jmeter.threads.JMeterThread - Thread started: Thread Group 1-180
15:45:12.724 [Thread Group 1-179] INFO  o.apache.jmeter.threads.JMeterThread - Thread started: Thread Group 1-179
15:45:12.724 [Thread Group 1-178] INFO  o.apache.jmeter.threads.JMeterThread - Thread started: Thread Group 1-178
15:45:12.725 [Thread Group 1-177] INFO  o.apache.jmeter.threads.JMeterThread - Thread started: Thread Group 1-177
15:45:12.745 [Thread Group 1-182] INFO  o.apache.jmeter.threads.JMeterThread - Thread started: Thread Group 1-182
15:45:12.746 [Thread Group 1-181] INFO  o.apache.jmeter.threads.JMeterThread - Thread started: Thread Group 1-181
15:45:12.758 [Thread Group 1-183] INFO  o.apache.jmeter.threads.JMeterThread - Thread started: Thread Group 1-183
15:45:12.783 [Thread Group 1-184] INFO  o.apache.jmeter.threads.JMeterThread - Thread started: Thread Group 1-184
15:45:12.789 [Thread Group 1-186] INFO  o.apache.jmeter.threads.JMeterThread - Thread started: Thread Group 1-186
15:45:12.799 [Thread Group 1-187] INFO  o.apache.jmeter.threads.JMeterThread - Thread started: Thread Group 1-187
15:45:12.823 [Thread Group 1-185] INFO  o.apache.jmeter.threads.JMeterThread - Thread started: Thread Group 1-185
15:45:12.824 [Thread Group 1-190] INFO  o.apache.jmeter.threads.JMeterThread - Thread started: Thread Group 1-190
15:45:12.828 [Thread Group 1-191] INFO  o.apache.jmeter.threads.JMeterThread - Thread started: Thread Group 1-191
15:45:12.852 [Thread Group 1-189] INFO  o.apache.jmeter.threads.JMeterThread - Thread started: Thread Group 1-189
15:45:12.854 [Thread Group 1-188] INFO  o.apache.jmeter.threads.JMeterThread - Thread started: Thread Group 1-188
15:45:12.858 [Thread Group 1-192] INFO  o.apache.jmeter.threads.JMeterThread - Thread started: Thread Group 1-192
15:45:12.858 [Thread Group 1-193] INFO  o.apache.jmeter.threads.JMeterThread - Thread started: Thread Group 1-193
15:45:12.880 [Thread Group 1-195] INFO  o.apache.jmeter.threads.JMeterThread - Thread started: Thread Group 1-195
15:45:12.880 [Thread Group 1-194] INFO  o.apache.jmeter.threads.JMeterThread - Thread started: Thread Group 1-194
15:45:12.885 [Thread Group 1-198] INFO  o.apache.jmeter.threads.JMeterThread - Thread started: Thread Group 1-198
15:45:12.895 [Thread Group 1-199] INFO  o.apache.jmeter.threads.JMeterThread - Thread started: Thread Group 1-199
15:45:12.899 [Thread Group 1-196] INFO  o.apache.jmeter.threads.JMeterThread - Thread started: Thread Group 1-196
15:45:12.900 [Thread Group 1-197] INFO  o.apache.jmeter.threads.JMeterThread - Thread started: Thread Group 1-197
15:45:12.966 [Thread Group 1-203] INFO  o.apache.jmeter.threads.JMeterThread - Thread started: Thread Group 1-203
15:45:12.966 [Thread Group 1-200] INFO  o.apache.jmeter.threads.JMeterThread - Thread started: Thread Group 1-200
15:45:12.979 [Thread Group 1-201] INFO  o.apache.jmeter.threads.JMeterThread - Thread started: Thread Group 1-201
15:45:12.981 [Thread Group 1-206] INFO  o.apache.jmeter.threads.JMeterThread - Thread started: Thread Group 1-206
15:45:12.991 [Thread Group 1-207] INFO  o.apache.jmeter.threads.JMeterThread - Thread started: Thread Group 1-207
15:45:13.032 [Thread Group 1-210] INFO  o.apache.jmeter.threads.JMeterThread - Thread started: Thread Group 1-210
15:45:13.043 [Thread Group 1-211] INFO  o.apache.jmeter.threads.JMeterThread - Thread started: Thread Group 1-211
15:45:13.100 [Thread Group 1-204] INFO  o.apache.jmeter.threads.JMeterThread - Thread started: Thread Group 1-204
15:45:13.108 [Thread Group 1-215] INFO  o.apache.jmeter.threads.JMeterThread - Thread started: Thread Group 1-215
15:45:13.075 [Thread Group 1-214] INFO  o.apache.jmeter.threads.JMeterThread - Thread started: Thread Group 1-214
15:45:13.060 [Thread Group 1-202] INFO  o.apache.jmeter.threads.JMeterThread - Thread started: Thread Group 1-202
15:45:13.131 [Thread Group 1-212] INFO  o.apache.jmeter.threads.JMeterThread - Thread started: Thread Group 1-212
15:45:13.143 [Thread Group 1-205] INFO  o.apache.jmeter.threads.JMeterThread - Thread started: Thread Group 1-205
15:45:13.162 [Thread Group 1-209] INFO  o.apache.jmeter.threads.JMeterThread - Thread started: Thread Group 1-209
15:45:13.168 [Thread Group 1-208] INFO  o.apache.jmeter.threads.JMeterThread - Thread started: Thread Group 1-208
15:45:13.198 [Thread Group 1-218] INFO  o.apache.jmeter.threads.JMeterThread - Thread started: Thread Group 1-218
15:45:13.201 [Thread Group 1-219] INFO  o.apache.jmeter.threads.JMeterThread - Thread started: Thread Group 1-219
15:45:13.209 [Thread Group 1-222] INFO  o.apache.jmeter.threads.JMeterThread - Thread started: Thread Group 1-222
15:45:13.236 [Thread Group 1-223] INFO  o.apache.jmeter.threads.JMeterThread - Thread started: Thread Group 1-223
15:45:13.263 [Thread Group 1-226] INFO  o.apache.jmeter.threads.JMeterThread - Thread started: Thread Group 1-226
15:45:13.274 [Thread Group 1-213] INFO  o.apache.jmeter.threads.JMeterThread - Thread started: Thread Group 1-213
15:45:13.277 [Thread Group 1-217] INFO  o.apache.jmeter.threads.JMeterThread - Thread started: Thread Group 1-217
15:45:13.300 [Thread Group 1-220] INFO  o.apache.jmeter.threads.JMeterThread - Thread started: Thread Group 1-220
15:45:13.300 [Thread Group 1-221] INFO  o.apache.jmeter.threads.JMeterThread - Thread started: Thread Group 1-221
15:45:13.308 [Thread Group 1-224] INFO  o.apache.jmeter.threads.JMeterThread - Thread started: Thread Group 1-224
15:45:13.308 [Thread Group 1-216] INFO  o.apache.jmeter.threads.JMeterThread - Thread started: Thread Group 1-216
15:45:13.308 [Thread Group 1-225] INFO  o.apache.jmeter.threads.JMeterThread - Thread started: Thread Group 1-225
15:45:13.309 [Thread Group 1-228] INFO  o.apache.jmeter.threads.JMeterThread - Thread started: Thread Group 1-228
15:45:13.312 [Thread Group 1-229] INFO  o.apache.jmeter.threads.JMeterThread - Thread started: Thread Group 1-229
15:45:13.327 [Thread Group 1-232] INFO  o.apache.jmeter.threads.JMeterThread - Thread started: Thread Group 1-232
15:45:13.360 [Thread Group 1-230] INFO  o.apache.jmeter.threads.JMeterThread - Thread started: Thread Group 1-230
15:45:13.362 [Thread Group 1-231] INFO  o.apache.jmeter.threads.JMeterThread - Thread started: Thread Group 1-231
15:45:13.327 [Thread Group 1-227] INFO  o.apache.jmeter.threads.JMeterThread - Thread started: Thread Group 1-227
15:45:13.366 [Thread Group 1-234] INFO  o.apache.jmeter.threads.JMeterThread - Thread started: Thread Group 1-234
15:45:13.367 [Thread Group 1-235] INFO  o.apache.jmeter.threads.JMeterThread - Thread started: Thread Group 1-235
15:45:13.469 [Thread Group 1-238] INFO  o.apache.jmeter.threads.JMeterThread - Thread started: Thread Group 1-238
15:45:13.471 [Thread Group 1-243] INFO  o.apache.jmeter.threads.JMeterThread - Thread started: Thread Group 1-243
15:45:13.447 [Thread Group 1-239] INFO  o.apache.jmeter.threads.JMeterThread - Thread started: Thread Group 1-239
15:45:13.472 [Thread Group 1-242] INFO  o.apache.jmeter.threads.JMeterThread - Thread started: Thread Group 1-242
15:45:13.496 [Thread Group 1-246] INFO  o.apache.jmeter.threads.JMeterThread - Thread started: Thread Group 1-246
15:45:13.525 [Thread Group 1-247] INFO  o.apache.jmeter.threads.JMeterThread - Thread started: Thread Group 1-247
15:45:13.550 [Thread Group 1-250] INFO  o.apache.jmeter.threads.JMeterThread - Thread started: Thread Group 1-250
15:45:13.558 [Thread Group 1-251] INFO  o.apache.jmeter.threads.JMeterThread - Thread started: Thread Group 1-251
15:45:13.602 [Thread Group 1-254] INFO  o.apache.jmeter.threads.JMeterThread - Thread started: Thread Group 1-254
15:45:13.606 [Thread Group 1-255] INFO  o.apache.jmeter.threads.JMeterThread - Thread started: Thread Group 1-255
15:45:13.618 [Thread Group 1-252] INFO  o.apache.jmeter.threads.JMeterThread - Thread started: Thread Group 1-252
15:45:13.618 [Thread Group 1-253] INFO  o.apache.jmeter.threads.JMeterThread - Thread started: Thread Group 1-253
15:45:13.618 [Thread Group 1-249] INFO  o.apache.jmeter.threads.JMeterThread - Thread started: Thread Group 1-249
15:45:13.618 [Thread Group 1-248] INFO  o.apache.jmeter.threads.JMeterThread - Thread started: Thread Group 1-248
15:45:13.620 [Thread Group 1-256] INFO  o.apache.jmeter.threads.JMeterThread - Thread started: Thread Group 1-256
15:45:13.625 [Thread Group 1-257] INFO  o.apache.jmeter.threads.JMeterThread - Thread started: Thread Group 1-257
15:45:13.628 [Thread Group 1-245] INFO  o.apache.jmeter.threads.JMeterThread - Thread started: Thread Group 1-245
15:45:13.629 [Thread Group 1-244] INFO  o.apache.jmeter.threads.JMeterThread - Thread started: Thread Group 1-244
15:45:13.629 [Thread Group 1-241] INFO  o.apache.jmeter.threads.JMeterThread - Thread started: Thread Group 1-241
15:45:13.629 [Thread Group 1-240] INFO  o.apache.jmeter.threads.JMeterThread - Thread started: Thread Group 1-240
15:45:13.630 [Thread Group 1-237] INFO  o.apache.jmeter.threads.JMeterThread - Thread started: Thread Group 1-237
15:45:13.630 [Thread Group 1-236] INFO  o.apache.jmeter.threads.JMeterThread - Thread started: Thread Group 1-236
15:45:13.631 [Thread Group 1-233] INFO  o.apache.jmeter.threads.JMeterThread - Thread started: Thread Group 1-233
15:45:13.647 [Thread Group 1-258] INFO  o.apache.jmeter.threads.JMeterThread - Thread started: Thread Group 1-258
15:45:13.656 [Thread Group 1-259] INFO  o.apache.jmeter.threads.JMeterThread - Thread started: Thread Group 1-259
15:45:13.692 [Thread Group 1-262] INFO  o.apache.jmeter.threads.JMeterThread - Thread started: Thread Group 1-262
15:45:13.703 [Thread Group 1-263] INFO  o.apache.jmeter.threads.JMeterThread - Thread started: Thread Group 1-263
15:45:13.737 [Thread Group 1-266] INFO  o.apache.jmeter.threads.JMeterThread - Thread started: Thread Group 1-266
15:45:13.737 [Thread Group 1-180] INFO  o.a.j.p.h.s.h.LazyLayeredConnectionSocketFactory - Setting up HTTPS TrustAll Socket Factory
15:45:13.744 [Thread Group 1-260] INFO  o.apache.jmeter.threads.JMeterThread - Thread started: Thread Group 1-260
15:45:13.746 [Thread Group 1-261] INFO  o.apache.jmeter.threads.JMeterThread - Thread started: Thread Group 1-261
15:45:13.749 [Thread Group 1-267] INFO  o.apache.jmeter.threads.JMeterThread - Thread started: Thread Group 1-267
15:45:13.751 [Thread Group 1-264] INFO  o.apache.jmeter.threads.JMeterThread - Thread started: Thread Group 1-264
15:45:13.753 [Thread Group 1-265] INFO  o.apache.jmeter.threads.JMeterThread - Thread started: Thread Group 1-265
15:45:13.759 [Thread Group 1-268] INFO  o.apache.jmeter.threads.JMeterThread - Thread started: Thread Group 1-268
15:45:13.760 [Thread Group 1-180] INFO  o.apache.jmeter.util.JsseSSLManager - Using default SSL protocol: SSLv3
15:45:13.761 [Thread Group 1-180] INFO  o.apache.jmeter.util.JsseSSLManager - SSL session context: per-thread
15:45:13.776 [Thread Group 1-269] INFO  o.apache.jmeter.threads.JMeterThread - Thread started: Thread Group 1-269
15:45:13.785 [Thread Group 1-270] INFO  o.apache.jmeter.threads.JMeterThread - Thread started: Thread Group 1-270
15:45:13.796 [Thread Group 1-271] INFO  o.apache.jmeter.threads.JMeterThread - Thread started: Thread Group 1-271
15:45:13.836 [Thread Group 1-274] INFO  o.apache.jmeter.threads.JMeterThread - Thread started: Thread Group 1-274
15:45:13.837 [Thread Group 1-272] INFO  o.apache.jmeter.threads.JMeterThread - Thread started: Thread Group 1-272
15:45:13.844 [Thread Group 1-275] INFO  o.apache.jmeter.threads.JMeterThread - Thread started: Thread Group 1-275
15:45:13.883 [Thread Group 1-278] INFO  o.apache.jmeter.threads.JMeterThread - Thread started: Thread Group 1-278
15:45:13.886 [Thread Group 1-277] INFO  o.apache.jmeter.threads.JMeterThread - Thread started: Thread Group 1-277
15:45:13.898 [Thread Group 1-276] INFO  o.apache.jmeter.threads.JMeterThread - Thread started: Thread Group 1-276
15:45:13.902 [Thread Group 1-273] INFO  o.apache.jmeter.threads.JMeterThread - Thread started: Thread Group 1-273
15:45:13.904 [Thread Group 1-279] INFO  o.apache.jmeter.threads.JMeterThread - Thread started: Thread Group 1-279
15:45:13.920 [Thread Group 1-280] INFO  o.apache.jmeter.threads.JMeterThread - Thread started: Thread Group 1-280
15:45:13.935 [Thread Group 1-282] INFO  o.apache.jmeter.threads.JMeterThread - Thread started: Thread Group 1-282
15:45:13.943 [Thread Group 1-281] INFO  o.apache.jmeter.threads.JMeterThread - Thread started: Thread Group 1-281
15:45:13.994 [Thread Group 1-291] INFO  o.apache.jmeter.threads.JMeterThread - Thread started: Thread Group 1-291
15:45:13.993 [Thread Group 1-286] INFO  o.apache.jmeter.threads.JMeterThread - Thread started: Thread Group 1-286
15:45:13.992 [Thread Group 1-284] INFO  o.apache.jmeter.threads.JMeterThread - Thread started: Thread Group 1-284
15:45:13.991 [Thread Group 1-285] INFO  o.apache.jmeter.threads.JMeterThread - Thread started: Thread Group 1-285
15:45:13.991 [Thread Group 1-287] INFO  o.apache.jmeter.threads.JMeterThread - Thread started: Thread Group 1-287
15:45:13.968 [Thread Group 1-290] INFO  o.apache.jmeter.threads.JMeterThread - Thread started: Thread Group 1-290
15:45:13.953 [Thread Group 1-283] INFO  o.apache.jmeter.threads.JMeterThread - Thread started: Thread Group 1-283
15:45:14.061 [Thread Group 1-295] INFO  o.apache.jmeter.threads.JMeterThread - Thread started: Thread Group 1-295
15:45:14.061 [Thread Group 1-294] INFO  o.apache.jmeter.threads.JMeterThread - Thread started: Thread Group 1-294
15:45:14.062 [Thread Group 1-289] INFO  o.apache.jmeter.threads.JMeterThread - Thread started: Thread Group 1-289
15:45:14.062 [Thread Group 1-293] INFO  o.apache.jmeter.threads.JMeterThread - Thread started: Thread Group 1-293
15:45:14.063 [Thread Group 1-288] INFO  o.apache.jmeter.threads.JMeterThread - Thread started: Thread Group 1-288
15:45:14.066 [Thread Group 1-292] INFO  o.apache.jmeter.threads.JMeterThread - Thread started: Thread Group 1-292
15:45:14.075 [Thread Group 1-296] INFO  o.apache.jmeter.threads.JMeterThread - Thread started: Thread Group 1-296
15:45:14.078 [Thread Group 1-298] INFO  o.apache.jmeter.threads.JMeterThread - Thread started: Thread Group 1-298
15:45:14.088 [Thread Group 1-299] INFO  o.apache.jmeter.threads.JMeterThread - Thread started: Thread Group 1-299
15:45:14.094 [Thread Group 1-297] INFO  o.apache.jmeter.threads.JMeterThread - Thread started: Thread Group 1-297
15:45:14.103 [Thread Group 1-300] INFO  o.apache.jmeter.threads.JMeterThread - Thread started: Thread Group 1-300
15:45:14.126 [Thread Group 1-302] INFO  o.apache.jmeter.threads.JMeterThread - Thread started: Thread Group 1-302
15:45:14.134 [Thread Group 1-301] INFO  o.apache.jmeter.threads.JMeterThread - Thread started: Thread Group 1-301
15:45:14.140 [Thread Group 1-303] INFO  o.apache.jmeter.threads.JMeterThread - Thread started: Thread Group 1-303
15:45:14.168 [Thread Group 1-306] INFO  o.apache.jmeter.threads.JMeterThread - Thread started: Thread Group 1-306
15:45:14.183 [Thread Group 1-304] INFO  o.apache.jmeter.threads.JMeterThread - Thread started: Thread Group 1-304
15:45:14.186 [Thread Group 1-307] INFO  o.apache.jmeter.threads.JMeterThread - Thread started: Thread Group 1-307
15:45:14.190 [Thread Group 1-305] INFO  o.apache.jmeter.threads.JMeterThread - Thread started: Thread Group 1-305
15:45:14.201 [Thread Group 1-308] INFO  o.apache.jmeter.threads.JMeterThread - Thread started: Thread Group 1-308
15:45:14.234 [Thread Group 1-310] INFO  o.apache.jmeter.threads.JMeterThread - Thread started: Thread Group 1-310
15:45:14.236 [Thread Group 1-311] INFO  o.apache.jmeter.threads.JMeterThread - Thread started: Thread Group 1-311
15:45:14.277 [Thread Group 1-314] INFO  o.apache.jmeter.threads.JMeterThread - Thread started: Thread Group 1-314
15:45:14.285 [Thread Group 1-315] INFO  o.apache.jmeter.threads.JMeterThread - Thread started: Thread Group 1-315
15:45:14.331 [Thread Group 1-309] INFO  o.apache.jmeter.threads.JMeterThread - Thread started: Thread Group 1-309
15:45:14.331 [Thread Group 1-312] INFO  o.apache.jmeter.threads.JMeterThread - Thread started: Thread Group 1-312
15:45:14.332 [Thread Group 1-313] INFO  o.apache.jmeter.threads.JMeterThread - Thread started: Thread Group 1-313
15:45:14.336 [Thread Group 1-316] INFO  o.apache.jmeter.threads.JMeterThread - Thread started: Thread Group 1-316
15:45:14.338 [Thread Group 1-317] INFO  o.apache.jmeter.threads.JMeterThread - Thread started: Thread Group 1-317
15:45:14.339 [Thread Group 1-318] INFO  o.apache.jmeter.threads.JMeterThread - Thread started: Thread Group 1-318
15:45:14.356 [Thread Group 1-319] INFO  o.apache.jmeter.threads.JMeterThread - Thread started: Thread Group 1-319
15:45:14.367 [Thread Group 1-320] INFO  o.apache.jmeter.threads.JMeterThread - Thread started: Thread Group 1-320
15:45:14.394 [Thread Group 1-322] INFO  o.apache.jmeter.threads.JMeterThread - Thread started: Thread Group 1-322
15:45:14.397 [Thread Group 1-323] INFO  o.apache.jmeter.threads.JMeterThread - Thread started: Thread Group 1-323
15:45:14.402 [Thread Group 1-321] INFO  o.apache.jmeter.threads.JMeterThread - Thread started: Thread Group 1-321
15:45:14.429 [Thread Group 1-326] INFO  o.apache.jmeter.threads.JMeterThread - Thread started: Thread Group 1-326
15:45:14.442 [Thread Group 1-327] INFO  o.apache.jmeter.threads.JMeterThread - Thread started: Thread Group 1-327
15:45:14.450 [Thread Group 1-324] INFO  o.apache.jmeter.threads.JMeterThread - Thread started: Thread Group 1-324
15:45:14.451 [Thread Group 1-325] INFO  o.apache.jmeter.threads.JMeterThread - Thread started: Thread Group 1-325
15:45:14.473 [Thread Group 1-328] INFO  o.apache.jmeter.threads.JMeterThread - Thread started: Thread Group 1-328
15:45:14.476 [Thread Group 1-329] INFO  o.apache.jmeter.threads.JMeterThread - Thread started: Thread Group 1-329
15:45:14.500 [Thread Group 1-330] INFO  o.apache.jmeter.threads.JMeterThread - Thread started: Thread Group 1-330
15:45:14.505 [Thread Group 1-331] INFO  o.apache.jmeter.threads.JMeterThread - Thread started: Thread Group 1-331
15:45:14.530 [Thread Group 1-266] INFO  org.apache.jmeter.util.SSLManager - JmeterKeyStore Location:  type JKS
15:45:14.531 [Thread Group 1-334] INFO  o.apache.jmeter.threads.JMeterThread - Thread started: Thread Group 1-334
15:45:14.536 [Thread Group 1-332] INFO  o.apache.jmeter.threads.JMeterThread - Thread started: Thread Group 1-332
15:45:14.547 [Thread Group 1-333] INFO  o.apache.jmeter.threads.JMeterThread - Thread started: Thread Group 1-333
15:45:14.542 [Thread Group 1-335] INFO  o.apache.jmeter.threads.JMeterThread - Thread started: Thread Group 1-335
15:45:14.561 [Thread Group 1-266] INFO  org.apache.jmeter.util.SSLManager - KeyStore created OK
15:45:14.562 [Thread Group 1-266] WARN  org.apache.jmeter.util.SSLManager - Keystore file not found, loading empty keystore
15:45:14.566 [Thread Group 1-336] INFO  o.apache.jmeter.threads.JMeterThread - Thread started: Thread Group 1-336
15:45:14.578 [Thread Group 1-337] INFO  o.apache.jmeter.threads.JMeterThread - Thread started: Thread Group 1-337
15:45:14.581 [Thread Group 1-338] INFO  o.apache.jmeter.threads.JMeterThread - Thread started: Thread Group 1-338
15:45:14.594 [Thread Group 1-339] INFO  o.apache.jmeter.threads.JMeterThread - Thread started: Thread Group 1-339
15:45:14.648 [Thread Group 1-340] INFO  o.apache.jmeter.threads.JMeterThread - Thread started: Thread Group 1-340
15:45:14.648 [Thread Group 1-341] INFO  o.apache.jmeter.threads.JMeterThread - Thread started: Thread Group 1-341
15:45:14.690 [Thread Group 1-343] INFO  o.apache.jmeter.threads.JMeterThread - Thread started: Thread Group 1-343
15:45:14.691 [Thread Group 1-342] INFO  o.apache.jmeter.threads.JMeterThread - Thread started: Thread Group 1-342
15:45:14.701 [Thread Group 1-344] INFO  o.apache.jmeter.threads.JMeterThread - Thread started: Thread Group 1-344
15:45:14.703 [Thread Group 1-346] INFO  o.apache.jmeter.threads.JMeterThread - Thread started: Thread Group 1-346
15:45:14.708 [Thread Group 1-345] INFO  o.apache.jmeter.threads.JMeterThread - Thread started: Thread Group 1-345
15:45:14.746 [Thread Group 1-347] INFO  o.apache.jmeter.threads.JMeterThread - Thread started: Thread Group 1-347
15:45:14.802 [Thread Group 1-348] INFO  o.apache.jmeter.threads.JMeterThread - Thread started: Thread Group 1-348
15:45:14.807 [Thread Group 1-350] INFO  o.apache.jmeter.threads.JMeterThread - Thread started: Thread Group 1-350
15:45:14.814 [Thread Group 1-349] INFO  o.apache.jmeter.threads.JMeterThread - Thread started: Thread Group 1-349
15:45:14.837 [Thread Group 1-351] INFO  o.apache.jmeter.threads.JMeterThread - Thread started: Thread Group 1-351
15:45:14.864 [Thread Group 1-352] INFO  o.apache.jmeter.threads.JMeterThread - Thread started: Thread Group 1-352
15:45:14.890 [Thread Group 1-354] INFO  o.apache.jmeter.threads.JMeterThread - Thread started: Thread Group 1-354
15:45:14.908 [Thread Group 1-355] INFO  o.apache.jmeter.threads.JMeterThread - Thread started: Thread Group 1-355
15:45:14.957 [Thread Group 1-358] INFO  o.apache.jmeter.threads.JMeterThread - Thread started: Thread Group 1-358
15:45:14.964 [Thread Group 1-359] INFO  o.apache.jmeter.threads.JMeterThread - Thread started: Thread Group 1-359
15:45:15.023 [Thread Group 1-362] INFO  o.apache.jmeter.threads.JMeterThread - Thread started: Thread Group 1-362
15:45:15.029 [Thread Group 1-363] INFO  o.apache.jmeter.threads.JMeterThread - Thread started: Thread Group 1-363
15:45:15.030 [Thread Group 1-356] INFO  o.apache.jmeter.threads.JMeterThread - Thread started: Thread Group 1-356
15:45:15.036 [Thread Group 1-357] INFO  o.apache.jmeter.threads.JMeterThread - Thread started: Thread Group 1-357
15:45:15.045 [Thread Group 1-366] INFO  o.apache.jmeter.threads.JMeterThread - Thread started: Thread Group 1-366
15:45:15.046 [Thread Group 1-367] INFO  o.apache.jmeter.threads.JMeterThread - Thread started: Thread Group 1-367
15:45:15.052 [Thread Group 1-360] INFO  o.apache.jmeter.threads.JMeterThread - Thread started: Thread Group 1-360
15:45:15.053 [Thread Group 1-361] INFO  o.apache.jmeter.threads.JMeterThread - Thread started: Thread Group 1-361
15:45:15.059 [Thread Group 1-353] INFO  o.apache.jmeter.threads.JMeterThread - Thread started: Thread Group 1-353
15:45:15.059 [Thread Group 1-364] INFO  o.apache.jmeter.threads.JMeterThread - Thread started: Thread Group 1-364
15:45:15.059 [Thread Group 1-365] INFO  o.apache.jmeter.threads.JMeterThread - Thread started: Thread Group 1-365
15:45:15.068 [Thread Group 1-368] INFO  o.apache.jmeter.threads.JMeterThread - Thread started: Thread Group 1-368
15:45:15.069 [Thread Group 1-369] INFO  o.apache.jmeter.threads.JMeterThread - Thread started: Thread Group 1-369
15:45:15.078 [Thread Group 1-370] INFO  o.apache.jmeter.threads.JMeterThread - Thread started: Thread Group 1-370
15:45:15.090 [Thread Group 1-371] INFO  o.apache.jmeter.threads.JMeterThread - Thread started: Thread Group 1-371
15:45:15.138 [Thread Group 1-372] INFO  o.apache.jmeter.threads.JMeterThread - Thread started: Thread Group 1-372
15:45:15.139 [Thread Group 1-373] INFO  o.apache.jmeter.threads.JMeterThread - Thread started: Thread Group 1-373
15:45:15.141 [Thread Group 1-375] INFO  o.apache.jmeter.threads.JMeterThread - Thread started: Thread Group 1-375
15:45:15.168 [Thread Group 1-378] INFO  o.apache.jmeter.threads.JMeterThread - Thread started: Thread Group 1-378
15:45:15.181 [Thread Group 1-379] INFO  o.apache.jmeter.threads.JMeterThread - Thread started: Thread Group 1-379
15:45:15.278 [Thread Group 1-386] INFO  o.apache.jmeter.threads.JMeterThread - Thread started: Thread Group 1-386
15:45:15.280 [Thread Group 1-374] INFO  o.apache.jmeter.threads.JMeterThread - Thread started: Thread Group 1-374
15:45:15.280 [Thread Group 1-382] INFO  o.apache.jmeter.threads.JMeterThread - Thread started: Thread Group 1-382
15:45:15.279 [Thread Group 1-383] INFO  o.apache.jmeter.threads.JMeterThread - Thread started: Thread Group 1-383
15:45:15.289 [Thread Group 1-387] INFO  o.apache.jmeter.threads.JMeterThread - Thread started: Thread Group 1-387
15:45:15.307 [Thread Group 1-380] INFO  o.apache.jmeter.threads.JMeterThread - Thread started: Thread Group 1-380
15:45:15.319 [Thread Group 1-390] INFO  o.apache.jmeter.threads.JMeterThread - Thread started: Thread Group 1-390
15:45:15.338 [Thread Group 1-376] INFO  o.apache.jmeter.threads.JMeterThread - Thread started: Thread Group 1-376
15:45:15.341 [Thread Group 1-385] INFO  o.apache.jmeter.threads.JMeterThread - Thread started: Thread Group 1-385
15:45:15.342 [Thread Group 1-384] INFO  o.apache.jmeter.threads.JMeterThread - Thread started: Thread Group 1-384
15:45:15.353 [Thread Group 1-391] INFO  o.apache.jmeter.threads.JMeterThread - Thread started: Thread Group 1-391
15:45:15.377 [Thread Group 1-388] INFO  o.apache.jmeter.threads.JMeterThread - Thread started: Thread Group 1-388
15:45:15.380 [Thread Group 1-377] INFO  o.apache.jmeter.threads.JMeterThread - Thread started: Thread Group 1-377
15:45:15.411 [Thread Group 1-381] INFO  o.apache.jmeter.threads.JMeterThread - Thread started: Thread Group 1-381
15:45:15.414 [Thread Group 1-394] INFO  o.apache.jmeter.threads.JMeterThread - Thread started: Thread Group 1-394
15:45:15.427 [Thread Group 1-395] INFO  o.apache.jmeter.threads.JMeterThread - Thread started: Thread Group 1-395
15:45:15.427 [Thread Group 1-393] INFO  o.apache.jmeter.threads.JMeterThread - Thread started: Thread Group 1-393
15:45:15.428 [Thread Group 1-392] INFO  o.apache.jmeter.threads.JMeterThread - Thread started: Thread Group 1-392
15:45:15.537 [Thread Group 1-398] INFO  o.apache.jmeter.threads.JMeterThread - Thread started: Thread Group 1-398
15:45:15.576 [Thread Group 1-406] INFO  o.apache.jmeter.threads.JMeterThread - Thread started: Thread Group 1-406
15:45:15.570 [Thread Group 1-399] INFO  o.apache.jmeter.threads.JMeterThread - Thread started: Thread Group 1-399
15:45:15.570 [Thread Group 1-396] INFO  o.apache.jmeter.threads.JMeterThread - Thread started: Thread Group 1-396
15:45:15.570 [Thread Group 1-397] INFO  o.apache.jmeter.threads.JMeterThread - Thread started: Thread Group 1-397
15:45:15.597 [Thread Group 1-407] INFO  o.apache.jmeter.threads.JMeterThread - Thread started: Thread Group 1-407
15:45:15.569 [Thread Group 1-389] INFO  o.apache.jmeter.threads.JMeterThread - Thread started: Thread Group 1-389
15:45:15.569 [Thread Group 1-400] INFO  o.apache.jmeter.threads.JMeterThread - Thread started: Thread Group 1-400
15:45:15.569 [Thread Group 1-401] INFO  o.apache.jmeter.threads.JMeterThread - Thread started: Thread Group 1-401
15:45:15.564 [Thread Group 1-402] INFO  o.apache.jmeter.threads.JMeterThread - Thread started: Thread Group 1-402
15:45:15.558 [Thread Group 1-403] INFO  o.apache.jmeter.threads.JMeterThread - Thread started: Thread Group 1-403
15:45:15.647 [Thread Group 1-410] INFO  o.apache.jmeter.threads.JMeterThread - Thread started: Thread Group 1-410
15:45:15.649 [Thread Group 1-411] INFO  o.apache.jmeter.threads.JMeterThread - Thread started: Thread Group 1-411
15:45:15.692 [Thread Group 1-414] INFO  o.apache.jmeter.threads.JMeterThread - Thread started: Thread Group 1-414
15:45:15.745 [Thread Group 1-418] INFO  o.apache.jmeter.threads.JMeterThread - Thread started: Thread Group 1-418
15:45:15.764 [Thread Group 1-419] INFO  o.apache.jmeter.threads.JMeterThread - Thread started: Thread Group 1-419
15:45:15.789 [Thread Group 1-409] INFO  o.apache.jmeter.threads.JMeterThread - Thread started: Thread Group 1-409
15:45:15.797 [Thread Group 1-428] INFO  o.apache.jmeter.threads.JMeterThread - Thread started: Thread Group 1-428
15:45:15.797 [Thread Group 1-412] INFO  o.apache.jmeter.threads.JMeterThread - Thread started: Thread Group 1-412
15:45:15.797 [Thread Group 1-413] INFO  o.apache.jmeter.threads.JMeterThread - Thread started: Thread Group 1-413
15:45:15.798 [Thread Group 1-408] INFO  o.apache.jmeter.threads.JMeterThread - Thread started: Thread Group 1-408
15:45:15.798 [Thread Group 1-420] INFO  o.apache.jmeter.threads.JMeterThread - Thread started: Thread Group 1-420
15:45:15.798 [Thread Group 1-417] INFO  o.apache.jmeter.threads.JMeterThread - Thread started: Thread Group 1-417
15:45:15.798 [Thread Group 1-421] INFO  o.apache.jmeter.threads.JMeterThread - Thread started: Thread Group 1-421
15:45:15.798 [Thread Group 1-416] INFO  o.apache.jmeter.threads.JMeterThread - Thread started: Thread Group 1-416
15:45:15.809 [Thread Group 1-405] INFO  o.apache.jmeter.threads.JMeterThread - Thread started: Thread Group 1-405
15:45:15.812 [Thread Group 1-404] INFO  o.apache.jmeter.threads.JMeterThread - Thread started: Thread Group 1-404
15:45:15.847 [Thread Group 1-415] INFO  o.apache.jmeter.threads.JMeterThread - Thread started: Thread Group 1-415
15:45:15.977 [Thread Group 1-432] INFO  o.apache.jmeter.threads.JMeterThread - Thread started: Thread Group 1-432
15:45:15.975 [Thread Group 1-433] INFO  o.apache.jmeter.threads.JMeterThread - Thread started: Thread Group 1-433
15:45:15.973 [Thread Group 1-434] INFO  o.apache.jmeter.threads.JMeterThread - Thread started: Thread Group 1-434
15:45:15.946 [Thread Group 1-435] INFO  o.apache.jmeter.threads.JMeterThread - Thread started: Thread Group 1-435
15:45:15.941 [Thread Group 1-442] INFO  o.apache.jmeter.threads.JMeterThread - Thread started: Thread Group 1-442
15:45:17.212 [Thread Group 1-536] INFO  o.apache.jmeter.threads.JMeterThread - Thread started: Thread Group 1-536
15:45:17.212 [Thread Group 1-537] INFO  o.apache.jmeter.threads.JMeterThread - Thread started: Thread Group 1-537
15:45:15.904 [Thread Group 1-431] INFO  o.apache.jmeter.threads.JMeterThread - Thread started: Thread Group 1-431
15:45:15.897 [Thread Group 1-429] INFO  o.apache.jmeter.threads.JMeterThread - Thread started: Thread Group 1-429
15:45:17.231 [Thread Group 1-540] INFO  o.apache.jmeter.threads.JMeterThread - Thread started: Thread Group 1-540
15:45:17.243 [Thread Group 1-541] INFO  o.apache.jmeter.threads.JMeterThread - Thread started: Thread Group 1-541
15:45:15.895 [Thread Group 1-422] INFO  o.apache.jmeter.threads.JMeterThread - Thread started: Thread Group 1-422
15:45:15.893 [Thread Group 1-423] INFO  o.apache.jmeter.threads.JMeterThread - Thread started: Thread Group 1-423
15:45:15.888 [Thread Group 1-424] INFO  o.apache.jmeter.threads.JMeterThread - Thread started: Thread Group 1-424
15:45:15.887 [Thread Group 1-425] INFO  o.apache.jmeter.threads.JMeterThread - Thread started: Thread Group 1-425
15:45:17.259 [Thread Group 1-454] INFO  o.apache.jmeter.threads.JMeterThread - Thread started: Thread Group 1-454
15:45:15.878 [Thread Group 1-426] INFO  o.apache.jmeter.threads.JMeterThread - Thread started: Thread Group 1-426
15:45:15.850 [Thread Group 1-427] INFO  o.apache.jmeter.threads.JMeterThread - Thread started: Thread Group 1-427
15:45:17.259 [Thread Group 1-452] INFO  o.apache.jmeter.threads.JMeterThread - Thread started: Thread Group 1-452
15:45:17.259 [Thread Group 1-453] INFO  o.apache.jmeter.threads.JMeterThread - Thread started: Thread Group 1-453
15:45:17.195 [Thread Group 1-516] INFO  o.apache.jmeter.threads.JMeterThread - Thread started: Thread Group 1-516
15:45:17.195 [Thread Group 1-501] INFO  o.apache.jmeter.threads.JMeterThread - Thread started: Thread Group 1-501
15:45:17.285 [Thread Group 1-449] INFO  o.apache.jmeter.threads.JMeterThread - Thread started: Thread Group 1-449
15:45:17.289 [Thread Group 1-523] INFO  o.apache.jmeter.threads.JMeterThread - Thread started: Thread Group 1-523
15:45:17.290 [Thread Group 1-530] INFO  o.apache.jmeter.threads.JMeterThread - Thread started: Thread Group 1-530
15:45:17.290 [Thread Group 1-531] INFO  o.apache.jmeter.threads.JMeterThread - Thread started: Thread Group 1-531
15:45:17.292 [Thread Group 1-526] INFO  o.apache.jmeter.threads.JMeterThread - Thread started: Thread Group 1-526
15:45:17.315 [Thread Group 1-538] INFO  o.apache.jmeter.threads.JMeterThread - Thread started: Thread Group 1-538
15:45:17.315 [Thread Group 1-542] INFO  o.apache.jmeter.threads.JMeterThread - Thread started: Thread Group 1-542
15:45:17.315 [Thread Group 1-543] INFO  o.apache.jmeter.threads.JMeterThread - Thread started: Thread Group 1-543
15:45:17.315 [Thread Group 1-546] INFO  o.apache.jmeter.threads.JMeterThread - Thread started: Thread Group 1-546
15:45:17.317 [Thread Group 1-547] INFO  o.apache.jmeter.threads.JMeterThread - Thread started: Thread Group 1-547
15:45:17.195 [Thread Group 1-509] INFO  o.apache.jmeter.threads.JMeterThread - Thread started: Thread Group 1-509
15:45:17.341 [Thread Group 1-448] INFO  o.apache.jmeter.threads.JMeterThread - Thread started: Thread Group 1-448
15:45:17.195 [Thread Group 1-504] INFO  o.apache.jmeter.threads.JMeterThread - Thread started: Thread Group 1-504
15:45:17.343 [Thread Group 1-445] INFO  o.apache.jmeter.threads.JMeterThread - Thread started: Thread Group 1-445
15:45:17.194 [Thread Group 1-521] INFO  o.apache.jmeter.threads.JMeterThread - Thread started: Thread Group 1-521
15:45:17.356 [Thread Group 1-444] INFO  o.apache.jmeter.threads.JMeterThread - Thread started: Thread Group 1-444
15:45:17.193 [Thread Group 1-525] INFO  o.apache.jmeter.threads.JMeterThread - Thread started: Thread Group 1-525
15:45:17.181 [Thread Group 1-505] INFO  o.apache.jmeter.threads.JMeterThread - Thread started: Thread Group 1-505
15:45:17.181 [Thread Group 1-508] INFO  o.apache.jmeter.threads.JMeterThread - Thread started: Thread Group 1-508
15:45:17.181 [Thread Group 1-528] INFO  o.apache.jmeter.threads.JMeterThread - Thread started: Thread Group 1-528
15:45:17.181 [Thread Group 1-474] INFO  o.apache.jmeter.threads.JMeterThread - Thread started: Thread Group 1-474
15:45:17.181 [Thread Group 1-475] INFO  o.apache.jmeter.threads.JMeterThread - Thread started: Thread Group 1-475
15:45:17.181 [Thread Group 1-487] INFO  o.apache.jmeter.threads.JMeterThread - Thread started: Thread Group 1-487
15:45:17.180 [Thread Group 1-478] INFO  o.apache.jmeter.threads.JMeterThread - Thread started: Thread Group 1-478
15:45:17.630 [Thread Group 1-560] INFO  o.apache.jmeter.threads.JMeterThread - Thread started: Thread Group 1-560
15:45:17.630 [Thread Group 1-561] INFO  o.apache.jmeter.threads.JMeterThread - Thread started: Thread Group 1-561
15:45:17.630 [Thread Group 1-564] INFO  o.apache.jmeter.threads.JMeterThread - Thread started: Thread Group 1-564
15:45:17.631 [Thread Group 1-565] INFO  o.apache.jmeter.threads.JMeterThread - Thread started: Thread Group 1-565
15:45:17.632 [Thread Group 1-569] INFO  o.apache.jmeter.threads.JMeterThread - Thread started: Thread Group 1-569
15:45:17.632 [Thread Group 1-568] INFO  o.apache.jmeter.threads.JMeterThread - Thread started: Thread Group 1-568
15:45:17.180 [Thread Group 1-479] INFO  o.apache.jmeter.threads.JMeterThread - Thread started: Thread Group 1-479
15:45:17.178 [Thread Group 1-494] INFO  o.apache.jmeter.threads.JMeterThread - Thread started: Thread Group 1-494
15:45:17.177 [Thread Group 1-482] INFO  o.apache.jmeter.threads.JMeterThread - Thread started: Thread Group 1-482
15:45:17.177 [Thread Group 1-483] INFO  o.apache.jmeter.threads.JMeterThread - Thread started: Thread Group 1-483
15:45:17.177 [Thread Group 1-518] INFO  o.apache.jmeter.threads.JMeterThread - Thread started: Thread Group 1-518
15:45:17.177 [Thread Group 1-486] INFO  o.apache.jmeter.threads.JMeterThread - Thread started: Thread Group 1-486
15:45:17.177 [Thread Group 1-490] INFO  o.apache.jmeter.threads.JMeterThread - Thread started: Thread Group 1-490
15:45:17.177 [Thread Group 1-491] INFO  o.apache.jmeter.threads.JMeterThread - Thread started: Thread Group 1-491
15:45:17.177 [Thread Group 1-503] INFO  o.apache.jmeter.threads.JMeterThread - Thread started: Thread Group 1-503
15:45:17.177 [Thread Group 1-507] INFO  o.apache.jmeter.threads.JMeterThread - Thread started: Thread Group 1-507
15:45:17.177 [Thread Group 1-502] INFO  o.apache.jmeter.threads.JMeterThread - Thread started: Thread Group 1-502
15:45:17.177 [Thread Group 1-495] INFO  o.apache.jmeter.threads.JMeterThread - Thread started: Thread Group 1-495
15:45:17.177 [Thread Group 1-499] INFO  o.apache.jmeter.threads.JMeterThread - Thread started: Thread Group 1-499
15:45:17.177 [Thread Group 1-498] INFO  o.apache.jmeter.threads.JMeterThread - Thread started: Thread Group 1-498
15:45:17.177 [Thread Group 1-514] INFO  o.apache.jmeter.threads.JMeterThread - Thread started: Thread Group 1-514
15:45:17.177 [Thread Group 1-511] INFO  o.apache.jmeter.threads.JMeterThread - Thread started: Thread Group 1-511
15:45:17.177 [Thread Group 1-506] INFO  o.apache.jmeter.threads.JMeterThread - Thread started: Thread Group 1-506
15:45:17.177 [Thread Group 1-519] INFO  o.apache.jmeter.threads.JMeterThread - Thread started: Thread Group 1-519
15:45:17.177 [Thread Group 1-522] INFO  o.apache.jmeter.threads.JMeterThread - Thread started: Thread Group 1-522
15:45:17.176 [Thread Group 1-535] INFO  o.apache.jmeter.threads.JMeterThread - Thread started: Thread Group 1-535
15:45:17.176 [Thread Group 1-534] INFO  o.apache.jmeter.threads.JMeterThread - Thread started: Thread Group 1-534
15:45:17.691 [Thread Group 1-566] INFO  o.apache.jmeter.threads.JMeterThread - Thread started: Thread Group 1-566
15:45:17.701 [Thread Group 1-567] INFO  o.apache.jmeter.threads.JMeterThread - Thread started: Thread Group 1-567
15:45:17.706 [Thread Group 1-570] INFO  o.apache.jmeter.threads.JMeterThread - Thread started: Thread Group 1-570
15:45:17.737 [Thread Group 1-571] INFO  o.apache.jmeter.threads.JMeterThread - Thread started: Thread Group 1-571
15:45:17.738 [Thread Group 1-574] INFO  o.apache.jmeter.threads.JMeterThread - Thread started: Thread Group 1-574
15:45:17.738 [Thread Group 1-575] INFO  o.apache.jmeter.threads.JMeterThread - Thread started: Thread Group 1-575
15:45:17.743 [Thread Group 1-578] INFO  o.apache.jmeter.threads.JMeterThread - Thread started: Thread Group 1-578
15:45:17.748 [Thread Group 1-579] INFO  o.apache.jmeter.threads.JMeterThread - Thread started: Thread Group 1-579
15:45:17.752 [Thread Group 1-557] INFO  o.apache.jmeter.threads.JMeterThread - Thread started: Thread Group 1-557
15:45:17.166 [Thread Group 1-533] INFO  o.apache.jmeter.threads.JMeterThread - Thread started: Thread Group 1-533
15:45:17.163 [Thread Group 1-532] INFO  o.apache.jmeter.threads.JMeterThread - Thread started: Thread Group 1-532
15:45:17.966 [Thread Group 1-585] INFO  o.apache.jmeter.threads.JMeterThread - Thread started: Thread Group 1-585
15:45:17.977 [Thread Group 1-588] INFO  o.apache.jmeter.threads.JMeterThread - Thread started: Thread Group 1-588
15:45:17.977 [Thread Group 1-589] INFO  o.apache.jmeter.threads.JMeterThread - Thread started: Thread Group 1-589
15:45:17.980 [Thread Group 1-592] INFO  o.apache.jmeter.threads.JMeterThread - Thread started: Thread Group 1-592
15:45:17.981 [Thread Group 1-596] INFO  o.apache.jmeter.threads.JMeterThread - Thread started: Thread Group 1-596
15:45:17.987 [Thread Group 1-597] INFO  o.apache.jmeter.threads.JMeterThread - Thread started: Thread Group 1-597
15:45:17.096 [Thread Group 1-527] INFO  o.apache.jmeter.threads.JMeterThread - Thread started: Thread Group 1-527
15:45:17.094 [Thread Group 1-524] INFO  o.apache.jmeter.threads.JMeterThread - Thread started: Thread Group 1-524
15:45:17.075 [Thread Group 1-529] INFO  o.apache.jmeter.threads.JMeterThread - Thread started: Thread Group 1-529
15:45:17.055 [Thread Group 1-520] INFO  o.apache.jmeter.threads.JMeterThread - Thread started: Thread Group 1-520
15:45:17.055 [Thread Group 1-513] INFO  o.apache.jmeter.threads.JMeterThread - Thread started: Thread Group 1-513
15:45:17.055 [Thread Group 1-517] INFO  o.apache.jmeter.threads.JMeterThread - Thread started: Thread Group 1-517
15:45:17.051 [Thread Group 1-512] INFO  o.apache.jmeter.threads.JMeterThread - Thread started: Thread Group 1-512
15:45:17.042 [Thread Group 1-515] INFO  o.apache.jmeter.threads.JMeterThread - Thread started: Thread Group 1-515
15:45:18.056 [Thread Group 1-600] INFO  o.apache.jmeter.threads.JMeterThread - Thread started: Thread Group 1-600
15:45:17.042 [Thread Group 1-510] INFO  o.apache.jmeter.threads.JMeterThread - Thread started: Thread Group 1-510
15:45:16.945 [Thread Group 1-500] INFO  o.apache.jmeter.threads.JMeterThread - Thread started: Thread Group 1-500
15:45:16.944 [Thread Group 1-446] INFO  o.apache.jmeter.threads.JMeterThread - Thread started: Thread Group 1-446
15:45:16.944 [Thread Group 1-438] INFO  o.apache.jmeter.threads.JMeterThread - Thread started: Thread Group 1-438
15:45:16.944 [Thread Group 1-439] INFO  o.apache.jmeter.threads.JMeterThread - Thread started: Thread Group 1-439
15:45:16.897 [Thread Group 1-497] INFO  o.apache.jmeter.threads.JMeterThread - Thread started: Thread Group 1-497
15:45:18.178 [Thread Group 1-603] INFO  o.apache.jmeter.threads.JMeterThread - Thread started: Thread Group 1-603
15:45:18.179 [Thread Group 1-607] INFO  o.apache.jmeter.threads.JMeterThread - Thread started: Thread Group 1-607
15:45:16.879 [Thread Group 1-496] INFO  o.apache.jmeter.threads.JMeterThread - Thread started: Thread Group 1-496
15:45:18.182 [Thread Group 1-610] INFO  o.apache.jmeter.threads.JMeterThread - Thread started: Thread Group 1-610
15:45:18.182 [Thread Group 1-606] INFO  o.apache.jmeter.threads.JMeterThread - Thread started: Thread Group 1-606
15:45:18.182 [Thread Group 1-599] INFO  o.apache.jmeter.threads.JMeterThread - Thread started: Thread Group 1-599
15:45:18.183 [Thread Group 1-598] INFO  o.apache.jmeter.threads.JMeterThread - Thread started: Thread Group 1-598
15:45:16.868 [Thread Group 1-493] INFO  o.apache.jmeter.threads.JMeterThread - Thread started: Thread Group 1-493
15:45:16.868 [Thread Group 1-492] INFO  o.apache.jmeter.threads.JMeterThread - Thread started: Thread Group 1-492
15:45:16.833 [Thread Group 1-489] INFO  o.apache.jmeter.threads.JMeterThread - Thread started: Thread Group 1-489
15:45:16.833 [Thread Group 1-488] INFO  o.apache.jmeter.threads.JMeterThread - Thread started: Thread Group 1-488
15:45:16.833 [Thread Group 1-485] INFO  o.apache.jmeter.threads.JMeterThread - Thread started: Thread Group 1-485
15:45:16.833 [Thread Group 1-484] INFO  o.apache.jmeter.threads.JMeterThread - Thread started: Thread Group 1-484
15:45:16.832 [Thread Group 1-481] INFO  o.apache.jmeter.threads.JMeterThread - Thread started: Thread Group 1-481
15:45:18.185 [Thread Group 1-604] INFO  o.apache.jmeter.threads.JMeterThread - Thread started: Thread Group 1-604
15:45:16.832 [Thread Group 1-480] INFO  o.apache.jmeter.threads.JMeterThread - Thread started: Thread Group 1-480
15:45:18.186 [Thread Group 1-605] INFO  o.apache.jmeter.threads.JMeterThread - Thread started: Thread Group 1-605
15:45:16.831 [Thread Group 1-477] INFO  o.apache.jmeter.threads.JMeterThread - Thread started: Thread Group 1-477
15:45:16.831 [Thread Group 1-476] INFO  o.apache.jmeter.threads.JMeterThread - Thread started: Thread Group 1-476
15:45:18.188 [Thread Group 1-601] INFO  o.apache.jmeter.threads.JMeterThread - Thread started: Thread Group 1-601
15:45:16.495 [Thread Group 1-473] INFO  o.apache.jmeter.threads.JMeterThread - Thread started: Thread Group 1-473
15:45:16.495 [Thread Group 1-472] INFO  o.apache.jmeter.threads.JMeterThread - Thread started: Thread Group 1-472
15:45:16.494 [Thread Group 1-469] INFO  o.apache.jmeter.threads.JMeterThread - Thread started: Thread Group 1-469
15:45:16.492 [Thread Group 1-468] INFO  o.apache.jmeter.threads.JMeterThread - Thread started: Thread Group 1-468
15:45:16.486 [Thread Group 1-465] INFO  o.apache.jmeter.threads.JMeterThread - Thread started: Thread Group 1-465
15:45:16.485 [Thread Group 1-464] INFO  o.apache.jmeter.threads.JMeterThread - Thread started: Thread Group 1-464
15:45:16.476 [Thread Group 1-443] INFO  o.apache.jmeter.threads.JMeterThread - Thread started: Thread Group 1-443
15:45:16.452 [Thread Group 1-471] INFO  o.apache.jmeter.threads.JMeterThread - Thread started: Thread Group 1-471
15:45:16.439 [Thread Group 1-470] INFO  o.apache.jmeter.threads.JMeterThread - Thread started: Thread Group 1-470
15:45:18.192 [Thread Group 1-595] INFO  o.apache.jmeter.threads.JMeterThread - Thread started: Thread Group 1-595
15:45:16.418 [Thread Group 1-467] INFO  o.apache.jmeter.threads.JMeterThread - Thread started: Thread Group 1-467
15:45:16.418 [Thread Group 1-466] INFO  o.apache.jmeter.threads.JMeterThread - Thread started: Thread Group 1-466
15:45:16.418 [Thread Group 1-463] INFO  o.apache.jmeter.threads.JMeterThread - Thread started: Thread Group 1-463
15:45:16.418 [Thread Group 1-462] INFO  o.apache.jmeter.threads.JMeterThread - Thread started: Thread Group 1-462
15:45:16.418 [Thread Group 1-459] INFO  o.apache.jmeter.threads.JMeterThread - Thread started: Thread Group 1-459
15:45:16.417 [Thread Group 1-458] INFO  o.apache.jmeter.threads.JMeterThread - Thread started: Thread Group 1-458
15:45:16.334 [Thread Group 1-461] INFO  o.apache.jmeter.threads.JMeterThread - Thread started: Thread Group 1-461
15:45:16.324 [Thread Group 1-460] INFO  o.apache.jmeter.threads.JMeterThread - Thread started: Thread Group 1-460
15:45:18.281 [Thread Group 1-616] INFO  o.apache.jmeter.threads.JMeterThread - Thread started: Thread Group 1-616
15:45:16.293 [Thread Group 1-457] INFO  o.apache.jmeter.threads.JMeterThread - Thread started: Thread Group 1-457
15:45:18.282 [Thread Group 1-614] INFO  o.apache.jmeter.threads.JMeterThread - Thread started: Thread Group 1-614
15:45:16.293 [Thread Group 1-456] INFO  o.apache.jmeter.threads.JMeterThread - Thread started: Thread Group 1-456
15:45:16.272 [Thread Group 1-436] INFO  o.apache.jmeter.threads.JMeterThread - Thread started: Thread Group 1-436
15:45:16.271 [Thread Group 1-437] INFO  o.apache.jmeter.threads.JMeterThread - Thread started: Thread Group 1-437
15:45:16.269 [Thread Group 1-440] INFO  o.apache.jmeter.threads.JMeterThread - Thread started: Thread Group 1-440
15:45:16.267 [Thread Group 1-455] INFO  o.apache.jmeter.threads.JMeterThread - Thread started: Thread Group 1-455
15:45:16.265 [Thread Group 1-441] INFO  o.apache.jmeter.threads.JMeterThread - Thread started: Thread Group 1-441
15:45:16.222 [Thread Group 1-430] INFO  o.apache.jmeter.threads.JMeterThread - Thread started: Thread Group 1-430
15:45:16.215 [Thread Group 1-451] INFO  o.apache.jmeter.threads.JMeterThread - Thread started: Thread Group 1-451
15:45:16.202 [Thread Group 1-450] INFO  o.apache.jmeter.threads.JMeterThread - Thread started: Thread Group 1-450
15:45:16.185 [Thread Group 1-447] INFO  o.apache.jmeter.threads.JMeterThread - Thread started: Thread Group 1-447
15:45:18.244 [Thread Group 1-609] INFO  o.apache.jmeter.threads.JMeterThread - Thread started: Thread Group 1-609
15:45:18.244 [Thread Group 1-612] INFO  o.apache.jmeter.threads.JMeterThread - Thread started: Thread Group 1-612
15:45:18.241 [Thread Group 1-613] INFO  o.apache.jmeter.threads.JMeterThread - Thread started: Thread Group 1-613
15:45:18.095 [Thread Group 1-586] INFO  o.apache.jmeter.threads.JMeterThread - Thread started: Thread Group 1-586
15:45:18.095 [Thread Group 1-587] INFO  o.apache.jmeter.threads.JMeterThread - Thread started: Thread Group 1-587
15:45:18.095 [Thread Group 1-590] INFO  o.apache.jmeter.threads.JMeterThread - Thread started: Thread Group 1-590
15:45:18.095 [Thread Group 1-591] INFO  o.apache.jmeter.threads.JMeterThread - Thread started: Thread Group 1-591
15:45:18.095 [Thread Group 1-594] INFO  o.apache.jmeter.threads.JMeterThread - Thread started: Thread Group 1-594
15:45:17.848 [Thread Group 1-584] INFO  o.apache.jmeter.threads.JMeterThread - Thread started: Thread Group 1-584
15:45:17.827 [Thread Group 1-582] INFO  o.apache.jmeter.threads.JMeterThread - Thread started: Thread Group 1-582
15:45:17.812 [Thread Group 1-581] INFO  o.apache.jmeter.threads.JMeterThread - Thread started: Thread Group 1-581
15:45:17.807 [Thread Group 1-580] INFO  o.apache.jmeter.threads.JMeterThread - Thread started: Thread Group 1-580
15:45:17.807 [Thread Group 1-572] INFO  o.apache.jmeter.threads.JMeterThread - Thread started: Thread Group 1-572
15:45:17.807 [Thread Group 1-573] INFO  o.apache.jmeter.threads.JMeterThread - Thread started: Thread Group 1-573
15:45:17.807 [Thread Group 1-576] INFO  o.apache.jmeter.threads.JMeterThread - Thread started: Thread Group 1-576
15:45:17.799 [Thread Group 1-577] INFO  o.apache.jmeter.threads.JMeterThread - Thread started: Thread Group 1-577
15:45:17.785 [Thread Group 1-583] INFO  o.apache.jmeter.threads.JMeterThread - Thread started: Thread Group 1-583
15:45:17.530 [Thread Group 1-550] INFO  o.apache.jmeter.threads.JMeterThread - Thread started: Thread Group 1-550
15:45:17.530 [Thread Group 1-544] INFO  o.apache.jmeter.threads.JMeterThread - Thread started: Thread Group 1-544
15:45:17.530 [Thread Group 1-545] INFO  o.apache.jmeter.threads.JMeterThread - Thread started: Thread Group 1-545
15:45:17.513 [Thread Group 1-563] INFO  o.apache.jmeter.threads.JMeterThread - Thread started: Thread Group 1-563
15:45:17.495 [Thread Group 1-562] INFO  o.apache.jmeter.threads.JMeterThread - Thread started: Thread Group 1-562
15:45:17.486 [Thread Group 1-559] INFO  o.apache.jmeter.threads.JMeterThread - Thread started: Thread Group 1-559
15:45:17.486 [Thread Group 1-558] INFO  o.apache.jmeter.threads.JMeterThread - Thread started: Thread Group 1-558
15:45:17.476 [Thread Group 1-555] INFO  o.apache.jmeter.threads.JMeterThread - Thread started: Thread Group 1-555
15:45:17.476 [Thread Group 1-554] INFO  o.apache.jmeter.threads.JMeterThread - Thread started: Thread Group 1-554
15:45:17.472 [Thread Group 1-551] INFO  o.apache.jmeter.threads.JMeterThread - Thread started: Thread Group 1-551
15:45:18.414 [Thread Group 1-615] INFO  o.apache.jmeter.threads.JMeterThread - Thread started: Thread Group 1-615
15:45:18.415 [Thread Group 1-618] INFO  o.apache.jmeter.threads.JMeterThread - Thread started: Thread Group 1-618
15:45:18.415 [Thread Group 1-619] INFO  o.apache.jmeter.threads.JMeterThread - Thread started: Thread Group 1-619
15:45:18.416 [Thread Group 1-622] INFO  o.apache.jmeter.threads.JMeterThread - Thread started: Thread Group 1-622
15:45:18.417 [Thread Group 1-626] INFO  o.apache.jmeter.threads.JMeterThread - Thread started: Thread Group 1-626
15:45:18.421 [Thread Group 1-627] INFO  o.apache.jmeter.threads.JMeterThread - Thread started: Thread Group 1-627
15:45:17.427 [Thread Group 1-556] INFO  o.apache.jmeter.threads.JMeterThread - Thread started: Thread Group 1-556
15:45:17.417 [Thread Group 1-553] INFO  o.apache.jmeter.threads.JMeterThread - Thread started: Thread Group 1-553
15:45:17.417 [Thread Group 1-552] INFO  o.apache.jmeter.threads.JMeterThread - Thread started: Thread Group 1-552
15:45:17.408 [Thread Group 1-548] INFO  o.apache.jmeter.threads.JMeterThread - Thread started: Thread Group 1-548
15:45:17.388 [Thread Group 1-549] INFO  o.apache.jmeter.threads.JMeterThread - Thread started: Thread Group 1-549
15:45:17.315 [Thread Group 1-539] INFO  o.apache.jmeter.threads.JMeterThread - Thread started: Thread Group 1-539
15:45:18.519 [Thread Group 1-624] INFO  o.apache.jmeter.threads.JMeterThread - Thread started: Thread Group 1-624
15:45:18.519 [Thread Group 1-621] INFO  o.apache.jmeter.threads.JMeterThread - Thread started: Thread Group 1-621
15:45:18.573 [Thread Group 1-630] INFO  o.apache.jmeter.threads.JMeterThread - Thread started: Thread Group 1-630
15:45:18.576 [Thread Group 1-620] INFO  o.apache.jmeter.threads.JMeterThread - Thread started: Thread Group 1-620
15:45:18.577 [Thread Group 1-631] INFO  o.apache.jmeter.threads.JMeterThread - Thread started: Thread Group 1-631
15:45:18.687 [Thread Group 1-634] INFO  o.apache.jmeter.threads.JMeterThread - Thread started: Thread Group 1-634
15:45:18.687 [Thread Group 1-650] INFO  o.apache.jmeter.threads.JMeterThread - Thread started: Thread Group 1-650
15:45:18.751 [Thread Group 1-593] INFO  o.apache.jmeter.threads.JMeterThread - Thread started: Thread Group 1-593
15:45:18.758 [Thread Group 1-653] INFO  o.apache.jmeter.threads.JMeterThread - Thread started: Thread Group 1-653
15:45:18.850 [Thread Group 1-602] INFO  o.apache.jmeter.threads.JMeterThread - Thread started: Thread Group 1-602
15:45:18.947 [Thread Group 1-611] INFO  o.apache.jmeter.threads.JMeterThread - Thread started: Thread Group 1-611
15:45:18.987 [Thread Group 1-617] INFO  o.apache.jmeter.threads.JMeterThread - Thread started: Thread Group 1-617
15:45:18.998 [Thread Group 1-668] INFO  o.apache.jmeter.threads.JMeterThread - Thread started: Thread Group 1-668
15:45:19.002 [Thread Group 1-608] INFO  o.apache.jmeter.threads.JMeterThread - Thread started: Thread Group 1-608
15:45:19.122 [Thread Group 1-625] INFO  o.apache.jmeter.threads.JMeterThread - Thread started: Thread Group 1-625
15:45:19.229 [Thread Group 1-633] INFO  o.apache.jmeter.threads.JMeterThread - Thread started: Thread Group 1-633
15:45:19.230 [Thread Group 1-632] INFO  o.apache.jmeter.threads.JMeterThread - Thread started: Thread Group 1-632
15:45:19.231 [Thread Group 1-629] INFO  o.apache.jmeter.threads.JMeterThread - Thread started: Thread Group 1-629
15:45:19.231 [Thread Group 1-628] INFO  o.apache.jmeter.threads.JMeterThread - Thread started: Thread Group 1-628
15:45:19.250 [Thread Group 1-636] INFO  o.apache.jmeter.threads.JMeterThread - Thread started: Thread Group 1-636
15:45:19.290 [Thread Group 1-637] INFO  o.apache.jmeter.threads.JMeterThread - Thread started: Thread Group 1-637
15:45:19.291 [Thread Group 1-623] INFO  o.apache.jmeter.threads.JMeterThread - Thread started: Thread Group 1-623
15:45:19.307 [Thread Group 1-640] INFO  o.apache.jmeter.threads.JMeterThread - Thread started: Thread Group 1-640
15:45:19.387 [Thread Group 1-706] INFO  o.apache.jmeter.threads.JMeterThread - Thread started: Thread Group 1-706
15:45:19.390 [Thread Group 1-644] INFO  o.apache.jmeter.threads.JMeterThread - Thread started: Thread Group 1-644
15:45:19.393 [Thread Group 1-645] INFO  o.apache.jmeter.threads.JMeterThread - Thread started: Thread Group 1-645
15:45:19.403 [Thread Group 1-703] INFO  o.apache.jmeter.threads.JMeterThread - Thread started: Thread Group 1-703
15:45:19.432 [Thread Group 1-648] INFO  o.apache.jmeter.threads.JMeterThread - Thread started: Thread Group 1-648
15:45:19.432 [Thread Group 1-709] INFO  o.apache.jmeter.threads.JMeterThread - Thread started: Thread Group 1-709
15:45:19.432 [Thread Group 1-649] INFO  o.apache.jmeter.threads.JMeterThread - Thread started: Thread Group 1-649
15:45:19.436 [Thread Group 1-635] INFO  o.apache.jmeter.threads.JMeterThread - Thread started: Thread Group 1-635
15:45:19.441 [Thread Group 1-642] INFO  o.apache.jmeter.threads.JMeterThread - Thread started: Thread Group 1-642
15:45:19.599 [Thread Group 1-638] INFO  o.apache.jmeter.threads.JMeterThread - Thread started: Thread Group 1-638
15:45:19.605 [Thread Group 1-652] INFO  o.apache.jmeter.threads.JMeterThread - Thread started: Thread Group 1-652
15:45:19.606 [Thread Group 1-656] INFO  o.apache.jmeter.threads.JMeterThread - Thread started: Thread Group 1-656
15:45:19.608 [Thread Group 1-657] INFO  o.apache.jmeter.threads.JMeterThread - Thread started: Thread Group 1-657
15:45:19.608 [Thread Group 1-639] INFO  o.apache.jmeter.threads.JMeterThread - Thread started: Thread Group 1-639
15:45:19.611 [Thread Group 1-660] INFO  o.apache.jmeter.threads.JMeterThread - Thread started: Thread Group 1-660
15:45:19.611 [Thread Group 1-661] INFO  o.apache.jmeter.threads.JMeterThread - Thread started: Thread Group 1-661
15:45:19.612 [Thread Group 1-664] INFO  o.apache.jmeter.threads.JMeterThread - Thread started: Thread Group 1-664
15:45:19.612 [Thread Group 1-665] INFO  o.apache.jmeter.threads.JMeterThread - Thread started: Thread Group 1-665
15:45:19.612 [Thread Group 1-669] INFO  o.apache.jmeter.threads.JMeterThread - Thread started: Thread Group 1-669
15:45:19.653 [Thread Group 1-672] INFO  o.apache.jmeter.threads.JMeterThread - Thread started: Thread Group 1-672
15:45:19.665 [Thread Group 1-673] INFO  o.apache.jmeter.threads.JMeterThread - Thread started: Thread Group 1-673
15:45:19.671 [Thread Group 1-663] INFO  o.apache.jmeter.threads.JMeterThread - Thread started: Thread Group 1-663
15:45:19.673 [Thread Group 1-662] INFO  o.apache.jmeter.threads.JMeterThread - Thread started: Thread Group 1-662
15:45:19.683 [Thread Group 1-659] INFO  o.apache.jmeter.threads.JMeterThread - Thread started: Thread Group 1-659
15:45:19.687 [Thread Group 1-654] INFO  o.apache.jmeter.threads.JMeterThread - Thread started: Thread Group 1-654
15:45:19.691 [Thread Group 1-655] INFO  o.apache.jmeter.threads.JMeterThread - Thread started: Thread Group 1-655
15:45:19.697 [Thread Group 1-666] INFO  o.apache.jmeter.threads.JMeterThread - Thread started: Thread Group 1-666
15:45:19.703 [Thread Group 1-658] INFO  o.apache.jmeter.threads.JMeterThread - Thread started: Thread Group 1-658
15:45:19.704 [Thread Group 1-651] INFO  o.apache.jmeter.threads.JMeterThread - Thread started: Thread Group 1-651
15:45:19.707 [Thread Group 1-647] INFO  o.apache.jmeter.threads.JMeterThread - Thread started: Thread Group 1-647
15:45:19.708 [Thread Group 1-646] INFO  o.apache.jmeter.threads.JMeterThread - Thread started: Thread Group 1-646
15:45:19.709 [Thread Group 1-643] INFO  o.apache.jmeter.threads.JMeterThread - Thread started: Thread Group 1-643
15:45:19.741 [Thread Group 1-641] INFO  o.apache.jmeter.threads.JMeterThread - Thread started: Thread Group 1-641
15:45:19.742 [Thread Group 1-680] INFO  o.apache.jmeter.threads.JMeterThread - Thread started: Thread Group 1-680
15:45:19.743 [Thread Group 1-678] INFO  o.apache.jmeter.threads.JMeterThread - Thread started: Thread Group 1-678
15:45:19.744 [Thread Group 1-675] INFO  o.apache.jmeter.threads.JMeterThread - Thread started: Thread Group 1-675
15:45:19.744 [Thread Group 1-674] INFO  o.apache.jmeter.threads.JMeterThread - Thread started: Thread Group 1-674
15:45:19.744 [Thread Group 1-671] INFO  o.apache.jmeter.threads.JMeterThread - Thread started: Thread Group 1-671
15:45:19.744 [Thread Group 1-670] INFO  o.apache.jmeter.threads.JMeterThread - Thread started: Thread Group 1-670
15:45:19.744 [Thread Group 1-667] INFO  o.apache.jmeter.threads.JMeterThread - Thread started: Thread Group 1-667
15:45:19.745 [Thread Group 1-681] INFO  o.apache.jmeter.threads.JMeterThread - Thread started: Thread Group 1-681
15:45:19.749 [Thread Group 1-679] INFO  o.apache.jmeter.threads.JMeterThread - Thread started: Thread Group 1-679
15:45:19.754 [Thread Group 1-677] INFO  o.apache.jmeter.threads.JMeterThread - Thread started: Thread Group 1-677
15:45:19.756 [Thread Group 1-676] INFO  o.apache.jmeter.threads.JMeterThread - Thread started: Thread Group 1-676
15:45:19.790 [Thread Group 1-684] INFO  o.apache.jmeter.threads.JMeterThread - Thread started: Thread Group 1-684
15:45:19.794 [Thread Group 1-685] INFO  o.apache.jmeter.threads.JMeterThread - Thread started: Thread Group 1-685
15:45:19.875 [Thread Group 1-682] INFO  o.apache.jmeter.threads.JMeterThread - Thread started: Thread Group 1-682
15:45:19.921 [Thread Group 1-687] INFO  o.apache.jmeter.threads.JMeterThread - Thread started: Thread Group 1-687
15:45:19.920 [Thread Group 1-686] INFO  o.apache.jmeter.threads.JMeterThread - Thread started: Thread Group 1-686
15:45:19.932 [Thread Group 1-696] INFO  o.apache.jmeter.threads.JMeterThread - Thread started: Thread Group 1-696
15:45:19.943 [Thread Group 1-697] INFO  o.apache.jmeter.threads.JMeterThread - Thread started: Thread Group 1-697
15:45:19.920 [Thread Group 1-690] INFO  o.apache.jmeter.threads.JMeterThread - Thread started: Thread Group 1-690
15:45:19.919 [Thread Group 1-695] INFO  o.apache.jmeter.threads.JMeterThread - Thread started: Thread Group 1-695
15:45:19.920 [Thread Group 1-691] INFO  o.apache.jmeter.threads.JMeterThread - Thread started: Thread Group 1-691
15:45:19.919 [Thread Group 1-694] INFO  o.apache.jmeter.threads.JMeterThread - Thread started: Thread Group 1-694
15:45:20.144 [Thread Group 1-713] INFO  o.apache.jmeter.threads.JMeterThread - Thread started: Thread Group 1-713
15:45:20.257 [Thread Group 1-710] INFO  o.apache.jmeter.threads.JMeterThread - Thread started: Thread Group 1-710
15:45:20.271 [Thread Group 1-711] INFO  o.apache.jmeter.threads.JMeterThread - Thread started: Thread Group 1-711
15:45:20.281 [Thread Group 1-714] INFO  o.apache.jmeter.threads.JMeterThread - Thread started: Thread Group 1-714
15:45:20.282 [Thread Group 1-715] INFO  o.apache.jmeter.threads.JMeterThread - Thread started: Thread Group 1-715
15:45:20.284 [Thread Group 1-718] INFO  o.apache.jmeter.threads.JMeterThread - Thread started: Thread Group 1-718
15:45:20.285 [Thread Group 1-719] INFO  o.apache.jmeter.threads.JMeterThread - Thread started: Thread Group 1-719
15:45:20.397 [Thread Group 1-722] INFO  o.apache.jmeter.threads.JMeterThread - Thread started: Thread Group 1-722
15:45:20.144 [Thread Group 1-712] INFO  o.apache.jmeter.threads.JMeterThread - Thread started: Thread Group 1-712
15:45:20.111 [Thread Group 1-708] INFO  o.apache.jmeter.threads.JMeterThread - Thread started: Thread Group 1-708
15:45:20.413 [Thread Group 1-723] INFO  o.apache.jmeter.threads.JMeterThread - Thread started: Thread Group 1-723
15:45:20.111 [Thread Group 1-705] INFO  o.apache.jmeter.threads.JMeterThread - Thread started: Thread Group 1-705
15:45:20.062 [Thread Group 1-707] INFO  o.apache.jmeter.threads.JMeterThread - Thread started: Thread Group 1-707
15:45:20.051 [Thread Group 1-688] INFO  o.apache.jmeter.threads.JMeterThread - Thread started: Thread Group 1-688
15:45:20.051 [Thread Group 1-689] INFO  o.apache.jmeter.threads.JMeterThread - Thread started: Thread Group 1-689
15:45:20.043 [Thread Group 1-702] INFO  o.apache.jmeter.threads.JMeterThread - Thread started: Thread Group 1-702
15:45:20.042 [Thread Group 1-699] INFO  o.apache.jmeter.threads.JMeterThread - Thread started: Thread Group 1-699
15:45:20.042 [Thread Group 1-698] INFO  o.apache.jmeter.threads.JMeterThread - Thread started: Thread Group 1-698
15:45:20.034 [Thread Group 1-692] INFO  o.apache.jmeter.threads.JMeterThread - Thread started: Thread Group 1-692
15:45:20.468 [Thread Group 1-743] INFO  o.apache.jmeter.threads.JMeterThread - Thread started: Thread Group 1-743
15:45:20.033 [Thread Group 1-704] INFO  o.apache.jmeter.threads.JMeterThread - Thread started: Thread Group 1-704
15:45:20.032 [Thread Group 1-701] INFO  o.apache.jmeter.threads.JMeterThread - Thread started: Thread Group 1-701
15:45:20.031 [Thread Group 1-700] INFO  o.apache.jmeter.threads.JMeterThread - Thread started: Thread Group 1-700
15:45:20.478 [Thread Group 1-744] INFO  o.apache.jmeter.threads.JMeterThread - Thread started: Thread Group 1-744
15:45:20.028 [Thread Group 1-683] INFO  o.apache.jmeter.threads.JMeterThread - Thread started: Thread Group 1-683
15:45:20.027 [Thread Group 1-693] INFO  o.apache.jmeter.threads.JMeterThread - Thread started: Thread Group 1-693
15:45:20.464 [Thread Group 1-736] INFO  o.apache.jmeter.threads.JMeterThread - Thread started: Thread Group 1-736
15:45:20.464 [Thread Group 1-733] INFO  o.apache.jmeter.threads.JMeterThread - Thread started: Thread Group 1-733
15:45:20.464 [Thread Group 1-729] INFO  o.apache.jmeter.threads.JMeterThread - Thread started: Thread Group 1-729
15:45:20.464 [Thread Group 1-732] INFO  o.apache.jmeter.threads.JMeterThread - Thread started: Thread Group 1-732
15:45:20.463 [Thread Group 1-728] INFO  o.apache.jmeter.threads.JMeterThread - Thread started: Thread Group 1-728
15:45:20.463 [Thread Group 1-725] INFO  o.apache.jmeter.threads.JMeterThread - Thread started: Thread Group 1-725
15:45:20.463 [Thread Group 1-724] INFO  o.apache.jmeter.threads.JMeterThread - Thread started: Thread Group 1-724
15:45:20.463 [Thread Group 1-737] INFO  o.apache.jmeter.threads.JMeterThread - Thread started: Thread Group 1-737
15:45:20.463 [Thread Group 1-740] INFO  o.apache.jmeter.threads.JMeterThread - Thread started: Thread Group 1-740
15:45:20.463 [Thread Group 1-741] INFO  o.apache.jmeter.threads.JMeterThread - Thread started: Thread Group 1-741
15:45:20.460 [Thread Group 1-742] INFO  o.apache.jmeter.threads.JMeterThread - Thread started: Thread Group 1-742
15:45:20.429 [Thread Group 1-739] INFO  o.apache.jmeter.threads.JMeterThread - Thread started: Thread Group 1-739
15:45:20.425 [Thread Group 1-721] INFO  o.apache.jmeter.threads.JMeterThread - Thread started: Thread Group 1-721
15:45:20.423 [Thread Group 1-726] INFO  o.apache.jmeter.threads.JMeterThread - Thread started: Thread Group 1-726
15:45:20.421 [Thread Group 1-727] INFO  o.apache.jmeter.threads.JMeterThread - Thread started: Thread Group 1-727
15:45:20.421 [Thread Group 1-731] INFO  o.apache.jmeter.threads.JMeterThread - Thread started: Thread Group 1-731
15:45:20.420 [Thread Group 1-734] INFO  o.apache.jmeter.threads.JMeterThread - Thread started: Thread Group 1-734
15:45:20.420 [Thread Group 1-730] INFO  o.apache.jmeter.threads.JMeterThread - Thread started: Thread Group 1-730
15:45:20.506 [Thread Group 1-716] INFO  o.apache.jmeter.threads.JMeterThread - Thread started: Thread Group 1-716
15:45:20.420 [Thread Group 1-735] INFO  o.apache.jmeter.threads.JMeterThread - Thread started: Thread Group 1-735
15:45:20.420 [Thread Group 1-738] INFO  o.apache.jmeter.threads.JMeterThread - Thread started: Thread Group 1-738
15:45:20.419 [Thread Group 1-717] INFO  o.apache.jmeter.threads.JMeterThread - Thread started: Thread Group 1-717
15:45:20.419 [Thread Group 1-720] INFO  o.apache.jmeter.threads.JMeterThread - Thread started: Thread Group 1-720
15:45:20.527 [Thread Group 1-748] INFO  o.apache.jmeter.threads.JMeterThread - Thread started: Thread Group 1-748
15:45:20.548 [Thread Group 1-746] INFO  o.apache.jmeter.threads.JMeterThread - Thread started: Thread Group 1-746
15:45:20.548 [Thread Group 1-747] INFO  o.apache.jmeter.threads.JMeterThread - Thread started: Thread Group 1-747
15:45:20.559 [Thread Group 1-750] INFO  o.apache.jmeter.threads.JMeterThread - Thread started: Thread Group 1-750
15:45:20.564 [Thread Group 1-751] INFO  o.apache.jmeter.threads.JMeterThread - Thread started: Thread Group 1-751
15:45:20.582 [Thread Group 1-749] INFO  o.apache.jmeter.threads.JMeterThread - Thread started: Thread Group 1-749
15:45:20.588 [Thread Group 1-745] INFO  o.apache.jmeter.threads.JMeterThread - Thread started: Thread Group 1-745
15:45:20.602 [Thread Group 1-754] INFO  o.apache.jmeter.threads.JMeterThread - Thread started: Thread Group 1-754
15:45:20.622 [Thread Group 1-753] INFO  o.apache.jmeter.threads.JMeterThread - Thread started: Thread Group 1-753
15:45:20.623 [Thread Group 1-752] INFO  o.apache.jmeter.threads.JMeterThread - Thread started: Thread Group 1-752
15:45:20.624 [Thread Group 1-755] INFO  o.apache.jmeter.threads.JMeterThread - Thread started: Thread Group 1-755
15:45:20.671 [Thread Group 1-758] INFO  o.apache.jmeter.threads.JMeterThread - Thread started: Thread Group 1-758
15:45:20.671 [Thread Group 1-759] INFO  o.apache.jmeter.threads.JMeterThread - Thread started: Thread Group 1-759
15:45:20.772 [Thread Group 1-764] INFO  o.apache.jmeter.threads.JMeterThread - Thread started: Thread Group 1-764
15:45:20.777 [Thread Group 1-761] INFO  o.apache.jmeter.threads.JMeterThread - Thread started: Thread Group 1-761
15:45:20.777 [Thread Group 1-760] INFO  o.apache.jmeter.threads.JMeterThread - Thread started: Thread Group 1-760
15:45:20.778 [Thread Group 1-767] INFO  o.apache.jmeter.threads.JMeterThread - Thread started: Thread Group 1-767
15:45:20.801 [Thread Group 1-770] INFO  o.apache.jmeter.threads.JMeterThread - Thread started: Thread Group 1-770
15:45:20.812 [Thread Group 1-771] INFO  o.apache.jmeter.threads.JMeterThread - Thread started: Thread Group 1-771
15:45:20.831 [Thread Group 1-765] INFO  o.apache.jmeter.threads.JMeterThread - Thread started: Thread Group 1-765
15:45:20.835 [Thread Group 1-766] INFO  o.apache.jmeter.threads.JMeterThread - Thread started: Thread Group 1-766
15:45:20.838 [Thread Group 1-769] INFO  o.apache.jmeter.threads.JMeterThread - Thread started: Thread Group 1-769
15:45:20.838 [Thread Group 1-768] INFO  o.apache.jmeter.threads.JMeterThread - Thread started: Thread Group 1-768
15:45:20.838 [Thread Group 1-772] INFO  o.apache.jmeter.threads.JMeterThread - Thread started: Thread Group 1-772
15:45:20.840 [Thread Group 1-773] INFO  o.apache.jmeter.threads.JMeterThread - Thread started: Thread Group 1-773
15:45:20.841 [Thread Group 1-763] INFO  o.apache.jmeter.threads.JMeterThread - Thread started: Thread Group 1-763
15:45:20.845 [Thread Group 1-762] INFO  o.apache.jmeter.threads.JMeterThread - Thread started: Thread Group 1-762
15:45:20.846 [Thread Group 1-757] INFO  o.apache.jmeter.threads.JMeterThread - Thread started: Thread Group 1-757
15:45:20.846 [Thread Group 1-756] INFO  o.apache.jmeter.threads.JMeterThread - Thread started: Thread Group 1-756
15:45:20.868 [Thread Group 1-774] INFO  o.apache.jmeter.threads.JMeterThread - Thread started: Thread Group 1-774
15:45:20.870 [Thread Group 1-775] INFO  o.apache.jmeter.threads.JMeterThread - Thread started: Thread Group 1-775
15:45:20.890 [Thread Group 1-778] INFO  o.apache.jmeter.threads.JMeterThread - Thread started: Thread Group 1-778
15:45:20.906 [Thread Group 1-779] INFO  o.apache.jmeter.threads.JMeterThread - Thread started: Thread Group 1-779
15:45:20.994 [Thread Group 1-782] INFO  o.apache.jmeter.threads.JMeterThread - Thread started: Thread Group 1-782
15:45:20.995 [Thread Group 1-783] INFO  o.apache.jmeter.threads.JMeterThread - Thread started: Thread Group 1-783
15:45:21.206 [Thread Group 1-776] INFO  o.apache.jmeter.threads.JMeterThread - Thread started: Thread Group 1-776
15:45:21.210 [Thread Group 1-777] INFO  o.apache.jmeter.threads.JMeterThread - Thread started: Thread Group 1-777
15:45:21.218 [Thread Group 1-780] INFO  o.apache.jmeter.threads.JMeterThread - Thread started: Thread Group 1-780
15:45:21.219 [Thread Group 1-781] INFO  o.apache.jmeter.threads.JMeterThread - Thread started: Thread Group 1-781
15:45:21.220 [Thread Group 1-784] INFO  o.apache.jmeter.threads.JMeterThread - Thread started: Thread Group 1-784
15:45:21.226 [Thread Group 1-787] INFO  o.apache.jmeter.threads.JMeterThread - Thread started: Thread Group 1-787
15:45:21.241 [Thread Group 1-786] INFO  o.apache.jmeter.threads.JMeterThread - Thread started: Thread Group 1-786
15:45:21.423 [Thread Group 1-799] INFO  o.apache.jmeter.threads.JMeterThread - Thread started: Thread Group 1-799
15:45:21.423 [Thread Group 1-798] INFO  o.apache.jmeter.threads.JMeterThread - Thread started: Thread Group 1-798
15:45:21.426 [Thread Group 1-785] INFO  o.apache.jmeter.threads.JMeterThread - Thread started: Thread Group 1-785
15:45:21.432 [Thread Group 1-788] INFO  o.apache.jmeter.threads.JMeterThread - Thread started: Thread Group 1-788
15:45:21.434 [Thread Group 1-789] INFO  o.apache.jmeter.threads.JMeterThread - Thread started: Thread Group 1-789
15:45:21.438 [Thread Group 1-792] INFO  o.apache.jmeter.threads.JMeterThread - Thread started: Thread Group 1-792
15:45:21.438 [Thread Group 1-793] INFO  o.apache.jmeter.threads.JMeterThread - Thread started: Thread Group 1-793
15:45:21.442 [Thread Group 1-796] INFO  o.apache.jmeter.threads.JMeterThread - Thread started: Thread Group 1-796
15:45:21.444 [Thread Group 1-797] INFO  o.apache.jmeter.threads.JMeterThread - Thread started: Thread Group 1-797
15:45:21.451 [Thread Group 1-800] INFO  o.apache.jmeter.threads.JMeterThread - Thread started: Thread Group 1-800
15:45:21.451 [Thread Group 1-795] INFO  o.apache.jmeter.threads.JMeterThread - Thread started: Thread Group 1-795
15:45:21.454 [Thread Group 1-794] INFO  o.apache.jmeter.threads.JMeterThread - Thread started: Thread Group 1-794
15:45:21.456 [Thread Group 1-791] INFO  o.apache.jmeter.threads.JMeterThread - Thread started: Thread Group 1-791
15:45:21.456 [Thread Group 1-790] INFO  o.apache.jmeter.threads.JMeterThread - Thread started: Thread Group 1-790
15:45:25.760 [Thread Group 1-345] INFO  o.apache.jmeter.threads.JMeterThread - Thread is done: Thread Group 1-345
15:45:25.760 [Thread Group 1-345] INFO  o.apache.jmeter.threads.JMeterThread - Thread finished: Thread Group 1-345
15:45:25.826 [Thread Group 1-343] INFO  o.apache.jmeter.threads.JMeterThread - Thread is done: Thread Group 1-343
15:45:25.826 [Thread Group 1-343] INFO  o.apache.jmeter.threads.JMeterThread - Thread finished: Thread Group 1-343
15:45:25.826 [Thread Group 1-238] INFO  o.apache.jmeter.threads.JMeterThread - Thread is done: Thread Group 1-238
15:45:25.826 [Thread Group 1-238] INFO  o.apache.jmeter.threads.JMeterThread - Thread finished: Thread Group 1-238
15:45:25.839 [Thread Group 1-311] INFO  o.apache.jmeter.threads.JMeterThread - Thread is done: Thread Group 1-311
15:45:25.844 [Thread Group 1-311] INFO  o.apache.jmeter.threads.JMeterThread - Thread finished: Thread Group 1-311
15:45:25.877 [Thread Group 1-383] INFO  o.apache.jmeter.threads.JMeterThread - Thread is done: Thread Group 1-383
15:45:25.877 [Thread Group 1-383] INFO  o.apache.jmeter.threads.JMeterThread - Thread finished: Thread Group 1-383
15:45:25.911 [Thread Group 1-14] INFO  o.apache.jmeter.threads.JMeterThread - Thread is done: Thread Group 1-14
15:45:25.911 [Thread Group 1-14] INFO  o.apache.jmeter.threads.JMeterThread - Thread finished: Thread Group 1-14
15:45:26.005 [Thread Group 1-209] INFO  o.apache.jmeter.threads.JMeterThread - Thread is done: Thread Group 1-209
15:45:26.005 [Thread Group 1-209] INFO  o.apache.jmeter.threads.JMeterThread - Thread finished: Thread Group 1-209
15:45:26.017 [Thread Group 1-309] INFO  o.apache.jmeter.threads.JMeterThread - Thread is done: Thread Group 1-309
15:45:26.017 [Thread Group 1-309] INFO  o.apache.jmeter.threads.JMeterThread - Thread finished: Thread Group 1-309
15:45:26.129 [Thread Group 1-653] INFO  o.apache.jmeter.threads.JMeterThread - Thread is done: Thread Group 1-653
15:45:26.129 [Thread Group 1-653] INFO  o.apache.jmeter.threads.JMeterThread - Thread finished: Thread Group 1-653
15:45:26.245 [Thread Group 1-258] INFO  o.apache.jmeter.threads.JMeterThread - Thread is done: Thread Group 1-258
15:45:26.245 [Thread Group 1-258] INFO  o.apache.jmeter.threads.JMeterThread - Thread finished: Thread Group 1-258
15:45:26.319 [Thread Group 1-18] INFO  o.apache.jmeter.threads.JMeterThread - Thread is done: Thread Group 1-18
15:45:26.319 [Thread Group 1-18] INFO  o.apache.jmeter.threads.JMeterThread - Thread finished: Thread Group 1-18
15:45:26.319 [Thread Group 1-67] INFO  o.apache.jmeter.threads.JMeterThread - Thread is done: Thread Group 1-67
15:45:26.319 [Thread Group 1-67] INFO  o.apache.jmeter.threads.JMeterThread - Thread finished: Thread Group 1-67
15:45:26.322 [Thread Group 1-201] INFO  o.apache.jmeter.threads.JMeterThread - Thread is done: Thread Group 1-201
15:45:26.322 [Thread Group 1-60] INFO  o.apache.jmeter.threads.JMeterThread - Thread is done: Thread Group 1-60
15:45:26.322 [Thread Group 1-201] INFO  o.apache.jmeter.threads.JMeterThread - Thread finished: Thread Group 1-201
15:45:26.322 [Thread Group 1-60] INFO  o.apache.jmeter.threads.JMeterThread - Thread finished: Thread Group 1-60
15:45:26.322 [Thread Group 1-217] INFO  o.apache.jmeter.threads.JMeterThread - Thread is done: Thread Group 1-217
15:45:26.322 [Thread Group 1-217] INFO  o.apache.jmeter.threads.JMeterThread - Thread finished: Thread Group 1-217
15:45:26.322 [Thread Group 1-246] INFO  o.apache.jmeter.threads.JMeterThread - Thread is done: Thread Group 1-246
15:45:26.322 [Thread Group 1-246] INFO  o.apache.jmeter.threads.JMeterThread - Thread finished: Thread Group 1-246
15:45:26.322 [Thread Group 1-221] INFO  o.apache.jmeter.threads.JMeterThread - Thread is done: Thread Group 1-221
15:45:26.322 [Thread Group 1-221] INFO  o.apache.jmeter.threads.JMeterThread - Thread finished: Thread Group 1-221
15:45:26.326 [Thread Group 1-268] INFO  o.apache.jmeter.threads.JMeterThread - Thread is done: Thread Group 1-268
15:45:26.326 [Thread Group 1-268] INFO  o.apache.jmeter.threads.JMeterThread - Thread finished: Thread Group 1-268
15:45:26.808 [Thread Group 1-368] INFO  o.apache.jmeter.threads.JMeterThread - Thread is done: Thread Group 1-368
15:45:26.808 [Thread Group 1-368] INFO  o.apache.jmeter.threads.JMeterThread - Thread finished: Thread Group 1-368
15:45:26.815 [Thread Group 1-516] INFO  o.apache.jmeter.threads.JMeterThread - Thread is done: Thread Group 1-516
15:45:26.816 [Thread Group 1-516] INFO  o.apache.jmeter.threads.JMeterThread - Thread finished: Thread Group 1-516
15:45:26.861 [Thread Group 1-721] INFO  o.apache.jmeter.threads.JMeterThread - Thread is done: Thread Group 1-721
15:45:26.861 [Thread Group 1-721] INFO  o.apache.jmeter.threads.JMeterThread - Thread finished: Thread Group 1-721
15:45:26.865 [Thread Group 1-679] INFO  o.apache.jmeter.threads.JMeterThread - Thread is done: Thread Group 1-679
15:45:26.865 [Thread Group 1-679] INFO  o.apache.jmeter.threads.JMeterThread - Thread finished: Thread Group 1-679
15:45:26.872 [Thread Group 1-511] INFO  o.apache.jmeter.threads.JMeterThread - Thread is done: Thread Group 1-511
15:45:26.872 [Thread Group 1-511] INFO  o.apache.jmeter.threads.JMeterThread - Thread finished: Thread Group 1-511
15:45:26.881 [Thread Group 1-711] INFO  o.apache.jmeter.threads.JMeterThread - Thread is done: Thread Group 1-711
15:45:26.882 [Thread Group 1-711] INFO  o.apache.jmeter.threads.JMeterThread - Thread finished: Thread Group 1-711
15:45:26.884 [Thread Group 1-15] INFO  o.apache.jmeter.threads.JMeterThread - Thread is done: Thread Group 1-15
15:45:26.884 [Thread Group 1-15] INFO  o.apache.jmeter.threads.JMeterThread - Thread finished: Thread Group 1-15
15:45:26.893 [Thread Group 1-185] INFO  o.apache.jmeter.threads.JMeterThread - Thread is done: Thread Group 1-185
15:45:26.893 [Thread Group 1-185] INFO  o.apache.jmeter.threads.JMeterThread - Thread finished: Thread Group 1-185
15:45:26.895 [Thread Group 1-399] INFO  o.apache.jmeter.threads.JMeterThread - Thread is done: Thread Group 1-399
15:45:26.895 [Thread Group 1-399] INFO  o.apache.jmeter.threads.JMeterThread - Thread finished: Thread Group 1-399
15:45:26.895 [Thread Group 1-578] INFO  o.apache.jmeter.threads.JMeterThread - Thread is done: Thread Group 1-578
15:45:26.895 [Thread Group 1-578] INFO  o.apache.jmeter.threads.JMeterThread - Thread finished: Thread Group 1-578
15:45:26.901 [Thread Group 1-401] INFO  o.apache.jmeter.threads.JMeterThread - Thread is done: Thread Group 1-401
15:45:26.901 [Thread Group 1-401] INFO  o.apache.jmeter.threads.JMeterThread - Thread finished: Thread Group 1-401
15:45:26.903 [Thread Group 1-232] INFO  o.apache.jmeter.threads.JMeterThread - Thread is done: Thread Group 1-232
15:45:26.903 [Thread Group 1-232] INFO  o.apache.jmeter.threads.JMeterThread - Thread finished: Thread Group 1-232
15:45:26.911 [Thread Group 1-284] INFO  o.apache.jmeter.threads.JMeterThread - Thread is done: Thread Group 1-284
15:45:26.911 [Thread Group 1-284] INFO  o.apache.jmeter.threads.JMeterThread - Thread finished: Thread Group 1-284
15:45:26.912 [Thread Group 1-508] INFO  o.apache.jmeter.threads.JMeterThread - Thread is done: Thread Group 1-508
15:45:26.912 [Thread Group 1-508] INFO  o.apache.jmeter.threads.JMeterThread - Thread finished: Thread Group 1-508
15:45:26.915 [Thread Group 1-356] INFO  o.apache.jmeter.threads.JMeterThread - Thread is done: Thread Group 1-356
15:45:26.915 [Thread Group 1-356] INFO  o.apache.jmeter.threads.JMeterThread - Thread finished: Thread Group 1-356
15:45:26.916 [Thread Group 1-77] INFO  o.apache.jmeter.threads.JMeterThread - Thread is done: Thread Group 1-77
15:45:26.916 [Thread Group 1-77] INFO  o.apache.jmeter.threads.JMeterThread - Thread finished: Thread Group 1-77
15:45:26.917 [Thread Group 1-216] INFO  o.apache.jmeter.threads.JMeterThread - Thread is done: Thread Group 1-216
15:45:26.917 [Thread Group 1-216] INFO  o.apache.jmeter.threads.JMeterThread - Thread finished: Thread Group 1-216
15:45:26.921 [Thread Group 1-110] INFO  o.apache.jmeter.threads.JMeterThread - Thread is done: Thread Group 1-110
15:45:26.921 [Thread Group 1-110] INFO  o.apache.jmeter.threads.JMeterThread - Thread finished: Thread Group 1-110
15:45:26.923 [Thread Group 1-176] INFO  o.apache.jmeter.threads.JMeterThread - Thread is done: Thread Group 1-176
15:45:26.924 [Thread Group 1-176] INFO  o.apache.jmeter.threads.JMeterThread - Thread finished: Thread Group 1-176
15:45:26.925 [Thread Group 1-714] INFO  o.apache.jmeter.threads.JMeterThread - Thread is done: Thread Group 1-714
15:45:26.925 [Thread Group 1-714] INFO  o.apache.jmeter.threads.JMeterThread - Thread finished: Thread Group 1-714
15:45:26.932 [Thread Group 1-398] INFO  o.apache.jmeter.threads.JMeterThread - Thread is done: Thread Group 1-398
15:45:26.932 [Thread Group 1-398] INFO  o.apache.jmeter.threads.JMeterThread - Thread finished: Thread Group 1-398
15:45:26.935 [Thread Group 1-482] INFO  o.apache.jmeter.threads.JMeterThread - Thread is done: Thread Group 1-482
15:45:26.935 [Thread Group 1-482] INFO  o.apache.jmeter.threads.JMeterThread - Thread finished: Thread Group 1-482
15:45:26.939 [Thread Group 1-538] INFO  o.apache.jmeter.threads.JMeterThread - Thread is done: Thread Group 1-538
15:45:26.939 [Thread Group 1-538] INFO  o.apache.jmeter.threads.JMeterThread - Thread finished: Thread Group 1-538
15:45:26.945 [Thread Group 1-56] INFO  o.apache.jmeter.threads.JMeterThread - Thread is done: Thread Group 1-56
15:45:26.947 [Thread Group 1-56] INFO  o.apache.jmeter.threads.JMeterThread - Thread finished: Thread Group 1-56
15:45:26.953 [Thread Group 1-130] INFO  o.apache.jmeter.threads.JMeterThread - Thread is done: Thread Group 1-130
15:45:26.953 [Thread Group 1-130] INFO  o.apache.jmeter.threads.JMeterThread - Thread finished: Thread Group 1-130
15:45:26.953 [Thread Group 1-299] INFO  o.apache.jmeter.threads.JMeterThread - Thread is done: Thread Group 1-299
15:45:26.953 [Thread Group 1-299] INFO  o.apache.jmeter.threads.JMeterThread - Thread finished: Thread Group 1-299
15:45:26.963 [Thread Group 1-787] INFO  o.apache.jmeter.threads.JMeterThread - Thread is done: Thread Group 1-787
15:45:26.963 [Thread Group 1-787] INFO  o.apache.jmeter.threads.JMeterThread - Thread finished: Thread Group 1-787
15:45:26.964 [Thread Group 1-750] INFO  o.apache.jmeter.threads.JMeterThread - Thread is done: Thread Group 1-750
15:45:26.964 [Thread Group 1-750] INFO  o.apache.jmeter.threads.JMeterThread - Thread finished: Thread Group 1-750
15:45:26.965 [Thread Group 1-642] INFO  o.apache.jmeter.threads.JMeterThread - Thread is done: Thread Group 1-642
15:45:26.965 [Thread Group 1-642] INFO  o.apache.jmeter.threads.JMeterThread - Thread finished: Thread Group 1-642
15:45:26.991 [Thread Group 1-566] INFO  o.apache.jmeter.threads.JMeterThread - Thread is done: Thread Group 1-566
15:45:26.991 [Thread Group 1-566] INFO  o.apache.jmeter.threads.JMeterThread - Thread finished: Thread Group 1-566
15:45:26.991 [Thread Group 1-571] INFO  o.apache.jmeter.threads.JMeterThread - Thread is done: Thread Group 1-571
15:45:26.991 [Thread Group 1-571] INFO  o.apache.jmeter.threads.JMeterThread - Thread finished: Thread Group 1-571
15:45:27.006 [Thread Group 1-546] INFO  o.apache.jmeter.threads.JMeterThread - Thread is done: Thread Group 1-546
15:45:27.006 [Thread Group 1-546] INFO  o.apache.jmeter.threads.JMeterThread - Thread finished: Thread Group 1-546
15:45:27.014 [Thread Group 1-207] INFO  o.apache.jmeter.threads.JMeterThread - Thread is done: Thread Group 1-207
15:45:27.014 [Thread Group 1-207] INFO  o.apache.jmeter.threads.JMeterThread - Thread finished: Thread Group 1-207
15:45:27.038 [Thread Group 1-385] INFO  o.apache.jmeter.threads.JMeterThread - Thread is done: Thread Group 1-385
15:45:27.038 [Thread Group 1-385] INFO  o.apache.jmeter.threads.JMeterThread - Thread finished: Thread Group 1-385
15:45:27.053 [Thread Group 1-772] INFO  o.apache.jmeter.threads.JMeterThread - Thread is done: Thread Group 1-772
15:45:27.053 [Thread Group 1-772] INFO  o.apache.jmeter.threads.JMeterThread - Thread finished: Thread Group 1-772
15:45:27.053 [Thread Group 1-604] INFO  o.apache.jmeter.threads.JMeterThread - Thread is done: Thread Group 1-604
15:45:27.053 [Thread Group 1-604] INFO  o.apache.jmeter.threads.JMeterThread - Thread finished: Thread Group 1-604
15:45:27.053 [Thread Group 1-738] INFO  o.apache.jmeter.threads.JMeterThread - Thread is done: Thread Group 1-738
15:45:27.053 [Thread Group 1-738] INFO  o.apache.jmeter.threads.JMeterThread - Thread finished: Thread Group 1-738
15:45:27.090 [Thread Group 1-617] INFO  o.apache.jmeter.threads.JMeterThread - Thread is done: Thread Group 1-617
15:45:27.090 [Thread Group 1-617] INFO  o.apache.jmeter.threads.JMeterThread - Thread finished: Thread Group 1-617
15:45:27.100 [Thread Group 1-591] INFO  o.apache.jmeter.threads.JMeterThread - Thread is done: Thread Group 1-591
15:45:27.100 [Thread Group 1-591] INFO  o.apache.jmeter.threads.JMeterThread - Thread finished: Thread Group 1-591
15:45:27.119 [Thread Group 1-746] INFO  o.apache.jmeter.threads.JMeterThread - Thread is done: Thread Group 1-746
15:45:27.119 [Thread Group 1-746] INFO  o.apache.jmeter.threads.JMeterThread - Thread finished: Thread Group 1-746
15:45:27.119 [Thread Group 1-574] INFO  o.apache.jmeter.threads.JMeterThread - Thread is done: Thread Group 1-574
15:45:27.119 [Thread Group 1-574] INFO  o.apache.jmeter.threads.JMeterThread - Thread finished: Thread Group 1-574
15:45:27.208 [Thread Group 1-52] INFO  o.apache.jmeter.threads.JMeterThread - Thread is done: Thread Group 1-52
15:45:27.210 [Thread Group 1-52] INFO  o.apache.jmeter.threads.JMeterThread - Thread finished: Thread Group 1-52
15:45:27.500 [Thread Group 1-342] INFO  o.apache.jmeter.threads.JMeterThread - Thread is done: Thread Group 1-342
15:45:27.500 [Thread Group 1-342] INFO  o.apache.jmeter.threads.JMeterThread - Thread finished: Thread Group 1-342
15:45:27.500 [Thread Group 1-199] INFO  o.apache.jmeter.threads.JMeterThread - Thread is done: Thread Group 1-199
15:45:27.500 [Thread Group 1-199] INFO  o.apache.jmeter.threads.JMeterThread - Thread finished: Thread Group 1-199
15:45:27.500 [Thread Group 1-531] INFO  o.apache.jmeter.threads.JMeterThread - Thread is done: Thread Group 1-531
15:45:27.500 [Thread Group 1-531] INFO  o.apache.jmeter.threads.JMeterThread - Thread finished: Thread Group 1-531
15:45:27.503 [Thread Group 1-755] INFO  o.apache.jmeter.threads.JMeterThread - Thread is done: Thread Group 1-755
15:45:27.503 [Thread Group 1-755] INFO  o.apache.jmeter.threads.JMeterThread - Thread finished: Thread Group 1-755
15:45:27.515 [Thread Group 1-551] INFO  o.apache.jmeter.threads.JMeterThread - Thread is done: Thread Group 1-551
15:45:27.515 [Thread Group 1-451] INFO  o.apache.jmeter.threads.JMeterThread - Thread is done: Thread Group 1-451
15:45:27.515 [Thread Group 1-551] INFO  o.apache.jmeter.threads.JMeterThread - Thread finished: Thread Group 1-551
15:45:27.515 [Thread Group 1-451] INFO  o.apache.jmeter.threads.JMeterThread - Thread finished: Thread Group 1-451
15:45:27.607 [Thread Group 1-505] INFO  o.apache.jmeter.threads.JMeterThread - Thread is done: Thread Group 1-505
15:45:27.607 [Thread Group 1-505] INFO  o.apache.jmeter.threads.JMeterThread - Thread finished: Thread Group 1-505
15:45:27.640 [Thread Group 1-281] INFO  o.apache.jmeter.threads.JMeterThread - Thread is done: Thread Group 1-281
15:45:27.640 [Thread Group 1-281] INFO  o.apache.jmeter.threads.JMeterThread - Thread finished: Thread Group 1-281
15:45:27.640 [Thread Group 1-404] INFO  o.apache.jmeter.threads.JMeterThread - Thread is done: Thread Group 1-404
15:45:27.640 [Thread Group 1-404] INFO  o.apache.jmeter.threads.JMeterThread - Thread finished: Thread Group 1-404
15:45:27.771 [Thread Group 1-648] INFO  o.apache.jmeter.threads.JMeterThread - Thread is done: Thread Group 1-648
15:45:27.771 [Thread Group 1-648] INFO  o.apache.jmeter.threads.JMeterThread - Thread finished: Thread Group 1-648
15:45:27.781 [Thread Group 1-388] INFO  o.apache.jmeter.threads.JMeterThread - Thread is done: Thread Group 1-388
15:45:27.781 [Thread Group 1-388] INFO  o.apache.jmeter.threads.JMeterThread - Thread finished: Thread Group 1-388
15:45:27.799 [Thread Group 1-499] INFO  o.apache.jmeter.threads.JMeterThread - Thread is done: Thread Group 1-499
15:45:27.799 [Thread Group 1-499] INFO  o.apache.jmeter.threads.JMeterThread - Thread finished: Thread Group 1-499
15:45:27.820 [Thread Group 1-387] INFO  o.apache.jmeter.threads.JMeterThread - Thread is done: Thread Group 1-387
15:45:27.820 [Thread Group 1-387] INFO  o.apache.jmeter.threads.JMeterThread - Thread finished: Thread Group 1-387
15:45:27.830 [Thread Group 1-350] INFO  o.apache.jmeter.threads.JMeterThread - Thread is done: Thread Group 1-350
15:45:27.830 [Thread Group 1-350] INFO  o.apache.jmeter.threads.JMeterThread - Thread finished: Thread Group 1-350
15:45:27.830 [Thread Group 1-55] INFO  o.apache.jmeter.threads.JMeterThread - Thread is done: Thread Group 1-55
15:45:27.830 [Thread Group 1-55] INFO  o.apache.jmeter.threads.JMeterThread - Thread finished: Thread Group 1-55
15:45:27.845 [Thread Group 1-742] INFO  o.apache.jmeter.threads.JMeterThread - Thread is done: Thread Group 1-742
15:45:27.845 [Thread Group 1-742] INFO  o.apache.jmeter.threads.JMeterThread - Thread finished: Thread Group 1-742
15:45:27.850 [Thread Group 1-363] INFO  o.apache.jmeter.threads.JMeterThread - Thread is done: Thread Group 1-363
15:45:27.850 [Thread Group 1-363] INFO  o.apache.jmeter.threads.JMeterThread - Thread finished: Thread Group 1-363
15:45:27.892 [Thread Group 1-431] INFO  o.apache.jmeter.threads.JMeterThread - Thread is done: Thread Group 1-431
15:45:27.892 [Thread Group 1-431] INFO  o.apache.jmeter.threads.JMeterThread - Thread finished: Thread Group 1-431
15:45:27.892 [Thread Group 1-294] INFO  o.apache.jmeter.threads.JMeterThread - Thread is done: Thread Group 1-294
15:45:27.892 [Thread Group 1-294] INFO  o.apache.jmeter.threads.JMeterThread - Thread finished: Thread Group 1-294
15:45:27.892 [Thread Group 1-503] INFO  o.apache.jmeter.threads.JMeterThread - Thread is done: Thread Group 1-503
15:45:27.892 [Thread Group 1-503] INFO  o.apache.jmeter.threads.JMeterThread - Thread finished: Thread Group 1-503
15:45:27.892 [Thread Group 1-719] INFO  o.apache.jmeter.threads.JMeterThread - Thread is done: Thread Group 1-719
15:45:27.899 [Thread Group 1-719] INFO  o.apache.jmeter.threads.JMeterThread - Thread finished: Thread Group 1-719
15:45:27.899 [Thread Group 1-235] INFO  o.apache.jmeter.threads.JMeterThread - Thread is done: Thread Group 1-235
15:45:27.899 [Thread Group 1-235] INFO  o.apache.jmeter.threads.JMeterThread - Thread finished: Thread Group 1-235
15:45:27.949 [Thread Group 1-442] INFO  o.apache.jmeter.threads.JMeterThread - Thread is done: Thread Group 1-442
15:45:27.949 [Thread Group 1-442] INFO  o.apache.jmeter.threads.JMeterThread - Thread finished: Thread Group 1-442
15:45:27.975 [Thread Group 1-449] INFO  o.apache.jmeter.threads.JMeterThread - Thread is done: Thread Group 1-449
15:45:27.975 [Thread Group 1-449] INFO  o.apache.jmeter.threads.JMeterThread - Thread finished: Thread Group 1-449
15:45:27.975 [Thread Group 1-752] INFO  o.apache.jmeter.threads.JMeterThread - Thread is done: Thread Group 1-752
15:45:27.975 [Thread Group 1-752] INFO  o.apache.jmeter.threads.JMeterThread - Thread finished: Thread Group 1-752
15:45:27.980 [Thread Group 1-13] INFO  o.apache.jmeter.threads.JMeterThread - Thread is done: Thread Group 1-13
15:45:27.980 [Thread Group 1-13] INFO  o.apache.jmeter.threads.JMeterThread - Thread finished: Thread Group 1-13
15:45:27.982 [Thread Group 1-705] INFO  o.apache.jmeter.threads.JMeterThread - Thread is done: Thread Group 1-705
15:45:27.982 [Thread Group 1-705] INFO  o.apache.jmeter.threads.JMeterThread - Thread finished: Thread Group 1-705
15:45:28.053 [Thread Group 1-555] INFO  o.apache.jmeter.threads.JMeterThread - Thread is done: Thread Group 1-555
15:45:28.053 [Thread Group 1-555] INFO  o.apache.jmeter.threads.JMeterThread - Thread finished: Thread Group 1-555
15:45:28.102 [Thread Group 1-351] INFO  o.apache.jmeter.threads.JMeterThread - Thread is done: Thread Group 1-351
15:45:28.102 [Thread Group 1-351] INFO  o.apache.jmeter.threads.JMeterThread - Thread finished: Thread Group 1-351
15:45:28.104 [Thread Group 1-582] INFO  o.apache.jmeter.threads.JMeterThread - Thread is done: Thread Group 1-582
15:45:28.104 [Thread Group 1-582] INFO  o.apache.jmeter.threads.JMeterThread - Thread finished: Thread Group 1-582
15:45:28.202 [Thread Group 1-494] INFO  o.apache.jmeter.threads.JMeterThread - Thread is done: Thread Group 1-494
15:45:28.203 [Thread Group 1-494] INFO  o.apache.jmeter.threads.JMeterThread - Thread finished: Thread Group 1-494
15:45:28.207 [Thread Group 1-80] INFO  o.apache.jmeter.threads.JMeterThread - Thread is done: Thread Group 1-80
15:45:28.207 [Thread Group 1-80] INFO  o.apache.jmeter.threads.JMeterThread - Thread finished: Thread Group 1-80
15:45:28.288 [Thread Group 1-346] INFO  o.apache.jmeter.threads.JMeterThread - Thread is done: Thread Group 1-346
15:45:28.288 [Thread Group 1-346] INFO  o.apache.jmeter.threads.JMeterThread - Thread finished: Thread Group 1-346
15:45:28.386 [Thread Group 1-770] INFO  o.apache.jmeter.threads.JMeterThread - Thread is done: Thread Group 1-770
15:45:28.386 [Thread Group 1-770] INFO  o.apache.jmeter.threads.JMeterThread - Thread finished: Thread Group 1-770
15:45:28.412 [Thread Group 1-415] INFO  o.apache.jmeter.threads.JMeterThread - Thread is done: Thread Group 1-415
15:45:28.412 [Thread Group 1-415] INFO  o.apache.jmeter.threads.JMeterThread - Thread finished: Thread Group 1-415
15:45:28.430 [Thread Group 1-683] INFO  o.apache.jmeter.threads.JMeterThread - Thread is done: Thread Group 1-683
15:45:28.430 [Thread Group 1-683] INFO  o.apache.jmeter.threads.JMeterThread - Thread finished: Thread Group 1-683
15:45:28.551 [Thread Group 1-757] INFO  o.apache.jmeter.threads.JMeterThread - Thread is done: Thread Group 1-757
15:45:28.551 [Thread Group 1-757] INFO  o.apache.jmeter.threads.JMeterThread - Thread finished: Thread Group 1-757
15:45:28.551 [Thread Group 1-656] INFO  o.apache.jmeter.threads.JMeterThread - Thread is done: Thread Group 1-656
15:45:28.551 [Thread Group 1-656] INFO  o.apache.jmeter.threads.JMeterThread - Thread finished: Thread Group 1-656
15:45:28.608 [Thread Group 1-735] INFO  o.apache.jmeter.threads.JMeterThread - Thread is done: Thread Group 1-735
15:45:28.608 [Thread Group 1-735] INFO  o.apache.jmeter.threads.JMeterThread - Thread finished: Thread Group 1-735
15:45:28.640 [Thread Group 1-83] INFO  o.apache.jmeter.threads.JMeterThread - Thread is done: Thread Group 1-83
15:45:28.640 [Thread Group 1-83] INFO  o.apache.jmeter.threads.JMeterThread - Thread finished: Thread Group 1-83
15:45:28.640 [Thread Group 1-783] INFO  o.apache.jmeter.threads.JMeterThread - Thread is done: Thread Group 1-783
15:45:28.640 [Thread Group 1-783] INFO  o.apache.jmeter.threads.JMeterThread - Thread finished: Thread Group 1-783
15:45:28.642 [Thread Group 1-338] INFO  o.apache.jmeter.threads.JMeterThread - Thread is done: Thread Group 1-338
15:45:28.642 [Thread Group 1-338] INFO  o.apache.jmeter.threads.JMeterThread - Thread finished: Thread Group 1-338
15:45:28.673 [Thread Group 1-434] INFO  o.apache.jmeter.threads.JMeterThread - Thread is done: Thread Group 1-434
15:45:28.673 [Thread Group 1-434] INFO  o.apache.jmeter.threads.JMeterThread - Thread finished: Thread Group 1-434
15:45:28.686 [Thread Group 1-668] INFO  o.apache.jmeter.threads.JMeterThread - Thread is done: Thread Group 1-668
15:45:28.686 [Thread Group 1-668] INFO  o.apache.jmeter.threads.JMeterThread - Thread finished: Thread Group 1-668
15:45:28.688 [Thread Group 1-634] INFO  o.apache.jmeter.threads.JMeterThread - Thread is done: Thread Group 1-634
15:45:28.688 [Thread Group 1-602] INFO  o.apache.jmeter.threads.JMeterThread - Thread is done: Thread Group 1-602
15:45:28.688 [Thread Group 1-634] INFO  o.apache.jmeter.threads.JMeterThread - Thread finished: Thread Group 1-634
15:45:28.688 [Thread Group 1-602] INFO  o.apache.jmeter.threads.JMeterThread - Thread finished: Thread Group 1-602
15:45:28.693 [Thread Group 1-747] INFO  o.apache.jmeter.threads.JMeterThread - Thread is done: Thread Group 1-747
15:45:28.693 [Thread Group 1-747] INFO  o.apache.jmeter.threads.JMeterThread - Thread finished: Thread Group 1-747
15:45:28.693 [Thread Group 1-259] INFO  o.apache.jmeter.threads.JMeterThread - Thread is done: Thread Group 1-259
15:45:28.693 [Thread Group 1-259] INFO  o.apache.jmeter.threads.JMeterThread - Thread finished: Thread Group 1-259
15:45:28.704 [Thread Group 1-751] INFO  o.apache.jmeter.threads.JMeterThread - Thread is done: Thread Group 1-751
15:45:28.704 [Thread Group 1-751] INFO  o.apache.jmeter.threads.JMeterThread - Thread finished: Thread Group 1-751
15:45:28.741 [Thread Group 1-31] INFO  o.apache.jmeter.threads.JMeterThread - Thread is done: Thread Group 1-31
15:45:28.741 [Thread Group 1-31] INFO  o.apache.jmeter.threads.JMeterThread - Thread finished: Thread Group 1-31
15:45:28.835 [Thread Group 1-526] INFO  o.apache.jmeter.threads.JMeterThread - Thread is done: Thread Group 1-526
15:45:28.835 [Thread Group 1-526] INFO  o.apache.jmeter.threads.JMeterThread - Thread finished: Thread Group 1-526
15:45:28.896 [Thread Group 1-196] INFO  o.apache.jmeter.threads.JMeterThread - Thread is done: Thread Group 1-196
15:45:28.896 [Thread Group 1-196] INFO  o.apache.jmeter.threads.JMeterThread - Thread finished: Thread Group 1-196
15:45:28.896 [Thread Group 1-698] INFO  o.apache.jmeter.threads.JMeterThread - Thread is done: Thread Group 1-698
15:45:28.896 [Thread Group 1-698] INFO  o.apache.jmeter.threads.JMeterThread - Thread finished: Thread Group 1-698
15:45:28.930 [Thread Group 1-790] INFO  o.apache.jmeter.threads.JMeterThread - Thread is done: Thread Group 1-790
15:45:28.930 [Thread Group 1-790] INFO  o.apache.jmeter.threads.JMeterThread - Thread finished: Thread Group 1-790
15:45:28.978 [Thread Group 1-661] INFO  o.apache.jmeter.threads.JMeterThread - Thread is done: Thread Group 1-661
15:45:28.978 [Thread Group 1-661] INFO  o.apache.jmeter.threads.JMeterThread - Thread finished: Thread Group 1-661
15:45:29.051 [Thread Group 1-329] INFO  o.apache.jmeter.threads.JMeterThread - Thread is done: Thread Group 1-329
15:45:29.051 [Thread Group 1-329] INFO  o.apache.jmeter.threads.JMeterThread - Thread finished: Thread Group 1-329
15:45:29.060 [Thread Group 1-250] INFO  o.apache.jmeter.threads.JMeterThread - Thread is done: Thread Group 1-250
15:45:29.060 [Thread Group 1-250] INFO  o.apache.jmeter.threads.JMeterThread - Thread finished: Thread Group 1-250
15:45:29.060 [Thread Group 1-579] INFO  o.apache.jmeter.threads.JMeterThread - Thread is done: Thread Group 1-579
15:45:29.060 [Thread Group 1-579] INFO  o.apache.jmeter.threads.JMeterThread - Thread finished: Thread Group 1-579
15:45:29.060 [Thread Group 1-660] INFO  o.apache.jmeter.threads.JMeterThread - Thread is done: Thread Group 1-660
15:45:29.060 [Thread Group 1-660] INFO  o.apache.jmeter.threads.JMeterThread - Thread finished: Thread Group 1-660
15:45:29.060 [Thread Group 1-326] INFO  o.apache.jmeter.threads.JMeterThread - Thread is done: Thread Group 1-326
15:45:29.060 [Thread Group 1-326] INFO  o.apache.jmeter.threads.JMeterThread - Thread finished: Thread Group 1-326
15:45:29.066 [Thread Group 1-134] INFO  o.apache.jmeter.threads.JMeterThread - Thread is done: Thread Group 1-134
15:45:29.066 [Thread Group 1-134] INFO  o.apache.jmeter.threads.JMeterThread - Thread finished: Thread Group 1-134
15:45:29.066 [Thread Group 1-375] INFO  o.apache.jmeter.threads.JMeterThread - Thread is done: Thread Group 1-375
15:45:29.066 [Thread Group 1-375] INFO  o.apache.jmeter.threads.JMeterThread - Thread finished: Thread Group 1-375
15:45:29.066 [Thread Group 1-678] INFO  o.apache.jmeter.threads.JMeterThread - Thread is done: Thread Group 1-678
15:45:29.066 [Thread Group 1-678] INFO  o.apache.jmeter.threads.JMeterThread - Thread finished: Thread Group 1-678
15:45:29.066 [Thread Group 1-202] INFO  o.apache.jmeter.threads.JMeterThread - Thread is done: Thread Group 1-202
15:45:29.066 [Thread Group 1-202] INFO  o.apache.jmeter.threads.JMeterThread - Thread finished: Thread Group 1-202
15:45:29.139 [Thread Group 1-376] INFO  o.apache.jmeter.threads.JMeterThread - Thread is done: Thread Group 1-376
15:45:29.139 [Thread Group 1-376] INFO  o.apache.jmeter.threads.JMeterThread - Thread finished: Thread Group 1-376
15:45:29.153 [Thread Group 1-718] INFO  o.apache.jmeter.threads.JMeterThread - Thread is done: Thread Group 1-718
15:45:29.153 [Thread Group 1-718] INFO  o.apache.jmeter.threads.JMeterThread - Thread finished: Thread Group 1-718
15:45:29.253 [Thread Group 1-452] INFO  o.apache.jmeter.threads.JMeterThread - Thread is done: Thread Group 1-452
15:45:29.253 [Thread Group 1-452] INFO  o.apache.jmeter.threads.JMeterThread - Thread finished: Thread Group 1-452
15:45:29.254 [Thread Group 1-731] INFO  o.apache.jmeter.threads.JMeterThread - Thread is done: Thread Group 1-731
15:45:29.254 [Thread Group 1-731] INFO  o.apache.jmeter.threads.JMeterThread - Thread finished: Thread Group 1-731
15:45:29.254 [Thread Group 1-403] INFO  o.apache.jmeter.threads.JMeterThread - Thread is done: Thread Group 1-403
15:45:29.254 [Thread Group 1-403] INFO  o.apache.jmeter.threads.JMeterThread - Thread finished: Thread Group 1-403
15:45:29.261 [Thread Group 1-106] INFO  o.apache.jmeter.threads.JMeterThread - Thread is done: Thread Group 1-106
15:45:29.261 [Thread Group 1-106] INFO  o.apache.jmeter.threads.JMeterThread - Thread finished: Thread Group 1-106
15:45:29.280 [Thread Group 1-754] INFO  o.apache.jmeter.threads.JMeterThread - Thread is done: Thread Group 1-754
15:45:29.280 [Thread Group 1-754] INFO  o.apache.jmeter.threads.JMeterThread - Thread finished: Thread Group 1-754
15:45:29.355 [Thread Group 1-91] INFO  o.apache.jmeter.threads.JMeterThread - Thread is done: Thread Group 1-91
15:45:29.355 [Thread Group 1-91] INFO  o.apache.jmeter.threads.JMeterThread - Thread finished: Thread Group 1-91
15:45:29.358 [Thread Group 1-360] INFO  o.apache.jmeter.threads.JMeterThread - Thread is done: Thread Group 1-360
15:45:29.358 [Thread Group 1-360] INFO  o.apache.jmeter.threads.JMeterThread - Thread finished: Thread Group 1-360
15:45:29.444 [Thread Group 1-220] INFO  o.apache.jmeter.threads.JMeterThread - Thread is done: Thread Group 1-220
15:45:29.444 [Thread Group 1-220] INFO  o.apache.jmeter.threads.JMeterThread - Thread finished: Thread Group 1-220
15:45:29.479 [Thread Group 1-406] INFO  o.apache.jmeter.threads.JMeterThread - Thread is done: Thread Group 1-406
15:45:29.479 [Thread Group 1-406] INFO  o.apache.jmeter.threads.JMeterThread - Thread finished: Thread Group 1-406
15:45:29.484 [Thread Group 1-7] INFO  o.apache.jmeter.threads.JMeterThread - Thread is done: Thread Group 1-7
15:45:29.484 [Thread Group 1-7] INFO  o.apache.jmeter.threads.JMeterThread - Thread finished: Thread Group 1-7
15:45:29.544 [Thread Group 1-228] INFO  o.apache.jmeter.threads.JMeterThread - Thread is done: Thread Group 1-228
15:45:29.544 [Thread Group 1-228] INFO  o.apache.jmeter.threads.JMeterThread - Thread finished: Thread Group 1-228
15:45:29.545 [Thread Group 1-53] INFO  o.apache.jmeter.threads.JMeterThread - Thread is done: Thread Group 1-53
15:45:29.545 [Thread Group 1-53] INFO  o.apache.jmeter.threads.JMeterThread - Thread finished: Thread Group 1-53
15:45:29.573 [Thread Group 1-4] INFO  o.apache.jmeter.threads.JMeterThread - Thread is done: Thread Group 1-4
15:45:29.573 [Thread Group 1-4] INFO  o.apache.jmeter.threads.JMeterThread - Thread finished: Thread Group 1-4
15:45:29.574 [Thread Group 1-792] INFO  o.apache.jmeter.threads.JMeterThread - Thread is done: Thread Group 1-792
15:45:29.574 [Thread Group 1-792] INFO  o.apache.jmeter.threads.JMeterThread - Thread finished: Thread Group 1-792
15:45:29.579 [Thread Group 1-437] INFO  o.apache.jmeter.threads.JMeterThread - Thread is done: Thread Group 1-437
15:45:29.579 [Thread Group 1-437] INFO  o.apache.jmeter.threads.JMeterThread - Thread finished: Thread Group 1-437
15:45:29.644 [Thread Group 1-305] INFO  o.apache.jmeter.threads.JMeterThread - Thread is done: Thread Group 1-305
15:45:29.644 [Thread Group 1-305] INFO  o.apache.jmeter.threads.JMeterThread - Thread finished: Thread Group 1-305
15:45:29.715 [Thread Group 1-433] INFO  o.apache.jmeter.threads.JMeterThread - Thread is done: Thread Group 1-433
15:45:29.715 [Thread Group 1-433] INFO  o.apache.jmeter.threads.JMeterThread - Thread finished: Thread Group 1-433
15:45:29.754 [Thread Group 1-435] INFO  o.apache.jmeter.threads.JMeterThread - Thread is done: Thread Group 1-435
15:45:29.754 [Thread Group 1-435] INFO  o.apache.jmeter.threads.JMeterThread - Thread finished: Thread Group 1-435
15:45:29.783 [Thread Group 1-210] INFO  o.apache.jmeter.threads.JMeterThread - Thread is done: Thread Group 1-210
15:45:29.783 [Thread Group 1-210] INFO  o.apache.jmeter.threads.JMeterThread - Thread finished: Thread Group 1-210
15:45:29.783 [Thread Group 1-632] INFO  o.apache.jmeter.threads.JMeterThread - Thread is done: Thread Group 1-632
15:45:29.783 [Thread Group 1-632] INFO  o.apache.jmeter.threads.JMeterThread - Thread finished: Thread Group 1-632
15:45:29.809 [Thread Group 1-174] INFO  o.apache.jmeter.threads.JMeterThread - Thread is done: Thread Group 1-174
15:45:29.809 [Thread Group 1-174] INFO  o.apache.jmeter.threads.JMeterThread - Thread finished: Thread Group 1-174
15:45:29.842 [Thread Group 1-410] INFO  o.apache.jmeter.threads.JMeterThread - Thread is done: Thread Group 1-410
15:45:29.842 [Thread Group 1-410] INFO  o.apache.jmeter.threads.JMeterThread - Thread finished: Thread Group 1-410
15:45:29.844 [Thread Group 1-168] INFO  o.apache.jmeter.threads.JMeterThread - Thread is done: Thread Group 1-168
15:45:29.844 [Thread Group 1-168] INFO  o.apache.jmeter.threads.JMeterThread - Thread finished: Thread Group 1-168
15:45:29.845 [Thread Group 1-374] INFO  o.apache.jmeter.threads.JMeterThread - Thread is done: Thread Group 1-374
15:45:29.845 [Thread Group 1-374] INFO  o.apache.jmeter.threads.JMeterThread - Thread finished: Thread Group 1-374
15:45:29.885 [Thread Group 1-766] INFO  o.apache.jmeter.threads.JMeterThread - Thread is done: Thread Group 1-766
15:45:29.885 [Thread Group 1-766] INFO  o.apache.jmeter.threads.JMeterThread - Thread finished: Thread Group 1-766
15:45:29.885 [Thread Group 1-411] INFO  o.apache.jmeter.threads.JMeterThread - Thread is done: Thread Group 1-411
15:45:29.885 [Thread Group 1-411] INFO  o.apache.jmeter.threads.JMeterThread - Thread finished: Thread Group 1-411
15:45:29.885 [Thread Group 1-536] INFO  o.apache.jmeter.threads.JMeterThread - Thread is done: Thread Group 1-536
15:45:29.885 [Thread Group 1-657] INFO  o.apache.jmeter.threads.JMeterThread - Thread is done: Thread Group 1-657
15:45:29.885 [Thread Group 1-536] INFO  o.apache.jmeter.threads.JMeterThread - Thread finished: Thread Group 1-536
15:45:29.885 [Thread Group 1-657] INFO  o.apache.jmeter.threads.JMeterThread - Thread finished: Thread Group 1-657
15:45:29.885 [Thread Group 1-677] INFO  o.apache.jmeter.threads.JMeterThread - Thread is done: Thread Group 1-677
15:45:29.885 [Thread Group 1-677] INFO  o.apache.jmeter.threads.JMeterThread - Thread finished: Thread Group 1-677
15:45:29.885 [Thread Group 1-203] INFO  o.apache.jmeter.threads.JMeterThread - Thread is done: Thread Group 1-203
15:45:29.885 [Thread Group 1-203] INFO  o.apache.jmeter.threads.JMeterThread - Thread finished: Thread Group 1-203
15:45:29.887 [Thread Group 1-791] INFO  o.apache.jmeter.threads.JMeterThread - Thread is done: Thread Group 1-791
15:45:29.887 [Thread Group 1-791] INFO  o.apache.jmeter.threads.JMeterThread - Thread finished: Thread Group 1-791
15:45:29.889 [Thread Group 1-115] INFO  o.apache.jmeter.threads.JMeterThread - Thread is done: Thread Group 1-115
15:45:29.889 [Thread Group 1-115] INFO  o.apache.jmeter.threads.JMeterThread - Thread finished: Thread Group 1-115
15:45:29.889 [Thread Group 1-768] INFO  o.apache.jmeter.threads.JMeterThread - Thread is done: Thread Group 1-768
15:45:29.889 [Thread Group 1-768] INFO  o.apache.jmeter.threads.JMeterThread - Thread finished: Thread Group 1-768
15:45:29.896 [Thread Group 1-39] INFO  o.apache.jmeter.threads.JMeterThread - Thread is done: Thread Group 1-39
15:45:29.896 [Thread Group 1-39] INFO  o.apache.jmeter.threads.JMeterThread - Thread finished: Thread Group 1-39
15:45:29.898 [Thread Group 1-758] INFO  o.apache.jmeter.threads.JMeterThread - Thread is done: Thread Group 1-758
15:45:29.898 [Thread Group 1-758] INFO  o.apache.jmeter.threads.JMeterThread - Thread finished: Thread Group 1-758
15:45:29.898 [Thread Group 1-623] INFO  o.apache.jmeter.threads.JMeterThread - Thread is done: Thread Group 1-623
15:45:29.898 [Thread Group 1-623] INFO  o.apache.jmeter.threads.JMeterThread - Thread finished: Thread Group 1-623
15:45:29.898 [Thread Group 1-61] INFO  o.apache.jmeter.threads.JMeterThread - Thread is done: Thread Group 1-61
15:45:29.898 [Thread Group 1-61] INFO  o.apache.jmeter.threads.JMeterThread - Thread finished: Thread Group 1-61
15:45:29.898 [Thread Group 1-224] INFO  o.apache.jmeter.threads.JMeterThread - Thread is done: Thread Group 1-224
15:45:29.898 [Thread Group 1-224] INFO  o.apache.jmeter.threads.JMeterThread - Thread finished: Thread Group 1-224
15:45:29.898 [Thread Group 1-682] INFO  o.apache.jmeter.threads.JMeterThread - Thread is done: Thread Group 1-682
15:45:29.898 [Thread Group 1-682] INFO  o.apache.jmeter.threads.JMeterThread - Thread finished: Thread Group 1-682
15:45:29.928 [Thread Group 1-204] INFO  o.apache.jmeter.threads.JMeterThread - Thread is done: Thread Group 1-204
15:45:29.928 [Thread Group 1-204] INFO  o.apache.jmeter.threads.JMeterThread - Thread finished: Thread Group 1-204
15:45:29.949 [Thread Group 1-5] INFO  o.apache.jmeter.threads.JMeterThread - Thread is done: Thread Group 1-5
15:45:29.949 [Thread Group 1-5] INFO  o.apache.jmeter.threads.JMeterThread - Thread finished: Thread Group 1-5
15:45:29.949 [Thread Group 1-68] INFO  o.apache.jmeter.threads.JMeterThread - Thread is done: Thread Group 1-68
15:45:29.949 [Thread Group 1-68] INFO  o.apache.jmeter.threads.JMeterThread - Thread finished: Thread Group 1-68
15:45:29.959 [Thread Group 1-73] INFO  o.apache.jmeter.threads.JMeterThread - Thread is done: Thread Group 1-73
15:45:29.959 [Thread Group 1-73] INFO  o.apache.jmeter.threads.JMeterThread - Thread finished: Thread Group 1-73
15:45:29.959 [Thread Group 1-17] INFO  o.apache.jmeter.threads.JMeterThread - Thread is done: Thread Group 1-17
15:45:29.959 [Thread Group 1-17] INFO  o.apache.jmeter.threads.JMeterThread - Thread finished: Thread Group 1-17
15:45:29.979 [Thread Group 1-315] INFO  o.apache.jmeter.threads.JMeterThread - Thread is done: Thread Group 1-315
15:45:29.979 [Thread Group 1-315] INFO  o.apache.jmeter.threads.JMeterThread - Thread finished: Thread Group 1-315
15:45:29.979 [Thread Group 1-786] INFO  o.apache.jmeter.threads.JMeterThread - Thread is done: Thread Group 1-786
15:45:29.979 [Thread Group 1-786] INFO  o.apache.jmeter.threads.JMeterThread - Thread finished: Thread Group 1-786
15:45:30.017 [Thread Group 1-700] INFO  o.apache.jmeter.threads.JMeterThread - Thread is done: Thread Group 1-700
15:45:30.017 [Thread Group 1-700] INFO  o.apache.jmeter.threads.JMeterThread - Thread finished: Thread Group 1-700
15:45:30.030 [Thread Group 1-533] INFO  o.apache.jmeter.reporters.Summariser - summary +   3307 in 00:00:20 =  165.6/s Avg:  2147 Min:    91 Max: 16033 Err:  3236 (97.85%) Active: 627 Started: 800 Finished: 173
summary +   3307 in 00:00:20 =  165.6/s Avg:  2147 Min:    91 Max: 16033 Err:  3236 (97.85%) Active: 627 Started: 800 Finished: 173
15:45:30.043 [Thread Group 1-771] INFO  o.apache.jmeter.threads.JMeterThread - Thread is done: Thread Group 1-771
15:45:30.043 [Thread Group 1-771] INFO  o.apache.jmeter.threads.JMeterThread - Thread finished: Thread Group 1-771
15:45:30.048 [Thread Group 1-474] INFO  o.apache.jmeter.threads.JMeterThread - Thread is done: Thread Group 1-474
15:45:30.048 [Thread Group 1-474] INFO  o.apache.jmeter.threads.JMeterThread - Thread finished: Thread Group 1-474
15:45:30.048 [Thread Group 1-635] INFO  o.apache.jmeter.threads.JMeterThread - Thread is done: Thread Group 1-635
15:45:30.048 [Thread Group 1-635] INFO  o.apache.jmeter.threads.JMeterThread - Thread finished: Thread Group 1-635
15:45:30.048 [Thread Group 1-297] INFO  o.apache.jmeter.threads.JMeterThread - Thread is done: Thread Group 1-297
15:45:30.048 [Thread Group 1-297] INFO  o.apache.jmeter.threads.JMeterThread - Thread finished: Thread Group 1-297
15:45:30.048 [Thread Group 1-138] INFO  o.apache.jmeter.threads.JMeterThread - Thread is done: Thread Group 1-138
15:45:30.048 [Thread Group 1-138] INFO  o.apache.jmeter.threads.JMeterThread - Thread finished: Thread Group 1-138
15:45:30.048 [Thread Group 1-367] INFO  o.apache.jmeter.threads.JMeterThread - Thread is done: Thread Group 1-367
15:45:30.048 [Thread Group 1-367] INFO  o.apache.jmeter.threads.JMeterThread - Thread finished: Thread Group 1-367
15:45:30.048 [Thread Group 1-87] INFO  o.apache.jmeter.threads.JMeterThread - Thread is done: Thread Group 1-87
15:45:30.048 [Thread Group 1-87] INFO  o.apache.jmeter.threads.JMeterThread - Thread finished: Thread Group 1-87
15:45:30.059 [Thread Group 1-382] INFO  o.apache.jmeter.threads.JMeterThread - Thread is done: Thread Group 1-382
15:45:30.059 [Thread Group 1-382] INFO  o.apache.jmeter.threads.JMeterThread - Thread finished: Thread Group 1-382
15:45:30.079 [Thread Group 1-188] INFO  o.apache.jmeter.threads.JMeterThread - Thread is done: Thread Group 1-188
15:45:30.081 [Thread Group 1-188] INFO  o.apache.jmeter.threads.JMeterThread - Thread finished: Thread Group 1-188
15:45:30.081 [Thread Group 1-509] INFO  o.apache.jmeter.threads.JMeterThread - Thread is done: Thread Group 1-509
15:45:30.081 [Thread Group 1-509] INFO  o.apache.jmeter.threads.JMeterThread - Thread finished: Thread Group 1-509
15:45:30.087 [Thread Group 1-427] INFO  o.apache.jmeter.threads.JMeterThread - Thread is done: Thread Group 1-427
15:45:30.087 [Thread Group 1-427] INFO  o.apache.jmeter.threads.JMeterThread - Thread finished: Thread Group 1-427
15:45:30.092 [Thread Group 1-753] INFO  o.apache.jmeter.threads.JMeterThread - Thread is done: Thread Group 1-753
15:45:30.092 [Thread Group 1-753] INFO  o.apache.jmeter.threads.JMeterThread - Thread finished: Thread Group 1-753
15:45:30.092 [Thread Group 1-108] INFO  o.apache.jmeter.threads.JMeterThread - Thread is done: Thread Group 1-108
15:45:30.092 [Thread Group 1-108] INFO  o.apache.jmeter.threads.JMeterThread - Thread finished: Thread Group 1-108
15:45:30.100 [Thread Group 1-717] INFO  o.apache.jmeter.threads.JMeterThread - Thread is done: Thread Group 1-717
15:45:30.100 [Thread Group 1-717] INFO  o.apache.jmeter.threads.JMeterThread - Thread finished: Thread Group 1-717
15:45:30.109 [Thread Group 1-781] INFO  o.apache.jmeter.threads.JMeterThread - Thread is done: Thread Group 1-781
15:45:30.109 [Thread Group 1-781] INFO  o.apache.jmeter.threads.JMeterThread - Thread finished: Thread Group 1-781
15:45:30.111 [Thread Group 1-274] INFO  o.apache.jmeter.threads.JMeterThread - Thread is done: Thread Group 1-274
15:45:30.111 [Thread Group 1-289] INFO  o.apache.jmeter.threads.JMeterThread - Thread is done: Thread Group 1-289
15:45:30.111 [Thread Group 1-274] INFO  o.apache.jmeter.threads.JMeterThread - Thread finished: Thread Group 1-274
15:45:30.111 [Thread Group 1-289] INFO  o.apache.jmeter.threads.JMeterThread - Thread finished: Thread Group 1-289
15:45:30.111 [Thread Group 1-454] INFO  o.apache.jmeter.threads.JMeterThread - Thread is done: Thread Group 1-454
15:45:30.111 [Thread Group 1-454] INFO  o.apache.jmeter.threads.JMeterThread - Thread finished: Thread Group 1-454
15:45:30.111 [Thread Group 1-54] INFO  o.apache.jmeter.threads.JMeterThread - Thread is done: Thread Group 1-54
15:45:30.111 [Thread Group 1-54] INFO  o.apache.jmeter.threads.JMeterThread - Thread finished: Thread Group 1-54
15:45:30.111 [Thread Group 1-219] INFO  o.apache.jmeter.threads.JMeterThread - Thread is done: Thread Group 1-219
15:45:30.111 [Thread Group 1-219] INFO  o.apache.jmeter.threads.JMeterThread - Thread finished: Thread Group 1-219
15:45:30.111 [Thread Group 1-397] INFO  o.apache.jmeter.threads.JMeterThread - Thread is done: Thread Group 1-397
15:45:30.111 [Thread Group 1-397] INFO  o.apache.jmeter.threads.JMeterThread - Thread finished: Thread Group 1-397
15:45:30.111 [Thread Group 1-296] INFO  o.apache.jmeter.threads.JMeterThread - Thread is done: Thread Group 1-296
15:45:30.111 [Thread Group 1-296] INFO  o.apache.jmeter.threads.JMeterThread - Thread finished: Thread Group 1-296
15:45:30.119 [Thread Group 1-323] INFO  o.apache.jmeter.threads.JMeterThread - Thread is done: Thread Group 1-323
15:45:30.119 [Thread Group 1-323] INFO  o.apache.jmeter.threads.JMeterThread - Thread finished: Thread Group 1-323
15:45:30.119 [Thread Group 1-29] INFO  o.apache.jmeter.threads.JMeterThread - Thread is done: Thread Group 1-29
15:45:30.119 [Thread Group 1-29] INFO  o.apache.jmeter.threads.JMeterThread - Thread finished: Thread Group 1-29
15:45:30.129 [Thread Group 1-419] INFO  o.apache.jmeter.threads.JMeterThread - Thread is done: Thread Group 1-419
15:45:30.129 [Thread Group 1-419] INFO  o.apache.jmeter.threads.JMeterThread - Thread finished: Thread Group 1-419
15:45:30.129 [Thread Group 1-95] INFO  o.apache.jmeter.threads.JMeterThread - Thread is done: Thread Group 1-95
15:45:30.129 [Thread Group 1-95] INFO  o.apache.jmeter.threads.JMeterThread - Thread finished: Thread Group 1-95
15:45:30.135 [Thread Group 1-547] INFO  o.apache.jmeter.threads.JMeterThread - Thread is done: Thread Group 1-547
15:45:30.135 [Thread Group 1-547] INFO  o.apache.jmeter.threads.JMeterThread - Thread finished: Thread Group 1-547
15:45:30.145 [Thread Group 1-741] INFO  o.apache.jmeter.threads.JMeterThread - Thread is done: Thread Group 1-741
15:45:30.145 [Thread Group 1-741] INFO  o.apache.jmeter.threads.JMeterThread - Thread finished: Thread Group 1-741
15:45:30.157 [Thread Group 1-2] INFO  o.apache.jmeter.threads.JMeterThread - Thread is done: Thread Group 1-2
15:45:30.157 [Thread Group 1-2] INFO  o.apache.jmeter.threads.JMeterThread - Thread finished: Thread Group 1-2
15:45:30.157 [Thread Group 1-523] INFO  o.apache.jmeter.threads.JMeterThread - Thread is done: Thread Group 1-523
15:45:30.157 [Thread Group 1-523] INFO  o.apache.jmeter.threads.JMeterThread - Thread finished: Thread Group 1-523
15:45:30.157 [Thread Group 1-519] INFO  o.apache.jmeter.threads.JMeterThread - Thread is done: Thread Group 1-519
15:45:30.157 [Thread Group 1-423] INFO  o.apache.jmeter.threads.JMeterThread - Thread is done: Thread Group 1-423
15:45:30.157 [Thread Group 1-519] INFO  o.apache.jmeter.threads.JMeterThread - Thread finished: Thread Group 1-519
15:45:30.157 [Thread Group 1-423] INFO  o.apache.jmeter.threads.JMeterThread - Thread finished: Thread Group 1-423
15:45:30.157 [Thread Group 1-699] INFO  o.apache.jmeter.threads.JMeterThread - Thread is done: Thread Group 1-699
15:45:30.157 [Thread Group 1-699] INFO  o.apache.jmeter.threads.JMeterThread - Thread finished: Thread Group 1-699
15:45:30.157 [Thread Group 1-379] INFO  o.apache.jmeter.threads.JMeterThread - Thread is done: Thread Group 1-379
15:45:30.157 [Thread Group 1-379] INFO  o.apache.jmeter.threads.JMeterThread - Thread finished: Thread Group 1-379
15:45:30.179 [Thread Group 1-609] INFO  o.apache.jmeter.threads.JMeterThread - Thread is done: Thread Group 1-609
15:45:30.179 [Thread Group 1-609] INFO  o.apache.jmeter.threads.JMeterThread - Thread finished: Thread Group 1-609
15:45:30.179 [Thread Group 1-344] INFO  o.apache.jmeter.threads.JMeterThread - Thread is done: Thread Group 1-344
15:45:30.179 [Thread Group 1-344] INFO  o.apache.jmeter.threads.JMeterThread - Thread finished: Thread Group 1-344
15:45:30.207 [Thread Group 1-569] INFO  o.apache.jmeter.threads.JMeterThread - Thread is done: Thread Group 1-569
15:45:30.207 [Thread Group 1-569] INFO  o.apache.jmeter.threads.JMeterThread - Thread finished: Thread Group 1-569
15:45:30.207 [Thread Group 1-445] INFO  o.apache.jmeter.threads.JMeterThread - Thread is done: Thread Group 1-445
15:45:30.207 [Thread Group 1-445] INFO  o.apache.jmeter.threads.JMeterThread - Thread finished: Thread Group 1-445
15:45:30.207 [Thread Group 1-417] INFO  o.apache.jmeter.threads.JMeterThread - Thread is done: Thread Group 1-417
15:45:30.207 [Thread Group 1-417] INFO  o.apache.jmeter.threads.JMeterThread - Thread finished: Thread Group 1-417
15:45:30.213 [Thread Group 1-128] INFO  o.apache.jmeter.threads.JMeterThread - Thread is done: Thread Group 1-128
15:45:30.213 [Thread Group 1-128] INFO  o.apache.jmeter.threads.JMeterThread - Thread finished: Thread Group 1-128
15:45:30.221 [Thread Group 1-749] INFO  o.apache.jmeter.threads.JMeterThread - Thread is done: Thread Group 1-749
15:45:30.221 [Thread Group 1-749] INFO  o.apache.jmeter.threads.JMeterThread - Thread finished: Thread Group 1-749
15:45:30.221 [Thread Group 1-318] INFO  o.apache.jmeter.threads.JMeterThread - Thread is done: Thread Group 1-318
15:45:30.221 [Thread Group 1-318] INFO  o.apache.jmeter.threads.JMeterThread - Thread finished: Thread Group 1-318
15:45:30.221 [Thread Group 1-372] INFO  o.apache.jmeter.threads.JMeterThread - Thread is done: Thread Group 1-372
15:45:30.221 [Thread Group 1-372] INFO  o.apache.jmeter.threads.JMeterThread - Thread finished: Thread Group 1-372
15:45:30.239 [Thread Group 1-229] INFO  o.apache.jmeter.threads.JMeterThread - Thread is done: Thread Group 1-229
15:45:30.240 [Thread Group 1-229] INFO  o.apache.jmeter.threads.JMeterThread - Thread finished: Thread Group 1-229
15:45:30.240 [Thread Group 1-65] INFO  o.apache.jmeter.threads.JMeterThread - Thread is done: Thread Group 1-65
15:45:30.240 [Thread Group 1-65] INFO  o.apache.jmeter.threads.JMeterThread - Thread finished: Thread Group 1-65
15:45:30.240 [Thread Group 1-184] INFO  o.apache.jmeter.threads.JMeterThread - Thread is done: Thread Group 1-184
15:45:30.240 [Thread Group 1-184] INFO  o.apache.jmeter.threads.JMeterThread - Thread finished: Thread Group 1-184
15:45:30.240 [Thread Group 1-257] INFO  o.apache.jmeter.threads.JMeterThread - Thread is done: Thread Group 1-257
15:45:30.240 [Thread Group 1-257] INFO  o.apache.jmeter.threads.JMeterThread - Thread finished: Thread Group 1-257
15:45:30.240 [Thread Group 1-369] INFO  o.apache.jmeter.threads.JMeterThread - Thread is done: Thread Group 1-369
15:45:30.240 [Thread Group 1-369] INFO  o.apache.jmeter.threads.JMeterThread - Thread finished: Thread Group 1-369
15:45:30.249 [Thread Group 1-171] INFO  o.apache.jmeter.threads.JMeterThread - Thread is done: Thread Group 1-171
15:45:30.249 [Thread Group 1-171] INFO  o.apache.jmeter.threads.JMeterThread - Thread finished: Thread Group 1-171
15:45:30.249 [Thread Group 1-16] INFO  o.apache.jmeter.threads.JMeterThread - Thread is done: Thread Group 1-16
15:45:30.249 [Thread Group 1-16] INFO  o.apache.jmeter.threads.JMeterThread - Thread finished: Thread Group 1-16
15:45:30.249 [Thread Group 1-671] INFO  o.apache.jmeter.threads.JMeterThread - Thread is done: Thread Group 1-671
15:45:30.249 [Thread Group 1-671] INFO  o.apache.jmeter.threads.JMeterThread - Thread finished: Thread Group 1-671
15:45:30.249 [Thread Group 1-726] INFO  o.apache.jmeter.threads.JMeterThread - Thread is done: Thread Group 1-726
15:45:30.249 [Thread Group 1-726] INFO  o.apache.jmeter.threads.JMeterThread - Thread finished: Thread Group 1-726
15:45:30.253 [Thread Group 1-725] INFO  o.apache.jmeter.threads.JMeterThread - Thread is done: Thread Group 1-725
15:45:30.254 [Thread Group 1-725] INFO  o.apache.jmeter.threads.JMeterThread - Thread finished: Thread Group 1-725
15:45:30.257 [Thread Group 1-8] INFO  o.apache.jmeter.threads.JMeterThread - Thread is done: Thread Group 1-8
15:45:30.257 [Thread Group 1-8] INFO  o.apache.jmeter.threads.JMeterThread - Thread finished: Thread Group 1-8
15:45:30.258 [Thread Group 1-240] INFO  o.apache.jmeter.threads.JMeterThread - Thread is done: Thread Group 1-240
15:45:30.258 [Thread Group 1-240] INFO  o.apache.jmeter.threads.JMeterThread - Thread finished: Thread Group 1-240
15:45:30.258 [Thread Group 1-244] INFO  o.apache.jmeter.threads.JMeterThread - Thread is done: Thread Group 1-244
15:45:30.258 [Thread Group 1-244] INFO  o.apache.jmeter.threads.JMeterThread - Thread finished: Thread Group 1-244
15:45:30.259 [Thread Group 1-76] INFO  o.apache.jmeter.threads.JMeterThread - Thread is done: Thread Group 1-76
15:45:30.259 [Thread Group 1-76] INFO  o.apache.jmeter.threads.JMeterThread - Thread finished: Thread Group 1-76
15:45:30.259 [Thread Group 1-148] INFO  o.apache.jmeter.threads.JMeterThread - Thread is done: Thread Group 1-148
15:45:30.259 [Thread Group 1-148] INFO  o.apache.jmeter.threads.JMeterThread - Thread finished: Thread Group 1-148
15:45:30.260 [Thread Group 1-124] INFO  o.apache.jmeter.threads.JMeterThread - Thread is done: Thread Group 1-124
15:45:30.260 [Thread Group 1-124] INFO  o.apache.jmeter.threads.JMeterThread - Thread finished: Thread Group 1-124
15:45:30.261 [Thread Group 1-453] INFO  o.apache.jmeter.threads.JMeterThread - Thread is done: Thread Group 1-453
15:45:30.261 [Thread Group 1-745] INFO  o.apache.jmeter.threads.JMeterThread - Thread is done: Thread Group 1-745
15:45:30.261 [Thread Group 1-453] INFO  o.apache.jmeter.threads.JMeterThread - Thread finished: Thread Group 1-453
15:45:30.261 [Thread Group 1-745] INFO  o.apache.jmeter.threads.JMeterThread - Thread finished: Thread Group 1-745
15:45:30.262 [Thread Group 1-48] INFO  o.apache.jmeter.threads.JMeterThread - Thread is done: Thread Group 1-48
15:45:30.262 [Thread Group 1-48] INFO  o.apache.jmeter.threads.JMeterThread - Thread finished: Thread Group 1-48
15:45:30.264 [Thread Group 1-247] INFO  o.apache.jmeter.threads.JMeterThread - Thread is done: Thread Group 1-247
15:45:30.264 [Thread Group 1-247] INFO  o.apache.jmeter.threads.JMeterThread - Thread finished: Thread Group 1-247
15:45:30.264 [Thread Group 1-293] INFO  o.apache.jmeter.threads.JMeterThread - Thread is done: Thread Group 1-293
15:45:30.264 [Thread Group 1-293] INFO  o.apache.jmeter.threads.JMeterThread - Thread finished: Thread Group 1-293
15:45:30.264 [Thread Group 1-135] INFO  o.apache.jmeter.threads.JMeterThread - Thread is done: Thread Group 1-135
15:45:30.264 [Thread Group 1-135] INFO  o.apache.jmeter.threads.JMeterThread - Thread finished: Thread Group 1-135
15:45:30.264 [Thread Group 1-394] INFO  o.apache.jmeter.threads.JMeterThread - Thread is done: Thread Group 1-394
15:45:30.264 [Thread Group 1-394] INFO  o.apache.jmeter.threads.JMeterThread - Thread finished: Thread Group 1-394
15:45:30.264 [Thread Group 1-197] INFO  o.apache.jmeter.threads.JMeterThread - Thread is done: Thread Group 1-197
15:45:30.264 [Thread Group 1-448] INFO  o.apache.jmeter.threads.JMeterThread - Thread is done: Thread Group 1-448
15:45:30.264 [Thread Group 1-197] INFO  o.apache.jmeter.threads.JMeterThread - Thread finished: Thread Group 1-197
15:45:30.264 [Thread Group 1-448] INFO  o.apache.jmeter.threads.JMeterThread - Thread finished: Thread Group 1-448
15:45:30.274 [Thread Group 1-643] INFO  o.apache.jmeter.threads.JMeterThread - Thread is done: Thread Group 1-643
15:45:30.274 [Thread Group 1-643] INFO  o.apache.jmeter.threads.JMeterThread - Thread finished: Thread Group 1-643
15:45:30.274 [Thread Group 1-421] INFO  o.apache.jmeter.threads.JMeterThread - Thread is done: Thread Group 1-421
15:45:30.274 [Thread Group 1-421] INFO  o.apache.jmeter.threads.JMeterThread - Thread finished: Thread Group 1-421
15:45:30.292 [Thread Group 1-639] INFO  o.apache.jmeter.threads.JMeterThread - Thread is done: Thread Group 1-639
15:45:30.292 [Thread Group 1-639] INFO  o.apache.jmeter.threads.JMeterThread - Thread finished: Thread Group 1-639
15:45:30.292 [Thread Group 1-392] INFO  o.apache.jmeter.threads.JMeterThread - Thread is done: Thread Group 1-392
15:45:30.292 [Thread Group 1-392] INFO  o.apache.jmeter.threads.JMeterThread - Thread finished: Thread Group 1-392
15:45:30.292 [Thread Group 1-432] INFO  o.apache.jmeter.threads.JMeterThread - Thread is done: Thread Group 1-432
15:45:30.292 [Thread Group 1-432] INFO  o.apache.jmeter.threads.JMeterThread - Thread finished: Thread Group 1-432
15:45:30.308 [Thread Group 1-594] INFO  o.apache.jmeter.threads.JMeterThread - Thread is done: Thread Group 1-594
15:45:30.308 [Thread Group 1-594] INFO  o.apache.jmeter.threads.JMeterThread - Thread finished: Thread Group 1-594
15:45:30.308 [Thread Group 1-760] INFO  o.apache.jmeter.threads.JMeterThread - Thread is done: Thread Group 1-760
15:45:30.308 [Thread Group 1-760] INFO  o.apache.jmeter.threads.JMeterThread - Thread finished: Thread Group 1-760
15:45:30.325 [Thread Group 1-256] INFO  o.apache.jmeter.threads.JMeterThread - Thread is done: Thread Group 1-256
15:45:30.325 [Thread Group 1-256] INFO  o.apache.jmeter.threads.JMeterThread - Thread finished: Thread Group 1-256
15:45:30.327 [Thread Group 1-703] INFO  o.apache.jmeter.threads.JMeterThread - Thread is done: Thread Group 1-703
15:45:30.327 [Thread Group 1-413] INFO  o.apache.jmeter.threads.JMeterThread - Thread is done: Thread Group 1-413
15:45:30.327 [Thread Group 1-703] INFO  o.apache.jmeter.threads.JMeterThread - Thread finished: Thread Group 1-703
15:45:30.327 [Thread Group 1-413] INFO  o.apache.jmeter.threads.JMeterThread - Thread finished: Thread Group 1-413
15:45:30.328 [Thread Group 1-141] INFO  o.apache.jmeter.threads.JMeterThread - Thread is done: Thread Group 1-141
15:45:30.328 [Thread Group 1-141] INFO  o.apache.jmeter.threads.JMeterThread - Thread finished: Thread Group 1-141
15:45:30.328 [Thread Group 1-364] INFO  o.apache.jmeter.threads.JMeterThread - Thread is done: Thread Group 1-364
15:45:30.328 [Thread Group 1-364] INFO  o.apache.jmeter.threads.JMeterThread - Thread finished: Thread Group 1-364
15:45:30.329 [Thread Group 1-769] INFO  o.apache.jmeter.threads.JMeterThread - Thread is done: Thread Group 1-769
15:45:30.329 [Thread Group 1-769] INFO  o.apache.jmeter.threads.JMeterThread - Thread finished: Thread Group 1-769
15:45:30.335 [Thread Group 1-358] INFO  o.apache.jmeter.threads.JMeterThread - Thread is done: Thread Group 1-358
15:45:30.335 [Thread Group 1-358] INFO  o.apache.jmeter.threads.JMeterThread - Thread finished: Thread Group 1-358
15:45:30.335 [Thread Group 1-587] INFO  o.apache.jmeter.threads.JMeterThread - Thread is done: Thread Group 1-587
15:45:30.335 [Thread Group 1-587] INFO  o.apache.jmeter.threads.JMeterThread - Thread finished: Thread Group 1-587
15:45:30.335 [Thread Group 1-563] INFO  o.apache.jmeter.threads.JMeterThread - Thread is done: Thread Group 1-563
15:45:30.335 [Thread Group 1-563] INFO  o.apache.jmeter.threads.JMeterThread - Thread finished: Thread Group 1-563
15:45:30.340 [Thread Group 1-650] INFO  o.apache.jmeter.threads.JMeterThread - Thread is done: Thread Group 1-650
15:45:30.340 [Thread Group 1-650] INFO  o.apache.jmeter.threads.JMeterThread - Thread finished: Thread Group 1-650
15:45:30.340 [Thread Group 1-242] INFO  o.apache.jmeter.threads.JMeterThread - Thread is done: Thread Group 1-242
15:45:30.340 [Thread Group 1-242] INFO  o.apache.jmeter.threads.JMeterThread - Thread finished: Thread Group 1-242
15:45:30.340 [Thread Group 1-261] INFO  o.apache.jmeter.threads.JMeterThread - Thread is done: Thread Group 1-261
15:45:30.340 [Thread Group 1-261] INFO  o.apache.jmeter.threads.JMeterThread - Thread finished: Thread Group 1-261
15:45:30.352 [Thread Group 1-248] INFO  o.apache.jmeter.threads.JMeterThread - Thread is done: Thread Group 1-248
15:45:30.352 [Thread Group 1-248] INFO  o.apache.jmeter.threads.JMeterThread - Thread finished: Thread Group 1-248
15:45:30.374 [Thread Group 1-71] INFO  o.apache.jmeter.threads.JMeterThread - Thread is done: Thread Group 1-71
15:45:30.374 [Thread Group 1-71] INFO  o.apache.jmeter.threads.JMeterThread - Thread finished: Thread Group 1-71
15:45:30.408 [Thread Group 1-278] INFO  o.apache.jmeter.threads.JMeterThread - Thread is done: Thread Group 1-278
15:45:30.408 [Thread Group 1-562] INFO  o.apache.jmeter.threads.JMeterThread - Thread is done: Thread Group 1-562
15:45:30.408 [Thread Group 1-278] INFO  o.apache.jmeter.threads.JMeterThread - Thread finished: Thread Group 1-278
15:45:30.408 [Thread Group 1-562] INFO  o.apache.jmeter.threads.JMeterThread - Thread finished: Thread Group 1-562
15:45:30.408 [Thread Group 1-470] INFO  o.apache.jmeter.threads.JMeterThread - Thread is done: Thread Group 1-470
15:45:30.408 [Thread Group 1-470] INFO  o.apache.jmeter.threads.JMeterThread - Thread finished: Thread Group 1-470
15:45:30.408 [Thread Group 1-422] INFO  o.apache.jmeter.threads.JMeterThread - Thread is done: Thread Group 1-422
15:45:30.408 [Thread Group 1-422] INFO  o.apache.jmeter.threads.JMeterThread - Thread finished: Thread Group 1-422
15:45:30.408 [Thread Group 1-412] INFO  o.apache.jmeter.threads.JMeterThread - Thread is done: Thread Group 1-412
15:45:30.408 [Thread Group 1-799] INFO  o.apache.jmeter.threads.JMeterThread - Thread is done: Thread Group 1-799
15:45:30.408 [Thread Group 1-799] INFO  o.apache.jmeter.threads.JMeterThread - Thread finished: Thread Group 1-799
15:45:30.408 [Thread Group 1-412] INFO  o.apache.jmeter.threads.JMeterThread - Thread finished: Thread Group 1-412
15:45:30.408 [Thread Group 1-295] INFO  o.apache.jmeter.threads.JMeterThread - Thread is done: Thread Group 1-295
15:45:30.408 [Thread Group 1-295] INFO  o.apache.jmeter.threads.JMeterThread - Thread finished: Thread Group 1-295
15:45:30.408 [Thread Group 1-695] INFO  o.apache.jmeter.threads.JMeterThread - Thread is done: Thread Group 1-695
15:45:30.408 [Thread Group 1-695] INFO  o.apache.jmeter.threads.JMeterThread - Thread finished: Thread Group 1-695
15:45:30.438 [Thread Group 1-191] INFO  o.apache.jmeter.threads.JMeterThread - Thread is done: Thread Group 1-191
15:45:30.438 [Thread Group 1-191] INFO  o.apache.jmeter.threads.JMeterThread - Thread finished: Thread Group 1-191
15:45:30.438 [Thread Group 1-761] INFO  o.apache.jmeter.threads.JMeterThread - Thread is done: Thread Group 1-761
15:45:30.438 [Thread Group 1-761] INFO  o.apache.jmeter.threads.JMeterThread - Thread finished: Thread Group 1-761
15:45:30.438 [Thread Group 1-35] INFO  o.apache.jmeter.threads.JMeterThread - Thread is done: Thread Group 1-35
15:45:30.438 [Thread Group 1-35] INFO  o.apache.jmeter.threads.JMeterThread - Thread finished: Thread Group 1-35
15:45:30.438 [Thread Group 1-245] INFO  o.apache.jmeter.threads.JMeterThread - Thread is done: Thread Group 1-245
15:45:30.438 [Thread Group 1-245] INFO  o.apache.jmeter.threads.JMeterThread - Thread finished: Thread Group 1-245
15:45:30.438 [Thread Group 1-335] INFO  o.apache.jmeter.threads.JMeterThread - Thread is done: Thread Group 1-335
15:45:30.440 [Thread Group 1-335] INFO  o.apache.jmeter.threads.JMeterThread - Thread finished: Thread Group 1-335
15:45:30.440 [Thread Group 1-780] INFO  o.apache.jmeter.threads.JMeterThread - Thread is done: Thread Group 1-780
15:45:30.440 [Thread Group 1-780] INFO  o.apache.jmeter.threads.JMeterThread - Thread finished: Thread Group 1-780
15:45:30.440 [Thread Group 1-386] INFO  o.apache.jmeter.threads.JMeterThread - Thread is done: Thread Group 1-386
15:45:30.440 [Thread Group 1-386] INFO  o.apache.jmeter.threads.JMeterThread - Thread finished: Thread Group 1-386
15:45:30.440 [Thread Group 1-744] INFO  o.apache.jmeter.threads.JMeterThread - Thread is done: Thread Group 1-744
15:45:30.440 [Thread Group 1-744] INFO  o.apache.jmeter.threads.JMeterThread - Thread finished: Thread Group 1-744
15:45:30.440 [Thread Group 1-775] INFO  o.apache.jmeter.threads.JMeterThread - Thread is done: Thread Group 1-775
15:45:30.440 [Thread Group 1-775] INFO  o.apache.jmeter.threads.JMeterThread - Thread finished: Thread Group 1-775
15:45:30.440 [Thread Group 1-669] INFO  o.apache.jmeter.threads.JMeterThread - Thread is done: Thread Group 1-669
15:45:30.440 [Thread Group 1-669] INFO  o.apache.jmeter.threads.JMeterThread - Thread finished: Thread Group 1-669
15:45:30.440 [Thread Group 1-692] INFO  o.apache.jmeter.threads.JMeterThread - Thread is done: Thread Group 1-692
15:45:30.440 [Thread Group 1-692] INFO  o.apache.jmeter.threads.JMeterThread - Thread finished: Thread Group 1-692
15:45:30.450 [Thread Group 1-126] INFO  o.apache.jmeter.threads.JMeterThread - Thread is done: Thread Group 1-126
15:45:30.450 [Thread Group 1-243] INFO  o.apache.jmeter.threads.JMeterThread - Thread is done: Thread Group 1-243
15:45:30.450 [Thread Group 1-126] INFO  o.apache.jmeter.threads.JMeterThread - Thread finished: Thread Group 1-126
15:45:30.450 [Thread Group 1-243] INFO  o.apache.jmeter.threads.JMeterThread - Thread finished: Thread Group 1-243
15:45:30.450 [Thread Group 1-291] INFO  o.apache.jmeter.threads.JMeterThread - Thread is done: Thread Group 1-291
15:45:30.450 [Thread Group 1-291] INFO  o.apache.jmeter.threads.JMeterThread - Thread finished: Thread Group 1-291
15:45:30.467 [Thread Group 1-277] INFO  o.apache.jmeter.threads.JMeterThread - Thread is done: Thread Group 1-277
15:45:30.467 [Thread Group 1-277] INFO  o.apache.jmeter.threads.JMeterThread - Thread finished: Thread Group 1-277
15:45:30.467 [Thread Group 1-215] INFO  o.apache.jmeter.threads.JMeterThread - Thread is done: Thread Group 1-215
15:45:30.467 [Thread Group 1-215] INFO  o.apache.jmeter.threads.JMeterThread - Thread finished: Thread Group 1-215
15:45:30.484 [Thread Group 1-479] INFO  o.apache.jmeter.threads.JMeterThread - Thread is done: Thread Group 1-479
15:45:30.484 [Thread Group 1-479] INFO  o.apache.jmeter.threads.JMeterThread - Thread finished: Thread Group 1-479
15:45:30.485 [Thread Group 1-119] INFO  o.apache.jmeter.threads.JMeterThread - Thread is done: Thread Group 1-119
15:45:30.485 [Thread Group 1-119] INFO  o.apache.jmeter.threads.JMeterThread - Thread finished: Thread Group 1-119
15:45:30.485 [Thread Group 1-495] INFO  o.apache.jmeter.threads.JMeterThread - Thread is done: Thread Group 1-495
15:45:30.485 [Thread Group 1-495] INFO  o.apache.jmeter.threads.JMeterThread - Thread finished: Thread Group 1-495
15:45:30.487 [Thread Group 1-331] INFO  o.apache.jmeter.threads.JMeterThread - Thread is done: Thread Group 1-331
15:45:30.487 [Thread Group 1-331] INFO  o.apache.jmeter.threads.JMeterThread - Thread finished: Thread Group 1-331
15:45:30.487 [Thread Group 1-737] INFO  o.apache.jmeter.threads.JMeterThread - Thread is done: Thread Group 1-737
15:45:30.487 [Thread Group 1-737] INFO  o.apache.jmeter.threads.JMeterThread - Thread finished: Thread Group 1-737
15:45:30.487 [Thread Group 1-625] INFO  o.apache.jmeter.threads.JMeterThread - Thread is done: Thread Group 1-625
15:45:30.487 [Thread Group 1-625] INFO  o.apache.jmeter.threads.JMeterThread - Thread finished: Thread Group 1-625
15:45:30.487 [Thread Group 1-441] INFO  o.apache.jmeter.threads.JMeterThread - Thread is done: Thread Group 1-441
15:45:30.487 [Thread Group 1-265] INFO  o.apache.jmeter.threads.JMeterThread - Thread is done: Thread Group 1-265
15:45:30.487 [Thread Group 1-441] INFO  o.apache.jmeter.threads.JMeterThread - Thread finished: Thread Group 1-441
15:45:30.487 [Thread Group 1-265] INFO  o.apache.jmeter.threads.JMeterThread - Thread finished: Thread Group 1-265
15:45:30.492 [Thread Group 1-109] INFO  o.apache.jmeter.threads.JMeterThread - Thread is done: Thread Group 1-109
15:45:30.492 [Thread Group 1-109] INFO  o.apache.jmeter.threads.JMeterThread - Thread finished: Thread Group 1-109
15:45:30.495 [Thread Group 1-189] INFO  o.apache.jmeter.threads.JMeterThread - Thread is done: Thread Group 1-189
15:45:30.495 [Thread Group 1-6] INFO  o.apache.jmeter.threads.JMeterThread - Thread is done: Thread Group 1-6
15:45:30.495 [Thread Group 1-189] INFO  o.apache.jmeter.threads.JMeterThread - Thread finished: Thread Group 1-189
15:45:30.495 [Thread Group 1-6] INFO  o.apache.jmeter.threads.JMeterThread - Thread finished: Thread Group 1-6
15:45:30.495 [Thread Group 1-776] INFO  o.apache.jmeter.threads.JMeterThread - Thread is done: Thread Group 1-776
15:45:30.495 [Thread Group 1-776] INFO  o.apache.jmeter.threads.JMeterThread - Thread finished: Thread Group 1-776
15:45:30.498 [Thread Group 1-748] INFO  o.apache.jmeter.threads.JMeterThread - Thread is done: Thread Group 1-748
15:45:30.498 [Thread Group 1-748] INFO  o.apache.jmeter.threads.JMeterThread - Thread finished: Thread Group 1-748
15:45:30.502 [Thread Group 1-641] INFO  o.apache.jmeter.threads.JMeterThread - Thread is done: Thread Group 1-641
15:45:30.502 [Thread Group 1-355] INFO  o.apache.jmeter.threads.JMeterThread - Thread is done: Thread Group 1-355
15:45:30.502 [Thread Group 1-641] INFO  o.apache.jmeter.threads.JMeterThread - Thread finished: Thread Group 1-641
15:45:30.502 [Thread Group 1-355] INFO  o.apache.jmeter.threads.JMeterThread - Thread finished: Thread Group 1-355
15:45:30.502 [Thread Group 1-458] INFO  o.apache.jmeter.threads.JMeterThread - Thread is done: Thread Group 1-458
15:45:30.502 [Thread Group 1-458] INFO  o.apache.jmeter.threads.JMeterThread - Thread finished: Thread Group 1-458
15:45:30.504 [Thread Group 1-552] INFO  o.apache.jmeter.threads.JMeterThread - Thread is done: Thread Group 1-552
15:45:30.504 [Thread Group 1-271] INFO  o.apache.jmeter.threads.JMeterThread - Thread is done: Thread Group 1-271
15:45:30.504 [Thread Group 1-552] INFO  o.apache.jmeter.threads.JMeterThread - Thread finished: Thread Group 1-552
15:45:30.504 [Thread Group 1-271] INFO  o.apache.jmeter.threads.JMeterThread - Thread finished: Thread Group 1-271
15:45:30.504 [Thread Group 1-320] INFO  o.apache.jmeter.threads.JMeterThread - Thread is done: Thread Group 1-320
15:45:30.504 [Thread Group 1-320] INFO  o.apache.jmeter.threads.JMeterThread - Thread finished: Thread Group 1-320
15:45:30.504 [Thread Group 1-263] INFO  o.apache.jmeter.threads.JMeterThread - Thread is done: Thread Group 1-263
15:45:30.504 [Thread Group 1-263] INFO  o.apache.jmeter.threads.JMeterThread - Thread finished: Thread Group 1-263
15:45:30.504 [Thread Group 1-570] INFO  o.apache.jmeter.threads.JMeterThread - Thread is done: Thread Group 1-570
15:45:30.504 [Thread Group 1-570] INFO  o.apache.jmeter.threads.JMeterThread - Thread finished: Thread Group 1-570
15:45:30.507 [Thread Group 1-685] INFO  o.apache.jmeter.threads.JMeterThread - Thread is done: Thread Group 1-685
15:45:30.507 [Thread Group 1-685] INFO  o.apache.jmeter.threads.JMeterThread - Thread finished: Thread Group 1-685
15:45:30.507 [Thread Group 1-673] INFO  o.apache.jmeter.threads.JMeterThread - Thread is done: Thread Group 1-673
15:45:30.507 [Thread Group 1-673] INFO  o.apache.jmeter.threads.JMeterThread - Thread finished: Thread Group 1-673
15:45:30.507 [Thread Group 1-252] INFO  o.apache.jmeter.threads.JMeterThread - Thread is done: Thread Group 1-252
15:45:30.508 [Thread Group 1-252] INFO  o.apache.jmeter.threads.JMeterThread - Thread finished: Thread Group 1-252
15:45:30.508 [Thread Group 1-62] INFO  o.apache.jmeter.threads.JMeterThread - Thread is done: Thread Group 1-62
15:45:30.508 [Thread Group 1-62] INFO  o.apache.jmeter.threads.JMeterThread - Thread finished: Thread Group 1-62
15:45:30.508 [Thread Group 1-349] INFO  o.apache.jmeter.threads.JMeterThread - Thread is done: Thread Group 1-349
15:45:30.508 [Thread Group 1-456] INFO  o.apache.jmeter.threads.JMeterThread - Thread is done: Thread Group 1-456
15:45:30.508 [Thread Group 1-349] INFO  o.apache.jmeter.threads.JMeterThread - Thread finished: Thread Group 1-349
15:45:30.508 [Thread Group 1-456] INFO  o.apache.jmeter.threads.JMeterThread - Thread finished: Thread Group 1-456
15:45:30.508 [Thread Group 1-113] INFO  o.apache.jmeter.threads.JMeterThread - Thread is done: Thread Group 1-113
15:45:30.508 [Thread Group 1-530] INFO  o.apache.jmeter.threads.JMeterThread - Thread is done: Thread Group 1-530
15:45:30.508 [Thread Group 1-113] INFO  o.apache.jmeter.threads.JMeterThread - Thread finished: Thread Group 1-113
15:45:30.508 [Thread Group 1-530] INFO  o.apache.jmeter.threads.JMeterThread - Thread finished: Thread Group 1-530
15:45:30.508 [Thread Group 1-373] INFO  o.apache.jmeter.threads.JMeterThread - Thread is done: Thread Group 1-373
15:45:30.508 [Thread Group 1-373] INFO  o.apache.jmeter.threads.JMeterThread - Thread finished: Thread Group 1-373
15:45:30.508 [Thread Group 1-167] INFO  o.apache.jmeter.threads.JMeterThread - Thread is done: Thread Group 1-167
15:45:30.508 [Thread Group 1-167] INFO  o.apache.jmeter.threads.JMeterThread - Thread finished: Thread Group 1-167
15:45:30.508 [Thread Group 1-534] INFO  o.apache.jmeter.threads.JMeterThread - Thread is done: Thread Group 1-534
15:45:30.508 [Thread Group 1-584] INFO  o.apache.jmeter.threads.JMeterThread - Thread is done: Thread Group 1-584
15:45:30.508 [Thread Group 1-534] INFO  o.apache.jmeter.threads.JMeterThread - Thread finished: Thread Group 1-534
15:45:30.508 [Thread Group 1-584] INFO  o.apache.jmeter.threads.JMeterThread - Thread finished: Thread Group 1-584
15:45:30.508 [Thread Group 1-46] INFO  o.apache.jmeter.threads.JMeterThread - Thread is done: Thread Group 1-46
15:45:30.508 [Thread Group 1-727] INFO  o.apache.jmeter.threads.JMeterThread - Thread is done: Thread Group 1-727
15:45:30.508 [Thread Group 1-46] INFO  o.apache.jmeter.threads.JMeterThread - Thread finished: Thread Group 1-46
15:45:30.508 [Thread Group 1-727] INFO  o.apache.jmeter.threads.JMeterThread - Thread finished: Thread Group 1-727
15:45:30.524 [Thread Group 1-443] INFO  o.apache.jmeter.threads.JMeterThread - Thread is done: Thread Group 1-443
15:45:30.524 [Thread Group 1-443] INFO  o.apache.jmeter.threads.JMeterThread - Thread finished: Thread Group 1-443
15:45:30.524 [Thread Group 1-414] INFO  o.apache.jmeter.threads.JMeterThread - Thread is done: Thread Group 1-414
15:45:30.524 [Thread Group 1-414] INFO  o.apache.jmeter.threads.JMeterThread - Thread finished: Thread Group 1-414
15:45:30.524 [Thread Group 1-728] INFO  o.apache.jmeter.threads.JMeterThread - Thread is done: Thread Group 1-728
15:45:30.524 [Thread Group 1-389] INFO  o.apache.jmeter.threads.JMeterThread - Thread is done: Thread Group 1-389
15:45:30.524 [Thread Group 1-728] INFO  o.apache.jmeter.threads.JMeterThread - Thread finished: Thread Group 1-728
15:45:30.524 [Thread Group 1-389] INFO  o.apache.jmeter.threads.JMeterThread - Thread finished: Thread Group 1-389
15:45:30.542 [Thread Group 1-169] INFO  o.apache.jmeter.threads.JMeterThread - Thread is done: Thread Group 1-169
15:45:30.542 [Thread Group 1-380] INFO  o.apache.jmeter.threads.JMeterThread - Thread is done: Thread Group 1-380
15:45:30.542 [Thread Group 1-169] INFO  o.apache.jmeter.threads.JMeterThread - Thread finished: Thread Group 1-169
15:45:30.542 [Thread Group 1-380] INFO  o.apache.jmeter.threads.JMeterThread - Thread finished: Thread Group 1-380
15:45:30.542 [Thread Group 1-20] INFO  o.apache.jmeter.threads.JMeterThread - Thread is done: Thread Group 1-20
15:45:30.542 [Thread Group 1-20] INFO  o.apache.jmeter.threads.JMeterThread - Thread finished: Thread Group 1-20
15:45:30.542 [Thread Group 1-179] INFO  o.apache.jmeter.threads.JMeterThread - Thread is done: Thread Group 1-179
15:45:30.542 [Thread Group 1-179] INFO  o.apache.jmeter.threads.JMeterThread - Thread finished: Thread Group 1-179
15:45:30.544 [Thread Group 1-686] INFO  o.apache.jmeter.threads.JMeterThread - Thread is done: Thread Group 1-686
15:45:30.544 [Thread Group 1-686] INFO  o.apache.jmeter.threads.JMeterThread - Thread finished: Thread Group 1-686
15:45:30.544 [Thread Group 1-687] INFO  o.apache.jmeter.threads.JMeterThread - Thread is done: Thread Group 1-687
15:45:30.544 [Thread Group 1-687] INFO  o.apache.jmeter.threads.JMeterThread - Thread finished: Thread Group 1-687
15:45:30.544 [Thread Group 1-672] INFO  o.apache.jmeter.threads.JMeterThread - Thread is done: Thread Group 1-672
15:45:30.544 [Thread Group 1-672] INFO  o.apache.jmeter.threads.JMeterThread - Thread finished: Thread Group 1-672
15:45:30.544 [Thread Group 1-504] INFO  o.apache.jmeter.threads.JMeterThread - Thread is done: Thread Group 1-504
15:45:30.544 [Thread Group 1-504] INFO  o.apache.jmeter.threads.JMeterThread - Thread finished: Thread Group 1-504
15:45:30.544 [Thread Group 1-560] INFO  o.apache.jmeter.threads.JMeterThread - Thread is done: Thread Group 1-560
15:45:30.544 [Thread Group 1-560] INFO  o.apache.jmeter.threads.JMeterThread - Thread finished: Thread Group 1-560
15:45:30.544 [Thread Group 1-541] INFO  o.apache.jmeter.threads.JMeterThread - Thread is done: Thread Group 1-541
15:45:30.544 [Thread Group 1-541] INFO  o.apache.jmeter.threads.JMeterThread - Thread finished: Thread Group 1-541
15:45:30.561 [Thread Group 1-117] INFO  o.apache.jmeter.threads.JMeterThread - Thread is done: Thread Group 1-117
15:45:30.561 [Thread Group 1-117] INFO  o.apache.jmeter.threads.JMeterThread - Thread finished: Thread Group 1-117
15:45:30.561 [Thread Group 1-732] INFO  o.apache.jmeter.threads.JMeterThread - Thread is done: Thread Group 1-732
15:45:30.561 [Thread Group 1-732] INFO  o.apache.jmeter.threads.JMeterThread - Thread finished: Thread Group 1-732
15:45:30.561 [Thread Group 1-444] INFO  o.apache.jmeter.threads.JMeterThread - Thread is done: Thread Group 1-444
15:45:30.561 [Thread Group 1-444] INFO  o.apache.jmeter.threads.JMeterThread - Thread finished: Thread Group 1-444
15:45:30.561 [Thread Group 1-114] INFO  o.apache.jmeter.threads.JMeterThread - Thread is done: Thread Group 1-114
15:45:30.561 [Thread Group 1-114] INFO  o.apache.jmeter.threads.JMeterThread - Thread finished: Thread Group 1-114
15:45:30.561 [Thread Group 1-544] INFO  o.apache.jmeter.threads.JMeterThread - Thread is done: Thread Group 1-544
15:45:30.561 [Thread Group 1-544] INFO  o.apache.jmeter.threads.JMeterThread - Thread finished: Thread Group 1-544
15:45:30.561 [Thread Group 1-49] INFO  o.apache.jmeter.threads.JMeterThread - Thread is done: Thread Group 1-49
15:45:30.561 [Thread Group 1-694] INFO  o.apache.jmeter.threads.JMeterThread - Thread is done: Thread Group 1-694
15:45:30.561 [Thread Group 1-49] INFO  o.apache.jmeter.threads.JMeterThread - Thread finished: Thread Group 1-49
15:45:30.561 [Thread Group 1-694] INFO  o.apache.jmeter.threads.JMeterThread - Thread finished: Thread Group 1-694
15:45:30.561 [Thread Group 1-96] INFO  o.apache.jmeter.threads.JMeterThread - Thread is done: Thread Group 1-96
15:45:30.561 [Thread Group 1-96] INFO  o.apache.jmeter.threads.JMeterThread - Thread finished: Thread Group 1-96
15:45:30.561 [Thread Group 1-336] INFO  o.apache.jmeter.threads.JMeterThread - Thread is done: Thread Group 1-336
15:45:30.561 [Thread Group 1-336] INFO  o.apache.jmeter.threads.JMeterThread - Thread finished: Thread Group 1-336
15:45:30.578 [Thread Group 1-175] INFO  o.apache.jmeter.threads.JMeterThread - Thread is done: Thread Group 1-175
15:45:30.578 [Thread Group 1-302] INFO  o.apache.jmeter.threads.JMeterThread - Thread is done: Thread Group 1-302
15:45:30.578 [Thread Group 1-175] INFO  o.apache.jmeter.threads.JMeterThread - Thread finished: Thread Group 1-175
15:45:30.578 [Thread Group 1-302] INFO  o.apache.jmeter.threads.JMeterThread - Thread finished: Thread Group 1-302
15:45:30.578 [Thread Group 1-559] INFO  o.apache.jmeter.threads.JMeterThread - Thread is done: Thread Group 1-559
15:45:30.578 [Thread Group 1-559] INFO  o.apache.jmeter.threads.JMeterThread - Thread finished: Thread Group 1-559
15:45:30.578 [Thread Group 1-290] INFO  o.apache.jmeter.threads.JMeterThread - Thread is done: Thread Group 1-290
15:45:30.578 [Thread Group 1-290] INFO  o.apache.jmeter.threads.JMeterThread - Thread finished: Thread Group 1-290
15:45:30.578 [Thread Group 1-795] INFO  o.apache.jmeter.threads.JMeterThread - Thread is done: Thread Group 1-795
15:45:30.578 [Thread Group 1-795] INFO  o.apache.jmeter.threads.JMeterThread - Thread finished: Thread Group 1-795
15:45:30.622 [Thread Group 1-357] INFO  o.apache.jmeter.threads.JMeterThread - Thread is done: Thread Group 1-357
15:45:30.622 [Thread Group 1-357] INFO  o.apache.jmeter.threads.JMeterThread - Thread finished: Thread Group 1-357
15:45:30.629 [Thread Group 1-426] INFO  o.apache.jmeter.threads.JMeterThread - Thread is done: Thread Group 1-426
15:45:30.629 [Thread Group 1-144] INFO  o.apache.jmeter.threads.JMeterThread - Thread is done: Thread Group 1-144
15:45:30.629 [Thread Group 1-426] INFO  o.apache.jmeter.threads.JMeterThread - Thread finished: Thread Group 1-426
15:45:30.629 [Thread Group 1-144] INFO  o.apache.jmeter.threads.JMeterThread - Thread finished: Thread Group 1-144
15:45:30.640 [Thread Group 1-730] INFO  o.apache.jmeter.threads.JMeterThread - Thread is done: Thread Group 1-730
15:45:30.640 [Thread Group 1-730] INFO  o.apache.jmeter.threads.JMeterThread - Thread finished: Thread Group 1-730
15:45:30.640 [Thread Group 1-691] INFO  o.apache.jmeter.threads.JMeterThread - Thread is done: Thread Group 1-691
15:45:30.640 [Thread Group 1-691] INFO  o.apache.jmeter.threads.JMeterThread - Thread finished: Thread Group 1-691
15:45:30.659 [Thread Group 1-50] INFO  o.apache.jmeter.threads.JMeterThread - Thread is done: Thread Group 1-50
15:45:30.659 [Thread Group 1-50] INFO  o.apache.jmeter.threads.JMeterThread - Thread finished: Thread Group 1-50
15:45:30.665 [Thread Group 1-172] INFO  o.apache.jmeter.threads.JMeterThread - Thread is done: Thread Group 1-172
15:45:30.665 [Thread Group 1-172] INFO  o.apache.jmeter.threads.JMeterThread - Thread finished: Thread Group 1-172
15:45:30.668 [Thread Group 1-708] INFO  o.apache.jmeter.threads.JMeterThread - Thread is done: Thread Group 1-708
15:45:30.668 [Thread Group 1-286] INFO  o.apache.jmeter.threads.JMeterThread - Thread is done: Thread Group 1-286
15:45:30.668 [Thread Group 1-708] INFO  o.apache.jmeter.threads.JMeterThread - Thread finished: Thread Group 1-708
15:45:30.668 [Thread Group 1-286] INFO  o.apache.jmeter.threads.JMeterThread - Thread finished: Thread Group 1-286
15:45:30.668 [Thread Group 1-715] INFO  o.apache.jmeter.threads.JMeterThread - Thread is done: Thread Group 1-715
15:45:30.668 [Thread Group 1-715] INFO  o.apache.jmeter.threads.JMeterThread - Thread finished: Thread Group 1-715
15:45:30.672 [Thread Group 1-97] INFO  o.apache.jmeter.threads.JMeterThread - Thread is done: Thread Group 1-97
15:45:30.672 [Thread Group 1-97] INFO  o.apache.jmeter.threads.JMeterThread - Thread finished: Thread Group 1-97
15:45:30.691 [Thread Group 1-282] INFO  o.apache.jmeter.threads.JMeterThread - Thread is done: Thread Group 1-282
15:45:30.691 [Thread Group 1-282] INFO  o.apache.jmeter.threads.JMeterThread - Thread finished: Thread Group 1-282
15:45:30.691 [Thread Group 1-688] INFO  o.apache.jmeter.threads.JMeterThread - Thread is done: Thread Group 1-688
15:45:30.691 [Thread Group 1-688] INFO  o.apache.jmeter.threads.JMeterThread - Thread finished: Thread Group 1-688
15:45:30.691 [Thread Group 1-122] INFO  o.apache.jmeter.threads.JMeterThread - Thread is done: Thread Group 1-122
15:45:30.691 [Thread Group 1-122] INFO  o.apache.jmeter.threads.JMeterThread - Thread finished: Thread Group 1-122
15:45:30.691 [Thread Group 1-230] INFO  o.apache.jmeter.threads.JMeterThread - Thread is done: Thread Group 1-230
15:45:30.691 [Thread Group 1-230] INFO  o.apache.jmeter.threads.JMeterThread - Thread finished: Thread Group 1-230
15:45:30.691 [Thread Group 1-481] INFO  o.apache.jmeter.threads.JMeterThread - Thread is done: Thread Group 1-481
15:45:30.691 [Thread Group 1-481] INFO  o.apache.jmeter.threads.JMeterThread - Thread finished: Thread Group 1-481
15:45:30.691 [Thread Group 1-628] INFO  o.apache.jmeter.threads.JMeterThread - Thread is done: Thread Group 1-628
15:45:30.691 [Thread Group 1-628] INFO  o.apache.jmeter.threads.JMeterThread - Thread finished: Thread Group 1-628
15:45:30.691 [Thread Group 1-548] INFO  o.apache.jmeter.threads.JMeterThread - Thread is done: Thread Group 1-548
15:45:30.691 [Thread Group 1-548] INFO  o.apache.jmeter.threads.JMeterThread - Thread finished: Thread Group 1-548
15:45:30.691 [Thread Group 1-89] INFO  o.apache.jmeter.threads.JMeterThread - Thread is done: Thread Group 1-89
15:45:30.691 [Thread Group 1-89] INFO  o.apache.jmeter.threads.JMeterThread - Thread finished: Thread Group 1-89
15:45:30.691 [Thread Group 1-75] INFO  o.apache.jmeter.threads.JMeterThread - Thread is done: Thread Group 1-75
15:45:30.691 [Thread Group 1-75] INFO  o.apache.jmeter.threads.JMeterThread - Thread finished: Thread Group 1-75
15:45:30.691 [Thread Group 1-325] INFO  o.apache.jmeter.threads.JMeterThread - Thread is done: Thread Group 1-325
15:45:30.691 [Thread Group 1-325] INFO  o.apache.jmeter.threads.JMeterThread - Thread finished: Thread Group 1-325
15:45:30.691 [Thread Group 1-362] INFO  o.apache.jmeter.threads.JMeterThread - Thread is done: Thread Group 1-362
15:45:30.691 [Thread Group 1-362] INFO  o.apache.jmeter.threads.JMeterThread - Thread finished: Thread Group 1-362
15:45:30.691 [Thread Group 1-631] INFO  o.apache.jmeter.threads.JMeterThread - Thread is done: Thread Group 1-631
15:45:30.691 [Thread Group 1-631] INFO  o.apache.jmeter.threads.JMeterThread - Thread finished: Thread Group 1-631
15:45:30.691 [Thread Group 1-475] INFO  o.apache.jmeter.threads.JMeterThread - Thread is done: Thread Group 1-475
15:45:30.704 [Thread Group 1-475] INFO  o.apache.jmeter.threads.JMeterThread - Thread finished: Thread Group 1-475
15:45:30.708 [Thread Group 1-334] INFO  o.apache.jmeter.threads.JMeterThread - Thread is done: Thread Group 1-334
15:45:30.708 [Thread Group 1-334] INFO  o.apache.jmeter.threads.JMeterThread - Thread finished: Thread Group 1-334
15:45:30.720 [Thread Group 1-693] INFO  o.apache.jmeter.threads.JMeterThread - Thread is done: Thread Group 1-693
15:45:30.720 [Thread Group 1-405] INFO  o.apache.jmeter.threads.JMeterThread - Thread is done: Thread Group 1-405
15:45:30.720 [Thread Group 1-693] INFO  o.apache.jmeter.threads.JMeterThread - Thread finished: Thread Group 1-693
15:45:30.720 [Thread Group 1-405] INFO  o.apache.jmeter.threads.JMeterThread - Thread finished: Thread Group 1-405
15:45:30.723 [Thread Group 1-613] INFO  o.apache.jmeter.threads.JMeterThread - Thread is done: Thread Group 1-613
15:45:30.723 [Thread Group 1-613] INFO  o.apache.jmeter.threads.JMeterThread - Thread finished: Thread Group 1-613
15:45:30.723 [Thread Group 1-539] INFO  o.apache.jmeter.threads.JMeterThread - Thread is done: Thread Group 1-539
15:45:30.723 [Thread Group 1-539] INFO  o.apache.jmeter.threads.JMeterThread - Thread finished: Thread Group 1-539
15:45:30.723 [Thread Group 1-164] INFO  o.apache.jmeter.threads.JMeterThread - Thread is done: Thread Group 1-164
15:45:30.723 [Thread Group 1-164] INFO  o.apache.jmeter.threads.JMeterThread - Thread finished: Thread Group 1-164
15:45:30.727 [Thread Group 1-212] INFO  o.apache.jmeter.threads.JMeterThread - Thread is done: Thread Group 1-212
15:45:30.727 [Thread Group 1-212] INFO  o.apache.jmeter.threads.JMeterThread - Thread finished: Thread Group 1-212
15:45:30.743 [Thread Group 1-165] INFO  o.apache.jmeter.threads.JMeterThread - Thread is done: Thread Group 1-165
15:45:30.743 [Thread Group 1-165] INFO  o.apache.jmeter.threads.JMeterThread - Thread finished: Thread Group 1-165
15:45:30.748 [Thread Group 1-710] INFO  o.apache.jmeter.threads.JMeterThread - Thread is done: Thread Group 1-710
15:45:30.748 [Thread Group 1-710] INFO  o.apache.jmeter.threads.JMeterThread - Thread finished: Thread Group 1-710
15:45:30.749 [Thread Group 1-213] INFO  o.apache.jmeter.threads.JMeterThread - Thread is done: Thread Group 1-213
15:45:30.749 [Thread Group 1-213] INFO  o.apache.jmeter.threads.JMeterThread - Thread finished: Thread Group 1-213
15:45:30.751 [Thread Group 1-502] INFO  o.apache.jmeter.threads.JMeterThread - Thread is done: Thread Group 1-502
15:45:30.751 [Thread Group 1-161] INFO  o.apache.jmeter.threads.JMeterThread - Thread is done: Thread Group 1-161
15:45:30.751 [Thread Group 1-502] INFO  o.apache.jmeter.threads.JMeterThread - Thread finished: Thread Group 1-502
15:45:30.751 [Thread Group 1-161] INFO  o.apache.jmeter.threads.JMeterThread - Thread finished: Thread Group 1-161
15:45:30.751 [Thread Group 1-147] INFO  o.apache.jmeter.threads.JMeterThread - Thread is done: Thread Group 1-147
15:45:30.751 [Thread Group 1-147] INFO  o.apache.jmeter.threads.JMeterThread - Thread finished: Thread Group 1-147
15:45:30.757 [Thread Group 1-287] INFO  o.apache.jmeter.threads.JMeterThread - Thread is done: Thread Group 1-287
15:45:30.757 [Thread Group 1-287] INFO  o.apache.jmeter.threads.JMeterThread - Thread finished: Thread Group 1-287
15:45:30.761 [Thread Group 1-652] INFO  o.apache.jmeter.threads.JMeterThread - Thread is done: Thread Group 1-652
15:45:30.761 [Thread Group 1-652] INFO  o.apache.jmeter.threads.JMeterThread - Thread finished: Thread Group 1-652
15:45:30.763 [Thread Group 1-743] INFO  o.apache.jmeter.threads.JMeterThread - Thread is done: Thread Group 1-743
15:45:30.763 [Thread Group 1-743] INFO  o.apache.jmeter.threads.JMeterThread - Thread finished: Thread Group 1-743
15:45:30.764 [Thread Group 1-729] INFO  o.apache.jmeter.threads.JMeterThread - Thread is done: Thread Group 1-729
15:45:30.764 [Thread Group 1-729] INFO  o.apache.jmeter.threads.JMeterThread - Thread finished: Thread Group 1-729
15:45:30.764 [Thread Group 1-58] INFO  o.apache.jmeter.threads.JMeterThread - Thread is done: Thread Group 1-58
15:45:30.764 [Thread Group 1-58] INFO  o.apache.jmeter.threads.JMeterThread - Thread finished: Thread Group 1-58
15:45:30.764 [Thread Group 1-33] INFO  o.apache.jmeter.threads.JMeterThread - Thread is done: Thread Group 1-33
15:45:30.764 [Thread Group 1-33] INFO  o.apache.jmeter.threads.JMeterThread - Thread finished: Thread Group 1-33
15:45:30.766 [Thread Group 1-312] INFO  o.apache.jmeter.threads.JMeterThread - Thread is done: Thread Group 1-312
15:45:30.766 [Thread Group 1-312] INFO  o.apache.jmeter.threads.JMeterThread - Thread finished: Thread Group 1-312
15:45:30.767 [Thread Group 1-9] INFO  o.apache.jmeter.threads.JMeterThread - Thread is done: Thread Group 1-9
15:45:30.767 [Thread Group 1-9] INFO  o.apache.jmeter.threads.JMeterThread - Thread finished: Thread Group 1-9
15:45:30.779 [Thread Group 1-255] INFO  o.apache.jmeter.threads.JMeterThread - Thread is done: Thread Group 1-255
15:45:30.779 [Thread Group 1-45] INFO  o.apache.jmeter.threads.JMeterThread - Thread is done: Thread Group 1-45
15:45:30.779 [Thread Group 1-255] INFO  o.apache.jmeter.threads.JMeterThread - Thread finished: Thread Group 1-255
15:45:30.779 [Thread Group 1-45] INFO  o.apache.jmeter.threads.JMeterThread - Thread finished: Thread Group 1-45
15:45:30.780 [Thread Group 1-125] INFO  o.apache.jmeter.threads.JMeterThread - Thread is done: Thread Group 1-125
15:45:30.780 [Thread Group 1-198] INFO  o.apache.jmeter.threads.JMeterThread - Thread is done: Thread Group 1-198
15:45:30.780 [Thread Group 1-125] INFO  o.apache.jmeter.threads.JMeterThread - Thread finished: Thread Group 1-125
15:45:30.780 [Thread Group 1-198] INFO  o.apache.jmeter.threads.JMeterThread - Thread finished: Thread Group 1-198
15:45:30.781 [Thread Group 1-348] INFO  o.apache.jmeter.threads.JMeterThread - Thread is done: Thread Group 1-348
15:45:30.781 [Thread Group 1-348] INFO  o.apache.jmeter.threads.JMeterThread - Thread finished: Thread Group 1-348
15:45:30.801 [Thread Group 1-214] INFO  o.apache.jmeter.threads.JMeterThread - Thread is done: Thread Group 1-214
15:45:30.801 [Thread Group 1-214] INFO  o.apache.jmeter.threads.JMeterThread - Thread finished: Thread Group 1-214
15:45:30.801 [Thread Group 1-251] INFO  o.apache.jmeter.threads.JMeterThread - Thread is done: Thread Group 1-251
15:45:30.801 [Thread Group 1-251] INFO  o.apache.jmeter.threads.JMeterThread - Thread finished: Thread Group 1-251
15:45:30.802 [Thread Group 1-675] INFO  o.apache.jmeter.threads.JMeterThread - Thread is done: Thread Group 1-675
15:45:30.802 [Thread Group 1-675] INFO  o.apache.jmeter.threads.JMeterThread - Thread finished: Thread Group 1-675
15:45:30.802 [Thread Group 1-640] INFO  o.apache.jmeter.threads.JMeterThread - Thread is done: Thread Group 1-640
15:45:30.802 [Thread Group 1-640] INFO  o.apache.jmeter.threads.JMeterThread - Thread finished: Thread Group 1-640
15:45:30.808 [Thread Group 1-192] INFO  o.apache.jmeter.threads.JMeterThread - Thread is done: Thread Group 1-192
15:45:30.808 [Thread Group 1-192] INFO  o.apache.jmeter.threads.JMeterThread - Thread finished: Thread Group 1-192
15:45:30.812 [Thread Group 1-298] INFO  o.apache.jmeter.threads.JMeterThread - Thread is done: Thread Group 1-298
15:45:30.812 [Thread Group 1-298] INFO  o.apache.jmeter.threads.JMeterThread - Thread finished: Thread Group 1-298
15:45:30.813 [Thread Group 1-489] INFO  o.apache.jmeter.threads.JMeterThread - Thread is done: Thread Group 1-489
15:45:30.813 [Thread Group 1-489] INFO  o.apache.jmeter.threads.JMeterThread - Thread finished: Thread Group 1-489
15:45:30.816 [Thread Group 1-371] INFO  o.apache.jmeter.threads.JMeterThread - Thread is done: Thread Group 1-371
15:45:30.816 [Thread Group 1-486] INFO  o.apache.jmeter.threads.JMeterThread - Thread is done: Thread Group 1-486
15:45:30.816 [Thread Group 1-371] INFO  o.apache.jmeter.threads.JMeterThread - Thread finished: Thread Group 1-371
15:45:30.816 [Thread Group 1-486] INFO  o.apache.jmeter.threads.JMeterThread - Thread finished: Thread Group 1-486
15:45:30.832 [Thread Group 1-491] INFO  o.apache.jmeter.threads.JMeterThread - Thread is done: Thread Group 1-491
15:45:30.833 [Thread Group 1-491] INFO  o.apache.jmeter.threads.JMeterThread - Thread finished: Thread Group 1-491
15:45:30.833 [Thread Group 1-549] INFO  o.apache.jmeter.threads.JMeterThread - Thread is done: Thread Group 1-549
15:45:30.833 [Thread Group 1-549] INFO  o.apache.jmeter.threads.JMeterThread - Thread finished: Thread Group 1-549
15:45:30.833 [Thread Group 1-321] INFO  o.apache.jmeter.threads.JMeterThread - Thread is done: Thread Group 1-321
15:45:30.833 [Thread Group 1-321] INFO  o.apache.jmeter.threads.JMeterThread - Thread finished: Thread Group 1-321
15:45:30.834 [Thread Group 1-136] INFO  o.apache.jmeter.threads.JMeterThread - Thread is done: Thread Group 1-136
15:45:30.834 [Thread Group 1-136] INFO  o.apache.jmeter.threads.JMeterThread - Thread finished: Thread Group 1-136
15:45:30.836 [Thread Group 1-689] INFO  o.apache.jmeter.threads.JMeterThread - Thread is done: Thread Group 1-689
15:45:30.836 [Thread Group 1-689] INFO  o.apache.jmeter.threads.JMeterThread - Thread finished: Thread Group 1-689
15:45:30.841 [Thread Group 1-420] INFO  o.apache.jmeter.threads.JMeterThread - Thread is done: Thread Group 1-420
15:45:30.841 [Thread Group 1-285] INFO  o.apache.jmeter.threads.JMeterThread - Thread is done: Thread Group 1-285
15:45:30.841 [Thread Group 1-420] INFO  o.apache.jmeter.threads.JMeterThread - Thread finished: Thread Group 1-420
15:45:30.841 [Thread Group 1-285] INFO  o.apache.jmeter.threads.JMeterThread - Thread finished: Thread Group 1-285
15:45:30.854 [Thread Group 1-94] INFO  o.apache.jmeter.threads.JMeterThread - Thread is done: Thread Group 1-94
15:45:30.854 [Thread Group 1-94] INFO  o.apache.jmeter.threads.JMeterThread - Thread finished: Thread Group 1-94
15:45:30.854 [Thread Group 1-301] INFO  o.apache.jmeter.threads.JMeterThread - Thread is done: Thread Group 1-301
15:45:30.854 [Thread Group 1-301] INFO  o.apache.jmeter.threads.JMeterThread - Thread finished: Thread Group 1-301
15:45:30.862 [Thread Group 1-249] INFO  o.apache.jmeter.threads.JMeterThread - Thread is done: Thread Group 1-249
15:45:30.862 [Thread Group 1-249] INFO  o.apache.jmeter.threads.JMeterThread - Thread finished: Thread Group 1-249
15:45:30.862 [Thread Group 1-231] INFO  o.apache.jmeter.threads.JMeterThread - Thread is done: Thread Group 1-231
15:45:30.863 [Thread Group 1-231] INFO  o.apache.jmeter.threads.JMeterThread - Thread finished: Thread Group 1-231
15:45:30.864 [Thread Group 1-378] INFO  o.apache.jmeter.threads.JMeterThread - Thread is done: Thread Group 1-378
15:45:30.864 [Thread Group 1-378] INFO  o.apache.jmeter.threads.JMeterThread - Thread finished: Thread Group 1-378
15:45:30.868 [Thread Group 1-557] INFO  o.apache.jmeter.threads.JMeterThread - Thread is done: Thread Group 1-557
15:45:30.868 [Thread Group 1-557] INFO  o.apache.jmeter.threads.JMeterThread - Thread finished: Thread Group 1-557
15:45:30.868 [Thread Group 1-487] INFO  o.apache.jmeter.threads.JMeterThread - Thread is done: Thread Group 1-487
15:45:30.868 [Thread Group 1-487] INFO  o.apache.jmeter.threads.JMeterThread - Thread finished: Thread Group 1-487
15:45:30.871 [Thread Group 1-162] INFO  o.apache.jmeter.threads.JMeterThread - Thread is done: Thread Group 1-162
15:45:30.871 [Thread Group 1-162] INFO  o.apache.jmeter.threads.JMeterThread - Thread finished: Thread Group 1-162
15:45:30.882 [Thread Group 1-462] INFO  o.apache.jmeter.threads.JMeterThread - Thread is done: Thread Group 1-462
15:45:30.882 [Thread Group 1-178] INFO  o.apache.jmeter.threads.JMeterThread - Thread is done: Thread Group 1-178
15:45:30.882 [Thread Group 1-462] INFO  o.apache.jmeter.threads.JMeterThread - Thread finished: Thread Group 1-462
15:45:30.882 [Thread Group 1-178] INFO  o.apache.jmeter.threads.JMeterThread - Thread finished: Thread Group 1-178
15:45:30.884 [Thread Group 1-347] INFO  o.apache.jmeter.threads.JMeterThread - Thread is done: Thread Group 1-347
15:45:30.884 [Thread Group 1-347] INFO  o.apache.jmeter.threads.JMeterThread - Thread finished: Thread Group 1-347
15:45:30.884 [Thread Group 1-354] INFO  o.apache.jmeter.threads.JMeterThread - Thread is done: Thread Group 1-354
15:45:30.884 [Thread Group 1-354] INFO  o.apache.jmeter.threads.JMeterThread - Thread finished: Thread Group 1-354
15:45:30.884 [Thread Group 1-112] INFO  o.apache.jmeter.threads.JMeterThread - Thread is done: Thread Group 1-112
15:45:30.884 [Thread Group 1-112] INFO  o.apache.jmeter.threads.JMeterThread - Thread finished: Thread Group 1-112
15:45:30.888 [Thread Group 1-480] INFO  o.apache.jmeter.threads.JMeterThread - Thread is done: Thread Group 1-480
15:45:30.888 [Thread Group 1-480] INFO  o.apache.jmeter.threads.JMeterThread - Thread finished: Thread Group 1-480
15:45:30.890 [Thread Group 1-153] INFO  o.apache.jmeter.threads.JMeterThread - Thread is done: Thread Group 1-153
15:45:30.890 [Thread Group 1-153] INFO  o.apache.jmeter.threads.JMeterThread - Thread finished: Thread Group 1-153
15:45:30.891 [Thread Group 1-384] INFO  o.apache.jmeter.threads.JMeterThread - Thread is done: Thread Group 1-384
15:45:30.892 [Thread Group 1-384] INFO  o.apache.jmeter.threads.JMeterThread - Thread finished: Thread Group 1-384
15:45:30.894 [Thread Group 1-40] INFO  o.apache.jmeter.threads.JMeterThread - Thread is done: Thread Group 1-40
15:45:30.894 [Thread Group 1-40] INFO  o.apache.jmeter.threads.JMeterThread - Thread finished: Thread Group 1-40
15:45:30.894 [Thread Group 1-123] INFO  o.apache.jmeter.threads.JMeterThread - Thread is done: Thread Group 1-123
15:45:30.894 [Thread Group 1-123] INFO  o.apache.jmeter.threads.JMeterThread - Thread finished: Thread Group 1-123
15:45:30.894 [Thread Group 1-723] INFO  o.apache.jmeter.threads.JMeterThread - Thread is done: Thread Group 1-723
15:45:30.894 [Thread Group 1-723] INFO  o.apache.jmeter.threads.JMeterThread - Thread finished: Thread Group 1-723
15:45:30.902 [Thread Group 1-152] INFO  o.apache.jmeter.threads.JMeterThread - Thread is done: Thread Group 1-152
15:45:30.902 [Thread Group 1-152] INFO  o.apache.jmeter.threads.JMeterThread - Thread finished: Thread Group 1-152
15:45:30.902 [Thread Group 1-370] INFO  o.apache.jmeter.threads.JMeterThread - Thread is done: Thread Group 1-370
15:45:30.902 [Thread Group 1-370] INFO  o.apache.jmeter.threads.JMeterThread - Thread finished: Thread Group 1-370
15:45:30.903 [Thread Group 1-528] INFO  o.apache.jmeter.threads.JMeterThread - Thread is done: Thread Group 1-528
15:45:30.903 [Thread Group 1-528] INFO  o.apache.jmeter.threads.JMeterThread - Thread finished: Thread Group 1-528
15:45:30.904 [Thread Group 1-93] INFO  o.apache.jmeter.threads.JMeterThread - Thread is done: Thread Group 1-93
15:45:30.904 [Thread Group 1-93] INFO  o.apache.jmeter.threads.JMeterThread - Thread finished: Thread Group 1-93
15:45:30.907 [Thread Group 1-633] INFO  o.apache.jmeter.threads.JMeterThread - Thread is done: Thread Group 1-633
15:45:30.907 [Thread Group 1-633] INFO  o.apache.jmeter.threads.JMeterThread - Thread finished: Thread Group 1-633
15:45:30.909 [Thread Group 1-793] INFO  o.apache.jmeter.threads.JMeterThread - Thread is done: Thread Group 1-793
15:45:30.909 [Thread Group 1-793] INFO  o.apache.jmeter.threads.JMeterThread - Thread finished: Thread Group 1-793
15:45:30.909 [Thread Group 1-777] INFO  o.apache.jmeter.threads.JMeterThread - Thread is done: Thread Group 1-777
15:45:30.909 [Thread Group 1-777] INFO  o.apache.jmeter.threads.JMeterThread - Thread finished: Thread Group 1-777
15:45:30.915 [Thread Group 1-568] INFO  o.apache.jmeter.threads.JMeterThread - Thread is done: Thread Group 1-568
15:45:30.915 [Thread Group 1-568] INFO  o.apache.jmeter.threads.JMeterThread - Thread finished: Thread Group 1-568
15:45:30.915 [Thread Group 1-90] INFO  o.apache.jmeter.threads.JMeterThread - Thread is done: Thread Group 1-90
15:45:30.915 [Thread Group 1-90] INFO  o.apache.jmeter.threads.JMeterThread - Thread finished: Thread Group 1-90
15:45:30.924 [Thread Group 1-545] INFO  o.apache.jmeter.threads.JMeterThread - Thread is done: Thread Group 1-545
15:45:30.924 [Thread Group 1-142] INFO  o.apache.jmeter.threads.JMeterThread - Thread is done: Thread Group 1-142
15:45:30.924 [Thread Group 1-545] INFO  o.apache.jmeter.threads.JMeterThread - Thread finished: Thread Group 1-545
15:45:30.924 [Thread Group 1-142] INFO  o.apache.jmeter.threads.JMeterThread - Thread finished: Thread Group 1-142
15:45:30.924 [Thread Group 1-166] INFO  o.apache.jmeter.threads.JMeterThread - Thread is done: Thread Group 1-166
15:45:30.924 [Thread Group 1-166] INFO  o.apache.jmeter.threads.JMeterThread - Thread finished: Thread Group 1-166
15:45:30.924 [Thread Group 1-485] INFO  o.apache.jmeter.threads.JMeterThread - Thread is done: Thread Group 1-485
15:45:30.925 [Thread Group 1-485] INFO  o.apache.jmeter.threads.JMeterThread - Thread finished: Thread Group 1-485
15:45:30.965 [Thread Group 1-288] INFO  o.apache.jmeter.threads.JMeterThread - Thread is done: Thread Group 1-288
15:45:30.965 [Thread Group 1-288] INFO  o.apache.jmeter.threads.JMeterThread - Thread finished: Thread Group 1-288
15:45:30.973 [Thread Group 1-283] INFO  o.apache.jmeter.threads.JMeterThread - Thread is done: Thread Group 1-283
15:45:30.973 [Thread Group 1-283] INFO  o.apache.jmeter.threads.JMeterThread - Thread finished: Thread Group 1-283
15:45:30.985 [Thread Group 1-64] INFO  o.apache.jmeter.threads.JMeterThread - Thread is done: Thread Group 1-64
15:45:30.985 [Thread Group 1-64] INFO  o.apache.jmeter.threads.JMeterThread - Thread finished: Thread Group 1-64
15:45:31.017 [Thread Group 1-193] INFO  o.apache.jmeter.threads.JMeterThread - Thread is done: Thread Group 1-193
15:45:31.017 [Thread Group 1-193] INFO  o.apache.jmeter.threads.JMeterThread - Thread finished: Thread Group 1-193
15:45:31.017 [Thread Group 1-733] INFO  o.apache.jmeter.threads.JMeterThread - Thread is done: Thread Group 1-733
15:45:31.017 [Thread Group 1-733] INFO  o.apache.jmeter.threads.JMeterThread - Thread finished: Thread Group 1-733
15:45:31.023 [Thread Group 1-365] INFO  o.apache.jmeter.threads.JMeterThread - Thread is done: Thread Group 1-365
15:45:31.024 [Thread Group 1-365] INFO  o.apache.jmeter.threads.JMeterThread - Thread finished: Thread Group 1-365
15:45:31.044 [Thread Group 1-314] INFO  o.apache.jmeter.threads.JMeterThread - Thread is done: Thread Group 1-314
15:45:31.044 [Thread Group 1-314] INFO  o.apache.jmeter.threads.JMeterThread - Thread finished: Thread Group 1-314
15:45:31.044 [Thread Group 1-779] INFO  o.apache.jmeter.threads.JMeterThread - Thread is done: Thread Group 1-779
15:45:31.044 [Thread Group 1-779] INFO  o.apache.jmeter.threads.JMeterThread - Thread finished: Thread Group 1-779
15:45:31.077 [Thread Group 1-739] INFO  o.apache.jmeter.threads.JMeterThread - Thread is done: Thread Group 1-739
15:45:31.077 [Thread Group 1-550] INFO  o.apache.jmeter.threads.JMeterThread - Thread is done: Thread Group 1-550
15:45:31.077 [Thread Group 1-739] INFO  o.apache.jmeter.threads.JMeterThread - Thread finished: Thread Group 1-739
15:45:31.077 [Thread Group 1-550] INFO  o.apache.jmeter.threads.JMeterThread - Thread finished: Thread Group 1-550
15:45:31.077 [Thread Group 1-227] INFO  o.apache.jmeter.threads.JMeterThread - Thread is done: Thread Group 1-227
15:45:31.077 [Thread Group 1-227] INFO  o.apache.jmeter.threads.JMeterThread - Thread finished: Thread Group 1-227
15:45:31.087 [Thread Group 1-361] INFO  o.apache.jmeter.threads.JMeterThread - Thread is done: Thread Group 1-361
15:45:31.087 [Thread Group 1-361] INFO  o.apache.jmeter.threads.JMeterThread - Thread finished: Thread Group 1-361
15:45:31.087 [Thread Group 1-84] INFO  o.apache.jmeter.threads.JMeterThread - Thread is done: Thread Group 1-84
15:45:31.087 [Thread Group 1-84] INFO  o.apache.jmeter.threads.JMeterThread - Thread finished: Thread Group 1-84
15:45:31.087 [Thread Group 1-396] INFO  o.apache.jmeter.threads.JMeterThread - Thread is done: Thread Group 1-396
15:45:31.087 [Thread Group 1-396] INFO  o.apache.jmeter.threads.JMeterThread - Thread finished: Thread Group 1-396
15:45:31.087 [Thread Group 1-157] INFO  o.apache.jmeter.threads.JMeterThread - Thread is done: Thread Group 1-157
15:45:31.087 [Thread Group 1-157] INFO  o.apache.jmeter.threads.JMeterThread - Thread finished: Thread Group 1-157
15:45:31.095 [Thread Group 1-575] INFO  o.apache.jmeter.threads.JMeterThread - Thread is done: Thread Group 1-575
15:45:31.095 [Thread Group 1-490] INFO  o.apache.jmeter.threads.JMeterThread - Thread is done: Thread Group 1-490
15:45:31.095 [Thread Group 1-575] INFO  o.apache.jmeter.threads.JMeterThread - Thread finished: Thread Group 1-575
15:45:31.095 [Thread Group 1-490] INFO  o.apache.jmeter.threads.JMeterThread - Thread finished: Thread Group 1-490
15:45:31.097 [Thread Group 1-194] INFO  o.apache.jmeter.threads.JMeterThread - Thread is done: Thread Group 1-194
15:45:31.097 [Thread Group 1-194] INFO  o.apache.jmeter.threads.JMeterThread - Thread finished: Thread Group 1-194
15:45:31.097 [Thread Group 1-98] INFO  o.apache.jmeter.threads.JMeterThread - Thread is done: Thread Group 1-98
15:45:31.097 [Thread Group 1-98] INFO  o.apache.jmeter.threads.JMeterThread - Thread finished: Thread Group 1-98
15:45:31.117 [Thread Group 1-11] INFO  o.apache.jmeter.threads.JMeterThread - Thread is done: Thread Group 1-11
15:45:31.117 [Thread Group 1-11] INFO  o.apache.jmeter.threads.JMeterThread - Thread finished: Thread Group 1-11
15:45:31.117 [Thread Group 1-662] INFO  o.apache.jmeter.threads.JMeterThread - Thread is done: Thread Group 1-662
15:45:31.117 [Thread Group 1-662] INFO  o.apache.jmeter.threads.JMeterThread - Thread finished: Thread Group 1-662
15:45:31.117 [Thread Group 1-69] INFO  o.apache.jmeter.threads.JMeterThread - Thread is done: Thread Group 1-69
15:45:31.117 [Thread Group 1-69] INFO  o.apache.jmeter.threads.JMeterThread - Thread finished: Thread Group 1-69
15:45:31.117 [Thread Group 1-127] INFO  o.apache.jmeter.threads.JMeterThread - Thread is done: Thread Group 1-127
15:45:31.117 [Thread Group 1-127] INFO  o.apache.jmeter.threads.JMeterThread - Thread finished: Thread Group 1-127
15:45:31.128 [Thread Group 1-206] INFO  o.apache.jmeter.threads.JMeterThread - Thread is done: Thread Group 1-206
15:45:31.128 [Thread Group 1-522] INFO  o.apache.jmeter.threads.JMeterThread - Thread is done: Thread Group 1-522
15:45:31.128 [Thread Group 1-206] INFO  o.apache.jmeter.threads.JMeterThread - Thread finished: Thread Group 1-206
15:45:31.128 [Thread Group 1-522] INFO  o.apache.jmeter.threads.JMeterThread - Thread finished: Thread Group 1-522
15:45:31.128 [Thread Group 1-276] INFO  o.apache.jmeter.threads.JMeterThread - Thread is done: Thread Group 1-276
15:45:31.128 [Thread Group 1-567] INFO  o.apache.jmeter.threads.JMeterThread - Thread is done: Thread Group 1-567
15:45:31.128 [Thread Group 1-276] INFO  o.apache.jmeter.threads.JMeterThread - Thread finished: Thread Group 1-276
15:45:31.128 [Thread Group 1-567] INFO  o.apache.jmeter.threads.JMeterThread - Thread finished: Thread Group 1-567
15:45:31.128 [Thread Group 1-518] INFO  o.apache.jmeter.threads.JMeterThread - Thread is done: Thread Group 1-518
15:45:31.128 [Thread Group 1-518] INFO  o.apache.jmeter.threads.JMeterThread - Thread finished: Thread Group 1-518
15:45:31.128 [Thread Group 1-24] INFO  o.apache.jmeter.threads.JMeterThread - Thread is done: Thread Group 1-24
15:45:31.128 [Thread Group 1-24] INFO  o.apache.jmeter.threads.JMeterThread - Thread finished: Thread Group 1-24
15:45:31.128 [Thread Group 1-180] INFO  o.apache.jmeter.threads.JMeterThread - Thread is done: Thread Group 1-180
15:45:31.128 [Thread Group 1-180] INFO  o.apache.jmeter.threads.JMeterThread - Thread finished: Thread Group 1-180
15:45:31.128 [Thread Group 1-583] INFO  o.apache.jmeter.threads.JMeterThread - Thread is done: Thread Group 1-583
15:45:31.128 [Thread Group 1-583] INFO  o.apache.jmeter.threads.JMeterThread - Thread finished: Thread Group 1-583
15:45:31.128 [Thread Group 1-223] INFO  o.apache.jmeter.threads.JMeterThread - Thread is done: Thread Group 1-223
15:45:31.128 [Thread Group 1-223] INFO  o.apache.jmeter.threads.JMeterThread - Thread finished: Thread Group 1-223
15:45:31.128 [Thread Group 1-181] INFO  o.apache.jmeter.threads.JMeterThread - Thread is done: Thread Group 1-181
15:45:31.128 [Thread Group 1-181] INFO  o.apache.jmeter.threads.JMeterThread - Thread finished: Thread Group 1-181
15:45:31.128 [Thread Group 1-41] INFO  o.apache.jmeter.threads.JMeterThread - Thread is done: Thread Group 1-41
15:45:31.128 [Thread Group 1-74] INFO  o.apache.jmeter.threads.JMeterThread - Thread is done: Thread Group 1-74
15:45:31.128 [Thread Group 1-41] INFO  o.apache.jmeter.threads.JMeterThread - Thread finished: Thread Group 1-41
15:45:31.128 [Thread Group 1-74] INFO  o.apache.jmeter.threads.JMeterThread - Thread finished: Thread Group 1-74
15:45:31.128 [Thread Group 1-332] INFO  o.apache.jmeter.threads.JMeterThread - Thread is done: Thread Group 1-332
15:45:31.128 [Thread Group 1-332] INFO  o.apache.jmeter.threads.JMeterThread - Thread finished: Thread Group 1-332
15:45:31.128 [Thread Group 1-402] INFO  o.apache.jmeter.threads.JMeterThread - Thread is done: Thread Group 1-402
15:45:31.128 [Thread Group 1-542] INFO  o.apache.jmeter.threads.JMeterThread - Thread is done: Thread Group 1-542
15:45:31.128 [Thread Group 1-402] INFO  o.apache.jmeter.threads.JMeterThread - Thread finished: Thread Group 1-402
15:45:31.128 [Thread Group 1-542] INFO  o.apache.jmeter.threads.JMeterThread - Thread finished: Thread Group 1-542
15:45:31.128 [Thread Group 1-605] INFO  o.apache.jmeter.threads.JMeterThread - Thread is done: Thread Group 1-605
15:45:31.128 [Thread Group 1-605] INFO  o.apache.jmeter.threads.JMeterThread - Thread finished: Thread Group 1-605
15:45:31.136 [Thread Group 1-535] INFO  o.apache.jmeter.threads.JMeterThread - Thread is done: Thread Group 1-535
15:45:31.136 [Thread Group 1-535] INFO  o.apache.jmeter.threads.JMeterThread - Thread finished: Thread Group 1-535
15:45:31.151 [Thread Group 1-514] INFO  o.apache.jmeter.threads.JMeterThread - Thread is done: Thread Group 1-514
15:45:31.151 [Thread Group 1-514] INFO  o.apache.jmeter.threads.JMeterThread - Thread finished: Thread Group 1-514
15:45:31.151 [Thread Group 1-366] INFO  o.apache.jmeter.threads.JMeterThread - Thread is done: Thread Group 1-366
15:45:31.151 [Thread Group 1-366] INFO  o.apache.jmeter.threads.JMeterThread - Thread finished: Thread Group 1-366
15:45:31.151 [Thread Group 1-381] INFO  o.apache.jmeter.threads.JMeterThread - Thread is done: Thread Group 1-381
15:45:31.151 [Thread Group 1-381] INFO  o.apache.jmeter.threads.JMeterThread - Thread finished: Thread Group 1-381
15:45:31.151 [Thread Group 1-649] INFO  o.apache.jmeter.threads.JMeterThread - Thread is done: Thread Group 1-649
15:45:31.151 [Thread Group 1-649] INFO  o.apache.jmeter.threads.JMeterThread - Thread finished: Thread Group 1-649
15:45:31.151 [Thread Group 1-303] INFO  o.apache.jmeter.threads.JMeterThread - Thread is done: Thread Group 1-303
15:45:31.151 [Thread Group 1-303] INFO  o.apache.jmeter.threads.JMeterThread - Thread finished: Thread Group 1-303
15:45:31.151 [Thread Group 1-782] INFO  o.apache.jmeter.threads.JMeterThread - Thread is done: Thread Group 1-782
15:45:31.151 [Thread Group 1-782] INFO  o.apache.jmeter.threads.JMeterThread - Thread finished: Thread Group 1-782
15:45:31.151 [Thread Group 1-317] INFO  o.apache.jmeter.threads.JMeterThread - Thread is done: Thread Group 1-317
15:45:31.151 [Thread Group 1-317] INFO  o.apache.jmeter.threads.JMeterThread - Thread finished: Thread Group 1-317
15:45:31.151 [Thread Group 1-572] INFO  o.apache.jmeter.threads.JMeterThread - Thread is done: Thread Group 1-572
15:45:31.151 [Thread Group 1-572] INFO  o.apache.jmeter.threads.JMeterThread - Thread finished: Thread Group 1-572
15:45:31.151 [Thread Group 1-163] INFO  o.apache.jmeter.threads.JMeterThread - Thread is done: Thread Group 1-163
15:45:31.151 [Thread Group 1-400] INFO  o.apache.jmeter.threads.JMeterThread - Thread is done: Thread Group 1-400
15:45:31.151 [Thread Group 1-163] INFO  o.apache.jmeter.threads.JMeterThread - Thread finished: Thread Group 1-163
15:45:31.151 [Thread Group 1-400] INFO  o.apache.jmeter.threads.JMeterThread - Thread finished: Thread Group 1-400
15:45:31.162 [Thread Group 1-593] INFO  o.apache.jmeter.threads.JMeterThread - Thread is done: Thread Group 1-593
15:45:31.162 [Thread Group 1-593] INFO  o.apache.jmeter.threads.JMeterThread - Thread finished: Thread Group 1-593
15:45:31.162 [Thread Group 1-236] INFO  o.apache.jmeter.threads.JMeterThread - Thread is done: Thread Group 1-236
15:45:31.162 [Thread Group 1-236] INFO  o.apache.jmeter.threads.JMeterThread - Thread finished: Thread Group 1-236
15:45:31.162 [Thread Group 1-629] INFO  o.apache.jmeter.threads.JMeterThread - Thread is done: Thread Group 1-629
15:45:31.162 [Thread Group 1-629] INFO  o.apache.jmeter.threads.JMeterThread - Thread finished: Thread Group 1-629
15:45:31.162 [Thread Group 1-92] INFO  o.apache.jmeter.threads.JMeterThread - Thread is done: Thread Group 1-92
15:45:31.162 [Thread Group 1-580] INFO  o.apache.jmeter.threads.JMeterThread - Thread is done: Thread Group 1-580
15:45:31.162 [Thread Group 1-580] INFO  o.apache.jmeter.threads.JMeterThread - Thread finished: Thread Group 1-580
15:45:31.162 [Thread Group 1-92] INFO  o.apache.jmeter.threads.JMeterThread - Thread finished: Thread Group 1-92
15:45:31.178 [Thread Group 1-762] INFO  o.apache.jmeter.threads.JMeterThread - Thread is done: Thread Group 1-762
15:45:31.178 [Thread Group 1-762] INFO  o.apache.jmeter.threads.JMeterThread - Thread finished: Thread Group 1-762
15:45:31.178 [Thread Group 1-418] INFO  o.apache.jmeter.threads.JMeterThread - Thread is done: Thread Group 1-418
15:45:31.178 [Thread Group 1-501] INFO  o.apache.jmeter.threads.JMeterThread - Thread is done: Thread Group 1-501
15:45:31.178 [Thread Group 1-501] INFO  o.apache.jmeter.threads.JMeterThread - Thread finished: Thread Group 1-501
15:45:31.178 [Thread Group 1-722] INFO  o.apache.jmeter.threads.JMeterThread - Thread is done: Thread Group 1-722
15:45:31.178 [Thread Group 1-540] INFO  o.apache.jmeter.threads.JMeterThread - Thread is done: Thread Group 1-540
15:45:31.178 [Thread Group 1-712] INFO  o.apache.jmeter.threads.JMeterThread - Thread is done: Thread Group 1-712
15:45:31.178 [Thread Group 1-540] INFO  o.apache.jmeter.threads.JMeterThread - Thread finished: Thread Group 1-540
15:45:31.178 [Thread Group 1-712] INFO  o.apache.jmeter.threads.JMeterThread - Thread finished: Thread Group 1-712
15:45:31.178 [Thread Group 1-722] INFO  o.apache.jmeter.threads.JMeterThread - Thread finished: Thread Group 1-722
15:45:31.178 [Thread Group 1-681] INFO  o.apache.jmeter.threads.JMeterThread - Thread is done: Thread Group 1-681
15:45:31.178 [Thread Group 1-681] INFO  o.apache.jmeter.threads.JMeterThread - Thread finished: Thread Group 1-681
15:45:31.178 [Thread Group 1-425] INFO  o.apache.jmeter.threads.JMeterThread - Thread is done: Thread Group 1-425
15:45:31.178 [Thread Group 1-425] INFO  o.apache.jmeter.threads.JMeterThread - Thread finished: Thread Group 1-425
15:45:31.178 [Thread Group 1-85] INFO  o.apache.jmeter.threads.JMeterThread - Thread is done: Thread Group 1-85
15:45:31.178 [Thread Group 1-418] INFO  o.apache.jmeter.threads.JMeterThread - Thread finished: Thread Group 1-418
15:45:31.178 [Thread Group 1-85] INFO  o.apache.jmeter.threads.JMeterThread - Thread finished: Thread Group 1-85
15:45:31.178 [Thread Group 1-488] INFO  o.apache.jmeter.threads.JMeterThread - Thread is done: Thread Group 1-488
15:45:31.178 [Thread Group 1-488] INFO  o.apache.jmeter.threads.JMeterThread - Thread finished: Thread Group 1-488
15:45:31.197 [Thread Group 1-116] INFO  o.apache.jmeter.threads.JMeterThread - Thread is done: Thread Group 1-116
15:45:31.197 [Thread Group 1-116] INFO  o.apache.jmeter.threads.JMeterThread - Thread finished: Thread Group 1-116
15:45:31.197 [Thread Group 1-577] INFO  o.apache.jmeter.threads.JMeterThread - Thread is done: Thread Group 1-577
15:45:31.197 [Thread Group 1-577] INFO  o.apache.jmeter.threads.JMeterThread - Thread finished: Thread Group 1-577
15:45:31.197 [Thread Group 1-407] INFO  o.apache.jmeter.threads.JMeterThread - Thread is done: Thread Group 1-407
15:45:31.197 [Thread Group 1-407] INFO  o.apache.jmeter.threads.JMeterThread - Thread finished: Thread Group 1-407
15:45:31.197 [Thread Group 1-353] INFO  o.apache.jmeter.threads.JMeterThread - Thread is done: Thread Group 1-353
15:45:31.197 [Thread Group 1-763] INFO  o.apache.jmeter.threads.JMeterThread - Thread is done: Thread Group 1-763
15:45:31.197 [Thread Group 1-353] INFO  o.apache.jmeter.threads.JMeterThread - Thread finished: Thread Group 1-353
15:45:31.197 [Thread Group 1-763] INFO  o.apache.jmeter.threads.JMeterThread - Thread finished: Thread Group 1-763
15:45:31.199 [Thread Group 1-608] INFO  o.apache.jmeter.threads.JMeterThread - Thread is done: Thread Group 1-608
15:45:31.199 [Thread Group 1-608] INFO  o.apache.jmeter.threads.JMeterThread - Thread finished: Thread Group 1-608
15:45:31.199 [Thread Group 1-565] INFO  o.apache.jmeter.threads.JMeterThread - Thread is done: Thread Group 1-565
15:45:31.199 [Thread Group 1-565] INFO  o.apache.jmeter.threads.JMeterThread - Thread finished: Thread Group 1-565
15:45:31.199 [Thread Group 1-471] INFO  o.apache.jmeter.threads.JMeterThread - Thread is done: Thread Group 1-471
15:45:31.199 [Thread Group 1-471] INFO  o.apache.jmeter.threads.JMeterThread - Thread finished: Thread Group 1-471
15:45:31.199 [Thread Group 1-561] INFO  o.apache.jmeter.threads.JMeterThread - Thread is done: Thread Group 1-561
15:45:31.199 [Thread Group 1-561] INFO  o.apache.jmeter.threads.JMeterThread - Thread finished: Thread Group 1-561
15:45:31.199 [Thread Group 1-239] INFO  o.apache.jmeter.threads.JMeterThread - Thread is done: Thread Group 1-239
15:45:31.199 [Thread Group 1-239] INFO  o.apache.jmeter.threads.JMeterThread - Thread finished: Thread Group 1-239
15:45:31.219 [Thread Group 1-483] INFO  o.apache.jmeter.threads.JMeterThread - Thread is done: Thread Group 1-483
15:45:31.219 [Thread Group 1-483] INFO  o.apache.jmeter.threads.JMeterThread - Thread finished: Thread Group 1-483
15:45:31.229 [Thread Group 1-521] INFO  o.apache.jmeter.threads.JMeterThread - Thread is done: Thread Group 1-521
15:45:31.229 [Thread Group 1-521] INFO  o.apache.jmeter.threads.JMeterThread - Thread finished: Thread Group 1-521
15:45:31.229 [Thread Group 1-225] INFO  o.apache.jmeter.threads.JMeterThread - Thread is done: Thread Group 1-225
15:45:31.229 [Thread Group 1-225] INFO  o.apache.jmeter.threads.JMeterThread - Thread finished: Thread Group 1-225
15:45:31.229 [Thread Group 1-391] INFO  o.apache.jmeter.threads.JMeterThread - Thread is done: Thread Group 1-391
15:45:31.229 [Thread Group 1-391] INFO  o.apache.jmeter.threads.JMeterThread - Thread finished: Thread Group 1-391
15:45:31.239 [Thread Group 1-684] INFO  o.apache.jmeter.threads.JMeterThread - Thread is done: Thread Group 1-684
15:45:31.239 [Thread Group 1-684] INFO  o.apache.jmeter.threads.JMeterThread - Thread finished: Thread Group 1-684
15:45:31.239 [Thread Group 1-104] INFO  o.apache.jmeter.threads.JMeterThread - Thread is done: Thread Group 1-104
15:45:31.239 [Thread Group 1-104] INFO  o.apache.jmeter.threads.JMeterThread - Thread finished: Thread Group 1-104
15:45:31.260 [Thread Group 1-573] INFO  o.apache.jmeter.threads.JMeterThread - Thread is done: Thread Group 1-573
15:45:31.260 [Thread Group 1-573] INFO  o.apache.jmeter.threads.JMeterThread - Thread finished: Thread Group 1-573
15:45:31.260 [Thread Group 1-564] INFO  o.apache.jmeter.threads.JMeterThread - Thread is done: Thread Group 1-564
15:45:31.260 [Thread Group 1-564] INFO  o.apache.jmeter.threads.JMeterThread - Thread finished: Thread Group 1-564
15:45:31.273 [Thread Group 1-638] INFO  o.apache.jmeter.threads.JMeterThread - Thread is done: Thread Group 1-638
15:45:31.273 [Thread Group 1-638] INFO  o.apache.jmeter.threads.JMeterThread - Thread finished: Thread Group 1-638
15:45:31.281 [Thread Group 1-195] INFO  o.apache.jmeter.threads.JMeterThread - Thread is done: Thread Group 1-195
15:45:31.281 [Thread Group 1-195] INFO  o.apache.jmeter.threads.JMeterThread - Thread finished: Thread Group 1-195
15:45:31.281 [Thread Group 1-680] INFO  o.apache.jmeter.threads.JMeterThread - Thread is done: Thread Group 1-680
15:45:31.281 [Thread Group 1-680] INFO  o.apache.jmeter.threads.JMeterThread - Thread finished: Thread Group 1-680
15:45:31.281 [Thread Group 1-734] INFO  o.apache.jmeter.threads.JMeterThread - Thread is done: Thread Group 1-734
15:45:31.281 [Thread Group 1-734] INFO  o.apache.jmeter.threads.JMeterThread - Thread finished: Thread Group 1-734
15:45:31.291 [Thread Group 1-408] INFO  o.apache.jmeter.threads.JMeterThread - Thread is done: Thread Group 1-408
15:45:31.291 [Thread Group 1-408] INFO  o.apache.jmeter.threads.JMeterThread - Thread finished: Thread Group 1-408
15:45:31.291 [Thread Group 1-133] INFO  o.apache.jmeter.threads.JMeterThread - Thread is done: Thread Group 1-133
15:45:31.291 [Thread Group 1-133] INFO  o.apache.jmeter.threads.JMeterThread - Thread finished: Thread Group 1-133
15:45:31.309 [Thread Group 1-306] INFO  o.apache.jmeter.threads.JMeterThread - Thread is done: Thread Group 1-306
15:45:31.309 [Thread Group 1-626] INFO  o.apache.jmeter.threads.JMeterThread - Thread is done: Thread Group 1-626
15:45:31.309 [Thread Group 1-306] INFO  o.apache.jmeter.threads.JMeterThread - Thread finished: Thread Group 1-306
15:45:31.309 [Thread Group 1-626] INFO  o.apache.jmeter.threads.JMeterThread - Thread finished: Thread Group 1-626
15:45:31.329 [Thread Group 1-525] INFO  o.apache.jmeter.threads.JMeterThread - Thread is done: Thread Group 1-525
15:45:31.329 [Thread Group 1-525] INFO  o.apache.jmeter.threads.JMeterThread - Thread finished: Thread Group 1-525
15:45:31.329 [Thread Group 1-409] INFO  o.apache.jmeter.threads.JMeterThread - Thread is done: Thread Group 1-409
15:45:31.329 [Thread Group 1-409] INFO  o.apache.jmeter.threads.JMeterThread - Thread finished: Thread Group 1-409
15:45:31.350 [Thread Group 1-393] INFO  o.apache.jmeter.threads.JMeterThread - Thread is done: Thread Group 1-393
15:45:31.350 [Thread Group 1-393] INFO  o.apache.jmeter.threads.JMeterThread - Thread finished: Thread Group 1-393
15:45:31.351 [Thread Group 1-19] INFO  o.apache.jmeter.threads.JMeterThread - Thread is done: Thread Group 1-19
15:45:31.364 [Thread Group 1-19] INFO  o.apache.jmeter.threads.JMeterThread - Thread finished: Thread Group 1-19
15:45:31.364 [Thread Group 1-706] INFO  o.apache.jmeter.threads.JMeterThread - Thread is done: Thread Group 1-706
15:45:31.364 [Thread Group 1-706] INFO  o.apache.jmeter.threads.JMeterThread - Thread finished: Thread Group 1-706
15:45:31.367 [Thread Group 1-377] INFO  o.apache.jmeter.threads.JMeterThread - Thread is done: Thread Group 1-377
15:45:31.367 [Thread Group 1-377] INFO  o.apache.jmeter.threads.JMeterThread - Thread finished: Thread Group 1-377
15:45:31.367 [Thread Group 1-273] INFO  o.apache.jmeter.threads.JMeterThread - Thread is done: Thread Group 1-273
15:45:31.367 [Thread Group 1-273] INFO  o.apache.jmeter.threads.JMeterThread - Thread finished: Thread Group 1-273
15:45:31.367 [Thread Group 1-498] INFO  o.apache.jmeter.threads.JMeterThread - Thread is done: Thread Group 1-498
15:45:31.367 [Thread Group 1-498] INFO  o.apache.jmeter.threads.JMeterThread - Thread finished: Thread Group 1-498
15:45:31.367 [Thread Group 1-636] INFO  o.apache.jmeter.threads.JMeterThread - Thread is done: Thread Group 1-636
15:45:31.367 [Thread Group 1-636] INFO  o.apache.jmeter.threads.JMeterThread - Thread finished: Thread Group 1-636
15:45:31.367 [Thread Group 1-478] INFO  o.apache.jmeter.threads.JMeterThread - Thread is done: Thread Group 1-478
15:45:31.367 [Thread Group 1-478] INFO  o.apache.jmeter.threads.JMeterThread - Thread finished: Thread Group 1-478
15:45:31.409 [Thread Group 1-784] INFO  o.apache.jmeter.threads.JMeterThread - Thread is done: Thread Group 1-784
15:45:31.409 [Thread Group 1-784] INFO  o.apache.jmeter.threads.JMeterThread - Thread finished: Thread Group 1-784
15:45:31.409 [Thread Group 1-330] INFO  o.apache.jmeter.threads.JMeterThread - Thread is done: Thread Group 1-330
15:45:31.409 [Thread Group 1-330] INFO  o.apache.jmeter.threads.JMeterThread - Thread finished: Thread Group 1-330
15:45:31.409 [Thread Group 1-359] INFO  o.apache.jmeter.threads.JMeterThread - Thread is done: Thread Group 1-359
15:45:31.409 [Thread Group 1-359] INFO  o.apache.jmeter.threads.JMeterThread - Thread finished: Thread Group 1-359
15:45:31.428 [Thread Group 1-272] INFO  o.apache.jmeter.threads.JMeterThread - Thread is done: Thread Group 1-272
15:45:31.428 [Thread Group 1-272] INFO  o.apache.jmeter.threads.JMeterThread - Thread finished: Thread Group 1-272
15:45:31.428 [Thread Group 1-121] INFO  o.apache.jmeter.threads.JMeterThread - Thread is done: Thread Group 1-121
15:45:31.428 [Thread Group 1-121] INFO  o.apache.jmeter.threads.JMeterThread - Thread finished: Thread Group 1-121
15:45:31.428 [Thread Group 1-466] INFO  o.apache.jmeter.threads.JMeterThread - Thread is done: Thread Group 1-466
15:45:31.428 [Thread Group 1-466] INFO  o.apache.jmeter.threads.JMeterThread - Thread finished: Thread Group 1-466
15:45:31.448 [Thread Group 1-740] INFO  o.apache.jmeter.threads.JMeterThread - Thread is done: Thread Group 1-740
15:45:31.448 [Thread Group 1-155] INFO  o.apache.jmeter.threads.JMeterThread - Thread is done: Thread Group 1-155
15:45:31.448 [Thread Group 1-740] INFO  o.apache.jmeter.threads.JMeterThread - Thread finished: Thread Group 1-740
15:45:31.448 [Thread Group 1-155] INFO  o.apache.jmeter.threads.JMeterThread - Thread finished: Thread Group 1-155
15:45:31.449 [Thread Group 1-352] INFO  o.apache.jmeter.threads.JMeterThread - Thread is done: Thread Group 1-352
15:45:31.449 [Thread Group 1-352] INFO  o.apache.jmeter.threads.JMeterThread - Thread finished: Thread Group 1-352
15:45:31.449 [Thread Group 1-82] INFO  o.apache.jmeter.threads.JMeterThread - Thread is done: Thread Group 1-82
15:45:31.449 [Thread Group 1-82] INFO  o.apache.jmeter.threads.JMeterThread - Thread finished: Thread Group 1-82
15:45:31.449 [Thread Group 1-595] INFO  o.apache.jmeter.threads.JMeterThread - Thread is done: Thread Group 1-595
15:45:31.449 [Thread Group 1-595] INFO  o.apache.jmeter.threads.JMeterThread - Thread finished: Thread Group 1-595
15:45:31.451 [Thread Group 1-151] INFO  o.apache.jmeter.threads.JMeterThread - Thread is done: Thread Group 1-151
15:45:31.451 [Thread Group 1-151] INFO  o.apache.jmeter.threads.JMeterThread - Thread finished: Thread Group 1-151
15:45:31.454 [Thread Group 1-34] INFO  o.apache.jmeter.threads.JMeterThread - Thread is done: Thread Group 1-34
15:45:31.454 [Thread Group 1-10] INFO  o.apache.jmeter.threads.JMeterThread - Thread is done: Thread Group 1-10
15:45:31.454 [Thread Group 1-34] INFO  o.apache.jmeter.threads.JMeterThread - Thread finished: Thread Group 1-34
15:45:31.454 [Thread Group 1-10] INFO  o.apache.jmeter.threads.JMeterThread - Thread finished: Thread Group 1-10
15:45:31.462 [Thread Group 1-428] INFO  o.apache.jmeter.threads.JMeterThread - Thread is done: Thread Group 1-428
15:45:31.462 [Thread Group 1-428] INFO  o.apache.jmeter.threads.JMeterThread - Thread finished: Thread Group 1-428
15:45:31.464 [Thread Group 1-237] INFO  o.apache.jmeter.threads.JMeterThread - Thread is done: Thread Group 1-237
15:45:31.464 [Thread Group 1-59] INFO  o.apache.jmeter.threads.JMeterThread - Thread is done: Thread Group 1-59
15:45:31.464 [Thread Group 1-237] INFO  o.apache.jmeter.threads.JMeterThread - Thread finished: Thread Group 1-237
15:45:31.464 [Thread Group 1-59] INFO  o.apache.jmeter.threads.JMeterThread - Thread finished: Thread Group 1-59
15:45:31.466 [Thread Group 1-333] INFO  o.apache.jmeter.threads.JMeterThread - Thread is done: Thread Group 1-333
15:45:31.466 [Thread Group 1-333] INFO  o.apache.jmeter.threads.JMeterThread - Thread finished: Thread Group 1-333
15:45:31.467 [Thread Group 1-644] INFO  o.apache.jmeter.threads.JMeterThread - Thread is done: Thread Group 1-644
15:45:31.467 [Thread Group 1-644] INFO  o.apache.jmeter.threads.JMeterThread - Thread finished: Thread Group 1-644
15:45:31.468 [Thread Group 1-416] INFO  o.apache.jmeter.threads.JMeterThread - Thread is done: Thread Group 1-416
15:45:31.468 [Thread Group 1-266] INFO  o.apache.jmeter.threads.JMeterThread - Thread is done: Thread Group 1-266
15:45:31.468 [Thread Group 1-304] INFO  o.apache.jmeter.threads.JMeterThread - Thread is done: Thread Group 1-304
15:45:31.468 [Thread Group 1-266] INFO  o.apache.jmeter.threads.JMeterThread - Thread finished: Thread Group 1-266
15:45:31.468 [Thread Group 1-304] INFO  o.apache.jmeter.threads.JMeterThread - Thread finished: Thread Group 1-304
15:45:31.468 [Thread Group 1-416] INFO  o.apache.jmeter.threads.JMeterThread - Thread finished: Thread Group 1-416
15:45:31.470 [Thread Group 1-778] INFO  o.apache.jmeter.threads.JMeterThread - Thread is done: Thread Group 1-778
15:45:31.470 [Thread Group 1-586] INFO  o.apache.jmeter.threads.JMeterThread - Thread is done: Thread Group 1-586
15:45:31.470 [Thread Group 1-778] INFO  o.apache.jmeter.threads.JMeterThread - Thread finished: Thread Group 1-778
15:45:31.470 [Thread Group 1-586] INFO  o.apache.jmeter.threads.JMeterThread - Thread finished: Thread Group 1-586
15:45:31.470 [Thread Group 1-38] INFO  o.apache.jmeter.threads.JMeterThread - Thread is done: Thread Group 1-38
15:45:31.470 [Thread Group 1-38] INFO  o.apache.jmeter.threads.JMeterThread - Thread finished: Thread Group 1-38
15:45:31.481 [Thread Group 1-241] INFO  o.apache.jmeter.threads.JMeterThread - Thread is done: Thread Group 1-241
15:45:31.481 [Thread Group 1-241] INFO  o.apache.jmeter.threads.JMeterThread - Thread finished: Thread Group 1-241
15:45:31.481 [Thread Group 1-697] INFO  o.apache.jmeter.threads.JMeterThread - Thread is done: Thread Group 1-697
15:45:31.481 [Thread Group 1-324] INFO  o.apache.jmeter.threads.JMeterThread - Thread is done: Thread Group 1-324
15:45:31.481 [Thread Group 1-697] INFO  o.apache.jmeter.threads.JMeterThread - Thread finished: Thread Group 1-697
15:45:31.481 [Thread Group 1-324] INFO  o.apache.jmeter.threads.JMeterThread - Thread finished: Thread Group 1-324
15:45:31.491 [Thread Group 1-32] INFO  o.apache.jmeter.threads.JMeterThread - Thread is done: Thread Group 1-32
15:45:31.491 [Thread Group 1-32] INFO  o.apache.jmeter.threads.JMeterThread - Thread finished: Thread Group 1-32
15:45:31.491 [Thread Group 1-430] INFO  o.apache.jmeter.threads.JMeterThread - Thread is done: Thread Group 1-430
15:45:31.491 [Thread Group 1-651] INFO  o.apache.jmeter.threads.JMeterThread - Thread is done: Thread Group 1-651
15:45:31.491 [Thread Group 1-430] INFO  o.apache.jmeter.threads.JMeterThread - Thread finished: Thread Group 1-430
15:45:31.491 [Thread Group 1-651] INFO  o.apache.jmeter.threads.JMeterThread - Thread finished: Thread Group 1-651
15:45:31.491 [Thread Group 1-576] INFO  o.apache.jmeter.threads.JMeterThread - Thread is done: Thread Group 1-576
15:45:31.491 [Thread Group 1-576] INFO  o.apache.jmeter.threads.JMeterThread - Thread finished: Thread Group 1-576
15:45:31.491 [Thread Group 1-696] INFO  o.apache.jmeter.threads.JMeterThread - Thread is done: Thread Group 1-696
15:45:31.491 [Thread Group 1-696] INFO  o.apache.jmeter.threads.JMeterThread - Thread finished: Thread Group 1-696
15:45:31.497 [Thread Group 1-337] INFO  o.apache.jmeter.threads.JMeterThread - Thread is done: Thread Group 1-337
15:45:31.497 [Thread Group 1-785] INFO  o.apache.jmeter.threads.JMeterThread - Thread is done: Thread Group 1-785
15:45:31.497 [Thread Group 1-337] INFO  o.apache.jmeter.threads.JMeterThread - Thread finished: Thread Group 1-337
15:45:31.497 [Thread Group 1-785] INFO  o.apache.jmeter.threads.JMeterThread - Thread finished: Thread Group 1-785
15:45:31.499 [Thread Group 1-598] INFO  o.apache.jmeter.threads.JMeterThread - Thread is done: Thread Group 1-598
15:45:31.499 [Thread Group 1-598] INFO  o.apache.jmeter.threads.JMeterThread - Thread finished: Thread Group 1-598
15:45:31.501 [Thread Group 1-765] INFO  o.apache.jmeter.threads.JMeterThread - Thread is done: Thread Group 1-765
15:45:31.501 [Thread Group 1-254] INFO  o.apache.jmeter.threads.JMeterThread - Thread is done: Thread Group 1-254
15:45:31.501 [Thread Group 1-450] INFO  o.apache.jmeter.threads.JMeterThread - Thread is done: Thread Group 1-450
15:45:31.501 [Thread Group 1-254] INFO  o.apache.jmeter.threads.JMeterThread - Thread finished: Thread Group 1-254
15:45:31.501 [Thread Group 1-450] INFO  o.apache.jmeter.threads.JMeterThread - Thread finished: Thread Group 1-450
15:45:31.501 [Thread Group 1-765] INFO  o.apache.jmeter.threads.JMeterThread - Thread finished: Thread Group 1-765
15:45:31.501 [Thread Group 1-507] INFO  o.apache.jmeter.threads.JMeterThread - Thread is done: Thread Group 1-507
15:45:31.505 [Thread Group 1-507] INFO  o.apache.jmeter.threads.JMeterThread - Thread finished: Thread Group 1-507
15:45:31.515 [Thread Group 1-724] INFO  o.apache.jmeter.threads.JMeterThread - Thread is done: Thread Group 1-724
15:45:31.515 [Thread Group 1-724] INFO  o.apache.jmeter.threads.JMeterThread - Thread finished: Thread Group 1-724
15:45:31.515 [Thread Group 1-670] INFO  o.apache.jmeter.threads.JMeterThread - Thread is done: Thread Group 1-670
15:45:31.515 [Thread Group 1-670] INFO  o.apache.jmeter.threads.JMeterThread - Thread finished: Thread Group 1-670
15:45:31.523 [Thread Group 1-606] INFO  o.apache.jmeter.threads.JMeterThread - Thread is done: Thread Group 1-606
15:45:31.523 [Thread Group 1-606] INFO  o.apache.jmeter.threads.JMeterThread - Thread finished: Thread Group 1-606
15:45:31.523 [Thread Group 1-590] INFO  o.apache.jmeter.threads.JMeterThread - Thread is done: Thread Group 1-590
15:45:31.523 [Thread Group 1-590] INFO  o.apache.jmeter.threads.JMeterThread - Thread finished: Thread Group 1-590
15:45:31.523 [Thread Group 1-158] INFO  o.apache.jmeter.threads.JMeterThread - Thread is done: Thread Group 1-158
15:45:31.523 [Thread Group 1-158] INFO  o.apache.jmeter.threads.JMeterThread - Thread finished: Thread Group 1-158
15:45:31.523 [Thread Group 1-592] INFO  o.apache.jmeter.threads.JMeterThread - Thread is done: Thread Group 1-592
15:45:31.523 [Thread Group 1-592] INFO  o.apache.jmeter.threads.JMeterThread - Thread finished: Thread Group 1-592
15:45:31.538 [Thread Group 1-143] INFO  o.apache.jmeter.threads.JMeterThread - Thread is done: Thread Group 1-143
15:45:31.538 [Thread Group 1-143] INFO  o.apache.jmeter.threads.JMeterThread - Thread finished: Thread Group 1-143
15:45:31.538 [Thread Group 1-701] INFO  o.apache.jmeter.threads.JMeterThread - Thread is done: Thread Group 1-701
15:45:31.538 [Thread Group 1-140] INFO  o.apache.jmeter.threads.JMeterThread - Thread is done: Thread Group 1-140
15:45:31.538 [Thread Group 1-701] INFO  o.apache.jmeter.threads.JMeterThread - Thread finished: Thread Group 1-701
15:45:31.538 [Thread Group 1-140] INFO  o.apache.jmeter.threads.JMeterThread - Thread finished: Thread Group 1-140
15:45:31.539 [Thread Group 1-713] INFO  o.apache.jmeter.threads.JMeterThread - Thread is done: Thread Group 1-713
15:45:31.539 [Thread Group 1-713] INFO  o.apache.jmeter.threads.JMeterThread - Thread finished: Thread Group 1-713
15:45:31.539 [Thread Group 1-666] INFO  o.apache.jmeter.threads.JMeterThread - Thread is done: Thread Group 1-666
15:45:31.540 [Thread Group 1-666] INFO  o.apache.jmeter.threads.JMeterThread - Thread finished: Thread Group 1-666
15:45:31.540 [Thread Group 1-614] INFO  o.apache.jmeter.threads.JMeterThread - Thread is done: Thread Group 1-614
15:45:31.540 [Thread Group 1-614] INFO  o.apache.jmeter.threads.JMeterThread - Thread finished: Thread Group 1-614
15:45:31.544 [Thread Group 1-145] INFO  o.apache.jmeter.threads.JMeterThread - Thread is done: Thread Group 1-145
15:45:31.544 [Thread Group 1-145] INFO  o.apache.jmeter.threads.JMeterThread - Thread finished: Thread Group 1-145
15:45:31.545 [Thread Group 1-543] INFO  o.apache.jmeter.threads.JMeterThread - Thread is done: Thread Group 1-543
15:45:31.545 [Thread Group 1-21] INFO  o.apache.jmeter.threads.JMeterThread - Thread is done: Thread Group 1-21
15:45:31.545 [Thread Group 1-543] INFO  o.apache.jmeter.threads.JMeterThread - Thread finished: Thread Group 1-543
15:45:31.545 [Thread Group 1-21] INFO  o.apache.jmeter.threads.JMeterThread - Thread finished: Thread Group 1-21
15:45:31.545 [Thread Group 1-307] INFO  o.apache.jmeter.threads.JMeterThread - Thread is done: Thread Group 1-307
15:45:31.545 [Thread Group 1-307] INFO  o.apache.jmeter.threads.JMeterThread - Thread finished: Thread Group 1-307
15:45:31.545 [Thread Group 1-645] INFO  o.apache.jmeter.threads.JMeterThread - Thread is done: Thread Group 1-645
15:45:31.545 [Thread Group 1-645] INFO  o.apache.jmeter.threads.JMeterThread - Thread finished: Thread Group 1-645
15:45:31.546 [Thread Group 1-173] INFO  o.apache.jmeter.threads.JMeterThread - Thread is done: Thread Group 1-173
15:45:31.546 [Thread Group 1-173] INFO  o.apache.jmeter.threads.JMeterThread - Thread finished: Thread Group 1-173
15:45:31.548 [Thread Group 1-553] INFO  o.apache.jmeter.threads.JMeterThread - Thread is done: Thread Group 1-553
15:45:31.548 [Thread Group 1-553] INFO  o.apache.jmeter.threads.JMeterThread - Thread finished: Thread Group 1-553
15:45:31.548 [Thread Group 1-26] INFO  o.apache.jmeter.threads.JMeterThread - Thread is done: Thread Group 1-26
15:45:31.548 [Thread Group 1-26] INFO  o.apache.jmeter.threads.JMeterThread - Thread finished: Thread Group 1-26
15:45:31.548 [Thread Group 1-57] INFO  o.apache.jmeter.threads.JMeterThread - Thread is done: Thread Group 1-57
15:45:31.548 [Thread Group 1-57] INFO  o.apache.jmeter.threads.JMeterThread - Thread finished: Thread Group 1-57
15:45:31.550 [Thread Group 1-702] INFO  o.apache.jmeter.threads.JMeterThread - Thread is done: Thread Group 1-702
15:45:31.550 [Thread Group 1-702] INFO  o.apache.jmeter.threads.JMeterThread - Thread finished: Thread Group 1-702
15:45:31.567 [Thread Group 1-313] INFO  o.apache.jmeter.threads.JMeterThread - Thread is done: Thread Group 1-313
15:45:31.567 [Thread Group 1-313] INFO  o.apache.jmeter.threads.JMeterThread - Thread finished: Thread Group 1-313
15:45:31.567 [Thread Group 1-390] INFO  o.apache.jmeter.threads.JMeterThread - Thread is done: Thread Group 1-390
15:45:31.567 [Thread Group 1-390] INFO  o.apache.jmeter.threads.JMeterThread - Thread finished: Thread Group 1-390
15:45:31.567 [Thread Group 1-627] INFO  o.apache.jmeter.threads.JMeterThread - Thread is done: Thread Group 1-627
15:45:31.567 [Thread Group 1-627] INFO  o.apache.jmeter.threads.JMeterThread - Thread finished: Thread Group 1-627
15:45:31.584 [Thread Group 1-484] INFO  o.apache.jmeter.threads.JMeterThread - Thread is done: Thread Group 1-484
15:45:31.584 [Thread Group 1-484] INFO  o.apache.jmeter.threads.JMeterThread - Thread finished: Thread Group 1-484
15:45:31.584 [Thread Group 1-308] INFO  o.apache.jmeter.threads.JMeterThread - Thread is done: Thread Group 1-308
15:45:31.584 [Thread Group 1-308] INFO  o.apache.jmeter.threads.JMeterThread - Thread finished: Thread Group 1-308
15:45:31.584 [Thread Group 1-120] INFO  o.apache.jmeter.threads.JMeterThread - Thread is done: Thread Group 1-120
15:45:31.584 [Thread Group 1-120] INFO  o.apache.jmeter.threads.JMeterThread - Thread finished: Thread Group 1-120
15:45:31.584 [Thread Group 1-618] INFO  o.apache.jmeter.threads.JMeterThread - Thread is done: Thread Group 1-618
15:45:31.584 [Thread Group 1-618] INFO  o.apache.jmeter.threads.JMeterThread - Thread finished: Thread Group 1-618
15:45:31.584 [Thread Group 1-339] INFO  o.apache.jmeter.threads.JMeterThread - Thread is done: Thread Group 1-339
15:45:31.584 [Thread Group 1-339] INFO  o.apache.jmeter.threads.JMeterThread - Thread finished: Thread Group 1-339
15:45:31.584 [Thread Group 1-556] INFO  o.apache.jmeter.threads.JMeterThread - Thread is done: Thread Group 1-556
15:45:31.584 [Thread Group 1-556] INFO  o.apache.jmeter.threads.JMeterThread - Thread finished: Thread Group 1-556
15:45:31.601 [Thread Group 1-581] INFO  o.apache.jmeter.threads.JMeterThread - Thread is done: Thread Group 1-581
15:45:31.601 [Thread Group 1-506] INFO  o.apache.jmeter.threads.JMeterThread - Thread is done: Thread Group 1-506
15:45:31.601 [Thread Group 1-581] INFO  o.apache.jmeter.threads.JMeterThread - Thread finished: Thread Group 1-581
15:45:31.601 [Thread Group 1-506] INFO  o.apache.jmeter.threads.JMeterThread - Thread finished: Thread Group 1-506
15:45:31.609 [Thread Group 1-131] INFO  o.apache.jmeter.threads.JMeterThread - Thread is done: Thread Group 1-131
15:45:31.609 [Thread Group 1-131] INFO  o.apache.jmeter.threads.JMeterThread - Thread finished: Thread Group 1-131
15:45:31.609 [Thread Group 1-759] INFO  o.apache.jmeter.threads.JMeterThread - Thread is done: Thread Group 1-759
15:45:31.609 [Thread Group 1-759] INFO  o.apache.jmeter.threads.JMeterThread - Thread finished: Thread Group 1-759
15:45:31.673 [Thread Group 1-599] INFO  o.apache.jmeter.threads.JMeterThread - Thread is done: Thread Group 1-599
15:45:31.673 [Thread Group 1-599] INFO  o.apache.jmeter.threads.JMeterThread - Thread finished: Thread Group 1-599
15:45:31.673 [Thread Group 1-47] INFO  o.apache.jmeter.threads.JMeterThread - Thread is done: Thread Group 1-47
15:45:31.673 [Thread Group 1-47] INFO  o.apache.jmeter.threads.JMeterThread - Thread finished: Thread Group 1-47
15:45:31.673 [Thread Group 1-447] INFO  o.apache.jmeter.threads.JMeterThread - Thread is done: Thread Group 1-447
15:45:31.673 [Thread Group 1-447] INFO  o.apache.jmeter.threads.JMeterThread - Thread finished: Thread Group 1-447
15:45:31.673 [Thread Group 1-70] INFO  o.apache.jmeter.threads.JMeterThread - Thread is done: Thread Group 1-70
15:45:31.673 [Thread Group 1-455] INFO  o.apache.jmeter.threads.JMeterThread - Thread is done: Thread Group 1-455
15:45:31.673 [Thread Group 1-70] INFO  o.apache.jmeter.threads.JMeterThread - Thread finished: Thread Group 1-70
15:45:31.673 [Thread Group 1-455] INFO  o.apache.jmeter.threads.JMeterThread - Thread finished: Thread Group 1-455
15:45:31.673 [Thread Group 1-630] INFO  o.apache.jmeter.threads.JMeterThread - Thread is done: Thread Group 1-630
15:45:31.673 [Thread Group 1-630] INFO  o.apache.jmeter.threads.JMeterThread - Thread finished: Thread Group 1-630
15:45:31.673 [Thread Group 1-554] INFO  o.apache.jmeter.threads.JMeterThread - Thread is done: Thread Group 1-554
15:45:31.673 [Thread Group 1-554] INFO  o.apache.jmeter.threads.JMeterThread - Thread finished: Thread Group 1-554
15:45:31.673 [Thread Group 1-30] INFO  o.apache.jmeter.threads.JMeterThread - Thread is done: Thread Group 1-30
15:45:31.673 [Thread Group 1-30] INFO  o.apache.jmeter.threads.JMeterThread - Thread finished: Thread Group 1-30
15:45:31.673 [Thread Group 1-467] INFO  o.apache.jmeter.threads.JMeterThread - Thread is done: Thread Group 1-467
15:45:31.673 [Thread Group 1-467] INFO  o.apache.jmeter.threads.JMeterThread - Thread finished: Thread Group 1-467
15:45:31.673 [Thread Group 1-183] INFO  o.apache.jmeter.threads.JMeterThread - Thread is done: Thread Group 1-183
15:45:31.673 [Thread Group 1-183] INFO  o.apache.jmeter.threads.JMeterThread - Thread finished: Thread Group 1-183
15:45:31.673 [Thread Group 1-3] INFO  o.apache.jmeter.threads.JMeterThread - Thread is done: Thread Group 1-3
15:45:31.673 [Thread Group 1-3] INFO  o.apache.jmeter.threads.JMeterThread - Thread finished: Thread Group 1-3
15:45:31.673 [Thread Group 1-102] INFO  o.apache.jmeter.threads.JMeterThread - Thread is done: Thread Group 1-102
15:45:31.673 [Thread Group 1-102] INFO  o.apache.jmeter.threads.JMeterThread - Thread finished: Thread Group 1-102
15:45:31.673 [Thread Group 1-537] INFO  o.apache.jmeter.threads.JMeterThread - Thread is done: Thread Group 1-537
15:45:31.673 [Thread Group 1-537] INFO  o.apache.jmeter.threads.JMeterThread - Thread finished: Thread Group 1-537
15:45:31.689 [Thread Group 1-621] INFO  o.apache.jmeter.threads.JMeterThread - Thread is done: Thread Group 1-621
15:45:31.690 [Thread Group 1-621] INFO  o.apache.jmeter.threads.JMeterThread - Thread finished: Thread Group 1-621
15:45:31.690 [Thread Group 1-612] INFO  o.apache.jmeter.threads.JMeterThread - Thread is done: Thread Group 1-612
15:45:31.690 [Thread Group 1-612] INFO  o.apache.jmeter.threads.JMeterThread - Thread finished: Thread Group 1-612
15:45:31.690 [Thread Group 1-154] INFO  o.apache.jmeter.threads.JMeterThread - Thread is done: Thread Group 1-154
15:45:31.690 [Thread Group 1-676] INFO  o.apache.jmeter.threads.JMeterThread - Thread is done: Thread Group 1-676
15:45:31.690 [Thread Group 1-267] INFO  o.apache.jmeter.threads.JMeterThread - Thread is done: Thread Group 1-267
15:45:31.690 [Thread Group 1-262] INFO  o.apache.jmeter.threads.JMeterThread - Thread is done: Thread Group 1-262
15:45:31.690 [Thread Group 1-267] INFO  o.apache.jmeter.threads.JMeterThread - Thread finished: Thread Group 1-267
15:45:31.690 [Thread Group 1-262] INFO  o.apache.jmeter.threads.JMeterThread - Thread finished: Thread Group 1-262
15:45:31.690 [Thread Group 1-154] INFO  o.apache.jmeter.threads.JMeterThread - Thread finished: Thread Group 1-154
15:45:31.690 [Thread Group 1-676] INFO  o.apache.jmeter.threads.JMeterThread - Thread finished: Thread Group 1-676
15:45:31.690 [Thread Group 1-99] INFO  o.apache.jmeter.threads.JMeterThread - Thread is done: Thread Group 1-99
15:45:31.690 [Thread Group 1-156] INFO  o.apache.jmeter.threads.JMeterThread - Thread is done: Thread Group 1-156
15:45:31.690 [Thread Group 1-99] INFO  o.apache.jmeter.threads.JMeterThread - Thread finished: Thread Group 1-99
15:45:31.690 [Thread Group 1-156] INFO  o.apache.jmeter.threads.JMeterThread - Thread finished: Thread Group 1-156
15:45:31.690 [Thread Group 1-253] INFO  o.apache.jmeter.threads.JMeterThread - Thread is done: Thread Group 1-253
15:45:31.690 [Thread Group 1-253] INFO  o.apache.jmeter.threads.JMeterThread - Thread finished: Thread Group 1-253
15:45:31.690 [Thread Group 1-322] INFO  o.apache.jmeter.threads.JMeterThread - Thread is done: Thread Group 1-322
15:45:31.690 [Thread Group 1-322] INFO  o.apache.jmeter.threads.JMeterThread - Thread finished: Thread Group 1-322
15:45:31.690 [Thread Group 1-137] INFO  o.apache.jmeter.threads.JMeterThread - Thread is done: Thread Group 1-137
15:45:31.690 [Thread Group 1-137] INFO  o.apache.jmeter.threads.JMeterThread - Thread finished: Thread Group 1-137
15:45:31.701 [Thread Group 1-182] INFO  o.apache.jmeter.threads.JMeterThread - Thread is done: Thread Group 1-182
15:45:31.701 [Thread Group 1-182] INFO  o.apache.jmeter.threads.JMeterThread - Thread finished: Thread Group 1-182
15:45:31.701 [Thread Group 1-300] INFO  o.apache.jmeter.threads.JMeterThread - Thread is done: Thread Group 1-300
15:45:31.701 [Thread Group 1-300] INFO  o.apache.jmeter.threads.JMeterThread - Thread finished: Thread Group 1-300
15:45:31.701 [Thread Group 1-22] INFO  o.apache.jmeter.threads.JMeterThread - Thread is done: Thread Group 1-22
15:45:31.701 [Thread Group 1-22] INFO  o.apache.jmeter.threads.JMeterThread - Thread finished: Thread Group 1-22
15:45:31.701 [Thread Group 1-36] INFO  o.apache.jmeter.threads.JMeterThread - Thread is done: Thread Group 1-36
15:45:31.701 [Thread Group 1-36] INFO  o.apache.jmeter.threads.JMeterThread - Thread finished: Thread Group 1-36
15:45:31.709 [Thread Group 1-146] INFO  o.apache.jmeter.threads.JMeterThread - Thread is done: Thread Group 1-146
15:45:31.709 [Thread Group 1-637] INFO  o.apache.jmeter.threads.JMeterThread - Thread is done: Thread Group 1-637
15:45:31.709 [Thread Group 1-146] INFO  o.apache.jmeter.threads.JMeterThread - Thread finished: Thread Group 1-146
15:45:31.709 [Thread Group 1-637] INFO  o.apache.jmeter.threads.JMeterThread - Thread finished: Thread Group 1-637
15:45:31.709 [Thread Group 1-616] INFO  o.apache.jmeter.threads.JMeterThread - Thread is done: Thread Group 1-616
15:45:31.709 [Thread Group 1-275] INFO  o.apache.jmeter.threads.JMeterThread - Thread is done: Thread Group 1-275
15:45:31.709 [Thread Group 1-616] INFO  o.apache.jmeter.threads.JMeterThread - Thread finished: Thread Group 1-616
15:45:31.709 [Thread Group 1-275] INFO  o.apache.jmeter.threads.JMeterThread - Thread finished: Thread Group 1-275
15:45:31.709 [Thread Group 1-159] INFO  o.apache.jmeter.threads.JMeterThread - Thread is done: Thread Group 1-159
15:45:31.709 [Thread Group 1-159] INFO  o.apache.jmeter.threads.JMeterThread - Thread finished: Thread Group 1-159
15:45:31.709 [Thread Group 1-43] INFO  o.apache.jmeter.threads.JMeterThread - Thread is done: Thread Group 1-43
15:45:31.709 [Thread Group 1-463] INFO  o.apache.jmeter.threads.JMeterThread - Thread is done: Thread Group 1-463
15:45:31.709 [Thread Group 1-43] INFO  o.apache.jmeter.threads.JMeterThread - Thread finished: Thread Group 1-43
15:45:31.709 [Thread Group 1-463] INFO  o.apache.jmeter.threads.JMeterThread - Thread finished: Thread Group 1-463
15:45:31.709 [Thread Group 1-81] INFO  o.apache.jmeter.threads.JMeterThread - Thread is done: Thread Group 1-81
15:45:31.709 [Thread Group 1-81] INFO  o.apache.jmeter.threads.JMeterThread - Thread finished: Thread Group 1-81
15:45:31.709 [Thread Group 1-459] INFO  o.apache.jmeter.threads.JMeterThread - Thread is done: Thread Group 1-459
15:45:31.709 [Thread Group 1-459] INFO  o.apache.jmeter.threads.JMeterThread - Thread finished: Thread Group 1-459
15:45:31.709 [Thread Group 1-624] INFO  o.apache.jmeter.threads.JMeterThread - Thread is done: Thread Group 1-624
15:45:31.709 [Thread Group 1-63] INFO  o.apache.jmeter.threads.JMeterThread - Thread is done: Thread Group 1-63
15:45:31.709 [Thread Group 1-624] INFO  o.apache.jmeter.threads.JMeterThread - Thread finished: Thread Group 1-624
15:45:31.709 [Thread Group 1-63] INFO  o.apache.jmeter.threads.JMeterThread - Thread finished: Thread Group 1-63
15:45:31.725 [Thread Group 1-264] INFO  o.apache.jmeter.threads.JMeterThread - Thread is done: Thread Group 1-264
15:45:31.725 [Thread Group 1-264] INFO  o.apache.jmeter.threads.JMeterThread - Thread finished: Thread Group 1-264
15:45:31.725 [Thread Group 1-310] INFO  o.apache.jmeter.threads.JMeterThread - Thread is done: Thread Group 1-310
15:45:31.725 [Thread Group 1-310] INFO  o.apache.jmeter.threads.JMeterThread - Thread finished: Thread Group 1-310
15:45:31.725 [Thread Group 1-111] INFO  o.apache.jmeter.threads.JMeterThread - Thread is done: Thread Group 1-111
15:45:31.725 [Thread Group 1-111] INFO  o.apache.jmeter.threads.JMeterThread - Thread finished: Thread Group 1-111
15:45:31.725 [Thread Group 1-424] INFO  o.apache.jmeter.threads.JMeterThread - Thread is done: Thread Group 1-424
15:45:31.725 [Thread Group 1-424] INFO  o.apache.jmeter.threads.JMeterThread - Thread finished: Thread Group 1-424
15:45:31.725 [Thread Group 1-149] INFO  o.apache.jmeter.threads.JMeterThread - Thread is done: Thread Group 1-149
15:45:31.725 [Thread Group 1-100] INFO  o.apache.jmeter.threads.JMeterThread - Thread is done: Thread Group 1-100
15:45:31.725 [Thread Group 1-149] INFO  o.apache.jmeter.threads.JMeterThread - Thread finished: Thread Group 1-149
15:45:31.725 [Thread Group 1-100] INFO  o.apache.jmeter.threads.JMeterThread - Thread finished: Thread Group 1-100
15:45:31.725 [Thread Group 1-493] INFO  o.apache.jmeter.threads.JMeterThread - Thread is done: Thread Group 1-493
15:45:31.725 [Thread Group 1-493] INFO  o.apache.jmeter.threads.JMeterThread - Thread finished: Thread Group 1-493
15:45:31.725 [Thread Group 1-429] INFO  o.apache.jmeter.threads.JMeterThread - Thread is done: Thread Group 1-429
15:45:31.725 [Thread Group 1-429] INFO  o.apache.jmeter.threads.JMeterThread - Thread finished: Thread Group 1-429
15:45:31.741 [Thread Group 1-438] INFO  o.apache.jmeter.threads.JMeterThread - Thread is done: Thread Group 1-438
15:45:31.741 [Thread Group 1-438] INFO  o.apache.jmeter.threads.JMeterThread - Thread finished: Thread Group 1-438
15:45:31.741 [Thread Group 1-222] INFO  o.apache.jmeter.threads.JMeterThread - Thread is done: Thread Group 1-222
15:45:31.741 [Thread Group 1-327] INFO  o.apache.jmeter.threads.JMeterThread - Thread is done: Thread Group 1-327
15:45:31.741 [Thread Group 1-222] INFO  o.apache.jmeter.threads.JMeterThread - Thread finished: Thread Group 1-222
15:45:31.741 [Thread Group 1-327] INFO  o.apache.jmeter.threads.JMeterThread - Thread finished: Thread Group 1-327
15:45:31.741 [Thread Group 1-279] INFO  o.apache.jmeter.threads.JMeterThread - Thread is done: Thread Group 1-279
15:45:31.741 [Thread Group 1-279] INFO  o.apache.jmeter.threads.JMeterThread - Thread finished: Thread Group 1-279
15:45:31.741 [Thread Group 1-37] INFO  o.apache.jmeter.threads.JMeterThread - Thread is done: Thread Group 1-37
15:45:31.741 [Thread Group 1-37] INFO  o.apache.jmeter.threads.JMeterThread - Thread finished: Thread Group 1-37
15:45:31.757 [Thread Group 1-674] INFO  o.apache.jmeter.threads.JMeterThread - Thread is done: Thread Group 1-674
15:45:31.757 [Thread Group 1-118] INFO  o.apache.jmeter.threads.JMeterThread - Thread is done: Thread Group 1-118
15:45:31.757 [Thread Group 1-674] INFO  o.apache.jmeter.threads.JMeterThread - Thread finished: Thread Group 1-674
15:45:31.757 [Thread Group 1-118] INFO  o.apache.jmeter.threads.JMeterThread - Thread finished: Thread Group 1-118
15:45:31.757 [Thread Group 1-132] INFO  o.apache.jmeter.threads.JMeterThread - Thread is done: Thread Group 1-132
15:45:31.757 [Thread Group 1-132] INFO  o.apache.jmeter.threads.JMeterThread - Thread finished: Thread Group 1-132
15:45:31.773 [Thread Group 1-208] INFO  o.apache.jmeter.threads.JMeterThread - Thread is done: Thread Group 1-208
15:45:31.773 [Thread Group 1-208] INFO  o.apache.jmeter.threads.JMeterThread - Thread finished: Thread Group 1-208
15:45:31.825 [Thread Group 1-532] INFO  o.apache.jmeter.threads.JMeterThread - Thread is done: Thread Group 1-532
15:45:31.825 [Thread Group 1-600] INFO  o.apache.jmeter.threads.JMeterThread - Thread is done: Thread Group 1-600
15:45:31.825 [Thread Group 1-532] INFO  o.apache.jmeter.threads.JMeterThread - Thread finished: Thread Group 1-532
15:45:31.825 [Thread Group 1-600] INFO  o.apache.jmeter.threads.JMeterThread - Thread finished: Thread Group 1-600
15:45:31.825 [Thread Group 1-23] INFO  o.apache.jmeter.threads.JMeterThread - Thread is done: Thread Group 1-23
15:45:31.825 [Thread Group 1-23] INFO  o.apache.jmeter.threads.JMeterThread - Thread finished: Thread Group 1-23
15:45:31.827 [Thread Group 1-316] INFO  o.apache.jmeter.threads.JMeterThread - Thread is done: Thread Group 1-316
15:45:31.827 [Thread Group 1-316] INFO  o.apache.jmeter.threads.JMeterThread - Thread finished: Thread Group 1-316
15:45:31.827 [Thread Group 1-500] INFO  o.apache.jmeter.threads.JMeterThread - Thread is done: Thread Group 1-500
15:45:31.827 [Thread Group 1-500] INFO  o.apache.jmeter.threads.JMeterThread - Thread finished: Thread Group 1-500
15:45:31.827 [Thread Group 1-340] INFO  o.apache.jmeter.threads.JMeterThread - Thread is done: Thread Group 1-340
15:45:31.827 [Thread Group 1-88] INFO  o.apache.jmeter.threads.JMeterThread - Thread is done: Thread Group 1-88
15:45:31.827 [Thread Group 1-88] INFO  o.apache.jmeter.threads.JMeterThread - Thread finished: Thread Group 1-88
15:45:31.827 [Thread Group 1-340] INFO  o.apache.jmeter.threads.JMeterThread - Thread finished: Thread Group 1-340
15:45:31.859 [Thread Group 1-395] INFO  o.apache.jmeter.threads.JMeterThread - Thread is done: Thread Group 1-395
15:45:31.859 [Thread Group 1-395] INFO  o.apache.jmeter.threads.JMeterThread - Thread finished: Thread Group 1-395
15:45:31.859 [Thread Group 1-588] INFO  o.apache.jmeter.threads.JMeterThread - Thread is done: Thread Group 1-588
15:45:31.859 [Thread Group 1-588] INFO  o.apache.jmeter.threads.JMeterThread - Thread finished: Thread Group 1-588
15:45:31.859 [Thread Group 1-186] INFO  o.apache.jmeter.threads.JMeterThread - Thread is done: Thread Group 1-186
15:45:31.859 [Thread Group 1-129] INFO  o.apache.jmeter.threads.JMeterThread - Thread is done: Thread Group 1-129
15:45:31.859 [Thread Group 1-186] INFO  o.apache.jmeter.threads.JMeterThread - Thread finished: Thread Group 1-186
15:45:31.859 [Thread Group 1-129] INFO  o.apache.jmeter.threads.JMeterThread - Thread finished: Thread Group 1-129
15:45:31.859 [Thread Group 1-234] INFO  o.apache.jmeter.threads.JMeterThread - Thread is done: Thread Group 1-234
15:45:31.859 [Thread Group 1-234] INFO  o.apache.jmeter.threads.JMeterThread - Thread finished: Thread Group 1-234
15:45:31.879 [Thread Group 1-517] INFO  o.apache.jmeter.threads.JMeterThread - Thread is done: Thread Group 1-517
15:45:31.879 [Thread Group 1-520] INFO  o.apache.jmeter.threads.JMeterThread - Thread is done: Thread Group 1-520
15:45:31.879 [Thread Group 1-517] INFO  o.apache.jmeter.threads.JMeterThread - Thread finished: Thread Group 1-517
15:45:31.879 [Thread Group 1-520] INFO  o.apache.jmeter.threads.JMeterThread - Thread finished: Thread Group 1-520
15:45:31.904 [Thread Group 1-436] INFO  o.apache.jmeter.threads.JMeterThread - Thread is done: Thread Group 1-436
15:45:31.904 [Thread Group 1-436] INFO  o.apache.jmeter.threads.JMeterThread - Thread finished: Thread Group 1-436
15:45:31.920 [Thread Group 1-512] INFO  o.apache.jmeter.threads.JMeterThread - Thread is done: Thread Group 1-512
15:45:31.920 [Thread Group 1-512] INFO  o.apache.jmeter.threads.JMeterThread - Thread finished: Thread Group 1-512
15:45:31.930 [Thread Group 1-150] INFO  o.apache.jmeter.threads.JMeterThread - Thread is done: Thread Group 1-150
15:45:31.930 [Thread Group 1-150] INFO  o.apache.jmeter.threads.JMeterThread - Thread finished: Thread Group 1-150
15:45:31.951 [Thread Group 1-515] INFO  o.apache.jmeter.threads.JMeterThread - Thread is done: Thread Group 1-515
15:45:31.951 [Thread Group 1-515] INFO  o.apache.jmeter.threads.JMeterThread - Thread finished: Thread Group 1-515
15:45:32.013 [Thread Group 1-260] INFO  o.apache.jmeter.threads.JMeterThread - Thread is done: Thread Group 1-260
15:45:32.013 [Thread Group 1-603] INFO  o.apache.jmeter.threads.JMeterThread - Thread is done: Thread Group 1-603
15:45:32.013 [Thread Group 1-260] INFO  o.apache.jmeter.threads.JMeterThread - Thread finished: Thread Group 1-260
15:45:32.013 [Thread Group 1-603] INFO  o.apache.jmeter.threads.JMeterThread - Thread finished: Thread Group 1-603
15:45:32.013 [Thread Group 1-510] INFO  o.apache.jmeter.threads.JMeterThread - Thread is done: Thread Group 1-510
15:45:32.013 [Thread Group 1-280] INFO  o.apache.jmeter.threads.JMeterThread - Thread is done: Thread Group 1-280
15:45:32.013 [Thread Group 1-510] INFO  o.apache.jmeter.threads.JMeterThread - Thread finished: Thread Group 1-510
15:45:32.013 [Thread Group 1-280] INFO  o.apache.jmeter.threads.JMeterThread - Thread finished: Thread Group 1-280
15:45:32.062 [Thread Group 1-72] INFO  o.apache.jmeter.threads.JMeterThread - Thread is done: Thread Group 1-72
15:45:32.062 [Thread Group 1-72] INFO  o.apache.jmeter.threads.JMeterThread - Thread finished: Thread Group 1-72
15:45:32.063 [Thread Group 1-589] INFO  o.apache.jmeter.threads.JMeterThread - Thread is done: Thread Group 1-589
15:45:32.063 [Thread Group 1-589] INFO  o.apache.jmeter.threads.JMeterThread - Thread finished: Thread Group 1-589
15:45:32.063 [Thread Group 1-233] INFO  o.apache.jmeter.threads.JMeterThread - Thread is done: Thread Group 1-233
15:45:32.063 [Thread Group 1-233] INFO  o.apache.jmeter.threads.JMeterThread - Thread finished: Thread Group 1-233
15:45:32.075 [Thread Group 1-513] INFO  o.apache.jmeter.threads.JMeterThread - Thread is done: Thread Group 1-513
15:45:32.075 [Thread Group 1-513] INFO  o.apache.jmeter.threads.JMeterThread - Thread finished: Thread Group 1-513
15:45:32.083 [Thread Group 1-205] INFO  o.apache.jmeter.threads.JMeterThread - Thread is done: Thread Group 1-205
15:45:32.083 [Thread Group 1-205] INFO  o.apache.jmeter.threads.JMeterThread - Thread finished: Thread Group 1-205
15:45:32.094 [Thread Group 1-527] INFO  o.apache.jmeter.threads.JMeterThread - Thread is done: Thread Group 1-527
15:45:32.094 [Thread Group 1-527] INFO  o.apache.jmeter.threads.JMeterThread - Thread finished: Thread Group 1-527
15:45:32.098 [Thread Group 1-292] INFO  o.apache.jmeter.threads.JMeterThread - Thread is done: Thread Group 1-292
15:45:32.098 [Thread Group 1-292] INFO  o.apache.jmeter.threads.JMeterThread - Thread finished: Thread Group 1-292
15:45:32.152 [Thread Group 1-524] INFO  o.apache.jmeter.threads.JMeterThread - Thread is done: Thread Group 1-524
15:45:32.152 [Thread Group 1-524] INFO  o.apache.jmeter.threads.JMeterThread - Thread finished: Thread Group 1-524
15:45:32.167 [Thread Group 1-211] INFO  o.apache.jmeter.threads.JMeterThread - Thread is done: Thread Group 1-211
15:45:32.167 [Thread Group 1-211] INFO  o.apache.jmeter.threads.JMeterThread - Thread finished: Thread Group 1-211
15:45:32.175 [Thread Group 1-328] INFO  o.apache.jmeter.threads.JMeterThread - Thread is done: Thread Group 1-328
15:45:32.175 [Thread Group 1-328] INFO  o.apache.jmeter.threads.JMeterThread - Thread finished: Thread Group 1-328
15:45:32.189 [Thread Group 1-610] INFO  o.apache.jmeter.threads.JMeterThread - Thread is done: Thread Group 1-610
15:45:32.189 [Thread Group 1-597] INFO  o.apache.jmeter.threads.JMeterThread - Thread is done: Thread Group 1-597
15:45:32.189 [Thread Group 1-610] INFO  o.apache.jmeter.threads.JMeterThread - Thread finished: Thread Group 1-610
15:45:32.189 [Thread Group 1-597] INFO  o.apache.jmeter.threads.JMeterThread - Thread finished: Thread Group 1-597
15:45:32.202 [Thread Group 1-28] INFO  o.apache.jmeter.threads.JMeterThread - Thread is done: Thread Group 1-28
15:45:32.203 [Thread Group 1-28] INFO  o.apache.jmeter.threads.JMeterThread - Thread finished: Thread Group 1-28
15:45:32.203 [Thread Group 1-177] INFO  o.apache.jmeter.threads.JMeterThread - Thread is done: Thread Group 1-177
15:45:32.203 [Thread Group 1-177] INFO  o.apache.jmeter.threads.JMeterThread - Thread finished: Thread Group 1-177
15:45:32.205 [Thread Group 1-226] INFO  o.apache.jmeter.threads.JMeterThread - Thread is done: Thread Group 1-226
15:45:32.205 [Thread Group 1-226] INFO  o.apache.jmeter.threads.JMeterThread - Thread finished: Thread Group 1-226
15:45:32.266 [Thread Group 1-446] INFO  o.apache.jmeter.threads.JMeterThread - Thread is done: Thread Group 1-446
15:45:32.266 [Thread Group 1-446] INFO  o.apache.jmeter.threads.JMeterThread - Thread finished: Thread Group 1-446
15:45:32.310 [Thread Group 1-585] INFO  o.apache.jmeter.threads.JMeterThread - Thread is done: Thread Group 1-585
15:45:32.310 [Thread Group 1-473] INFO  o.apache.jmeter.threads.JMeterThread - Thread is done: Thread Group 1-473
15:45:32.310 [Thread Group 1-585] INFO  o.apache.jmeter.threads.JMeterThread - Thread finished: Thread Group 1-585
15:45:32.310 [Thread Group 1-473] INFO  o.apache.jmeter.threads.JMeterThread - Thread finished: Thread Group 1-473
15:45:32.310 [Thread Group 1-12] INFO  o.apache.jmeter.threads.JMeterThread - Thread is done: Thread Group 1-12
15:45:32.310 [Thread Group 1-12] INFO  o.apache.jmeter.threads.JMeterThread - Thread finished: Thread Group 1-12
15:45:32.325 [Thread Group 1-187] INFO  o.apache.jmeter.threads.JMeterThread - Thread is done: Thread Group 1-187
15:45:32.325 [Thread Group 1-187] INFO  o.apache.jmeter.threads.JMeterThread - Thread finished: Thread Group 1-187
15:45:32.434 [Thread Group 1-465] INFO  o.apache.jmeter.threads.JMeterThread - Thread is done: Thread Group 1-465
15:45:32.434 [Thread Group 1-465] INFO  o.apache.jmeter.threads.JMeterThread - Thread finished: Thread Group 1-465
15:45:32.443 [Thread Group 1-1] INFO  o.apache.jmeter.threads.JMeterThread - Thread is done: Thread Group 1-1
15:45:32.443 [Thread Group 1-1] INFO  o.apache.jmeter.threads.JMeterThread - Thread finished: Thread Group 1-1
15:45:32.460 [Thread Group 1-496] INFO  o.apache.jmeter.threads.JMeterThread - Thread is done: Thread Group 1-496
15:45:32.460 [Thread Group 1-496] INFO  o.apache.jmeter.threads.JMeterThread - Thread finished: Thread Group 1-496
15:45:32.462 [Thread Group 1-269] INFO  o.apache.jmeter.threads.JMeterThread - Thread is done: Thread Group 1-269
15:45:32.462 [Thread Group 1-269] INFO  o.apache.jmeter.threads.JMeterThread - Thread finished: Thread Group 1-269
15:45:32.478 [Thread Group 1-607] INFO  o.apache.jmeter.threads.JMeterThread - Thread is done: Thread Group 1-607
15:45:32.478 [Thread Group 1-607] INFO  o.apache.jmeter.threads.JMeterThread - Thread finished: Thread Group 1-607
15:45:32.508 [Thread Group 1-464] INFO  o.apache.jmeter.threads.JMeterThread - Thread is done: Thread Group 1-464
15:45:32.508 [Thread Group 1-464] INFO  o.apache.jmeter.threads.JMeterThread - Thread finished: Thread Group 1-464
15:45:32.508 [Thread Group 1-270] INFO  o.apache.jmeter.threads.JMeterThread - Thread is done: Thread Group 1-270
15:45:32.508 [Thread Group 1-270] INFO  o.apache.jmeter.threads.JMeterThread - Thread finished: Thread Group 1-270
15:45:32.508 [Thread Group 1-468] INFO  o.apache.jmeter.threads.JMeterThread - Thread is done: Thread Group 1-468
15:45:32.508 [Thread Group 1-468] INFO  o.apache.jmeter.threads.JMeterThread - Thread finished: Thread Group 1-468
15:45:32.549 [Thread Group 1-619] INFO  o.apache.jmeter.threads.JMeterThread - Thread is done: Thread Group 1-619
15:45:32.549 [Thread Group 1-86] INFO  o.apache.jmeter.threads.JMeterThread - Thread is done: Thread Group 1-86
15:45:32.549 [Thread Group 1-558] INFO  o.apache.jmeter.threads.JMeterThread - Thread is done: Thread Group 1-558
15:45:32.549 [Thread Group 1-86] INFO  o.apache.jmeter.threads.JMeterThread - Thread finished: Thread Group 1-86
15:45:32.549 [Thread Group 1-558] INFO  o.apache.jmeter.threads.JMeterThread - Thread finished: Thread Group 1-558
15:45:32.549 [Thread Group 1-439] INFO  o.apache.jmeter.threads.JMeterThread - Thread is done: Thread Group 1-439
15:45:32.549 [Thread Group 1-439] INFO  o.apache.jmeter.threads.JMeterThread - Thread finished: Thread Group 1-439
15:45:32.549 [Thread Group 1-619] INFO  o.apache.jmeter.threads.JMeterThread - Thread finished: Thread Group 1-619
15:45:32.549 [Thread Group 1-476] INFO  o.apache.jmeter.threads.JMeterThread - Thread is done: Thread Group 1-476
15:45:32.549 [Thread Group 1-476] INFO  o.apache.jmeter.threads.JMeterThread - Thread finished: Thread Group 1-476
15:45:32.588 [Thread Group 1-601] INFO  o.apache.jmeter.threads.JMeterThread - Thread is done: Thread Group 1-601
15:45:32.588 [Thread Group 1-620] INFO  o.apache.jmeter.threads.JMeterThread - Thread is done: Thread Group 1-620
15:45:32.588 [Thread Group 1-601] INFO  o.apache.jmeter.threads.JMeterThread - Thread finished: Thread Group 1-601
15:45:32.588 [Thread Group 1-620] INFO  o.apache.jmeter.threads.JMeterThread - Thread finished: Thread Group 1-620
15:45:32.588 [Thread Group 1-497] INFO  o.apache.jmeter.threads.JMeterThread - Thread is done: Thread Group 1-497
15:45:32.588 [Thread Group 1-497] INFO  o.apache.jmeter.threads.JMeterThread - Thread finished: Thread Group 1-497
15:45:32.589 [Thread Group 1-200] INFO  o.apache.jmeter.threads.JMeterThread - Thread is done: Thread Group 1-200
15:45:32.589 [Thread Group 1-200] INFO  o.apache.jmeter.threads.JMeterThread - Thread finished: Thread Group 1-200
15:45:32.600 [Thread Group 1-529] INFO  o.apache.jmeter.threads.JMeterThread - Thread is done: Thread Group 1-529
15:45:32.600 [Thread Group 1-529] INFO  o.apache.jmeter.threads.JMeterThread - Thread finished: Thread Group 1-529
15:45:32.651 [Thread Group 1-492] INFO  o.apache.jmeter.threads.JMeterThread - Thread is done: Thread Group 1-492
15:45:32.651 [Thread Group 1-492] INFO  o.apache.jmeter.threads.JMeterThread - Thread finished: Thread Group 1-492
15:45:32.676 [Thread Group 1-440] INFO  o.apache.jmeter.threads.JMeterThread - Thread is done: Thread Group 1-440
15:45:32.676 [Thread Group 1-440] INFO  o.apache.jmeter.threads.JMeterThread - Thread finished: Thread Group 1-440
15:45:32.693 [Thread Group 1-105] INFO  o.apache.jmeter.threads.JMeterThread - Thread is done: Thread Group 1-105
15:45:32.693 [Thread Group 1-105] INFO  o.apache.jmeter.threads.JMeterThread - Thread finished: Thread Group 1-105
15:45:32.693 [Thread Group 1-654] INFO  o.apache.jmeter.threads.JMeterThread - Thread is done: Thread Group 1-654
15:45:32.693 [Thread Group 1-654] INFO  o.apache.jmeter.threads.JMeterThread - Thread finished: Thread Group 1-654
15:45:32.709 [Thread Group 1-461] INFO  o.apache.jmeter.threads.JMeterThread - Thread is done: Thread Group 1-461
15:45:32.709 [Thread Group 1-461] INFO  o.apache.jmeter.threads.JMeterThread - Thread finished: Thread Group 1-461
15:45:32.709 [Thread Group 1-469] INFO  o.apache.jmeter.threads.JMeterThread - Thread is done: Thread Group 1-469
15:45:32.709 [Thread Group 1-469] INFO  o.apache.jmeter.threads.JMeterThread - Thread finished: Thread Group 1-469
15:45:32.709 [Thread Group 1-477] INFO  o.apache.jmeter.threads.JMeterThread - Thread is done: Thread Group 1-477
15:45:32.709 [Thread Group 1-477] INFO  o.apache.jmeter.threads.JMeterThread - Thread finished: Thread Group 1-477
15:45:32.725 [Thread Group 1-25] INFO  o.apache.jmeter.threads.JMeterThread - Thread is done: Thread Group 1-25
15:45:32.725 [Thread Group 1-25] INFO  o.apache.jmeter.threads.JMeterThread - Thread finished: Thread Group 1-25
15:45:32.725 [Thread Group 1-460] INFO  o.apache.jmeter.threads.JMeterThread - Thread is done: Thread Group 1-460
15:45:32.725 [Thread Group 1-460] INFO  o.apache.jmeter.threads.JMeterThread - Thread finished: Thread Group 1-460
15:45:32.740 [Thread Group 1-611] INFO  o.apache.jmeter.threads.JMeterThread - Thread is done: Thread Group 1-611
15:45:32.740 [Thread Group 1-611] INFO  o.apache.jmeter.threads.JMeterThread - Thread finished: Thread Group 1-611
15:45:32.756 [Thread Group 1-658] INFO  o.apache.jmeter.threads.JMeterThread - Thread is done: Thread Group 1-658
15:45:32.756 [Thread Group 1-658] INFO  o.apache.jmeter.threads.JMeterThread - Thread finished: Thread Group 1-658
15:45:32.756 [Thread Group 1-218] INFO  o.apache.jmeter.threads.JMeterThread - Thread is done: Thread Group 1-218
15:45:32.756 [Thread Group 1-218] INFO  o.apache.jmeter.threads.JMeterThread - Thread finished: Thread Group 1-218
15:45:32.756 [Thread Group 1-615] INFO  o.apache.jmeter.threads.JMeterThread - Thread is done: Thread Group 1-615
15:45:32.756 [Thread Group 1-615] INFO  o.apache.jmeter.threads.JMeterThread - Thread finished: Thread Group 1-615
15:45:32.769 [Thread Group 1-646] INFO  o.apache.jmeter.threads.JMeterThread - Thread is done: Thread Group 1-646
15:45:32.769 [Thread Group 1-596] INFO  o.apache.jmeter.threads.JMeterThread - Thread is done: Thread Group 1-596
15:45:32.769 [Thread Group 1-646] INFO  o.apache.jmeter.threads.JMeterThread - Thread finished: Thread Group 1-646
15:45:32.769 [Thread Group 1-596] INFO  o.apache.jmeter.threads.JMeterThread - Thread finished: Thread Group 1-596
15:45:32.769 [Thread Group 1-160] INFO  o.apache.jmeter.threads.JMeterThread - Thread is done: Thread Group 1-160
15:45:32.769 [Thread Group 1-160] INFO  o.apache.jmeter.threads.JMeterThread - Thread finished: Thread Group 1-160
15:45:32.769 [Thread Group 1-457] INFO  o.apache.jmeter.threads.JMeterThread - Thread is done: Thread Group 1-457
15:45:32.769 [Thread Group 1-457] INFO  o.apache.jmeter.threads.JMeterThread - Thread finished: Thread Group 1-457
15:45:32.850 [Thread Group 1-622] INFO  o.apache.jmeter.threads.JMeterThread - Thread is done: Thread Group 1-622
15:45:32.850 [Thread Group 1-190] INFO  o.apache.jmeter.threads.JMeterThread - Thread is done: Thread Group 1-190
15:45:32.850 [Thread Group 1-622] INFO  o.apache.jmeter.threads.JMeterThread - Thread finished: Thread Group 1-622
15:45:32.850 [Thread Group 1-190] INFO  o.apache.jmeter.threads.JMeterThread - Thread finished: Thread Group 1-190
15:45:32.850 [Thread Group 1-659] INFO  o.apache.jmeter.threads.JMeterThread - Thread is done: Thread Group 1-659
15:45:32.850 [Thread Group 1-659] INFO  o.apache.jmeter.threads.JMeterThread - Thread finished: Thread Group 1-659
15:45:32.900 [Thread Group 1-647] INFO  o.apache.jmeter.threads.JMeterThread - Thread is done: Thread Group 1-647
15:45:32.900 [Thread Group 1-647] INFO  o.apache.jmeter.threads.JMeterThread - Thread finished: Thread Group 1-647
15:45:32.900 [Thread Group 1-27] INFO  o.apache.jmeter.threads.JMeterThread - Thread is done: Thread Group 1-27
15:45:32.900 [Thread Group 1-27] INFO  o.apache.jmeter.threads.JMeterThread - Thread finished: Thread Group 1-27
15:45:32.916 [Thread Group 1-78] INFO  o.apache.jmeter.threads.JMeterThread - Thread is done: Thread Group 1-78
15:45:32.916 [Thread Group 1-103] INFO  o.apache.jmeter.threads.JMeterThread - Thread is done: Thread Group 1-103
15:45:32.916 [Thread Group 1-78] INFO  o.apache.jmeter.threads.JMeterThread - Thread finished: Thread Group 1-78
15:45:32.916 [Thread Group 1-103] INFO  o.apache.jmeter.threads.JMeterThread - Thread finished: Thread Group 1-103
15:45:32.916 [Thread Group 1-42] INFO  o.apache.jmeter.threads.JMeterThread - Thread is done: Thread Group 1-42
15:45:32.916 [Thread Group 1-42] INFO  o.apache.jmeter.threads.JMeterThread - Thread finished: Thread Group 1-42
15:45:32.916 [Thread Group 1-101] INFO  o.apache.jmeter.threads.JMeterThread - Thread is done: Thread Group 1-101
15:45:32.916 [Thread Group 1-101] INFO  o.apache.jmeter.threads.JMeterThread - Thread finished: Thread Group 1-101
15:45:32.933 [Thread Group 1-44] INFO  o.apache.jmeter.threads.JMeterThread - Thread is done: Thread Group 1-44
15:45:32.933 [Thread Group 1-655] INFO  o.apache.jmeter.threads.JMeterThread - Thread is done: Thread Group 1-655
15:45:32.933 [Thread Group 1-44] INFO  o.apache.jmeter.threads.JMeterThread - Thread finished: Thread Group 1-44
15:45:32.933 [Thread Group 1-655] INFO  o.apache.jmeter.threads.JMeterThread - Thread finished: Thread Group 1-655
15:45:32.949 [Thread Group 1-107] INFO  o.apache.jmeter.threads.JMeterThread - Thread is done: Thread Group 1-107
15:45:32.949 [Thread Group 1-472] INFO  o.apache.jmeter.threads.JMeterThread - Thread is done: Thread Group 1-472
15:45:32.949 [Thread Group 1-107] INFO  o.apache.jmeter.threads.JMeterThread - Thread finished: Thread Group 1-107
15:45:32.949 [Thread Group 1-472] INFO  o.apache.jmeter.threads.JMeterThread - Thread finished: Thread Group 1-472
15:45:33.061 [Thread Group 1-139] INFO  o.apache.jmeter.threads.JMeterThread - Thread is done: Thread Group 1-139
15:45:33.062 [Thread Group 1-139] INFO  o.apache.jmeter.threads.JMeterThread - Thread finished: Thread Group 1-139
15:45:33.063 [Thread Group 1-709] INFO  o.apache.jmeter.threads.JMeterThread - Thread is done: Thread Group 1-709
15:45:33.063 [Thread Group 1-665] INFO  o.apache.jmeter.threads.JMeterThread - Thread is done: Thread Group 1-665
15:45:33.063 [Thread Group 1-709] INFO  o.apache.jmeter.threads.JMeterThread - Thread finished: Thread Group 1-709
15:45:33.063 [Thread Group 1-665] INFO  o.apache.jmeter.threads.JMeterThread - Thread finished: Thread Group 1-665
15:45:33.114 [Thread Group 1-319] INFO  o.apache.jmeter.threads.JMeterThread - Thread is done: Thread Group 1-319
15:45:33.114 [Thread Group 1-319] INFO  o.apache.jmeter.threads.JMeterThread - Thread finished: Thread Group 1-319
15:45:33.114 [Thread Group 1-51] INFO  o.apache.jmeter.threads.JMeterThread - Thread is done: Thread Group 1-51
15:45:33.114 [Thread Group 1-51] INFO  o.apache.jmeter.threads.JMeterThread - Thread finished: Thread Group 1-51
15:45:33.156 [Thread Group 1-667] INFO  o.apache.jmeter.threads.JMeterThread - Thread is done: Thread Group 1-667
15:45:33.156 [Thread Group 1-667] INFO  o.apache.jmeter.threads.JMeterThread - Thread finished: Thread Group 1-667
15:45:33.156 [Thread Group 1-170] INFO  o.apache.jmeter.threads.JMeterThread - Thread is done: Thread Group 1-170
15:45:33.156 [Thread Group 1-170] INFO  o.apache.jmeter.threads.JMeterThread - Thread finished: Thread Group 1-170
15:45:33.249 [Thread Group 1-690] INFO  o.apache.jmeter.threads.JMeterThread - Thread is done: Thread Group 1-690
15:45:33.249 [Thread Group 1-690] INFO  o.apache.jmeter.threads.JMeterThread - Thread finished: Thread Group 1-690
15:45:33.249 [Thread Group 1-794] INFO  o.apache.jmeter.threads.JMeterThread - Thread is done: Thread Group 1-794
15:45:33.249 [Thread Group 1-767] INFO  o.apache.jmeter.threads.JMeterThread - Thread is done: Thread Group 1-767
15:45:33.249 [Thread Group 1-794] INFO  o.apache.jmeter.threads.JMeterThread - Thread finished: Thread Group 1-794
15:45:33.249 [Thread Group 1-767] INFO  o.apache.jmeter.threads.JMeterThread - Thread finished: Thread Group 1-767
15:45:33.259 [Thread Group 1-66] INFO  o.apache.jmeter.threads.JMeterThread - Thread is done: Thread Group 1-66
15:45:33.259 [Thread Group 1-66] INFO  o.apache.jmeter.threads.JMeterThread - Thread finished: Thread Group 1-66
15:45:33.311 [Thread Group 1-664] INFO  o.apache.jmeter.threads.JMeterThread - Thread is done: Thread Group 1-664
15:45:33.311 [Thread Group 1-664] INFO  o.apache.jmeter.threads.JMeterThread - Thread finished: Thread Group 1-664
15:45:33.333 [Thread Group 1-663] INFO  o.apache.jmeter.threads.JMeterThread - Thread is done: Thread Group 1-663
15:45:33.333 [Thread Group 1-663] INFO  o.apache.jmeter.threads.JMeterThread - Thread finished: Thread Group 1-663
15:45:33.382 [Thread Group 1-704] INFO  o.apache.jmeter.threads.JMeterThread - Thread is done: Thread Group 1-704
15:45:33.382 [Thread Group 1-704] INFO  o.apache.jmeter.threads.JMeterThread - Thread finished: Thread Group 1-704
15:45:33.509 [Thread Group 1-798] INFO  o.apache.jmeter.threads.JMeterThread - Thread is done: Thread Group 1-798
15:45:33.509 [Thread Group 1-798] INFO  o.apache.jmeter.threads.JMeterThread - Thread finished: Thread Group 1-798
15:45:33.509 [Thread Group 1-788] INFO  o.apache.jmeter.threads.JMeterThread - Thread is done: Thread Group 1-788
15:45:33.509 [Thread Group 1-788] INFO  o.apache.jmeter.threads.JMeterThread - Thread finished: Thread Group 1-788
15:45:33.572 [Thread Group 1-797] INFO  o.apache.jmeter.threads.JMeterThread - Thread is done: Thread Group 1-797
15:45:33.572 [Thread Group 1-764] INFO  o.apache.jmeter.threads.JMeterThread - Thread is done: Thread Group 1-764
15:45:33.572 [Thread Group 1-797] INFO  o.apache.jmeter.threads.JMeterThread - Thread finished: Thread Group 1-797
15:45:33.572 [Thread Group 1-764] INFO  o.apache.jmeter.threads.JMeterThread - Thread finished: Thread Group 1-764
15:45:33.572 [Thread Group 1-707] INFO  o.apache.jmeter.threads.JMeterThread - Thread is done: Thread Group 1-707
15:45:33.572 [Thread Group 1-707] INFO  o.apache.jmeter.threads.JMeterThread - Thread finished: Thread Group 1-707
15:45:33.572 [Thread Group 1-756] INFO  o.apache.jmeter.threads.JMeterThread - Thread is done: Thread Group 1-756
15:45:33.572 [Thread Group 1-756] INFO  o.apache.jmeter.threads.JMeterThread - Thread finished: Thread Group 1-756
15:45:33.572 [Thread Group 1-796] INFO  o.apache.jmeter.threads.JMeterThread - Thread is done: Thread Group 1-796
15:45:33.572 [Thread Group 1-773] INFO  o.apache.jmeter.threads.JMeterThread - Thread is done: Thread Group 1-773
15:45:33.572 [Thread Group 1-796] INFO  o.apache.jmeter.threads.JMeterThread - Thread finished: Thread Group 1-796
15:45:33.572 [Thread Group 1-773] INFO  o.apache.jmeter.threads.JMeterThread - Thread finished: Thread Group 1-773
15:45:33.572 [Thread Group 1-800] INFO  o.apache.jmeter.threads.JMeterThread - Thread is done: Thread Group 1-800
15:45:33.572 [Thread Group 1-800] INFO  o.apache.jmeter.threads.JMeterThread - Thread finished: Thread Group 1-800
15:45:33.592 [Thread Group 1-774] INFO  o.apache.jmeter.threads.JMeterThread - Thread is done: Thread Group 1-774
15:45:33.592 [Thread Group 1-774] INFO  o.apache.jmeter.threads.JMeterThread - Thread finished: Thread Group 1-774
15:45:33.592 [Thread Group 1-79] INFO  o.apache.jmeter.threads.JMeterThread - Thread is done: Thread Group 1-79
15:45:33.592 [Thread Group 1-79] INFO  o.apache.jmeter.threads.JMeterThread - Thread finished: Thread Group 1-79
15:45:33.592 [Thread Group 1-736] INFO  o.apache.jmeter.threads.JMeterThread - Thread is done: Thread Group 1-736
15:45:33.592 [Thread Group 1-736] INFO  o.apache.jmeter.threads.JMeterThread - Thread finished: Thread Group 1-736
15:45:33.671 [Thread Group 1-341] INFO  o.apache.jmeter.threads.JMeterThread - Thread is done: Thread Group 1-341
15:45:33.671 [Thread Group 1-341] INFO  o.apache.jmeter.threads.JMeterThread - Thread finished: Thread Group 1-341
15:45:33.671 [Thread Group 1-720] INFO  o.apache.jmeter.threads.JMeterThread - Thread is done: Thread Group 1-720
15:45:33.671 [Thread Group 1-720] INFO  o.apache.jmeter.threads.JMeterThread - Thread finished: Thread Group 1-720
15:45:33.671 [Thread Group 1-533] INFO  o.apache.jmeter.threads.JMeterThread - Thread is done: Thread Group 1-533
15:45:33.671 [Thread Group 1-533] INFO  o.apache.jmeter.threads.JMeterThread - Thread finished: Thread Group 1-533
15:45:33.808 [Thread Group 1-789] INFO  o.apache.jmeter.threads.JMeterThread - Thread is done: Thread Group 1-789
15:45:33.808 [Thread Group 1-789] INFO  o.apache.jmeter.threads.JMeterThread - Thread finished: Thread Group 1-789
15:45:33.857 [Thread Group 1-716] INFO  o.apache.jmeter.threads.JMeterThread - Thread is done: Thread Group 1-716
15:45:33.857 [Thread Group 1-716] INFO  o.apache.jmeter.threads.JMeterThread - Thread finished: Thread Group 1-716
15:45:33.857 [pool-2-thread-1] INFO  o.a.j.engine.StandardJMeterEngine - Notifying test listeners of end of test
15:45:33.857 [pool-2-thread-1] INFO  o.apache.jmeter.reporters.Summariser - summary +   1493 in 00:00:04 =  388.0/s Avg:   503 Min:    89 Max: 16379 Err:  1460 (97.79%) Active: 0 Started: 800 Finished: 800
summary +   1493 in 00:00:04 =  388.0/s Avg:   503 Min:    89 Max: 16379 Err:  1460 (97.79%) Active: 0 Started: 800 Finished: 800
15:45:33.857 [pool-2-thread-1] INFO  o.apache.jmeter.reporters.Summariser - summary =   4800 in 00:00:24 =  201.5/s Avg:  1636 Min:    89 Max: 16379 Err:  4696 (97.83%)
summary =   4800 in 00:00:24 =  201.5/s Avg:  1636 Min:    89 Max: 16379 Err:  4696 (97.83%)
15:45:33.893 [pool-2-thread-1] INFO  o.a.j.r.dashboard.ReportGenerator - ReportGenerator will use for Parsing the separator: ','
15:45:33.908 [pool-2-thread-1] INFO  o.a.j.r.dashboard.ReportGenerator - Will only generate report from results file: src/test/resources/jmeter/outputs/2021-10-21T15.45.08.877028/result.jtl
15:45:33.909 [pool-2-thread-1] INFO  o.a.j.r.dashboard.ReportGenerator - Reading report generator properties from: C:\Users\MartinS\OneDrive - 2i Limited\Jmeter_framework\generated-framework\src\test\resources\jmeter\bin\reportgenerator.properties
15:45:33.909 [pool-2-thread-1] INFO  o.a.j.r.dashboard.ReportGenerator - Merging with JMeter properties
15:45:33.925 [pool-2-thread-1] INFO  o.a.j.r.c.ReportGeneratorConfiguration - Property 'jmeter.reportgenerator.temp_dir' not found, using default value 'temp' instead.
15:45:33.925 [pool-2-thread-1] INFO  o.a.j.r.c.ReportGeneratorConfiguration - Property 'jmeter.reportgenerator.apdex_per_transaction' not found, using default value 'null' instead.
15:45:33.925 [pool-2-thread-1] INFO  o.a.j.r.c.ReportGeneratorConfiguration - apdex_per_transaction is empty, not APDEX per transaction customization
15:45:33.925 [pool-2-thread-1] INFO  o.a.j.r.c.ReportGeneratorConfiguration - Property 'jmeter.reportgenerator.sample_filter' not found, using default value 'null' instead.
15:45:33.925 [pool-2-thread-1] INFO  o.a.j.r.c.ReportGeneratorConfiguration - Property 'jmeter.reportgenerator.report_title' not found, using default value 'null' instead.
15:45:33.925 [pool-2-thread-1] INFO  o.a.j.r.c.ReportGeneratorConfiguration - Property 'jmeter.reportgenerator.start_date' not found, using default value 'null' instead.
15:45:33.925 [pool-2-thread-1] INFO  o.a.j.r.c.ReportGeneratorConfiguration - Property 'jmeter.reportgenerator.end_date' not found, using default value 'null' instead.
15:45:33.925 [pool-2-thread-1] INFO  o.a.j.r.c.ReportGeneratorConfiguration - Property 'jmeter.reportgenerator.date_format' not found, using default value 'null' instead.
15:45:33.943 [pool-2-thread-1] INFO  o.a.j.r.c.ReportGeneratorConfiguration - Will use date range start date: null, end date: null
15:45:33.943 [pool-2-thread-1] INFO  o.a.j.r.c.ReportGeneratorConfiguration - Property 'jmeter.reportgenerator.graph.activeThreadsOverTime.exclude_controllers' not found, using default value 'false' instead.
15:45:33.943 [pool-2-thread-1] INFO  o.a.j.r.c.ReportGeneratorConfiguration - Property 'jmeter.reportgenerator.graph.timeVsThreads.exclude_controllers' not found, using default value 'false' instead.
15:45:33.943 [pool-2-thread-1] INFO  o.a.j.r.c.ReportGeneratorConfiguration - Property 'jmeter.reportgenerator.graph.responseTimeDistribution.exclude_controllers' not found, using default value 'false' instead.
15:45:33.943 [pool-2-thread-1] INFO  o.a.j.r.c.ReportGeneratorConfiguration - Property 'jmeter.reportgenerator.graph.transactionsPerSecond.exclude_controllers' not found, using default value 'false' instead.
15:45:33.943 [pool-2-thread-1] INFO  o.a.j.r.c.ReportGeneratorConfiguration - Property 'jmeter.reportgenerator.graph.responseTimePercentiles.exclude_controllers' not found, using default value 'false' instead.
15:45:33.943 [pool-2-thread-1] INFO  o.a.j.r.c.ReportGeneratorConfiguration - Property 'jmeter.reportgenerator.graph.responseTimePercentilesOverTime.exclude_controllers' not found, using default value 'false' instead.
15:45:33.943 [pool-2-thread-1] INFO  o.a.j.r.c.ReportGeneratorConfiguration - Property 'jmeter.reportgenerator.graph.responseTimesOverTime.exclude_controllers' not found, using default value 'false' instead.
15:45:33.943 [pool-2-thread-1] INFO  o.a.j.r.c.ReportGeneratorConfiguration - Property 'jmeter.reportgenerator.graph.connectTimeOverTime.exclude_controllers' not found, using default value 'false' instead.
15:45:33.943 [pool-2-thread-1] INFO  o.a.j.r.c.ReportGeneratorConfiguration - Property 'jmeter.reportgenerator.graph.latenciesOverTime.exclude_controllers' not found, using default value 'false' instead.
15:45:33.943 [pool-2-thread-1] INFO  o.a.j.r.c.ReportGeneratorConfiguration - Property 'jmeter.reportgenerator.exporter.html.filters_only_sample_series' not found, using default value 'true' instead.
15:45:33.943 [pool-2-thread-1] INFO  o.a.j.r.c.ReportGeneratorConfiguration - Property 'jmeter.reportgenerator.exporter.html.series_filter' not found, using default value '' instead.
15:45:33.943 [pool-2-thread-1] INFO  o.a.j.r.c.ReportGeneratorConfiguration - Property 'jmeter.reportgenerator.exporter.html.show_controllers_only' not found, using default value 'false' instead.
15:45:34.013 [pool-2-thread-1] INFO  o.a.j.r.p.NormalizerSampleConsumer - Using format, 'ms', to parse timeStamp field
15:45:34.538 [pool-2-thread-1] INFO  o.a.j.r.p.AbstractSampleConsumer - class org.apache.jmeter.report.processor.AggregateConsumer#stopProducing(): beginDate produced 0 samples
15:45:34.538 [pool-2-thread-1] INFO  o.a.j.r.p.AbstractSampleConsumer - class org.apache.jmeter.report.processor.AggregateConsumer#stopProducing(): endDate produced 0 samples
15:45:34.538 [pool-2-thread-1] INFO  o.a.j.r.p.AbstractSampleConsumer - class org.apache.jmeter.report.processor.ApdexSummaryConsumer#stopProducing(): apdexSummary produced 0 samples
15:45:34.538 [pool-2-thread-1] INFO  o.a.j.r.p.AbstractSampleConsumer - class org.apache.jmeter.report.processor.RequestsSummaryConsumer#stopProducing(): requestsSummary produced 0 samples
15:45:34.558 [pool-2-thread-1] INFO  o.a.j.r.p.AbstractSampleConsumer - class org.apache.jmeter.report.processor.StatisticsSummaryConsumer#stopProducing(): statisticsSummary produced 0 samples
15:45:34.574 [pool-2-thread-1] INFO  o.a.j.r.p.AbstractSampleConsumer - class org.apache.jmeter.report.processor.Top5ErrorsBySamplerConsumer#stopProducing(): top5ErrorsBySampler produced 0 samples
15:45:34.574 [pool-2-thread-1] INFO  o.a.j.r.p.AbstractSampleConsumer - class org.apache.jmeter.report.processor.ErrorsSummaryConsumer#stopProducing(): errorsSummary produced 0 samples
15:45:34.574 [pool-2-thread-1] INFO  o.a.j.r.p.AbstractSampleConsumer - class org.apache.jmeter.report.processor.graph.impl.HitsPerSecondGraphConsumer#stopProducing(): hitsPerSecond produced 0 samples
15:45:34.694 [pool-2-thread-1] INFO  o.a.j.r.p.AbstractSampleConsumer - class org.apache.jmeter.report.processor.graph.impl.LatencyVSRequestGraphConsumer#stopProducing(): latencyVsRequest produced 0 samples
15:45:34.694 [pool-2-thread-1] INFO  o.a.j.r.p.AbstractSampleConsumer - class org.apache.jmeter.report.processor.graph.impl.SyntheticResponseTimeDistributionGraphConsumer#stopProducing(): syntheticResponseTimeDistribution produced 0 samples
15:45:34.694 [pool-2-thread-1] INFO  o.a.j.r.p.AbstractSampleConsumer - class org.apache.jmeter.report.processor.graph.impl.BytesThroughputGraphConsumer#stopProducing(): bytesThroughputOverTime produced 0 samples
15:45:34.694 [pool-2-thread-1] INFO  o.a.j.r.p.AbstractSampleConsumer - class org.apache.jmeter.report.processor.graph.impl.CodesPerSecondGraphConsumer#stopProducing(): codesPerSecond produced 0 samples
15:45:34.756 [pool-2-thread-1] INFO  o.a.j.r.p.AbstractSampleConsumer - class org.apache.jmeter.report.processor.graph.impl.ResponseTimeVSRequestGraphConsumer#stopProducing(): responseTimeVsRequest produced 0 samples
15:45:34.759 [pool-2-thread-1] INFO  o.a.j.r.p.AbstractSampleConsumer - class org.apache.jmeter.report.processor.FilterConsumer#stopProducing(): startIntervalControlerFilter produced 36596 samples
15:45:34.759 [pool-2-thread-1] INFO  o.a.j.r.p.AbstractSampleConsumer - class org.apache.jmeter.report.processor.graph.impl.ActiveThreadsGraphConsumer#stopProducing(): activeThreadsOverTime produced 0 samples
15:45:34.759 [pool-2-thread-1] INFO  o.a.j.r.p.AbstractSampleConsumer - class org.apache.jmeter.report.processor.graph.impl.TimeVSThreadGraphConsumer#stopProducing(): timeVsThreads produced 0 samples
15:45:34.762 [pool-2-thread-1] INFO  o.a.j.r.p.AbstractSampleConsumer - class org.apache.jmeter.report.processor.graph.impl.ResponseTimeDistributionGraphConsumer#stopProducing(): responseTimeDistribution produced 0 samples
15:45:34.762 [pool-2-thread-1] INFO  o.a.j.r.p.AbstractSampleConsumer - class org.apache.jmeter.report.processor.graph.impl.TransactionsPerSecondGraphConsumer#stopProducing(): transactionsPerSecond produced 0 samples
15:45:34.762 [pool-2-thread-1] INFO  o.a.j.r.p.AbstractSampleConsumer - class org.apache.jmeter.report.processor.graph.impl.ResponseTimePercentilesGraphConsumer#stopProducing(): responseTimePercentiles produced 0 samples
15:45:34.768 [pool-2-thread-1] INFO  o.a.j.r.p.AbstractSampleConsumer - class org.apache.jmeter.report.processor.graph.impl.ResponseTimePercentilesOverTimeGraphConsumer#stopProducing(): responseTimePercentilesOverTime produced 0 samples
15:45:34.768 [pool-2-thread-1] INFO  o.a.j.r.p.AbstractSampleConsumer - class org.apache.jmeter.report.processor.graph.impl.ResponseTimeOverTimeGraphConsumer#stopProducing(): responseTimesOverTime produced 0 samples
15:45:34.768 [pool-2-thread-1] INFO  o.a.j.r.p.AbstractSampleConsumer - class org.apache.jmeter.report.processor.graph.impl.ConnectTimeOverTimeGraphConsumer#stopProducing(): connectTimeOverTime produced 0 samples
15:45:34.768 [pool-2-thread-1] INFO  o.a.j.r.p.AbstractSampleConsumer - class org.apache.jmeter.report.processor.graph.impl.LatencyOverTimeGraphConsumer#stopProducing(): latenciesOverTime produced 0 samples
15:45:34.770 [pool-2-thread-1] INFO  o.a.j.r.p.AbstractSampleConsumer - class org.apache.jmeter.report.processor.FilterConsumer#stopProducing(): nameFilter produced 73192 samples
15:45:34.770 [pool-2-thread-1] INFO  o.a.j.r.p.AbstractSampleConsumer - class org.apache.jmeter.report.processor.FilterConsumer#stopProducing(): dateRangeFilter produced 15684 samples
15:45:34.770 [pool-2-thread-1] INFO  o.a.j.r.p.AbstractSampleConsumer - class org.apache.jmeter.report.processor.NormalizerSampleConsumer#stopProducing(): normalizer produced 5228 samples
15:45:34.771 [pool-2-thread-1] INFO  o.a.j.r.p.CsvFileSampleSource - produce(): 5228 samples produced in 705ms on channel 0
15:45:34.771 [pool-2-thread-1] INFO  o.a.j.r.dashboard.ReportGenerator - Exporting data using exporter:'html' of className:'org.apache.jmeter.report.dashboard.HtmlTemplateExporter'
15:45:34.771 [pool-2-thread-1] INFO  o.a.j.r.d.HtmlTemplateExporter - Will generate dashboard in folder: C:\Users\MartinS\OneDrive - 2i Limited\Jmeter_framework\generated-framework\src\test\resources\jmeter\outputs\2021-10-21T15.45.08.877028
15:45:35.831 [pool-2-thread-1] INFO  o.a.j.r.d.HtmlTemplateExporter - Report will be generated in: C:\Users\MartinS\OneDrive - 2i Limited\Jmeter_framework\generated-framework\src\test\resources\jmeter\outputs\2021-10-21T15.45.08.877028, creating folder structure
15:45:35.831 [pool-2-thread-1] INFO  o.a.j.r.dashboard.TemplateVisitor - Copying folder from 'src\test\resources\jmeter\bin\report-template' to 'src\test\resources\jmeter\outputs\2021-10-21T15.45.08.877028', got message: src\test\resources\jmeter\outputs\2021-10-21T15.45.08.877028, found non empty folder with following content [src\test\resources\jmeter\outputs\2021-10-21T15.45.08.877028\result.jtl], will be ignored
  &amp#27;[32mThen &amp#27;[0m&amp#27;[32mthe JMX file: "&amp#27;[0m&amp#27;[32m&amp#27;[1mView Results Tree.jmx&amp#27;[0m&amp#27;[32m" is executed&amp#27;[0m                            &amp#27;[90m# jmeter.stepdefinitions.JmeterSteps.theTestIsExecuted(java.lang.String)&amp#27;[0m
15:45:38.173 [pool-2-thread-1] INFO   - 
  _____   ___   ___   _____     ___     _     ___   ___   ___   ___  
 |_   _| | __| / __| |_   _|   | _ \   /_\   / __| / __| | __| |   \ 
   | |   | _|  \__ \   | |     |  _/  / _ \  \__ \ \__ \ | _|  | |) |
   |_|   |___| |___/   |_|     |_|   /_/ \_\ |___/ |___/ |___| |___/ 

Performance testing using a preconfigured JMX file
----------------------------------------------------------------------
]]></system-out>
  </testcase>
</testsuite>